2026-06-04 00:00:25.095 WARN  [HikariPool-1:housekeeper] service=iaccount traceId= com.zaxxer.hikari.pool.HikariPool - HikariPool-1 - Thread starvation or clock leap detected (housekeeper delta=5m31s910ms).
2026-06-04 00:05:26.675 WARN  [HikariPool-1:housekeeper] service=iaccount traceId= com.zaxxer.hikari.pool.HikariPool - HikariPool-1 - Thread starvation or clock leap detected (housekeeper delta=4m31s337ms).
2026-06-04 00:21:21.904 WARN  [HikariPool-1:housekeeper] service=iaccount traceId= com.zaxxer.hikari.pool.HikariPool - HikariPool-1 - Thread starvation or clock leap detected (housekeeper delta=15m55s232ms).
2026-06-04 00:38:07.418 WARN  [HikariPool-1:housekeeper] service=iaccount traceId= com.zaxxer.hikari.pool.HikariPool - HikariPool-1 - Thread starvation or clock leap detected (housekeeper delta=16m45s514ms).
2026-06-04 01:20:28.822 WARN  [HikariPool-1:housekeeper] service=iaccount traceId= com.zaxxer.hikari.pool.HikariPool - HikariPool-1 - Thread starvation or clock leap detected (housekeeper delta=42m21s391ms).
2026-06-04 01:21:58.292 WARN  [HikariPool-1:housekeeper] service=iaccount traceId= com.zaxxer.hikari.pool.HikariPool - HikariPool-1 - Thread starvation or clock leap detected (housekeeper delta=59s306ms).
2026-06-04 01:23:51.865 WARN  [HikariPool-1:housekeeper] service=iaccount traceId= com.zaxxer.hikari.pool.HikariPool - HikariPool-1 - Thread starvation or clock leap detected (housekeeper delta=1m53s578ms).
2026-06-04 01:42:32.759 WARN  [HikariPool-1:housekeeper] service=iaccount traceId= com.zaxxer.hikari.pool.HikariPool - HikariPool-1 - Thread starvation or clock leap detected (housekeeper delta=18m10s884ms).
2026-06-04 01:53:53.340 INFO  [MessageBroker-1] service=iaccount traceId= o.s.w.s.c.WebSocketMessageBrokerStats - WebSocketSession[0 current WS(0)-HttpStream(0)-HttpPoll(0), 0 total, 0 closed abnormally (0 connect failure, 0 send limit, 0 transport error)], stompSubProtocol[processed CONNECT(0)-CONNECTED(0)-DISCONNECT(0)], stompBrokerRelay[null], inboundChannel[pool size = 0, active threads = 0, queued tasks = 0, completed tasks = 0], outboundChannel[pool size = 0, active threads = 0, queued tasks = 0, completed tasks = 0], sockJsScheduler[pool size = 2, active threads = 1, queued tasks = 0, completed tasks = 1]
2026-06-04 01:54:12.218 WARN  [HikariPool-1:housekeeper] service=iaccount traceId= com.zaxxer.hikari.pool.HikariPool - HikariPool-1 - Thread starvation or clock leap detected (housekeeper delta=11m9s446ms).
2026-06-04 02:18:09.487 WARN  [HikariPool-1:housekeeper] service=iaccount traceId= com.zaxxer.hikari.pool.HikariPool - HikariPool-1 - Thread starvation or clock leap detected (housekeeper delta=15m27s204ms).
2026-06-04 02:34:07.698 WARN  [HikariPool-1:housekeeper] service=iaccount traceId= com.zaxxer.hikari.pool.HikariPool - HikariPool-1 - Thread starvation or clock leap detected (housekeeper delta=15m28s199ms).
2026-06-04 02:49:36.718 WARN  [HikariPool-1:housekeeper] service=iaccount traceId= com.zaxxer.hikari.pool.HikariPool - HikariPool-1 - Thread starvation or clock leap detected (housekeeper delta=15m29s17ms).
2026-06-04 02:54:53.359 WARN  [HikariPool-1:housekeeper] service=iaccount traceId= com.zaxxer.hikari.pool.HikariPool - HikariPool-1 - Thread starvation or clock leap detected (housekeeper delta=2m46s590ms).
2026-06-04 02:59:36.391 WARN  [HikariPool-1:housekeeper] service=iaccount traceId= com.zaxxer.hikari.pool.HikariPool - HikariPool-1 - Thread starvation or clock leap detected (housekeeper delta=4m43s32ms).
2026-06-04 03:04:49.473 WARN  [HikariPool-1:housekeeper] service=iaccount traceId= com.zaxxer.hikari.pool.HikariPool - HikariPool-1 - Thread starvation or clock leap detected (housekeeper delta=4m43s69ms).
2026-06-04 03:10:02.543 WARN  [HikariPool-1:housekeeper] service=iaccount traceId= com.zaxxer.hikari.pool.HikariPool - HikariPool-1 - Thread starvation or clock leap detected (housekeeper delta=4m43s58ms).
2026-06-04 03:14:46.499 WARN  [HikariPool-1:housekeeper] service=iaccount traceId= com.zaxxer.hikari.pool.HikariPool - HikariPool-1 - Thread starvation or clock leap detected (housekeeper delta=4m43s955ms).
2026-06-04 03:20:00.464 WARN  [HikariPool-1:housekeeper] service=iaccount traceId= com.zaxxer.hikari.pool.HikariPool - HikariPool-1 - Thread starvation or clock leap detected (housekeeper delta=4m43s962ms).
2026-06-04 03:24:43.543 WARN  [HikariPool-1:housekeeper] service=iaccount traceId= com.zaxxer.hikari.pool.HikariPool - HikariPool-1 - Thread starvation or clock leap detected (housekeeper delta=4m43s79ms).
2026-06-04 03:29:57.510 WARN  [HikariPool-1:housekeeper] service=iaccount traceId= com.zaxxer.hikari.pool.HikariPool - HikariPool-1 - Thread starvation or clock leap detected (housekeeper delta=4m43s959ms).
2026-06-04 03:45:37.597 WARN  [HikariPool-1:housekeeper] service=iaccount traceId= com.zaxxer.hikari.pool.HikariPool - HikariPool-1 - Thread starvation or clock leap detected (housekeeper delta=15m40s86ms).
2026-06-04 04:01:57.582 WARN  [HikariPool-1:housekeeper] service=iaccount traceId= com.zaxxer.hikari.pool.HikariPool - HikariPool-1 - Thread starvation or clock leap detected (housekeeper delta=15m49s969ms).
2026-06-04 04:18:48.104 WARN  [HikariPool-1:housekeeper] service=iaccount traceId= com.zaxxer.hikari.pool.HikariPool - HikariPool-1 - Thread starvation or clock leap detected (housekeeper delta=16m20s508ms).
2026-06-04 04:35:22.551 WARN  [HikariPool-1:housekeeper] service=iaccount traceId= com.zaxxer.hikari.pool.HikariPool - HikariPool-1 - Thread starvation or clock leap detected (housekeeper delta=16m4s440ms).
2026-06-04 04:53:04.944 WARN  [HikariPool-1:housekeeper] service=iaccount traceId= com.zaxxer.hikari.pool.HikariPool - HikariPool-1 - Thread starvation or clock leap detected (housekeeper delta=17m42s393ms).
2026-06-04 05:03:05.280 WARN  [HikariPool-1:housekeeper] service=iaccount traceId= com.zaxxer.hikari.pool.HikariPool - HikariPool-1 - Thread starvation or clock leap detected (housekeeper delta=9m30s323ms).
2026-06-04 05:20:50.078 WARN  [HikariPool-1:housekeeper] service=iaccount traceId= com.zaxxer.hikari.pool.HikariPool - HikariPool-1 - Thread starvation or clock leap detected (housekeeper delta=17m14s785ms).
2026-06-04 05:38:03.894 WARN  [HikariPool-1:housekeeper] service=iaccount traceId= com.zaxxer.hikari.pool.HikariPool - HikariPool-1 - Thread starvation or clock leap detected (housekeeper delta=16m43s804ms).
2026-06-04 05:53:33.840 WARN  [HikariPool-1:housekeeper] service=iaccount traceId= com.zaxxer.hikari.pool.HikariPool - HikariPool-1 - Thread starvation or clock leap detected (housekeeper delta=15m29s945ms).
2026-06-04 06:04:10.343 WARN  [HikariPool-1:housekeeper] service=iaccount traceId= com.zaxxer.hikari.pool.HikariPool - HikariPool-1 - Thread starvation or clock leap detected (housekeeper delta=10m6s492ms).
2026-06-04 06:22:05.071 WARN  [HikariPool-1:housekeeper] service=iaccount traceId= com.zaxxer.hikari.pool.HikariPool - HikariPool-1 - Thread starvation or clock leap detected (housekeeper delta=17m24s717ms).
2026-06-04 06:38:11.082 WARN  [HikariPool-1:housekeeper] service=iaccount traceId= com.zaxxer.hikari.pool.HikariPool - HikariPool-1 - Thread starvation or clock leap detected (housekeeper delta=16m6s9ms).
2026-06-04 06:38:51.757 INFO  [MessageBroker-2] service=iaccount traceId= o.s.w.s.c.WebSocketMessageBrokerStats - WebSocketSession[0 current WS(0)-HttpStream(0)-HttpPoll(0), 0 total, 0 closed abnormally (0 connect failure, 0 send limit, 0 transport error)], stompSubProtocol[processed CONNECT(0)-CONNECTED(0)-DISCONNECT(0)], stompBrokerRelay[null], inboundChannel[pool size = 0, active threads = 0, queued tasks = 0, completed tasks = 0], outboundChannel[pool size = 0, active threads = 0, queued tasks = 0, completed tasks = 0], sockJsScheduler[pool size = 3, active threads = 1, queued tasks = 0, completed tasks = 2]
2026-06-04 06:56:45.521 WARN  [HikariPool-1:housekeeper] service=iaccount traceId= com.zaxxer.hikari.pool.HikariPool - HikariPool-1 - Thread starvation or clock leap detected (housekeeper delta=18m4s423ms).
2026-06-04 07:05:14.946 WARN  [HikariPool-1:housekeeper] service=iaccount traceId= com.zaxxer.hikari.pool.HikariPool - HikariPool-1 - Thread starvation or clock leap detected (housekeeper delta=7m59s415ms).
2026-06-04 07:20:52.888 WARN  [HikariPool-1:housekeeper] service=iaccount traceId= com.zaxxer.hikari.pool.HikariPool - HikariPool-1 - Thread starvation or clock leap detected (housekeeper delta=15m37s942ms).
2026-06-04 07:38:05.368 WARN  [HikariPool-1:housekeeper] service=iaccount traceId= com.zaxxer.hikari.pool.HikariPool - HikariPool-1 - Thread starvation or clock leap detected (housekeeper delta=16m42s458ms).
2026-06-04 07:53:56.835 WARN  [HikariPool-1:housekeeper] service=iaccount traceId= com.zaxxer.hikari.pool.HikariPool - HikariPool-1 - Thread starvation or clock leap detected (housekeeper delta=15m51s477ms).
2026-06-04 08:06:07.300 WARN  [HikariPool-1:housekeeper] service=iaccount traceId= com.zaxxer.hikari.pool.HikariPool - HikariPool-1 - Thread starvation or clock leap detected (housekeeper delta=11m40s454ms).
2026-06-04 08:22:14.969 WARN  [HikariPool-1:housekeeper] service=iaccount traceId= com.zaxxer.hikari.pool.HikariPool - HikariPool-1 - Thread starvation or clock leap detected (housekeeper delta=15m37s655ms).
2026-06-04 08:40:22.990 WARN  [HikariPool-1:housekeeper] service=iaccount traceId= com.zaxxer.hikari.pool.HikariPool - HikariPool-1 - Thread starvation or clock leap detected (housekeeper delta=17m38s8ms).
2026-06-04 08:50:55.402 WARN  [HikariPool-1:housekeeper] service=iaccount traceId= com.zaxxer.hikari.pool.HikariPool - HikariPool-1 - Thread starvation or clock leap detected (housekeeper delta=10m32s413ms).
2026-06-04 09:07:15.404 WARN  [HikariPool-1:housekeeper] service=iaccount traceId= com.zaxxer.hikari.pool.HikariPool - HikariPool-1 - Thread starvation or clock leap detected (housekeeper delta=15m49s997ms).
2026-06-04 09:24:01.447 WARN  [HikariPool-1:housekeeper] service=iaccount traceId= com.zaxxer.hikari.pool.HikariPool - HikariPool-1 - Thread starvation or clock leap detected (housekeeper delta=16m16s36ms).
2026-06-04 09:39:31.850 WARN  [HikariPool-1:housekeeper] service=iaccount traceId= com.zaxxer.hikari.pool.HikariPool - HikariPool-1 - Thread starvation or clock leap detected (housekeeper delta=15m30s403ms).
2026-06-04 09:53:58.042 WARN  [HikariPool-1:housekeeper] service=iaccount traceId= com.zaxxer.hikari.pool.HikariPool - HikariPool-1 - Thread starvation or clock leap detected (housekeeper delta=10m56s135ms).
2026-06-04 09:59:05.915 INFO  [SOFA-SEV-REST-BIZ-8341-12-T1] service=iaccount traceId= c.a.account_center.web.LoggingAspect - Entering: AccountServiceImpl.queryTransactionHistory(..)
2026-06-04 09:59:05.920 INFO  [SOFA-SEV-REST-BIZ-8341-12-T1] service=iaccount traceId= c.a.account_center.web.LoggingAspect - Entering: AccountServiceTemplate.execute(..)
2026-06-04 09:59:05.923 INFO  [SOFA-SEV-REST-BIZ-8341-12-T1] service=iaccount traceId= RISK-BIZ-SERVICE - service request[[com.alipay.account_center.common.service.facade.request.QueryTransactionHistoryRequest@7e137a92]
2026-06-04 09:59:05.925 INFO  [SOFA-SEV-REST-BIZ-8341-12-T1] service=iaccount traceId= c.a.account_center.web.LoggingAspect - Entering: AccountRepositoryImpl.queryAccountInfo(..)
2026-06-04 09:59:06.026 INFO  [SOFA-SEV-REST-BIZ-8341-12-T1] service=iaccount traceId= c.a.account_center.web.LoggingAspect - Exiting: AccountRepositoryImpl.queryAccountInfo(..) (101ms)
2026-06-04 09:59:06.028 INFO  [SOFA-SEV-REST-BIZ-8341-12-T1] service=iaccount traceId= c.a.account_center.web.LoggingAspect - Entering: AccountTransactionRepositoryImpl.queryTransactionHistory(..)
2026-06-04 09:59:06.053 INFO  [SOFA-SEV-REST-BIZ-8341-12-T1] service=iaccount traceId= c.a.account_center.web.LoggingAspect - Exiting: AccountTransactionRepositoryImpl.queryTransactionHistory(..) (25ms)
2026-06-04 09:59:06.054 INFO  [SOFA-SEV-REST-BIZ-8341-12-T1] service=iaccount traceId= c.a.account_center.web.LoggingAspect - Entering: AccountTransactionRepositoryImpl.queryTransactionTotalCount(..)
2026-06-04 09:59:06.064 INFO  [SOFA-SEV-REST-BIZ-8341-12-T1] service=iaccount traceId= c.a.account_center.web.LoggingAspect - Exiting: AccountTransactionRepositoryImpl.queryTransactionTotalCount(..) (10ms)
2026-06-04 09:59:06.064 INFO  [SOFA-SEV-REST-BIZ-8341-12-T1] service=iaccount traceId= RISK-BIZ-SERVICE - service result[[com.alipay.account_center.common.service.facade.baseresult.AccountBizResult@9f9e566]] [request =[com.alipay.account_center.common.service.facade.request.QueryTransactionHistoryRequest@7e137a92]
2026-06-04 09:59:06.064 INFO  [SOFA-SEV-REST-BIZ-8341-12-T1] service=iaccount traceId= c.a.account_center.web.LoggingAspect - Exiting: AccountServiceTemplate.execute(..) (144ms)
2026-06-04 09:59:06.064 INFO  [SOFA-SEV-REST-BIZ-8341-12-T1] service=iaccount traceId= c.a.account_center.web.LoggingAspect - Exiting: AccountServiceImpl.queryTransactionHistory(..) (147ms)
2026-06-04 09:59:09.478 INFO  [SOFA-SEV-REST-BIZ-8341-12-T1] service=iaccount traceId= c.a.account_center.web.LoggingAspect - Entering: AccountServiceImpl.queryTransactionHistory(..)
2026-06-04 09:59:09.478 INFO  [SOFA-SEV-REST-BIZ-8341-12-T1] service=iaccount traceId= c.a.account_center.web.LoggingAspect - Entering: AccountServiceTemplate.execute(..)
2026-06-04 09:59:09.478 INFO  [SOFA-SEV-REST-BIZ-8341-12-T1] service=iaccount traceId= RISK-BIZ-SERVICE - service request[[com.alipay.account_center.common.service.facade.request.QueryTransactionHistoryRequest@789e634a]
2026-06-04 09:59:09.479 INFO  [SOFA-SEV-REST-BIZ-8341-12-T1] service=iaccount traceId= c.a.account_center.web.LoggingAspect - Entering: AccountRepositoryImpl.queryAccountInfo(..)
2026-06-04 09:59:09.623 INFO  [SOFA-SEV-REST-BIZ-8341-12-T2] service=iaccount traceId= c.a.account_center.web.LoggingAspect - Entering: AccountServiceImpl.queryAccountInfo(..)
2026-06-04 09:59:09.631 INFO  [SOFA-SEV-REST-BIZ-8341-12-T2] service=iaccount traceId= c.a.account_center.web.LoggingAspect - Entering: AccountServiceTemplate.execute(..)
2026-06-04 09:59:09.631 INFO  [SOFA-SEV-REST-BIZ-8341-12-T2] service=iaccount traceId= RISK-BIZ-SERVICE - service request[[com.alipay.account_center.common.service.facade.request.QueryAccountInfoRequest@2a842f1c]
2026-06-04 09:59:09.631 INFO  [SOFA-SEV-REST-BIZ-8341-12-T2] service=iaccount traceId= c.a.account_center.web.LoggingAspect - Entering: AccountRepositoryImpl.queryAccountInfo(..)
2026-06-04 09:59:09.648 INFO  [SOFA-SEV-REST-BIZ-8341-12-T1] service=iaccount traceId= c.a.account_center.web.LoggingAspect - Exiting: AccountRepositoryImpl.queryAccountInfo(..) (169ms)
2026-06-04 09:59:09.648 INFO  [SOFA-SEV-REST-BIZ-8341-12-T1] service=iaccount traceId= c.a.account_center.web.LoggingAspect - Entering: AccountTransactionRepositoryImpl.queryTransactionHistory(..)
2026-06-04 09:59:09.651 INFO  [SOFA-SEV-REST-BIZ-8341-12-T2] service=iaccount traceId= c.a.account_center.web.LoggingAspect - Exiting: AccountRepositoryImpl.queryAccountInfo(..) (19ms)
2026-06-04 09:59:09.652 INFO  [SOFA-SEV-REST-BIZ-8341-12-T2] service=iaccount traceId= RISK-BIZ-SERVICE - service result[[com.alipay.account_center.common.service.facade.baseresult.AccountBizResult@27b9c12a]] [request =[com.alipay.account_center.common.service.facade.request.QueryAccountInfoRequest@2a842f1c]
2026-06-04 09:59:09.652 INFO  [SOFA-SEV-REST-BIZ-8341-12-T1] service=iaccount traceId= c.a.account_center.web.LoggingAspect - Exiting: AccountTransactionRepositoryImpl.queryTransactionHistory(..) (4ms)
2026-06-04 09:59:09.652 INFO  [SOFA-SEV-REST-BIZ-8341-12-T2] service=iaccount traceId= c.a.account_center.web.LoggingAspect - Exiting: AccountServiceTemplate.execute(..) (21ms)
2026-06-04 09:59:09.652 INFO  [SOFA-SEV-REST-BIZ-8341-12-T2] service=iaccount traceId= c.a.account_center.web.LoggingAspect - Exiting: AccountServiceImpl.queryAccountInfo(..) (29ms)
2026-06-04 09:59:09.652 INFO  [SOFA-SEV-REST-BIZ-8341-12-T1] service=iaccount traceId= c.a.account_center.web.LoggingAspect - Entering: AccountTransactionRepositoryImpl.queryTransactionTotalCount(..)
2026-06-04 09:59:09.653 INFO  [SOFA-SEV-REST-BIZ-8341-12-T1] service=iaccount traceId= c.a.account_center.web.LoggingAspect - Exiting: AccountTransactionRepositoryImpl.queryTransactionTotalCount(..) (1ms)
2026-06-04 09:59:09.653 INFO  [SOFA-SEV-REST-BIZ-8341-12-T1] service=iaccount traceId= RISK-BIZ-SERVICE - service result[[com.alipay.account_center.common.service.facade.baseresult.AccountBizResult@2c1f6bf3]] [request =[com.alipay.account_center.common.service.facade.request.QueryTransactionHistoryRequest@789e634a]
2026-06-04 09:59:09.653 INFO  [SOFA-SEV-REST-BIZ-8341-12-T1] service=iaccount traceId= c.a.account_center.web.LoggingAspect - Exiting: AccountServiceTemplate.execute(..) (175ms)
2026-06-04 09:59:09.653 INFO  [SOFA-SEV-REST-BIZ-8341-12-T1] service=iaccount traceId= c.a.account_center.web.LoggingAspect - Exiting: AccountServiceImpl.queryTransactionHistory(..) (175ms)
2026-06-04 09:59:18.114 INFO  [SOFA-SEV-REST-BIZ-8341-12-T2] service=iaccount traceId= c.a.account_center.web.LoggingAspect - Entering: AccountServiceImpl.queryAccountInfoByUserId(..)
2026-06-04 09:59:18.117 INFO  [SOFA-SEV-REST-BIZ-8341-12-T2] service=iaccount traceId= c.a.account_center.web.LoggingAspect - Entering: AccountServiceTemplate.execute(..)
2026-06-04 09:59:18.118 INFO  [SOFA-SEV-REST-BIZ-8341-12-T2] service=iaccount traceId= RISK-BIZ-SERVICE - service request[[com.alipay.account_center.common.service.facade.request.QueryAccountInfoRequest@201c388c]
2026-06-04 09:59:18.142 INFO  [SOFA-SEV-REST-BIZ-8341-12-T2] service=iaccount traceId= c.a.account_center.web.LoggingAspect - Entering: AccountRepositoryImpl.queryAccountInfoByUserId(..)
2026-06-04 09:59:18.154 INFO  [SOFA-SEV-REST-BIZ-8341-12-T2] service=iaccount traceId= c.a.account_center.web.LoggingAspect - Exiting: AccountRepositoryImpl.queryAccountInfoByUserId(..) (11ms)
2026-06-04 09:59:18.157 INFO  [SOFA-SEV-REST-BIZ-8341-12-T2] service=iaccount traceId= RISK-BIZ-SERVICE - service result[[com.alipay.account_center.common.service.facade.baseresult.AccountBizResult@2a840764]] [request =[com.alipay.account_center.common.service.facade.request.QueryAccountInfoRequest@201c388c]
2026-06-04 09:59:18.157 INFO  [SOFA-SEV-REST-BIZ-8341-12-T2] service=iaccount traceId= c.a.account_center.web.LoggingAspect - Exiting: AccountServiceTemplate.execute(..) (39ms)
2026-06-04 09:59:18.157 INFO  [SOFA-SEV-REST-BIZ-8341-12-T2] service=iaccount traceId= c.a.account_center.web.LoggingAspect - Exiting: AccountServiceImpl.queryAccountInfoByUserId(..) (42ms)
2026-06-04 09:59:18.400 INFO  [SOFA-SEV-REST-BIZ-8341-12-T2] service=iaccount traceId= c.a.account_center.web.LoggingAspect - Entering: AccountServiceImpl.insertTransactionRecord(..)
2026-06-04 09:59:18.401 INFO  [SOFA-SEV-REST-BIZ-8341-12-T2] service=iaccount traceId= c.a.account_center.web.LoggingAspect - Entering: AccountServiceTemplate.execute(..)
2026-06-04 09:59:18.402 INFO  [SOFA-SEV-REST-BIZ-8341-12-T2] service=iaccount traceId= RISK-BIZ-SERVICE - service request[[com.alipay.account_center.common.service.facade.request.InsertTransactionRecordRequest@5c2605a5]
2026-06-04 09:59:19.994 INFO  [SOFA-SEV-REST-BIZ-8341-12-T2] service=iaccount traceId= c.a.account_center.web.LoggingAspect - Entering: AccountTransactionRepositoryImpl.insertTransactionRecord(..)
2026-06-04 09:59:20.051 ERROR [SOFA-SEV-REST-BIZ-8341-12-T2] service=iaccount traceId= c.a.account_center.web.LoggingAspect - Error in: AccountTransactionRepositoryImpl.insertTransactionRecord(..) (51ms). Message: DB error during insert
2026-06-04 09:59:20.056 ERROR [SOFA-SEV-REST-BIZ-8341-12-T2] service=iaccount traceId= RISK-BIZ-SERVICE - service process unexpected exception[[com.alipay.account_center.common.service.facade.request.InsertTransactionRecordRequest@5c2605a5]
com.alipay.account_center.core.model.exception.RepositoryException: DB error during insert
	at com.alipay.account_center.core.service.repository.impl.AccountTransactionRepositoryImpl.insertTransactionRecord(AccountTransactionRepositoryImpl.java:84)
	at java.base/jdk.internal.reflect.DirectMethodHandleAccessor.invoke(DirectMethodHandleAccessor.java:104)
	at java.base/java.lang.reflect.Method.invoke(Method.java:565)
	at org.springframework.aop.support.AopUtils.invokeJoinpointUsingReflection(AopUtils.java:360)
	at org.springframework.aop.framework.ReflectiveMethodInvocation.invokeJoinpoint(ReflectiveMethodInvocation.java:196)
	at org.springframework.aop.framework.ReflectiveMethodInvocation.proceed(ReflectiveMethodInvocation.java:163)
	at org.springframework.dao.support.PersistenceExceptionTranslationInterceptor.invoke(PersistenceExceptionTranslationInterceptor.java:138)
	at org.springframework.aop.framework.ReflectiveMethodInvocation.proceed(ReflectiveMethodInvocation.java:184)
	at org.springframework.aop.aspectj.MethodInvocationProceedingJoinPoint.proceed(MethodInvocationProceedingJoinPoint.java:89)
	at com.alipay.account_center.web.LoggingAspect.logMethod(LoggingAspect.java:34)
	at java.base/jdk.internal.reflect.DirectMethodHandleAccessor.invoke(DirectMethodHandleAccessor.java:104)
	at java.base/java.lang.reflect.Method.invoke(Method.java:565)
	at org.springframework.aop.aspectj.AbstractAspectJAdvice.invokeAdviceMethodWithGivenArgs(AbstractAspectJAdvice.java:649)
	at org.springframework.aop.aspectj.AbstractAspectJAdvice.invokeAdviceMethod(AbstractAspectJAdvice.java:631)
	at org.springframework.aop.aspectj.AspectJAroundAdvice.invoke(AspectJAroundAdvice.java:71)
	at org.springframework.aop.framework.ReflectiveMethodInvocation.proceed(ReflectiveMethodInvocation.java:173)
	at org.springframework.aop.interceptor.ExposeInvocationInterceptor.invoke(ExposeInvocationInterceptor.java:97)
	at org.springframework.aop.framework.ReflectiveMethodInvocation.proceed(ReflectiveMethodInvocation.java:184)
	at org.springframework.aop.framework.CglibAopProxy$DynamicAdvisedInterceptor.intercept(CglibAopProxy.java:728)
	at com.alipay.account_center.core.service.repository.impl.AccountTransactionRepositoryImpl$$SpringCGLIB$$0.insertTransactionRecord(<generated>)
	at com.alipay.account_center.biz.service.impl.account.impl.AccountServiceImpl$7.lambda$process$0(AccountServiceImpl.java:256)
	at org.springframework.transaction.support.TransactionTemplate.execute(TransactionTemplate.java:140)
	at com.alipay.account_center.biz.service.impl.account.impl.AccountServiceImpl$7.process(AccountServiceImpl.java:255)
	at com.alipay.account_center.biz.service.impl.account.impl.AccountServiceImpl$7.process(AccountServiceImpl.java:240)
	at com.alipay.account_center.biz.service.impl.template.AccountServiceTemplate.execute(AccountServiceTemplate.java:54)
	at java.base/jdk.internal.reflect.DirectMethodHandleAccessor.invoke(DirectMethodHandleAccessor.java:104)
	at java.base/java.lang.reflect.Method.invoke(Method.java:565)
	at org.springframework.aop.support.AopUtils.invokeJoinpointUsingReflection(AopUtils.java:360)
	at org.springframework.aop.framework.ReflectiveMethodInvocation.invokeJoinpoint(ReflectiveMethodInvocation.java:196)
	at org.springframework.aop.framework.ReflectiveMethodInvocation.proceed(ReflectiveMethodInvocation.java:163)
	at org.springframework.aop.aspectj.MethodInvocationProceedingJoinPoint.proceed(MethodInvocationProceedingJoinPoint.java:89)
	at com.alipay.account_center.web.LoggingAspect.logMethod(LoggingAspect.java:34)
	at java.base/jdk.internal.reflect.DirectMethodHandleAccessor.invoke(DirectMethodHandleAccessor.java:104)
	at java.base/java.lang.reflect.Method.invoke(Method.java:565)
	at org.springframework.aop.aspectj.AbstractAspectJAdvice.invokeAdviceMethodWithGivenArgs(AbstractAspectJAdvice.java:649)
	at org.springframework.aop.aspectj.AbstractAspectJAdvice.invokeAdviceMethod(AbstractAspectJAdvice.java:631)
	at org.springframework.aop.aspectj.AspectJAroundAdvice.invoke(AspectJAroundAdvice.java:71)
	at org.springframework.aop.framework.ReflectiveMethodInvocation.proceed(ReflectiveMethodInvocation.java:173)
	at org.springframework.aop.interceptor.ExposeInvocationInterceptor.invoke(ExposeInvocationInterceptor.java:97)
	at org.springframework.aop.framework.ReflectiveMethodInvocation.proceed(ReflectiveMethodInvocation.java:184)
	at org.springframework.aop.framework.CglibAopProxy$DynamicAdvisedInterceptor.intercept(CglibAopProxy.java:728)
	at com.alipay.account_center.biz.service.impl.template.AccountServiceTemplate$$SpringCGLIB$$0.execute(<generated>)
	at com.alipay.account_center.biz.service.impl.account.impl.AccountServiceImpl.insertTransactionRecord(AccountServiceImpl.java:239)
	at java.base/jdk.internal.reflect.DirectMethodHandleAccessor.invoke(DirectMethodHandleAccessor.java:104)
	at java.base/java.lang.reflect.Method.invoke(Method.java:565)
	at org.springframework.aop.support.AopUtils.invokeJoinpointUsingReflection(AopUtils.java:360)
	at org.springframework.aop.framework.ReflectiveMethodInvocation.invokeJoinpoint(ReflectiveMethodInvocation.java:196)
	at org.springframework.aop.framework.ReflectiveMethodInvocation.proceed(ReflectiveMethodInvocation.java:163)
	at org.springframework.aop.aspectj.MethodInvocationProceedingJoinPoint.proceed(MethodInvocationProceedingJoinPoint.java:89)
	at com.alipay.account_center.web.LoggingAspect.logMethod(LoggingAspect.java:34)
	at java.base/jdk.internal.reflect.DirectMethodHandleAccessor.invoke(DirectMethodHandleAccessor.java:104)
	at java.base/java.lang.reflect.Method.invoke(Method.java:565)
	at org.springframework.aop.aspectj.AbstractAspectJAdvice.invokeAdviceMethodWithGivenArgs(AbstractAspectJAdvice.java:649)
	at org.springframework.aop.aspectj.AbstractAspectJAdvice.invokeAdviceMethod(AbstractAspectJAdvice.java:631)
	at org.springframework.aop.aspectj.AspectJAroundAdvice.invoke(AspectJAroundAdvice.java:71)
	at org.springframework.aop.framework.ReflectiveMethodInvocation.proceed(ReflectiveMethodInvocation.java:173)
	at org.springframework.aop.interceptor.ExposeInvocationInterceptor.invoke(ExposeInvocationInterceptor.java:97)
	at org.springframework.aop.framework.ReflectiveMethodInvocation.proceed(ReflectiveMethodInvocation.java:184)
	at org.springframework.aop.framework.CglibAopProxy$DynamicAdvisedInterceptor.intercept(CglibAopProxy.java:728)
	at com.alipay.account_center.biz.service.impl.account.impl.AccountServiceImpl$$SpringCGLIB$$0.insertTransactionRecord(<generated>)
	at java.base/jdk.internal.reflect.DirectMethodHandleAccessor.invoke(DirectMethodHandleAccessor.java:104)
	at java.base/java.lang.reflect.Method.invoke(Method.java:565)
	at com.alipay.sofa.rpc.filter.ProviderInvoker.invoke(ProviderInvoker.java:103)
	at com.alipay.sofa.rpc.filter.PressureMarkTransformFilter.invoke(PressureMarkTransformFilter.java:63)
	at com.alipay.sofa.rpc.filter.FilterInvoker.invoke(FilterInvoker.java:100)
	at com.alipay.sofa.rpc.filter.sofatracer.ProviderTracerFilter.invoke(ProviderTracerFilter.java:74)
	at com.alipay.sofa.rpc.filter.FilterInvoker.invoke(FilterInvoker.java:100)
	at com.alipay.sofa.rpc.filter.ProviderBaggageFilter.invoke(ProviderBaggageFilter.java:45)
	at com.alipay.sofa.rpc.filter.FilterInvoker.invoke(FilterInvoker.java:100)
	at com.alipay.sofa.rpc.filter.RpcServiceContextFilter.invoke(RpcServiceContextFilter.java:62)
	at com.alipay.sofa.rpc.filter.FilterInvoker.invoke(FilterInvoker.java:100)
	at com.alipay.sofa.rpc.filter.ProviderExceptionFilter.invoke(ProviderExceptionFilter.java:37)
	at com.alipay.sofa.rpc.filter.FilterInvoker.invoke(FilterInvoker.java:100)
	at com.alipay.sofa.rpc.filter.FilterChain.invoke(FilterChain.java:269)
	at com.alipay.sofa.rpc.server.ProviderProxyInvoker.invoke(ProviderProxyInvoker.java:68)
	at com.alipay.account_center.common.service.facade.api.AccountService_proxy_2.insertTransactionRecord(AccountService_proxy_2.java)
	at java.base/jdk.internal.reflect.DirectMethodHandleAccessor.invoke(DirectMethodHandleAccessor.java:104)
	at java.base/java.lang.reflect.Method.invoke(Method.java:565)
	at org.jboss.resteasy.core.MethodInjectorImpl.invoke(MethodInjectorImpl.java:139)
	at org.jboss.resteasy.core.ResourceMethodInvoker.internalInvokeOnTarget(ResourceMethodInvoker.java:510)
	at org.jboss.resteasy.core.ResourceMethodInvoker.invokeOnTargetAfterFilter(ResourceMethodInvoker.java:400)
	at org.jboss.resteasy.core.ResourceMethodInvoker.lambda$invokeOnTarget$0(ResourceMethodInvoker.java:364)
	at org.jboss.resteasy.core.interception.PreMatchContainerRequestContext.filter(PreMatchContainerRequestContext.java:355)
	at org.jboss.resteasy.core.ResourceMethodInvoker.invokeOnTarget(ResourceMethodInvoker.java:366)
	at org.jboss.resteasy.core.ResourceMethodInvoker.invoke(ResourceMethodInvoker.java:338)
	at org.jboss.resteasy.core.ResourceMethodInvoker.invoke(ResourceMethodInvoker.java:311)
	at org.jboss.resteasy.core.SynchronousDispatcher.invoke(SynchronousDispatcher.java:439)
	at com.alipay.sofa.rpc.server.rest.SofaSynchronousDispatcher.invoke(SofaSynchronousDispatcher.java:49)
	at org.jboss.resteasy.core.SynchronousDispatcher.lambda$invoke$4(SynchronousDispatcher.java:229)
	at org.jboss.resteasy.core.SynchronousDispatcher.lambda$preprocess$0(SynchronousDispatcher.java:135)
	at org.jboss.resteasy.core.interception.PreMatchContainerRequestContext.filter(PreMatchContainerRequestContext.java:355)
	at org.jboss.resteasy.core.SynchronousDispatcher.preprocess(SynchronousDispatcher.java:138)
	at org.jboss.resteasy.core.SynchronousDispatcher.invoke(SynchronousDispatcher.java:215)
	at org.jboss.resteasy.plugins.server.netty.RequestDispatcher.service(RequestDispatcher.java:83)
	at com.alipay.sofa.rpc.server.rest.SofaRestRequestHandler.channelRead0(SofaRestRequestHandler.java:103)
	at io.netty.channel.SimpleChannelInboundHandler.channelRead(SimpleChannelInboundHandler.java:99)
	at io.netty.channel.AbstractChannelHandlerContext.invokeChannelRead(AbstractChannelHandlerContext.java:444)
	at io.netty.channel.AbstractChannelHandlerContext.access$600(AbstractChannelHandlerContext.java:61)
	at io.netty.channel.AbstractChannelHandlerContext$7.run(AbstractChannelHandlerContext.java:425)
	at io.netty.util.concurrent.AbstractEventExecutor.runTask(AbstractEventExecutor.java:173)
	at io.netty.util.concurrent.AbstractEventExecutor.safeExecute(AbstractEventExecutor.java:166)
	at io.netty.util.concurrent.SingleThreadEventExecutor.runAllTasks(SingleThreadEventExecutor.java:472)
	at io.netty.channel.nio.NioEventLoop.run(NioEventLoop.java:569)
	at io.netty.util.concurrent.SingleThreadEventExecutor$4.run(SingleThreadEventExecutor.java:998)
	at io.netty.util.internal.ThreadExecutorMap$2.run(ThreadExecutorMap.java:74)
	at java.base/java.lang.Thread.run(Thread.java:1474)
Caused by: java.lang.NullPointerException: Cannot invoke "com.alipay.account_center.common.service.facade.enums.TransactionCategory.getCode()" because the return value of "com.alipay.account_center.common.service.facade.request.InsertTransactionRecordRequest.getCategory()" is null
	at com.alipay.account_center.core.service.repository.impl.AccountTransactionRepositoryImpl.insertTransactionRecord(AccountTransactionRepositoryImpl.java:65)
	... 105 common frames omitted
2026-06-04 09:59:20.073 INFO  [SOFA-SEV-REST-BIZ-8341-12-T2] service=iaccount traceId= RISK-BIZ-SERVICE - service result[[com.alipay.account_center.common.service.facade.baseresult.AccountBizResult@4874b0f1]] [request =[com.alipay.account_center.common.service.facade.request.InsertTransactionRecordRequest@5c2605a5]
2026-06-04 09:59:20.073 INFO  [SOFA-SEV-REST-BIZ-8341-12-T2] service=iaccount traceId= c.a.account_center.web.LoggingAspect - Exiting: AccountServiceTemplate.execute(..) (1671ms)
2026-06-04 09:59:20.073 INFO  [SOFA-SEV-REST-BIZ-8341-12-T2] service=iaccount traceId= c.a.account_center.web.LoggingAspect - Exiting: AccountServiceImpl.insertTransactionRecord(..) (1673ms)
2026-06-04 10:10:38.491 INFO  [MessageBroker-1] service=iaccount traceId= o.s.w.s.c.WebSocketMessageBrokerStats - WebSocketSession[0 current WS(0)-HttpStream(0)-HttpPoll(0), 0 total, 0 closed abnormally (0 connect failure, 0 send limit, 0 transport error)], stompSubProtocol[processed CONNECT(0)-CONNECTED(0)-DISCONNECT(0)], stompBrokerRelay[null], inboundChannel[pool size = 0, active threads = 0, queued tasks = 0, completed tasks = 0], outboundChannel[pool size = 0, active threads = 0, queued tasks = 0, completed tasks = 0], sockJsScheduler[pool size = 4, active threads = 1, queued tasks = 0, completed tasks = 3]
2026-06-04 10:40:38.507 INFO  [MessageBroker-3] service=iaccount traceId= o.s.w.s.c.WebSocketMessageBrokerStats - WebSocketSession[0 current WS(0)-HttpStream(0)-HttpPoll(0), 0 total, 0 closed abnormally (0 connect failure, 0 send limit, 0 transport error)], stompSubProtocol[processed CONNECT(0)-CONNECTED(0)-DISCONNECT(0)], stompBrokerRelay[null], inboundChannel[pool size = 0, active threads = 0, queued tasks = 0, completed tasks = 0], outboundChannel[pool size = 0, active threads = 0, queued tasks = 0, completed tasks = 0], sockJsScheduler[pool size = 5, active threads = 1, queued tasks = 0, completed tasks = 4]
2026-06-04 11:10:38.564 INFO  [MessageBroker-2] service=iaccount traceId= o.s.w.s.c.WebSocketMessageBrokerStats - WebSocketSession[0 current WS(0)-HttpStream(0)-HttpPoll(0), 0 total, 0 closed abnormally (0 connect failure, 0 send limit, 0 transport error)], stompSubProtocol[processed CONNECT(0)-CONNECTED(0)-DISCONNECT(0)], stompBrokerRelay[null], inboundChannel[pool size = 0, active threads = 0, queued tasks = 0, completed tasks = 0], outboundChannel[pool size = 0, active threads = 0, queued tasks = 0, completed tasks = 0], sockJsScheduler[pool size = 6, active threads = 1, queued tasks = 0, completed tasks = 5]
2026-06-04 11:40:38.592 INFO  [MessageBroker-4] service=iaccount traceId= o.s.w.s.c.WebSocketMessageBrokerStats - WebSocketSession[0 current WS(0)-HttpStream(0)-HttpPoll(0), 0 total, 0 closed abnormally (0 connect failure, 0 send limit, 0 transport error)], stompSubProtocol[processed CONNECT(0)-CONNECTED(0)-DISCONNECT(0)], stompBrokerRelay[null], inboundChannel[pool size = 0, active threads = 0, queued tasks = 0, completed tasks = 0], outboundChannel[pool size = 0, active threads = 0, queued tasks = 0, completed tasks = 0], sockJsScheduler[pool size = 7, active threads = 1, queued tasks = 0, completed tasks = 6]
2026-06-04 12:10:38.635 INFO  [MessageBroker-1] service=iaccount traceId= o.s.w.s.c.WebSocketMessageBrokerStats - WebSocketSession[0 current WS(0)-HttpStream(0)-HttpPoll(0), 0 total, 0 closed abnormally (0 connect failure, 0 send limit, 0 transport error)], stompSubProtocol[processed CONNECT(0)-CONNECTED(0)-DISCONNECT(0)], stompBrokerRelay[null], inboundChannel[pool size = 0, active threads = 0, queued tasks = 0, completed tasks = 0], outboundChannel[pool size = 0, active threads = 0, queued tasks = 0, completed tasks = 0], sockJsScheduler[pool size = 8, active threads = 1, queued tasks = 0, completed tasks = 7]
2026-06-04 12:40:38.688 INFO  [MessageBroker-5] service=iaccount traceId= o.s.w.s.c.WebSocketMessageBrokerStats - WebSocketSession[0 current WS(0)-HttpStream(0)-HttpPoll(0), 0 total, 0 closed abnormally (0 connect failure, 0 send limit, 0 transport error)], stompSubProtocol[processed CONNECT(0)-CONNECTED(0)-DISCONNECT(0)], stompBrokerRelay[null], inboundChannel[pool size = 0, active threads = 0, queued tasks = 0, completed tasks = 0], outboundChannel[pool size = 0, active threads = 0, queued tasks = 0, completed tasks = 0], sockJsScheduler[pool size = 9, active threads = 1, queued tasks = 0, completed tasks = 8]
2026-06-04 13:10:38.768 INFO  [MessageBroker-3] service=iaccount traceId= o.s.w.s.c.WebSocketMessageBrokerStats - WebSocketSession[0 current WS(0)-HttpStream(0)-HttpPoll(0), 0 total, 0 closed abnormally (0 connect failure, 0 send limit, 0 transport error)], stompSubProtocol[processed CONNECT(0)-CONNECTED(0)-DISCONNECT(0)], stompBrokerRelay[null], inboundChannel[pool size = 0, active threads = 0, queued tasks = 0, completed tasks = 0], outboundChannel[pool size = 0, active threads = 0, queued tasks = 0, completed tasks = 0], sockJsScheduler[pool size = 10, active threads = 1, queued tasks = 0, completed tasks = 9]
2026-06-04 13:40:38.824 INFO  [MessageBroker-3] service=iaccount traceId= o.s.w.s.c.WebSocketMessageBrokerStats - WebSocketSession[0 current WS(0)-HttpStream(0)-HttpPoll(0), 0 total, 0 closed abnormally (0 connect failure, 0 send limit, 0 transport error)], stompSubProtocol[processed CONNECT(0)-CONNECTED(0)-DISCONNECT(0)], stompBrokerRelay[null], inboundChannel[pool size = 0, active threads = 0, queued tasks = 0, completed tasks = 0], outboundChannel[pool size = 0, active threads = 0, queued tasks = 0, completed tasks = 0], sockJsScheduler[pool size = 10, active threads = 1, queued tasks = 0, completed tasks = 10]
2026-06-04 14:10:38.841 INFO  [MessageBroker-3] service=iaccount traceId= o.s.w.s.c.WebSocketMessageBrokerStats - WebSocketSession[0 current WS(0)-HttpStream(0)-HttpPoll(0), 0 total, 0 closed abnormally (0 connect failure, 0 send limit, 0 transport error)], stompSubProtocol[processed CONNECT(0)-CONNECTED(0)-DISCONNECT(0)], stompBrokerRelay[null], inboundChannel[pool size = 0, active threads = 0, queued tasks = 0, completed tasks = 0], outboundChannel[pool size = 0, active threads = 0, queued tasks = 0, completed tasks = 0], sockJsScheduler[pool size = 10, active threads = 1, queued tasks = 0, completed tasks = 11]
2026-06-04 14:40:38.861 INFO  [MessageBroker-3] service=iaccount traceId= o.s.w.s.c.WebSocketMessageBrokerStats - WebSocketSession[0 current WS(0)-HttpStream(0)-HttpPoll(0), 0 total, 0 closed abnormally (0 connect failure, 0 send limit, 0 transport error)], stompSubProtocol[processed CONNECT(0)-CONNECTED(0)-DISCONNECT(0)], stompBrokerRelay[null], inboundChannel[pool size = 0, active threads = 0, queued tasks = 0, completed tasks = 0], outboundChannel[pool size = 0, active threads = 0, queued tasks = 0, completed tasks = 0], sockJsScheduler[pool size = 10, active threads = 1, queued tasks = 0, completed tasks = 12]
2026-06-04 15:11:42.366 WARN  [HikariPool-1:housekeeper] service=iaccount traceId= com.zaxxer.hikari.pool.HikariPool - HikariPool-1 - Thread starvation or clock leap detected (housekeeper delta=15m41s723ms).
2026-06-04 15:29:02.674 WARN  [HikariPool-1:housekeeper] service=iaccount traceId= com.zaxxer.hikari.pool.HikariPool - HikariPool-1 - Thread starvation or clock leap detected (housekeeper delta=17m20s313ms).
2026-06-04 15:46:03.189 WARN  [HikariPool-1:housekeeper] service=iaccount traceId= com.zaxxer.hikari.pool.HikariPool - HikariPool-1 - Thread starvation or clock leap detected (housekeeper delta=16m30s507ms).
2026-06-04 16:02:04.758 WARN  [HikariPool-1:housekeeper] service=iaccount traceId= com.zaxxer.hikari.pool.HikariPool - HikariPool-1 - Thread starvation or clock leap detected (housekeeper delta=16m1s573ms).
2026-06-04 16:18:39.170 WARN  [HikariPool-1:housekeeper] service=iaccount traceId= com.zaxxer.hikari.pool.HikariPool - HikariPool-1 - Thread starvation or clock leap detected (housekeeper delta=15m34s407ms).
2026-06-04 16:35:10.643 WARN  [HikariPool-1:housekeeper] service=iaccount traceId= com.zaxxer.hikari.pool.HikariPool - HikariPool-1 - Thread starvation or clock leap detected (housekeeper delta=16m31s473ms).
2026-06-04 16:52:32.139 WARN  [HikariPool-1:housekeeper] service=iaccount traceId= com.zaxxer.hikari.pool.HikariPool - HikariPool-1 - Thread starvation or clock leap detected (housekeeper delta=16m51s489ms).
2026-06-04 16:56:56.316 WARN  [HikariPool-1:housekeeper] service=iaccount traceId= com.zaxxer.hikari.pool.HikariPool - HikariPool-1 - Thread starvation or clock leap detected (housekeeper delta=4m24s176ms).
2026-06-04 17:03:44.923 WARN  [HikariPool-1:housekeeper] service=iaccount traceId= com.zaxxer.hikari.pool.HikariPool - HikariPool-1 - Thread starvation or clock leap detected (housekeeper delta=6m18s593ms).
2026-06-04 17:21:47.869 WARN  [HikariPool-1:housekeeper] service=iaccount traceId= com.zaxxer.hikari.pool.HikariPool - HikariPool-1 - Thread starvation or clock leap detected (housekeeper delta=17m32s937ms).
2026-06-04 17:37:59.381 WARN  [HikariPool-1:housekeeper] service=iaccount traceId= com.zaxxer.hikari.pool.HikariPool - HikariPool-1 - Thread starvation or clock leap detected (housekeeper delta=15m41s506ms).
2026-06-04 17:54:42.892 WARN  [HikariPool-1:housekeeper] service=iaccount traceId= com.zaxxer.hikari.pool.HikariPool - HikariPool-1 - Thread starvation or clock leap detected (housekeeper delta=16m43s511ms).
2026-06-04 17:57:58.209 WARN  [HikariPool-1:housekeeper] service=iaccount traceId= com.zaxxer.hikari.pool.HikariPool - HikariPool-1 - Thread starvation or clock leap detected (housekeeper delta=2m45s312ms).
2026-06-04 18:13:57.740 WARN  [HikariPool-1:housekeeper] service=iaccount traceId= com.zaxxer.hikari.pool.HikariPool - HikariPool-1 - Thread starvation or clock leap detected (housekeeper delta=15m29s520ms).
2026-06-04 18:30:09.312 WARN  [HikariPool-1:housekeeper] service=iaccount traceId= com.zaxxer.hikari.pool.HikariPool - HikariPool-1 - Thread starvation or clock leap detected (housekeeper delta=16m11s571ms).
2026-06-04 18:48:03.829 WARN  [HikariPool-1:housekeeper] service=iaccount traceId= com.zaxxer.hikari.pool.HikariPool - HikariPool-1 - Thread starvation or clock leap detected (housekeeper delta=17m24s509ms).
2026-06-04 18:59:19.826 WARN  [HikariPool-1:housekeeper] service=iaccount traceId= com.zaxxer.hikari.pool.HikariPool - HikariPool-1 - Thread starvation or clock leap detected (housekeeper delta=10m45s987ms).
2026-06-04 19:16:22.555 INFO  [MessageBroker-3] service=iaccount traceId= o.s.w.s.c.WebSocketMessageBrokerStats - WebSocketSession[0 current WS(0)-HttpStream(0)-HttpPoll(0), 0 total, 0 closed abnormally (0 connect failure, 0 send limit, 0 transport error)], stompSubProtocol[processed CONNECT(0)-CONNECTED(0)-DISCONNECT(0)], stompBrokerRelay[null], inboundChannel[pool size = 0, active threads = 0, queued tasks = 0, completed tasks = 0], outboundChannel[pool size = 0, active threads = 0, queued tasks = 0, completed tasks = 0], sockJsScheduler[pool size = 10, active threads = 1, queued tasks = 0, completed tasks = 13]
2026-06-04 19:16:44.562 WARN  [HikariPool-1:housekeeper] service=iaccount traceId= com.zaxxer.hikari.pool.HikariPool - HikariPool-1 - Thread starvation or clock leap detected (housekeeper delta=16m54s725ms).
2026-06-04 19:33:53.015 WARN  [HikariPool-1:housekeeper] service=iaccount traceId= com.zaxxer.hikari.pool.HikariPool - HikariPool-1 - Thread starvation or clock leap detected (housekeeper delta=17m8s450ms).
2026-06-04 19:51:28.066 WARN  [HikariPool-1:housekeeper] service=iaccount traceId= com.zaxxer.hikari.pool.HikariPool - HikariPool-1 - Thread starvation or clock leap detected (housekeeper delta=17m5s40ms).
2026-06-04 19:59:57.590 WARN  [HikariPool-1:housekeeper] service=iaccount traceId= com.zaxxer.hikari.pool.HikariPool - HikariPool-1 - Thread starvation or clock leap detected (housekeeper delta=8m29s523ms).
2026-06-04 20:17:11.287 WARN  [HikariPool-1:housekeeper] service=iaccount traceId= com.zaxxer.hikari.pool.HikariPool - HikariPool-1 - Thread starvation or clock leap detected (housekeeper delta=16m43s685ms).
2026-06-04 20:33:22.767 WARN  [HikariPool-1:housekeeper] service=iaccount traceId= com.zaxxer.hikari.pool.HikariPool - HikariPool-1 - Thread starvation or clock leap detected (housekeeper delta=15m41s476ms).
2026-06-04 20:45:43.272 WARN  [HikariPool-1:housekeeper] service=iaccount traceId= com.zaxxer.hikari.pool.HikariPool - HikariPool-1 - Thread starvation or clock leap detected (housekeeper delta=11m50s495ms).
2026-06-04 20:48:48.520 WARN  [HikariPool-1:housekeeper] service=iaccount traceId= com.zaxxer.hikari.pool.HikariPool - HikariPool-1 - Thread starvation or clock leap detected (housekeeper delta=3m5s249ms).
2026-06-04 20:51:20.815 WARN  [HikariPool-1:housekeeper] service=iaccount traceId= com.zaxxer.hikari.pool.HikariPool - HikariPool-1 - Thread starvation or clock leap detected (housekeeper delta=2m2s285ms).
2026-06-04 20:52:33.084 WARN  [HikariPool-1:housekeeper] service=iaccount traceId= com.zaxxer.hikari.pool.HikariPool - HikariPool-1 - Thread starvation or clock leap detected (housekeeper delta=1m12s266ms).
2026-06-04 21:15:10.896 INFO  [MessageBroker-3] service=iaccount traceId= o.s.w.s.c.WebSocketMessageBrokerStats - WebSocketSession[0 current WS(0)-HttpStream(0)-HttpPoll(0), 0 total, 0 closed abnormally (0 connect failure, 0 send limit, 0 transport error)], stompSubProtocol[processed CONNECT(0)-CONNECTED(0)-DISCONNECT(0)], stompBrokerRelay[null], inboundChannel[pool size = 0, active threads = 0, queued tasks = 0, completed tasks = 0], outboundChannel[pool size = 0, active threads = 0, queued tasks = 0, completed tasks = 0], sockJsScheduler[pool size = 10, active threads = 1, queued tasks = 0, completed tasks = 14]
2026-06-04 21:45:10.967 INFO  [MessageBroker-3] service=iaccount traceId= o.s.w.s.c.WebSocketMessageBrokerStats - WebSocketSession[0 current WS(0)-HttpStream(0)-HttpPoll(0), 0 total, 0 closed abnormally (0 connect failure, 0 send limit, 0 transport error)], stompSubProtocol[processed CONNECT(0)-CONNECTED(0)-DISCONNECT(0)], stompBrokerRelay[null], inboundChannel[pool size = 0, active threads = 0, queued tasks = 0, completed tasks = 0], outboundChannel[pool size = 0, active threads = 0, queued tasks = 0, completed tasks = 0], sockJsScheduler[pool size = 10, active threads = 1, queued tasks = 0, completed tasks = 15]
2026-06-04 22:15:11.051 INFO  [MessageBroker-3] service=iaccount traceId= o.s.w.s.c.WebSocketMessageBrokerStats - WebSocketSession[0 current WS(0)-HttpStream(0)-HttpPoll(0), 0 total, 0 closed abnormally (0 connect failure, 0 send limit, 0 transport error)], stompSubProtocol[processed CONNECT(0)-CONNECTED(0)-DISCONNECT(0)], stompBrokerRelay[null], inboundChannel[pool size = 0, active threads = 0, queued tasks = 0, completed tasks = 0], outboundChannel[pool size = 0, active threads = 0, queued tasks = 0, completed tasks = 0], sockJsScheduler[pool size = 10, active threads = 1, queued tasks = 0, completed tasks = 16]
2026-06-04 22:45:11.095 INFO  [MessageBroker-3] service=iaccount traceId= o.s.w.s.c.WebSocketMessageBrokerStats - WebSocketSession[0 current WS(0)-HttpStream(0)-HttpPoll(0), 0 total, 0 closed abnormally (0 connect failure, 0 send limit, 0 transport error)], stompSubProtocol[processed CONNECT(0)-CONNECTED(0)-DISCONNECT(0)], stompBrokerRelay[null], inboundChannel[pool size = 0, active threads = 0, queued tasks = 0, completed tasks = 0], outboundChannel[pool size = 0, active threads = 0, queued tasks = 0, completed tasks = 0], sockJsScheduler[pool size = 10, active threads = 1, queued tasks = 0, completed tasks = 17]
2026-06-04 23:15:11.124 INFO  [MessageBroker-3] service=iaccount traceId= o.s.w.s.c.WebSocketMessageBrokerStats - WebSocketSession[0 current WS(0)-HttpStream(0)-HttpPoll(0), 0 total, 0 closed abnormally (0 connect failure, 0 send limit, 0 transport error)], stompSubProtocol[processed CONNECT(0)-CONNECTED(0)-DISCONNECT(0)], stompBrokerRelay[null], inboundChannel[pool size = 0, active threads = 0, queued tasks = 0, completed tasks = 0], outboundChannel[pool size = 0, active threads = 0, queued tasks = 0, completed tasks = 0], sockJsScheduler[pool size = 10, active threads = 1, queued tasks = 0, completed tasks = 18]
2026-06-04 23:48:30.975 WARN  [HikariPool-1:housekeeper] service=iaccount traceId= com.zaxxer.hikari.pool.HikariPool - HikariPool-1 - Thread starvation or clock leap detected (housekeeper delta=3m56s283ms).
2026-06-04 23:48:38.066 INFO  [MessageBroker-3] service=iaccount traceId= o.s.w.s.c.WebSocketMessageBrokerStats - WebSocketSession[0 current WS(0)-HttpStream(0)-HttpPoll(0), 0 total, 0 closed abnormally (0 connect failure, 0 send limit, 0 transport error)], stompSubProtocol[processed CONNECT(0)-CONNECTED(0)-DISCONNECT(0)], stompBrokerRelay[null], inboundChannel[pool size = 0, active threads = 0, queued tasks = 0, completed tasks = 0], outboundChannel[pool size = 0, active threads = 0, queued tasks = 0, completed tasks = 0], sockJsScheduler[pool size = 10, active threads = 1, queued tasks = 0, completed tasks = 19]
