{"@timestamp":"2026-05-29T18:51:58.989095+10:00","@version":"1","message":"Starting Main using Java 25.0.2 with PID 93687 (/Users/adam/IdeaProjects/iaccount/app/web/target/classes started by adam in /Users/adam/IdeaProjects/iaccount)","logger_name":"com.alipay.account_center.web.Main","thread_name":"main","level":"INFO","level_value":20000,"service":"iaccount","env":"dev"}
{"@timestamp":"2026-05-29T18:51:58.99472+10:00","@version":"1","message":"No active profile set, falling back to 1 default profile: \"default\"","logger_name":"com.alipay.account_center.web.Main","thread_name":"main","level":"INFO","level_value":20000,"service":"iaccount","env":"dev"}
{"@timestamp":"2026-05-29T18:51:59.449847+10:00","@version":"1","message":"Multiple Spring Data modules found, entering strict repository configuration mode","logger_name":"org.springframework.data.repository.config.RepositoryConfigurationDelegate","thread_name":"main","level":"INFO","level_value":20000,"service":"iaccount","env":"dev"}
{"@timestamp":"2026-05-29T18:51:59.450623+10:00","@version":"1","message":"Bootstrapping Spring Data JPA repositories in DEFAULT mode.","logger_name":"org.springframework.data.repository.config.RepositoryConfigurationDelegate","thread_name":"main","level":"INFO","level_value":20000,"service":"iaccount","env":"dev"}
{"@timestamp":"2026-05-29T18:51:59.457845+10:00","@version":"1","message":"Finished Spring Data repository scanning in 1 ms. Found 0 JPA repository interfaces.","logger_name":"org.springframework.data.repository.config.RepositoryConfigurationDelegate","thread_name":"main","level":"INFO","level_value":20000,"service":"iaccount","env":"dev"}
{"@timestamp":"2026-05-29T18:51:59.463677+10:00","@version":"1","message":"Multiple Spring Data modules found, entering strict repository configuration mode","logger_name":"org.springframework.data.repository.config.RepositoryConfigurationDelegate","thread_name":"main","level":"INFO","level_value":20000,"service":"iaccount","env":"dev"}
{"@timestamp":"2026-05-29T18:51:59.464109+10:00","@version":"1","message":"Bootstrapping Spring Data Redis repositories in DEFAULT mode.","logger_name":"org.springframework.data.repository.config.RepositoryConfigurationDelegate","thread_name":"main","level":"INFO","level_value":20000,"service":"iaccount","env":"dev"}
{"@timestamp":"2026-05-29T18:51:59.468344+10:00","@version":"1","message":"Finished Spring Data repository scanning in 0 ms. Found 0 Redis repository interfaces.","logger_name":"org.springframework.data.repository.config.RepositoryConfigurationDelegate","thread_name":"main","level":"INFO","level_value":20000,"service":"iaccount","env":"dev"}
{"@timestamp":"2026-05-29T18:51:59.585273+10:00","@version":"1","message":"Bean 'asyncInitMethodManager' of type [com.alipay.sofa.runtime.async.AsyncInitMethodManager] is not eligible for getting processed by all BeanPostProcessors (for example: not eligible for auto-proxying). Is this bean getting eagerly injected into a currently created BeanPostProcessor [asyncProxyBeanPostProcessor]? Check the corresponding BeanPostProcessor declaration and its dependencies.","logger_name":"org.springframework.context.support.PostProcessorRegistrationDelegate$BeanPostProcessorChecker","thread_name":"main","level":"WARN","level_value":30000,"service":"iaccount","env":"dev"}
{"@timestamp":"2026-05-29T18:51:59.814942+10:00","@version":"1","message":"Tomcat initialized with port 8887 (http)","logger_name":"org.springframework.boot.web.embedded.tomcat.TomcatWebServer","thread_name":"main","level":"INFO","level_value":20000,"service":"iaccount","env":"dev"}
{"@timestamp":"2026-05-29T18:51:59.820607+10:00","@version":"1","message":"Initializing ProtocolHandler [\"http-nio-0.0.0.0-8887\"]","logger_name":"org.apache.coyote.http11.Http11NioProtocol","thread_name":"main","level":"INFO","level_value":20000,"service":"iaccount","env":"dev"}
{"@timestamp":"2026-05-29T18:51:59.821333+10:00","@version":"1","message":"Starting service [Tomcat]","logger_name":"org.apache.catalina.core.StandardService","thread_name":"main","level":"INFO","level_value":20000,"service":"iaccount","env":"dev"}
{"@timestamp":"2026-05-29T18:51:59.821452+10:00","@version":"1","message":"Starting Servlet engine: [Apache Tomcat/10.1.46]","logger_name":"org.apache.catalina.core.StandardEngine","thread_name":"main","level":"INFO","level_value":20000,"service":"iaccount","env":"dev"}
{"@timestamp":"2026-05-29T18:51:59.841103+10:00","@version":"1","message":"Initializing Spring embedded WebApplicationContext","logger_name":"org.apache.catalina.core.ContainerBase.[Tomcat].[localhost].[/]","thread_name":"main","level":"INFO","level_value":20000,"service":"iaccount","env":"dev"}
{"@timestamp":"2026-05-29T18:51:59.841266+10:00","@version":"1","message":"Root WebApplicationContext: initialization completed in 830 ms","logger_name":"org.springframework.boot.web.servlet.context.ServletWebServerApplicationContext","thread_name":"main","level":"INFO","level_value":20000,"service":"iaccount","env":"dev"}
{"@timestamp":"2026-05-29T18:51:59.950915+10:00","@version":"1","message":"HHH000204: Processing PersistenceUnitInfo [name: default]","logger_name":"org.hibernate.jpa.internal.util.LogHelper","thread_name":"main","level":"INFO","level_value":20000,"service":"iaccount","env":"dev"}
{"@timestamp":"2026-05-29T18:51:59.975473+10:00","@version":"1","message":"HHH000412: Hibernate ORM core version 6.6.29.Final","logger_name":"org.hibernate.Version","thread_name":"main","level":"INFO","level_value":20000,"service":"iaccount","env":"dev"}
{"@timestamp":"2026-05-29T18:51:59.989326+10:00","@version":"1","message":"HHH000026: Second-level cache disabled","logger_name":"org.hibernate.cache.internal.RegionFactoryInitiator","thread_name":"main","level":"INFO","level_value":20000,"service":"iaccount","env":"dev"}
{"@timestamp":"2026-05-29T18:52:00.102114+10:00","@version":"1","message":"No LoadTimeWeaver setup: ignoring JPA class transformer","logger_name":"org.springframework.orm.jpa.persistenceunit.SpringPersistenceUnitInfo","thread_name":"main","level":"INFO","level_value":20000,"service":"iaccount","env":"dev"}
{"@timestamp":"2026-05-29T18:52:00.113175+10:00","@version":"1","message":"HikariPool-1 - Starting...","logger_name":"com.zaxxer.hikari.HikariDataSource","thread_name":"main","level":"INFO","level_value":20000,"service":"iaccount","env":"dev"}
{"@timestamp":"2026-05-29T18:52:00.156608+10:00","@version":"1","message":"HikariPool-1 - Added connection org.postgresql.jdbc.PgConnection@45302e66","logger_name":"com.zaxxer.hikari.pool.HikariPool","thread_name":"main","level":"INFO","level_value":20000,"service":"iaccount","env":"dev"}
{"@timestamp":"2026-05-29T18:52:00.157069+10:00","@version":"1","message":"HikariPool-1 - Start completed.","logger_name":"com.zaxxer.hikari.HikariDataSource","thread_name":"main","level":"INFO","level_value":20000,"service":"iaccount","env":"dev"}
{"@timestamp":"2026-05-29T18:52:00.17773+10:00","@version":"1","message":"HHH90000025: PostgreSQLDialect does not need to be specified explicitly using 'hibernate.dialect' (remove the property setting and it will be selected by default)","logger_name":"org.hibernate.orm.deprecation","thread_name":"main","level":"WARN","level_value":30000,"service":"iaccount","env":"dev"}
{"@timestamp":"2026-05-29T18:52:00.183957+10:00","@version":"1","message":"HHH10001005: Database info:\n\tDatabase JDBC URL [Connecting through datasource 'HikariDataSource (HikariPool-1)']\n\tDatabase driver: undefined/unknown\n\tDatabase version: 18.2\n\tAutocommit mode: undefined/unknown\n\tIsolation level: undefined/unknown\n\tMinimum pool size: undefined/unknown\n\tMaximum pool size: undefined/unknown","logger_name":"org.hibernate.orm.connections.pooling","thread_name":"main","level":"INFO","level_value":20000,"service":"iaccount","env":"dev"}
{"@timestamp":"2026-05-29T18:52:00.298813+10:00","@version":"1","message":"HHH000489: No JTA platform available (set 'hibernate.transaction.jta.platform' to enable JTA platform integration)","logger_name":"org.hibernate.engine.transaction.jta.platform.internal.JtaPlatformInitiator","thread_name":"main","level":"INFO","level_value":20000,"service":"iaccount","env":"dev"}
{"@timestamp":"2026-05-29T18:52:00.300394+10:00","@version":"1","message":"Initialized JPA EntityManagerFactory for persistence unit 'default'","logger_name":"org.springframework.orm.jpa.LocalContainerEntityManagerFactoryBean","thread_name":"main","level":"INFO","level_value":20000,"service":"iaccount","env":"dev"}
{"@timestamp":"2026-05-29T18:52:01.655445+10:00","@version":"1","message":"Entering: TopUpHandler.getType()","logger_name":"com.alipay.account_center.web.LoggingAspect","thread_name":"main","level":"INFO","level_value":20000,"service":"iaccount","env":"dev"}
{"@timestamp":"2026-05-29T18:52:01.655612+10:00","@version":"1","message":"Exiting: TopUpHandler.getType() (0ms)","logger_name":"com.alipay.account_center.web.LoggingAspect","thread_name":"main","level":"INFO","level_value":20000,"service":"iaccount","env":"dev"}
{"@timestamp":"2026-05-29T18:52:01.655688+10:00","@version":"1","message":"Entering: TransactionHandler.getType()","logger_name":"com.alipay.account_center.web.LoggingAspect","thread_name":"main","level":"INFO","level_value":20000,"service":"iaccount","env":"dev"}
{"@timestamp":"2026-05-29T18:52:01.655747+10:00","@version":"1","message":"Exiting: TransactionHandler.getType() (0ms)","logger_name":"com.alipay.account_center.web.LoggingAspect","thread_name":"main","level":"INFO","level_value":20000,"service":"iaccount","env":"dev"}
{"@timestamp":"2026-05-29T18:52:01.685324+10:00","@version":"1","message":"spring.jpa.open-in-view is enabled by default. Therefore, database queries may be performed during view rendering. Explicitly configure spring.jpa.open-in-view to disable this warning","logger_name":"org.springframework.boot.autoconfigure.orm.jpa.JpaBaseConfiguration$JpaWebConfiguration","thread_name":"main","level":"WARN","level_value":30000,"service":"iaccount","env":"dev"}
{"@timestamp":"2026-05-29T18:52:01.838054+10:00","@version":"1","message":"Exposing 2 endpoints beneath base path '/actuator'","logger_name":"org.springframework.boot.actuate.endpoint.web.EndpointLinksResolver","thread_name":"main","level":"INFO","level_value":20000,"service":"iaccount","env":"dev"}
{"@timestamp":"2026-05-29T18:52:01.868068+10:00","@version":"1","message":"Global AuthenticationManager configured with UserDetailsService bean with name inMemoryUserDetailsManager","logger_name":"org.springframework.security.config.annotation.authentication.configuration.InitializeUserDetailsBeanManagerConfigurer$InitializeUserDetailsManagerConfigurer","thread_name":"main","level":"INFO","level_value":20000,"service":"iaccount","env":"dev"}
{"@timestamp":"2026-05-29T18:52:02.247401+10:00","@version":"1","message":"Starting...","logger_name":"org.springframework.messaging.simp.broker.SimpleBrokerMessageHandler","thread_name":"main","level":"INFO","level_value":20000,"service":"iaccount","env":"dev"}
{"@timestamp":"2026-05-29T18:52:02.247682+10:00","@version":"1","message":"BrokerAvailabilityEvent[available=true, SimpleBrokerMessageHandler [org.springframework.messaging.simp.broker.DefaultSubscriptionRegistry@3a2e8c6a]]","logger_name":"org.springframework.messaging.simp.broker.SimpleBrokerMessageHandler","thread_name":"main","level":"INFO","level_value":20000,"service":"iaccount","env":"dev"}
{"@timestamp":"2026-05-29T18:52:02.247945+10:00","@version":"1","message":"Started.","logger_name":"org.springframework.messaging.simp.broker.SimpleBrokerMessageHandler","thread_name":"main","level":"INFO","level_value":20000,"service":"iaccount","env":"dev"}
{"@timestamp":"2026-05-29T18:52:02.248117+10:00","@version":"1","message":"Starting ProtocolHandler [\"http-nio-0.0.0.0-8887\"]","logger_name":"org.apache.coyote.http11.Http11NioProtocol","thread_name":"main","level":"INFO","level_value":20000,"service":"iaccount","env":"dev"}
{"@timestamp":"2026-05-29T18:52:02.251291+10:00","@version":"1","message":"Tomcat started on port 8887 (http) with context path '/'","logger_name":"org.springframework.boot.web.embedded.tomcat.TomcatWebServer","thread_name":"main","level":"INFO","level_value":20000,"service":"iaccount","env":"dev"}
{"@timestamp":"2026-05-29T18:52:02.366877+10:00","@version":"1","message":"Started Main in 8.683 seconds (process running for 9.299)","logger_name":"com.alipay.account_center.web.Main","thread_name":"main","level":"INFO","level_value":20000,"service":"iaccount","env":"dev"}
{"@timestamp":"2026-05-29T18:53:02.238012+10:00","@version":"1","message":"WebSocketSession[0 current WS(0)-HttpStream(0)-HttpPoll(0), 0 total, 0 closed abnormally (0 connect failure, 0 send limit, 0 transport error)], stompSubProtocol[processed CONNECT(0)-CONNECTED(0)-DISCONNECT(0)], stompBrokerRelay[null], inboundChannel[pool size = 0, active threads = 0, queued tasks = 0, completed tasks = 0], outboundChannel[pool size = 0, active threads = 0, queued tasks = 0, completed tasks = 0], sockJsScheduler[pool size = 1, active threads = 1, queued tasks = 0, completed tasks = 0]","logger_name":"org.springframework.web.socket.config.WebSocketMessageBrokerStats","thread_name":"MessageBroker-1","level":"INFO","level_value":20000,"service":"iaccount","env":"dev"}
{"@timestamp":"2026-05-29T19:14:46.635017+10:00","@version":"1","message":"Entering: AccountServiceImpl.queryAccountInfoByUserId(..)","logger_name":"com.alipay.account_center.web.LoggingAspect","thread_name":"SOFA-SEV-REST-BIZ-8341-12-T13","level":"INFO","level_value":20000,"service":"iaccount","env":"dev"}
{"@timestamp":"2026-05-29T19:14:46.648698+10:00","@version":"1","message":"Entering: AccountServiceTemplate.execute(..)","logger_name":"com.alipay.account_center.web.LoggingAspect","thread_name":"SOFA-SEV-REST-BIZ-8341-12-T13","level":"INFO","level_value":20000,"service":"iaccount","env":"dev"}
{"@timestamp":"2026-05-29T19:14:46.653113+10:00","@version":"1","message":"service request[[com.alipay.account_center.common.service.facade.request.QueryAccountInfoRequest@5502402e]","logger_name":"RISK-BIZ-SERVICE","thread_name":"SOFA-SEV-REST-BIZ-8341-12-T13","level":"INFO","level_value":20000,"service":"iaccount","env":"dev"}
{"@timestamp":"2026-05-29T19:14:46.663153+10:00","@version":"1","message":"Entering: AccountRepositoryImpl.queryAccountInfoByUserId(..)","logger_name":"com.alipay.account_center.web.LoggingAspect","thread_name":"SOFA-SEV-REST-BIZ-8341-12-T13","level":"INFO","level_value":20000,"service":"iaccount","env":"dev"}
{"@timestamp":"2026-05-29T19:14:46.85965+10:00","@version":"1","message":"Exiting: AccountRepositoryImpl.queryAccountInfoByUserId(..) (196ms)","logger_name":"com.alipay.account_center.web.LoggingAspect","thread_name":"SOFA-SEV-REST-BIZ-8341-12-T13","level":"INFO","level_value":20000,"service":"iaccount","env":"dev"}
{"@timestamp":"2026-05-29T19:14:46.869974+10:00","@version":"1","message":"service result[[com.alipay.account_center.common.service.facade.baseresult.AccountBizResult@4214cad1]] [request =[com.alipay.account_center.common.service.facade.request.QueryAccountInfoRequest@5502402e]","logger_name":"RISK-BIZ-SERVICE","thread_name":"SOFA-SEV-REST-BIZ-8341-12-T13","level":"INFO","level_value":20000,"service":"iaccount","env":"dev"}
{"@timestamp":"2026-05-29T19:14:46.870971+10:00","@version":"1","message":"Exiting: AccountServiceTemplate.execute(..) (222ms)","logger_name":"com.alipay.account_center.web.LoggingAspect","thread_name":"SOFA-SEV-REST-BIZ-8341-12-T13","level":"INFO","level_value":20000,"service":"iaccount","env":"dev"}
{"@timestamp":"2026-05-29T19:14:46.871069+10:00","@version":"1","message":"Exiting: AccountServiceImpl.queryAccountInfoByUserId(..) (229ms)","logger_name":"com.alipay.account_center.web.LoggingAspect","thread_name":"SOFA-SEV-REST-BIZ-8341-12-T13","level":"INFO","level_value":20000,"service":"iaccount","env":"dev"}
{"@timestamp":"2026-05-29T19:15:36.835766+10:00","@version":"1","message":"Initializing Spring DispatcherServlet 'dispatcherServlet'","logger_name":"org.apache.catalina.core.ContainerBase.[Tomcat].[localhost].[/]","thread_name":"http-nio-0.0.0.0-8887-exec-1","level":"INFO","level_value":20000,"service":"iaccount","env":"dev"}
{"@timestamp":"2026-05-29T19:15:36.836535+10:00","@version":"1","message":"Initializing Servlet 'dispatcherServlet'","logger_name":"org.springframework.web.servlet.DispatcherServlet","thread_name":"http-nio-0.0.0.0-8887-exec-1","level":"INFO","level_value":20000,"service":"iaccount","env":"dev"}
{"@timestamp":"2026-05-29T19:15:36.974405+10:00","@version":"1","message":"Completed initialization in 136 ms","logger_name":"org.springframework.web.servlet.DispatcherServlet","thread_name":"http-nio-0.0.0.0-8887-exec-1","level":"INFO","level_value":20000,"service":"iaccount","env":"dev"}
{"@timestamp":"2026-05-29T19:15:37.11246+10:00","@version":"1","message":"Starting request: POST /account/basic/queryAccountInfoByUserId.json","logger_name":"com.alipay.account_center.web.TraceIdFilter","thread_name":"http-nio-0.0.0.0-8887-exec-2","level":"INFO","level_value":20000,"traceId":"67d52182-fd86-48ae-8c74-82f1d8a4c58a","service":"iaccount","env":"dev"}
{"@timestamp":"2026-05-29T19:15:37.267197+10:00","@version":"1","message":"Entering: AccountServiceImpl.queryAccountInfoByUserId(..)","logger_name":"com.alipay.account_center.web.LoggingAspect","thread_name":"http-nio-0.0.0.0-8887-exec-2","level":"INFO","level_value":20000,"traceId":"67d52182-fd86-48ae-8c74-82f1d8a4c58a","service":"iaccount","env":"dev"}
{"@timestamp":"2026-05-29T19:15:37.267327+10:00","@version":"1","message":"Entering: AccountServiceTemplate.execute(..)","logger_name":"com.alipay.account_center.web.LoggingAspect","thread_name":"http-nio-0.0.0.0-8887-exec-2","level":"INFO","level_value":20000,"traceId":"67d52182-fd86-48ae-8c74-82f1d8a4c58a","service":"iaccount","env":"dev"}
{"@timestamp":"2026-05-29T19:15:37.267388+10:00","@version":"1","message":"service request[[com.alipay.account_center.common.service.facade.request.QueryAccountInfoRequest@53c857e4]","logger_name":"RISK-BIZ-SERVICE","thread_name":"http-nio-0.0.0.0-8887-exec-2","level":"INFO","level_value":20000,"traceId":"67d52182-fd86-48ae-8c74-82f1d8a4c58a","service":"iaccount","env":"dev"}
{"@timestamp":"2026-05-29T19:15:37.267452+10:00","@version":"1","message":"Entering: AccountRepositoryImpl.queryAccountInfoByUserId(..)","logger_name":"com.alipay.account_center.web.LoggingAspect","thread_name":"http-nio-0.0.0.0-8887-exec-2","level":"INFO","level_value":20000,"traceId":"67d52182-fd86-48ae-8c74-82f1d8a4c58a","service":"iaccount","env":"dev"}
{"@timestamp":"2026-05-29T19:15:37.275834+10:00","@version":"1","message":"Exiting: AccountRepositoryImpl.queryAccountInfoByUserId(..) (8ms)","logger_name":"com.alipay.account_center.web.LoggingAspect","thread_name":"http-nio-0.0.0.0-8887-exec-2","level":"INFO","level_value":20000,"traceId":"67d52182-fd86-48ae-8c74-82f1d8a4c58a","service":"iaccount","env":"dev"}
{"@timestamp":"2026-05-29T19:15:37.275981+10:00","@version":"1","message":"service result[[com.alipay.account_center.common.service.facade.baseresult.AccountBizResult@7e05272e]] [request =[com.alipay.account_center.common.service.facade.request.QueryAccountInfoRequest@53c857e4]","logger_name":"RISK-BIZ-SERVICE","thread_name":"http-nio-0.0.0.0-8887-exec-2","level":"INFO","level_value":20000,"traceId":"67d52182-fd86-48ae-8c74-82f1d8a4c58a","service":"iaccount","env":"dev"}
{"@timestamp":"2026-05-29T19:15:37.276025+10:00","@version":"1","message":"Exiting: AccountServiceTemplate.execute(..) (9ms)","logger_name":"com.alipay.account_center.web.LoggingAspect","thread_name":"http-nio-0.0.0.0-8887-exec-2","level":"INFO","level_value":20000,"traceId":"67d52182-fd86-48ae-8c74-82f1d8a4c58a","service":"iaccount","env":"dev"}
{"@timestamp":"2026-05-29T19:15:37.276063+10:00","@version":"1","message":"Exiting: AccountServiceImpl.queryAccountInfoByUserId(..) (9ms)","logger_name":"com.alipay.account_center.web.LoggingAspect","thread_name":"http-nio-0.0.0.0-8887-exec-2","level":"INFO","level_value":20000,"traceId":"67d52182-fd86-48ae-8c74-82f1d8a4c58a","service":"iaccount","env":"dev"}
{"@timestamp":"2026-05-29T19:15:37.302506+10:00","@version":"1","message":"Finished request: POST /account/basic/queryAccountInfoByUserId.json - Status: 200","logger_name":"com.alipay.account_center.web.TraceIdFilter","thread_name":"http-nio-0.0.0.0-8887-exec-2","level":"INFO","level_value":20000,"traceId":"67d52182-fd86-48ae-8c74-82f1d8a4c58a","service":"iaccount","env":"dev"}
{"@timestamp":"2026-05-29T19:21:08.996915+10:00","@version":"1","message":"Commencing graceful shutdown. Waiting for active requests to complete","logger_name":"org.springframework.boot.web.embedded.tomcat.GracefulShutdown","thread_name":"SpringApplicationShutdownHook","level":"INFO","level_value":20000,"service":"iaccount","env":"dev"}
{"@timestamp":"2026-05-29T19:21:09.007802+10:00","@version":"1","message":"Graceful shutdown complete","logger_name":"org.springframework.boot.web.embedded.tomcat.GracefulShutdown","thread_name":"tomcat-shutdown","level":"INFO","level_value":20000,"service":"iaccount","env":"dev"}
{"@timestamp":"2026-05-29T19:21:09.017331+10:00","@version":"1","message":"Stopping...","logger_name":"org.springframework.messaging.simp.broker.SimpleBrokerMessageHandler","thread_name":"SpringApplicationShutdownHook","level":"INFO","level_value":20000,"service":"iaccount","env":"dev"}
{"@timestamp":"2026-05-29T19:21:09.017448+10:00","@version":"1","message":"BrokerAvailabilityEvent[available=false, SimpleBrokerMessageHandler [org.springframework.messaging.simp.broker.DefaultSubscriptionRegistry@3a2e8c6a]]","logger_name":"org.springframework.messaging.simp.broker.SimpleBrokerMessageHandler","thread_name":"SpringApplicationShutdownHook","level":"INFO","level_value":20000,"service":"iaccount","env":"dev"}
{"@timestamp":"2026-05-29T19:21:09.017507+10:00","@version":"1","message":"Stopped.","logger_name":"org.springframework.messaging.simp.broker.SimpleBrokerMessageHandler","thread_name":"SpringApplicationShutdownHook","level":"INFO","level_value":20000,"service":"iaccount","env":"dev"}
{"@timestamp":"2026-05-29T19:21:09.075012+10:00","@version":"1","message":"Closing JPA EntityManagerFactory for persistence unit 'default'","logger_name":"org.springframework.orm.jpa.LocalContainerEntityManagerFactoryBean","thread_name":"SpringApplicationShutdownHook","level":"INFO","level_value":20000,"service":"iaccount","env":"dev"}
{"@timestamp":"2026-05-29T19:21:09.094287+10:00","@version":"1","message":"HikariPool-1 - Shutdown initiated...","logger_name":"com.zaxxer.hikari.HikariDataSource","thread_name":"SpringApplicationShutdownHook","level":"INFO","level_value":20000,"service":"iaccount","env":"dev"}
{"@timestamp":"2026-05-29T19:21:09.098296+10:00","@version":"1","message":"HikariPool-1 - Shutdown completed.","logger_name":"com.zaxxer.hikari.HikariDataSource","thread_name":"SpringApplicationShutdownHook","level":"INFO","level_value":20000,"service":"iaccount","env":"dev"}
2026-05-29 19:21:21.187 INFO  [main] service=iaccount traceId= com.alipay.account_center.web.Main - Starting Main using Java 25.0.2 with PID 7065 (/Users/adam/IdeaProjects/iaccount/app/web/target/classes started by adam in /Users/adam/IdeaProjects/iaccount)
2026-05-29 19:21:21.188 INFO  [main] service=iaccount traceId= com.alipay.account_center.web.Main - No active profile set, falling back to 1 default profile: "default"
2026-05-29 19:21:21.663 INFO  [main] service=iaccount traceId= o.s.d.r.c.RepositoryConfigurationDelegate - Multiple Spring Data modules found, entering strict repository configuration mode
2026-05-29 19:21:21.663 INFO  [main] service=iaccount traceId= o.s.d.r.c.RepositoryConfigurationDelegate - Bootstrapping Spring Data JPA repositories in DEFAULT mode.
2026-05-29 19:21:21.671 INFO  [main] service=iaccount traceId= o.s.d.r.c.RepositoryConfigurationDelegate - Finished Spring Data repository scanning in 1 ms. Found 0 JPA repository interfaces.
2026-05-29 19:21:21.676 INFO  [main] service=iaccount traceId= o.s.d.r.c.RepositoryConfigurationDelegate - Multiple Spring Data modules found, entering strict repository configuration mode
2026-05-29 19:21:21.676 INFO  [main] service=iaccount traceId= o.s.d.r.c.RepositoryConfigurationDelegate - Bootstrapping Spring Data Redis repositories in DEFAULT mode.
2026-05-29 19:21:21.680 INFO  [main] service=iaccount traceId= o.s.d.r.c.RepositoryConfigurationDelegate - Finished Spring Data repository scanning in 0 ms. Found 0 Redis repository interfaces.
2026-05-29 19:21:21.793 WARN  [main] service=iaccount traceId= o.s.c.s.PostProcessorRegistrationDelegate$BeanPostProcessorChecker - Bean 'asyncInitMethodManager' of type [com.alipay.sofa.runtime.async.AsyncInitMethodManager] is not eligible for getting processed by all BeanPostProcessors (for example: not eligible for auto-proxying). Is this bean getting eagerly injected into a currently created BeanPostProcessor [asyncProxyBeanPostProcessor]? Check the corresponding BeanPostProcessor declaration and its dependencies.
2026-05-29 19:21:22.009 INFO  [main] service=iaccount traceId= o.s.b.w.embedded.tomcat.TomcatWebServer - Tomcat initialized with port 8887 (http)
2026-05-29 19:21:22.014 INFO  [main] service=iaccount traceId= o.apache.coyote.http11.Http11NioProtocol - Initializing ProtocolHandler ["http-nio-0.0.0.0-8887"]
2026-05-29 19:21:22.015 INFO  [main] service=iaccount traceId= o.apache.catalina.core.StandardService - Starting service [Tomcat]
2026-05-29 19:21:22.015 INFO  [main] service=iaccount traceId= org.apache.catalina.core.StandardEngine - Starting Servlet engine: [Apache Tomcat/10.1.46]
2026-05-29 19:21:22.041 INFO  [main] service=iaccount traceId= o.a.c.c.C.[Tomcat].[localhost].[/] - Initializing Spring embedded WebApplicationContext
2026-05-29 19:21:22.041 INFO  [main] service=iaccount traceId= o.s.b.w.s.c.ServletWebServerApplicationContext - Root WebApplicationContext: initialization completed in 831 ms
2026-05-29 19:21:22.139 INFO  [main] service=iaccount traceId= o.hibernate.jpa.internal.util.LogHelper - HHH000204: Processing PersistenceUnitInfo [name: default]
2026-05-29 19:21:22.161 INFO  [main] service=iaccount traceId= org.hibernate.Version - HHH000412: Hibernate ORM core version 6.6.29.Final
2026-05-29 19:21:22.173 INFO  [main] service=iaccount traceId= o.h.c.internal.RegionFactoryInitiator - HHH000026: Second-level cache disabled
2026-05-29 19:21:22.272 INFO  [main] service=iaccount traceId= o.s.o.j.p.SpringPersistenceUnitInfo - No LoadTimeWeaver setup: ignoring JPA class transformer
2026-05-29 19:21:22.283 INFO  [main] service=iaccount traceId= com.zaxxer.hikari.HikariDataSource - HikariPool-1 - Starting...
2026-05-29 19:21:22.322 INFO  [main] service=iaccount traceId= com.zaxxer.hikari.pool.HikariPool - HikariPool-1 - Added connection org.postgresql.jdbc.PgConnection@3c4e23be
2026-05-29 19:21:22.322 INFO  [main] service=iaccount traceId= com.zaxxer.hikari.HikariDataSource - HikariPool-1 - Start completed.
2026-05-29 19:21:22.342 WARN  [main] service=iaccount traceId= org.hibernate.orm.deprecation - HHH90000025: PostgreSQLDialect does not need to be specified explicitly using 'hibernate.dialect' (remove the property setting and it will be selected by default)
2026-05-29 19:21:22.349 INFO  [main] service=iaccount traceId= org.hibernate.orm.connections.pooling - HHH10001005: Database info:
	Database JDBC URL [Connecting through datasource 'HikariDataSource (HikariPool-1)']
	Database driver: undefined/unknown
	Database version: 18.2
	Autocommit mode: undefined/unknown
	Isolation level: undefined/unknown
	Minimum pool size: undefined/unknown
	Maximum pool size: undefined/unknown
2026-05-29 19:21:22.455 INFO  [main] service=iaccount traceId= o.h.e.t.j.p.i.JtaPlatformInitiator - HHH000489: No JTA platform available (set 'hibernate.transaction.jta.platform' to enable JTA platform integration)
2026-05-29 19:21:22.456 INFO  [main] service=iaccount traceId= o.s.o.j.LocalContainerEntityManagerFactoryBean - Initialized JPA EntityManagerFactory for persistence unit 'default'
2026-05-29 19:21:23.842 INFO  [main] service=iaccount traceId= c.a.account_center.web.LoggingAspect - Entering: TopUpHandler.getType()
2026-05-29 19:21:23.842 INFO  [main] service=iaccount traceId= c.a.account_center.web.LoggingAspect - Exiting: TopUpHandler.getType() (0ms)
2026-05-29 19:21:23.842 INFO  [main] service=iaccount traceId= c.a.account_center.web.LoggingAspect - Entering: TransactionHandler.getType()
2026-05-29 19:21:23.842 INFO  [main] service=iaccount traceId= c.a.account_center.web.LoggingAspect - Exiting: TransactionHandler.getType() (0ms)
2026-05-29 19:21:23.877 WARN  [main] service=iaccount traceId= o.s.b.a.o.j.JpaBaseConfiguration$JpaWebConfiguration - spring.jpa.open-in-view is enabled by default. Therefore, database queries may be performed during view rendering. Explicitly configure spring.jpa.open-in-view to disable this warning
2026-05-29 19:21:24.030 INFO  [main] service=iaccount traceId= o.s.b.a.e.web.EndpointLinksResolver - Exposing 2 endpoints beneath base path '/actuator'
2026-05-29 19:21:24.056 INFO  [main] service=iaccount traceId= o.s.s.c.a.a.c.InitializeUserDetailsBeanManagerConfigurer$InitializeUserDetailsManagerConfigurer - Global AuthenticationManager configured with UserDetailsService bean with name inMemoryUserDetailsManager
2026-05-29 19:21:24.405 INFO  [main] service=iaccount traceId= o.s.m.s.b.SimpleBrokerMessageHandler - Starting...
2026-05-29 19:21:24.405 INFO  [main] service=iaccount traceId= o.s.m.s.b.SimpleBrokerMessageHandler - BrokerAvailabilityEvent[available=true, SimpleBrokerMessageHandler [org.springframework.messaging.simp.broker.DefaultSubscriptionRegistry@49e4b332]]
2026-05-29 19:21:24.406 INFO  [main] service=iaccount traceId= o.s.m.s.b.SimpleBrokerMessageHandler - Started.
2026-05-29 19:21:24.406 INFO  [main] service=iaccount traceId= o.apache.coyote.http11.Http11NioProtocol - Starting ProtocolHandler ["http-nio-0.0.0.0-8887"]
2026-05-29 19:21:24.409 INFO  [main] service=iaccount traceId= o.s.b.w.embedded.tomcat.TomcatWebServer - Tomcat started on port 8887 (http) with context path '/'
2026-05-29 19:21:24.522 INFO  [main] service=iaccount traceId= com.alipay.account_center.web.Main - Started Main in 8.554 seconds (process running for 8.985)
2026-05-29 19:22:24.398 INFO  [MessageBroker-1] service=iaccount traceId= o.s.w.s.c.WebSocketMessageBrokerStats - WebSocketSession[0 current WS(0)-HttpStream(0)-HttpPoll(0), 0 total, 0 closed abnormally (0 connect failure, 0 send limit, 0 transport error)], stompSubProtocol[processed CONNECT(0)-CONNECTED(0)-DISCONNECT(0)], stompBrokerRelay[null], inboundChannel[pool size = 0, active threads = 0, queued tasks = 0, completed tasks = 0], outboundChannel[pool size = 0, active threads = 0, queued tasks = 0, completed tasks = 0], sockJsScheduler[pool size = 1, active threads = 1, queued tasks = 0, completed tasks = 0]
2026-05-29 19:52:24.422 INFO  [MessageBroker-1] service=iaccount traceId= o.s.w.s.c.WebSocketMessageBrokerStats - WebSocketSession[0 current WS(0)-HttpStream(0)-HttpPoll(0), 0 total, 0 closed abnormally (0 connect failure, 0 send limit, 0 transport error)], stompSubProtocol[processed CONNECT(0)-CONNECTED(0)-DISCONNECT(0)], stompBrokerRelay[null], inboundChannel[pool size = 0, active threads = 0, queued tasks = 0, completed tasks = 0], outboundChannel[pool size = 0, active threads = 0, queued tasks = 0, completed tasks = 0], sockJsScheduler[pool size = 2, active threads = 1, queued tasks = 0, completed tasks = 1]
2026-05-29 20:22:24.463 INFO  [MessageBroker-2] service=iaccount traceId= o.s.w.s.c.WebSocketMessageBrokerStats - WebSocketSession[0 current WS(0)-HttpStream(0)-HttpPoll(0), 0 total, 0 closed abnormally (0 connect failure, 0 send limit, 0 transport error)], stompSubProtocol[processed CONNECT(0)-CONNECTED(0)-DISCONNECT(0)], stompBrokerRelay[null], inboundChannel[pool size = 0, active threads = 0, queued tasks = 0, completed tasks = 0], outboundChannel[pool size = 0, active threads = 0, queued tasks = 0, completed tasks = 0], sockJsScheduler[pool size = 3, active threads = 1, queued tasks = 0, completed tasks = 2]
2026-05-29 20:52:24.479 INFO  [MessageBroker-1] service=iaccount traceId= o.s.w.s.c.WebSocketMessageBrokerStats - WebSocketSession[0 current WS(0)-HttpStream(0)-HttpPoll(0), 0 total, 0 closed abnormally (0 connect failure, 0 send limit, 0 transport error)], stompSubProtocol[processed CONNECT(0)-CONNECTED(0)-DISCONNECT(0)], stompBrokerRelay[null], inboundChannel[pool size = 0, active threads = 0, queued tasks = 0, completed tasks = 0], outboundChannel[pool size = 0, active threads = 0, queued tasks = 0, completed tasks = 0], sockJsScheduler[pool size = 4, active threads = 1, queued tasks = 0, completed tasks = 3]
2026-05-29 21:14:52.449 WARN  [HikariPool-1:housekeeper] service=iaccount traceId= com.zaxxer.hikari.pool.HikariPool - HikariPool-1 - Thread starvation or clock leap detected (housekeeper delta=2m58s893ms).
2026-05-29 21:18:12.138 WARN  [HikariPool-1:housekeeper] service=iaccount traceId= com.zaxxer.hikari.pool.HikariPool - HikariPool-1 - Thread starvation or clock leap detected (housekeeper delta=2m49s677ms).
2026-05-29 21:19:45.720 WARN  [HikariPool-1:housekeeper] service=iaccount traceId= com.zaxxer.hikari.pool.HikariPool - HikariPool-1 - Thread starvation or clock leap detected (housekeeper delta=1m33s584ms).
2026-05-29 21:22:19.739 WARN  [HikariPool-1:housekeeper] service=iaccount traceId= com.zaxxer.hikari.pool.HikariPool - HikariPool-1 - Thread starvation or clock leap detected (housekeeper delta=2m4s3ms).
2026-05-29 21:39:16.299 WARN  [HikariPool-1:housekeeper] service=iaccount traceId= com.zaxxer.hikari.pool.HikariPool - HikariPool-1 - Thread starvation or clock leap detected (housekeeper delta=16m56s565ms).
2026-05-29 21:59:00.288 WARN  [HikariPool-1:housekeeper] service=iaccount traceId= com.zaxxer.hikari.pool.HikariPool - HikariPool-1 - Thread starvation or clock leap detected (housekeeper delta=19m43s989ms).
2026-05-29 22:05:31.183 INFO  [MessageBroker-3] service=iaccount traceId= o.s.w.s.c.WebSocketMessageBrokerStats - WebSocketSession[0 current WS(0)-HttpStream(0)-HttpPoll(0), 0 total, 0 closed abnormally (0 connect failure, 0 send limit, 0 transport error)], stompSubProtocol[processed CONNECT(0)-CONNECTED(0)-DISCONNECT(0)], stompBrokerRelay[null], inboundChannel[pool size = 0, active threads = 0, queued tasks = 0, completed tasks = 0], outboundChannel[pool size = 0, active threads = 0, queued tasks = 0, completed tasks = 0], sockJsScheduler[pool size = 5, active threads = 1, queued tasks = 0, completed tasks = 4]
2026-05-29 22:35:31.227 INFO  [MessageBroker-2] service=iaccount traceId= o.s.w.s.c.WebSocketMessageBrokerStats - WebSocketSession[0 current WS(0)-HttpStream(0)-HttpPoll(0), 0 total, 0 closed abnormally (0 connect failure, 0 send limit, 0 transport error)], stompSubProtocol[processed CONNECT(0)-CONNECTED(0)-DISCONNECT(0)], stompBrokerRelay[null], inboundChannel[pool size = 0, active threads = 0, queued tasks = 0, completed tasks = 0], outboundChannel[pool size = 0, active threads = 0, queued tasks = 0, completed tasks = 0], sockJsScheduler[pool size = 6, active threads = 1, queued tasks = 0, completed tasks = 5]
2026-05-29 23:05:31.272 INFO  [MessageBroker-4] service=iaccount traceId= o.s.w.s.c.WebSocketMessageBrokerStats - WebSocketSession[0 current WS(0)-HttpStream(0)-HttpPoll(0), 0 total, 0 closed abnormally (0 connect failure, 0 send limit, 0 transport error)], stompSubProtocol[processed CONNECT(0)-CONNECTED(0)-DISCONNECT(0)], stompBrokerRelay[null], inboundChannel[pool size = 0, active threads = 0, queued tasks = 0, completed tasks = 0], outboundChannel[pool size = 0, active threads = 0, queued tasks = 0, completed tasks = 0], sockJsScheduler[pool size = 7, active threads = 1, queued tasks = 0, completed tasks = 6]
2026-05-29 23:31:01.644 WARN  [HikariPool-1:housekeeper] service=iaccount traceId= com.zaxxer.hikari.pool.HikariPool - HikariPool-1 - Thread starvation or clock leap detected (housekeeper delta=1m519ms).
