2026-06-10 00:00:48.000 WARN  [HikariPool-1:housekeeper] service=iaccount traceId= com.zaxxer.hikari.pool.HikariPool - HikariPool-1 - Thread starvation or clock leap detected (housekeeper delta=54s893ms).
2026-06-10 00:06:45.868 WARN  [HikariPool-1:housekeeper] service=iaccount traceId= com.zaxxer.hikari.pool.HikariPool - HikariPool-1 - Thread starvation or clock leap detected (housekeeper delta=5m27s860ms).
2026-06-10 00:19:23.092 WARN  [HikariPool-1:housekeeper] service=iaccount traceId= com.zaxxer.hikari.pool.HikariPool - HikariPool-1 - Thread starvation or clock leap detected (housekeeper delta=12m7s220ms).
2026-06-10 00:46:26.117 WARN  [HikariPool-1:housekeeper] service=iaccount traceId= com.zaxxer.hikari.pool.HikariPool - HikariPool-1 - Thread starvation or clock leap detected (housekeeper delta=27m3s26ms).
2026-06-10 00:49:09.094 WARN  [HikariPool-1:housekeeper] service=iaccount traceId= com.zaxxer.hikari.pool.HikariPool - HikariPool-1 - Thread starvation or clock leap detected (housekeeper delta=2m12s966ms).
2026-06-10 00:51:36.364 WARN  [HikariPool-1:housekeeper] service=iaccount traceId= com.zaxxer.hikari.pool.HikariPool - HikariPool-1 - Thread starvation or clock leap detected (housekeeper delta=1m57s262ms).
2026-06-10 01:09:21.258 WARN  [HikariPool-1:housekeeper] service=iaccount traceId= com.zaxxer.hikari.pool.HikariPool - HikariPool-1 - Thread starvation or clock leap detected (housekeeper delta=17m44s894ms).
2026-06-10 01:20:35.178 WARN  [HikariPool-1:housekeeper] service=iaccount traceId= com.zaxxer.hikari.pool.HikariPool - HikariPool-1 - Thread starvation or clock leap detected (housekeeper delta=10m10s808ms).
2026-06-10 01:41:07.547 INFO  [MessageBroker-3] service=iaccount traceId= o.s.w.s.c.WebSocketMessageBrokerStats - WebSocketSession[0 current WS(0)-HttpStream(0)-HttpPoll(0), 0 total, 0 closed abnormally (0 connect failure, 0 send limit, 0 transport error)], stompSubProtocol[processed CONNECT(0)-CONNECTED(0)-DISCONNECT(0)], stompBrokerRelay[null], inboundChannel[pool size = 0, active threads = 0, queued tasks = 0, completed tasks = 0], outboundChannel[pool size = 0, active threads = 0, queued tasks = 0, completed tasks = 0], sockJsScheduler[pool size = 10, active threads = 1, queued tasks = 0, completed tasks = 9]
2026-06-10 02:11:07.554 INFO  [MessageBroker-3] service=iaccount traceId= o.s.w.s.c.WebSocketMessageBrokerStats - WebSocketSession[0 current WS(0)-HttpStream(0)-HttpPoll(0), 0 total, 0 closed abnormally (0 connect failure, 0 send limit, 0 transport error)], stompSubProtocol[processed CONNECT(0)-CONNECTED(0)-DISCONNECT(0)], stompBrokerRelay[null], inboundChannel[pool size = 0, active threads = 0, queued tasks = 0, completed tasks = 0], outboundChannel[pool size = 0, active threads = 0, queued tasks = 0, completed tasks = 0], sockJsScheduler[pool size = 10, active threads = 1, queued tasks = 0, completed tasks = 10]
2026-06-10 02:46:34.756 WARN  [HikariPool-1:housekeeper] service=iaccount traceId= com.zaxxer.hikari.pool.HikariPool - HikariPool-1 - Thread starvation or clock leap detected (housekeeper delta=15m29s44ms).
2026-06-10 03:02:33.231 WARN  [HikariPool-1:housekeeper] service=iaccount traceId= com.zaxxer.hikari.pool.HikariPool - HikariPool-1 - Thread starvation or clock leap detected (housekeeper delta=15m28s468ms).
2026-06-10 03:18:32.274 WARN  [HikariPool-1:housekeeper] service=iaccount traceId= com.zaxxer.hikari.pool.HikariPool - HikariPool-1 - Thread starvation or clock leap detected (housekeeper delta=15m29s39ms).
2026-06-10 03:23:16.227 WARN  [HikariPool-1:housekeeper] service=iaccount traceId= com.zaxxer.hikari.pool.HikariPool - HikariPool-1 - Thread starvation or clock leap detected (housekeeper delta=4m43s954ms).
2026-06-10 03:28:30.199 WARN  [HikariPool-1:housekeeper] service=iaccount traceId= com.zaxxer.hikari.pool.HikariPool - HikariPool-1 - Thread starvation or clock leap detected (housekeeper delta=4m43s960ms).
2026-06-10 03:33:43.280 WARN  [HikariPool-1:housekeeper] service=iaccount traceId= com.zaxxer.hikari.pool.HikariPool - HikariPool-1 - Thread starvation or clock leap detected (housekeeper delta=4m43s77ms).
2026-06-10 03:38:27.149 WARN  [HikariPool-1:housekeeper] service=iaccount traceId= com.zaxxer.hikari.pool.HikariPool - HikariPool-1 - Thread starvation or clock leap detected (housekeeper delta=4m43s869ms).
2026-06-10 03:43:40.224 WARN  [HikariPool-1:housekeeper] service=iaccount traceId= com.zaxxer.hikari.pool.HikariPool - HikariPool-1 - Thread starvation or clock leap detected (housekeeper delta=4m43s63ms).
2026-06-10 03:48:23.345 WARN  [HikariPool-1:housekeeper] service=iaccount traceId= com.zaxxer.hikari.pool.HikariPool - HikariPool-1 - Thread starvation or clock leap detected (housekeeper delta=4m43s121ms).
2026-06-10 04:04:29.324 WARN  [HikariPool-1:housekeeper] service=iaccount traceId= com.zaxxer.hikari.pool.HikariPool - HikariPool-1 - Thread starvation or clock leap detected (housekeeper delta=15m35s969ms).
2026-06-10 04:20:33.766 WARN  [HikariPool-1:housekeeper] service=iaccount traceId= com.zaxxer.hikari.pool.HikariPool - HikariPool-1 - Thread starvation or clock leap detected (housekeeper delta=16m4s441ms).
2026-06-10 04:32:38.178 WARN  [HikariPool-1:housekeeper] service=iaccount traceId= com.zaxxer.hikari.pool.HikariPool - HikariPool-1 - Thread starvation or clock leap detected (housekeeper delta=11m34s399ms).
2026-06-10 04:33:09.872 INFO  [MessageBroker-3] service=iaccount traceId= o.s.w.s.c.WebSocketMessageBrokerStats - WebSocketSession[0 current WS(0)-HttpStream(0)-HttpPoll(0), 0 total, 0 closed abnormally (0 connect failure, 0 send limit, 0 transport error)], stompSubProtocol[processed CONNECT(0)-CONNECTED(0)-DISCONNECT(0)], stompBrokerRelay[null], inboundChannel[pool size = 0, active threads = 0, queued tasks = 0, completed tasks = 0], outboundChannel[pool size = 0, active threads = 0, queued tasks = 0, completed tasks = 0], sockJsScheduler[pool size = 10, active threads = 1, queued tasks = 0, completed tasks = 11]
2026-06-10 04:48:43.500 WARN  [HikariPool-1:housekeeper] service=iaccount traceId= com.zaxxer.hikari.pool.HikariPool - HikariPool-1 - Thread starvation or clock leap detected (housekeeper delta=15m35s314ms).
2026-06-10 05:05:07.084 WARN  [HikariPool-1:housekeeper] service=iaccount traceId= com.zaxxer.hikari.pool.HikariPool - HikariPool-1 - Thread starvation or clock leap detected (housekeeper delta=15m53s579ms).
2026-06-10 05:06:01.924 WARN  [HikariPool-1:housekeeper] service=iaccount traceId= com.zaxxer.hikari.pool.HikariPool - HikariPool-1 - Thread starvation or clock leap detected (housekeeper delta=54s840ms).
2026-06-10 05:23:23.419 WARN  [HikariPool-1:housekeeper] service=iaccount traceId= com.zaxxer.hikari.pool.HikariPool - HikariPool-1 - Thread starvation or clock leap detected (housekeeper delta=16m51s483ms).
2026-06-10 05:33:27.305 WARN  [HikariPool-1:housekeeper] service=iaccount traceId= com.zaxxer.hikari.pool.HikariPool - HikariPool-1 - Thread starvation or clock leap detected (housekeeper delta=10m3s887ms).
2026-06-10 05:50:00.768 WARN  [HikariPool-1:housekeeper] service=iaccount traceId= com.zaxxer.hikari.pool.HikariPool - HikariPool-1 - Thread starvation or clock leap detected (housekeeper delta=16m3s454ms).
2026-06-10 05:51:25.649 WARN  [HikariPool-1:housekeeper] service=iaccount traceId= com.zaxxer.hikari.pool.HikariPool - HikariPool-1 - Thread starvation or clock leap detected (housekeeper delta=54s871ms).
2026-06-10 05:52:50.516 WARN  [HikariPool-1:housekeeper] service=iaccount traceId= com.zaxxer.hikari.pool.HikariPool - HikariPool-1 - Thread starvation or clock leap detected (housekeeper delta=54s854ms).
2026-06-10 06:09:13.348 WARN  [HikariPool-1:housekeeper] service=iaccount traceId= com.zaxxer.hikari.pool.HikariPool - HikariPool-1 - Thread starvation or clock leap detected (housekeeper delta=16m22s832ms).
2026-06-10 06:27:32.787 WARN  [HikariPool-1:housekeeper] service=iaccount traceId= com.zaxxer.hikari.pool.HikariPool - HikariPool-1 - Thread starvation or clock leap detected (housekeeper delta=17m49s434ms).
2026-06-10 06:34:29.087 WARN  [HikariPool-1:housekeeper] service=iaccount traceId= com.zaxxer.hikari.pool.HikariPool - HikariPool-1 - Thread starvation or clock leap detected (housekeeper delta=6m56s301ms).
2026-06-10 06:50:34.612 WARN  [HikariPool-1:housekeeper] service=iaccount traceId= com.zaxxer.hikari.pool.HikariPool - HikariPool-1 - Thread starvation or clock leap detected (housekeeper delta=15m35s515ms).
2026-06-10 07:07:18.905 WARN  [HikariPool-1:housekeeper] service=iaccount traceId= com.zaxxer.hikari.pool.HikariPool - HikariPool-1 - Thread starvation or clock leap detected (housekeeper delta=16m14s281ms).
2026-06-10 07:23:40.342 WARN  [HikariPool-1:housekeeper] service=iaccount traceId= com.zaxxer.hikari.pool.HikariPool - HikariPool-1 - Thread starvation or clock leap detected (housekeeper delta=15m51s427ms).
2026-06-10 07:35:35.661 WARN  [HikariPool-1:housekeeper] service=iaccount traceId= com.zaxxer.hikari.pool.HikariPool - HikariPool-1 - Thread starvation or clock leap detected (housekeeper delta=11m55s319ms).
2026-06-10 07:52:29.542 WARN  [HikariPool-1:housekeeper] service=iaccount traceId= com.zaxxer.hikari.pool.HikariPool - HikariPool-1 - Thread starvation or clock leap detected (housekeeper delta=16m23s870ms).
2026-06-10 08:10:06.215 WARN  [HikariPool-1:housekeeper] service=iaccount traceId= com.zaxxer.hikari.pool.HikariPool - HikariPool-1 - Thread starvation or clock leap detected (housekeeper delta=17m6s662ms).
2026-06-10 08:27:30.696 WARN  [HikariPool-1:housekeeper] service=iaccount traceId= com.zaxxer.hikari.pool.HikariPool - HikariPool-1 - Thread starvation or clock leap detected (housekeeper delta=16m54s477ms).
2026-06-10 08:36:42.111 WARN  [HikariPool-1:housekeeper] service=iaccount traceId= com.zaxxer.hikari.pool.HikariPool - HikariPool-1 - Thread starvation or clock leap detected (housekeeper delta=9m11s415ms).
2026-06-10 08:53:52.631 WARN  [HikariPool-1:housekeeper] service=iaccount traceId= com.zaxxer.hikari.pool.HikariPool - HikariPool-1 - Thread starvation or clock leap detected (housekeeper delta=16m40s508ms).
2026-06-10 09:10:31.146 WARN  [HikariPool-1:housekeeper] service=iaccount traceId= com.zaxxer.hikari.pool.HikariPool - HikariPool-1 - Thread starvation or clock leap detected (housekeeper delta=16m8s509ms).
2026-06-10 09:26:00.616 WARN  [HikariPool-1:housekeeper] service=iaccount traceId= com.zaxxer.hikari.pool.HikariPool - HikariPool-1 - Thread starvation or clock leap detected (housekeeper delta=15m29s470ms).
2026-06-10 09:37:47.613 WARN  [HikariPool-1:housekeeper] service=iaccount traceId= com.zaxxer.hikari.pool.HikariPool - HikariPool-1 - Thread starvation or clock leap detected (housekeeper delta=11m16s987ms).
2026-06-10 09:54:13.559 WARN  [HikariPool-1:housekeeper] service=iaccount traceId= com.zaxxer.hikari.pool.HikariPool - HikariPool-1 - Thread starvation or clock leap detected (housekeeper delta=16m25s946ms).
2026-06-10 09:56:04.822 WARN  [HikariPool-1:housekeeper] service=iaccount traceId= com.zaxxer.hikari.pool.HikariPool - HikariPool-1 - Thread starvation or clock leap detected (housekeeper delta=51s253ms).
2026-06-10 10:13:27.700 WARN  [HikariPool-1:housekeeper] service=iaccount traceId= com.zaxxer.hikari.pool.HikariPool - HikariPool-1 - Thread starvation or clock leap detected (housekeeper delta=16m52s866ms).
2026-06-10 10:21:29.041 INFO  [MessageBroker-3] service=iaccount traceId= o.s.w.s.c.WebSocketMessageBrokerStats - WebSocketSession[0 current WS(0)-HttpStream(0)-HttpPoll(0), 0 total, 0 closed abnormally (0 connect failure, 0 send limit, 0 transport error)], stompSubProtocol[processed CONNECT(0)-CONNECTED(0)-DISCONNECT(0)], stompBrokerRelay[null], inboundChannel[pool size = 0, active threads = 0, queued tasks = 0, completed tasks = 0], outboundChannel[pool size = 0, active threads = 0, queued tasks = 0, completed tasks = 0], sockJsScheduler[pool size = 10, active threads = 1, queued tasks = 0, completed tasks = 12]
2026-06-10 10:29:31.565 WARN  [HikariPool-1:housekeeper] service=iaccount traceId= com.zaxxer.hikari.pool.HikariPool - HikariPool-1 - Thread starvation or clock leap detected (housekeeper delta=8m3s762ms).
2026-06-10 10:33:53.691 WARN  [HikariPool-1:housekeeper] service=iaccount traceId= com.zaxxer.hikari.pool.HikariPool - HikariPool-1 - Thread starvation or clock leap detected (housekeeper delta=4m22s125ms).
2026-06-10 11:02:54.944 INFO  [MessageBroker-3] service=iaccount traceId= o.s.w.s.c.WebSocketMessageBrokerStats - WebSocketSession[0 current WS(0)-HttpStream(0)-HttpPoll(0), 0 total, 0 closed abnormally (0 connect failure, 0 send limit, 0 transport error)], stompSubProtocol[processed CONNECT(0)-CONNECTED(0)-DISCONNECT(0)], stompBrokerRelay[null], inboundChannel[pool size = 0, active threads = 0, queued tasks = 0, completed tasks = 0], outboundChannel[pool size = 0, active threads = 0, queued tasks = 0, completed tasks = 0], sockJsScheduler[pool size = 10, active threads = 1, queued tasks = 0, completed tasks = 13]
2026-06-10 11:32:54.952 INFO  [MessageBroker-3] service=iaccount traceId= o.s.w.s.c.WebSocketMessageBrokerStats - WebSocketSession[0 current WS(0)-HttpStream(0)-HttpPoll(0), 0 total, 0 closed abnormally (0 connect failure, 0 send limit, 0 transport error)], stompSubProtocol[processed CONNECT(0)-CONNECTED(0)-DISCONNECT(0)], stompBrokerRelay[null], inboundChannel[pool size = 0, active threads = 0, queued tasks = 0, completed tasks = 0], outboundChannel[pool size = 0, active threads = 0, queued tasks = 0, completed tasks = 0], sockJsScheduler[pool size = 10, active threads = 1, queued tasks = 0, completed tasks = 14]
2026-06-10 11:58:10.457 INFO  [SpringApplicationShutdownHook] service=iaccount traceId= o.s.b.w.embedded.tomcat.GracefulShutdown - Commencing graceful shutdown. Waiting for active requests to complete
2026-06-10 11:58:10.496 INFO  [tomcat-shutdown] service=iaccount traceId= o.s.b.w.embedded.tomcat.GracefulShutdown - Graceful shutdown complete
2026-06-10 11:58:10.512 INFO  [SpringApplicationShutdownHook] service=iaccount traceId= o.s.m.s.b.SimpleBrokerMessageHandler - Stopping...
2026-06-10 11:58:10.513 INFO  [SpringApplicationShutdownHook] service=iaccount traceId= o.s.m.s.b.SimpleBrokerMessageHandler - BrokerAvailabilityEvent[available=false, SimpleBrokerMessageHandler [org.springframework.messaging.simp.broker.DefaultSubscriptionRegistry@6b6e4c41]]
2026-06-10 11:58:10.513 INFO  [SpringApplicationShutdownHook] service=iaccount traceId= o.s.m.s.b.SimpleBrokerMessageHandler - Stopped.
2026-06-10 11:58:10.688 INFO  [SpringApplicationShutdownHook] service=iaccount traceId= o.s.o.j.LocalContainerEntityManagerFactoryBean - Closing JPA EntityManagerFactory for persistence unit 'default'
2026-06-10 11:58:10.730 INFO  [SpringApplicationShutdownHook] service=iaccount traceId= com.zaxxer.hikari.HikariDataSource - HikariPool-1 - Shutdown initiated...
2026-06-10 11:58:10.733 INFO  [SpringApplicationShutdownHook] service=iaccount traceId= com.zaxxer.hikari.HikariDataSource - HikariPool-1 - Shutdown completed.
2026-06-10 11:58:13.783 INFO  [main] service=iaccount traceId= com.alipay.account_center.web.Main - Starting Main using Java 25.0.2 with PID 28904 (/Users/adam/IdeaProjects/iaccount/app/web/target/classes started by adam in /Users/adam/IdeaProjects/iaccount)
2026-06-10 11:58:13.792 INFO  [main] service=iaccount traceId= com.alipay.account_center.web.Main - No active profile set, falling back to 1 default profile: "default"
2026-06-10 11:58:14.325 INFO  [main] service=iaccount traceId= o.s.d.r.c.RepositoryConfigurationDelegate - Multiple Spring Data modules found, entering strict repository configuration mode
2026-06-10 11:58:14.330 INFO  [main] service=iaccount traceId= o.s.d.r.c.RepositoryConfigurationDelegate - Bootstrapping Spring Data JPA repositories in DEFAULT mode.
2026-06-10 11:58:14.338 INFO  [main] service=iaccount traceId= o.s.d.r.c.RepositoryConfigurationDelegate - Finished Spring Data repository scanning in 1 ms. Found 0 JPA repository interfaces.
2026-06-10 11:58:14.344 INFO  [main] service=iaccount traceId= o.s.d.r.c.RepositoryConfigurationDelegate - Multiple Spring Data modules found, entering strict repository configuration mode
2026-06-10 11:58:14.344 INFO  [main] service=iaccount traceId= o.s.d.r.c.RepositoryConfigurationDelegate - Bootstrapping Spring Data Redis repositories in DEFAULT mode.
2026-06-10 11:58:14.348 INFO  [main] service=iaccount traceId= o.s.d.r.c.RepositoryConfigurationDelegate - Finished Spring Data repository scanning in 0 ms. Found 0 Redis repository interfaces.
2026-06-10 11:58:14.513 WARN  [main] service=iaccount traceId= o.s.c.s.PostProcessorRegistrationDelegate$BeanPostProcessorChecker - Bean 'asyncInitMethodManager' of type [com.alipay.sofa.runtime.async.AsyncInitMethodManager] is not eligible for getting processed by all BeanPostProcessors (for example: not eligible for auto-proxying). Is this bean getting eagerly injected into a currently created BeanPostProcessor [asyncProxyBeanPostProcessor]? Check the corresponding BeanPostProcessor declaration and its dependencies.
2026-06-10 11:58:14.826 INFO  [main] service=iaccount traceId= o.s.b.w.embedded.tomcat.TomcatWebServer - Tomcat initialized with port 8887 (http)
2026-06-10 11:58:14.851 INFO  [main] service=iaccount traceId= o.apache.coyote.http11.Http11NioProtocol - Initializing ProtocolHandler ["http-nio-0.0.0.0-8887"]
2026-06-10 11:58:14.855 INFO  [main] service=iaccount traceId= o.apache.catalina.core.StandardService - Starting service [Tomcat]
2026-06-10 11:58:14.856 INFO  [main] service=iaccount traceId= org.apache.catalina.core.StandardEngine - Starting Servlet engine: [Apache Tomcat/10.1.46]
2026-06-10 11:58:14.880 INFO  [main] service=iaccount traceId= o.a.c.c.C.[Tomcat].[localhost].[/] - Initializing Spring embedded WebApplicationContext
2026-06-10 11:58:14.880 INFO  [main] service=iaccount traceId= o.s.b.w.s.c.ServletWebServerApplicationContext - Root WebApplicationContext: initialization completed in 1074 ms
2026-06-10 11:58:15.051 INFO  [main] service=iaccount traceId= o.hibernate.jpa.internal.util.LogHelper - HHH000204: Processing PersistenceUnitInfo [name: default]
2026-06-10 11:58:15.085 INFO  [main] service=iaccount traceId= org.hibernate.Version - HHH000412: Hibernate ORM core version 6.6.29.Final
2026-06-10 11:58:15.106 INFO  [main] service=iaccount traceId= o.h.c.internal.RegionFactoryInitiator - HHH000026: Second-level cache disabled
2026-06-10 11:58:15.230 INFO  [main] service=iaccount traceId= o.s.o.j.p.SpringPersistenceUnitInfo - No LoadTimeWeaver setup: ignoring JPA class transformer
2026-06-10 11:58:15.243 INFO  [main] service=iaccount traceId= com.zaxxer.hikari.HikariDataSource - HikariPool-1 - Starting...
2026-06-10 11:58:15.330 INFO  [main] service=iaccount traceId= com.zaxxer.hikari.pool.HikariPool - HikariPool-1 - Added connection org.postgresql.jdbc.PgConnection@6f45872b
2026-06-10 11:58:15.333 INFO  [main] service=iaccount traceId= com.zaxxer.hikari.HikariDataSource - HikariPool-1 - Start completed.
2026-06-10 11:58:15.422 WARN  [main] service=iaccount traceId= org.hibernate.orm.deprecation - HHH90000025: PostgreSQLDialect does not need to be specified explicitly using 'hibernate.dialect' (remove the property setting and it will be selected by default)
2026-06-10 11:58:15.488 INFO  [main] service=iaccount traceId= org.hibernate.orm.connections.pooling - HHH10001005: Database info:
	Database JDBC URL [Connecting through datasource 'HikariDataSource (HikariPool-1)']
	Database driver: undefined/unknown
	Database version: 18.2
	Autocommit mode: undefined/unknown
	Isolation level: undefined/unknown
	Minimum pool size: undefined/unknown
	Maximum pool size: undefined/unknown
2026-06-10 11:58:15.679 INFO  [main] service=iaccount traceId= o.h.e.t.j.p.i.JtaPlatformInitiator - HHH000489: No JTA platform available (set 'hibernate.transaction.jta.platform' to enable JTA platform integration)
2026-06-10 11:58:15.684 INFO  [main] service=iaccount traceId= o.s.o.j.LocalContainerEntityManagerFactoryBean - Initialized JPA EntityManagerFactory for persistence unit 'default'
2026-06-10 11:58:17.259 INFO  [main] service=iaccount traceId= c.a.account_center.web.LoggingAspect - Entering: TopUpHandler.getType()
2026-06-10 11:58:17.259 INFO  [main] service=iaccount traceId= c.a.account_center.web.LoggingAspect - Exiting: TopUpHandler.getType() (0ms)
2026-06-10 11:58:17.260 INFO  [main] service=iaccount traceId= c.a.account_center.web.LoggingAspect - Entering: TransactionHandler.getType()
2026-06-10 11:58:17.260 INFO  [main] service=iaccount traceId= c.a.account_center.web.LoggingAspect - Exiting: TransactionHandler.getType() (0ms)
2026-06-10 11:58:17.302 WARN  [main] service=iaccount traceId= o.s.b.a.o.j.JpaBaseConfiguration$JpaWebConfiguration - spring.jpa.open-in-view is enabled by default. Therefore, database queries may be performed during view rendering. Explicitly configure spring.jpa.open-in-view to disable this warning
2026-06-10 11:58:17.503 INFO  [main] service=iaccount traceId= o.s.b.a.e.web.EndpointLinksResolver - Exposing 2 endpoints beneath base path '/actuator'
2026-06-10 11:58:17.524 INFO  [main] service=iaccount traceId= o.s.s.c.a.a.c.InitializeUserDetailsBeanManagerConfigurer$InitializeUserDetailsManagerConfigurer - Global AuthenticationManager configured with UserDetailsService bean with name inMemoryUserDetailsManager
2026-06-10 11:58:18.251 INFO  [main] service=iaccount traceId= o.s.m.s.b.SimpleBrokerMessageHandler - Starting...
2026-06-10 11:58:18.252 INFO  [main] service=iaccount traceId= o.s.m.s.b.SimpleBrokerMessageHandler - BrokerAvailabilityEvent[available=true, SimpleBrokerMessageHandler [org.springframework.messaging.simp.broker.DefaultSubscriptionRegistry@4b45a190]]
2026-06-10 11:58:18.252 INFO  [main] service=iaccount traceId= o.s.m.s.b.SimpleBrokerMessageHandler - Started.
2026-06-10 11:58:18.253 INFO  [main] service=iaccount traceId= o.apache.coyote.http11.Http11NioProtocol - Starting ProtocolHandler ["http-nio-0.0.0.0-8887"]
2026-06-10 11:58:18.275 INFO  [main] service=iaccount traceId= o.s.b.w.embedded.tomcat.TomcatWebServer - Tomcat started on port 8887 (http) with context path '/'
2026-06-10 11:58:18.474 INFO  [main] service=iaccount traceId= com.alipay.account_center.web.Main - Started Main in 4.904 seconds (process running for 6.231)
2026-06-10 11:59:18.233 INFO  [MessageBroker-1] service=iaccount traceId= o.s.w.s.c.WebSocketMessageBrokerStats - WebSocketSession[0 current WS(0)-HttpStream(0)-HttpPoll(0), 0 total, 0 closed abnormally (0 connect failure, 0 send limit, 0 transport error)], stompSubProtocol[processed CONNECT(0)-CONNECTED(0)-DISCONNECT(0)], stompBrokerRelay[null], inboundChannel[pool size = 0, active threads = 0, queued tasks = 0, completed tasks = 0], outboundChannel[pool size = 0, active threads = 0, queued tasks = 0, completed tasks = 0], sockJsScheduler[pool size = 1, active threads = 1, queued tasks = 0, completed tasks = 0]
2026-06-10 12:29:18.241 INFO  [MessageBroker-1] service=iaccount traceId= o.s.w.s.c.WebSocketMessageBrokerStats - WebSocketSession[0 current WS(0)-HttpStream(0)-HttpPoll(0), 0 total, 0 closed abnormally (0 connect failure, 0 send limit, 0 transport error)], stompSubProtocol[processed CONNECT(0)-CONNECTED(0)-DISCONNECT(0)], stompBrokerRelay[null], inboundChannel[pool size = 0, active threads = 0, queued tasks = 0, completed tasks = 0], outboundChannel[pool size = 0, active threads = 0, queued tasks = 0, completed tasks = 0], sockJsScheduler[pool size = 2, active threads = 1, queued tasks = 0, completed tasks = 1]
2026-06-10 12:59:18.249 INFO  [MessageBroker-2] service=iaccount traceId= o.s.w.s.c.WebSocketMessageBrokerStats - WebSocketSession[0 current WS(0)-HttpStream(0)-HttpPoll(0), 0 total, 0 closed abnormally (0 connect failure, 0 send limit, 0 transport error)], stompSubProtocol[processed CONNECT(0)-CONNECTED(0)-DISCONNECT(0)], stompBrokerRelay[null], inboundChannel[pool size = 0, active threads = 0, queued tasks = 0, completed tasks = 0], outboundChannel[pool size = 0, active threads = 0, queued tasks = 0, completed tasks = 0], sockJsScheduler[pool size = 3, active threads = 1, queued tasks = 0, completed tasks = 2]
2026-06-10 13:29:18.260 INFO  [MessageBroker-1] service=iaccount traceId= o.s.w.s.c.WebSocketMessageBrokerStats - WebSocketSession[0 current WS(0)-HttpStream(0)-HttpPoll(0), 0 total, 0 closed abnormally (0 connect failure, 0 send limit, 0 transport error)], stompSubProtocol[processed CONNECT(0)-CONNECTED(0)-DISCONNECT(0)], stompBrokerRelay[null], inboundChannel[pool size = 0, active threads = 0, queued tasks = 0, completed tasks = 0], outboundChannel[pool size = 0, active threads = 0, queued tasks = 0, completed tasks = 0], sockJsScheduler[pool size = 4, active threads = 1, queued tasks = 0, completed tasks = 3]
