2026-06-23 15:44:08.109 INFO  [main] service=iaccount traceId= com.alipay.account_center.web.Main - Starting Main v1.0-SNAPSHOT using Java 21.0.9 with PID 70658 (/Users/adam/IdeaProjects/iaccount/app/web/target/account_center-web-1.0-SNAPSHOT.jar started by adam in /Users/adam/IdeaProjects/iaccount)
2026-06-23 15:44:08.117 INFO  [main] service=iaccount traceId= com.alipay.account_center.web.Main - No active profile set, falling back to 1 default profile: "default"
2026-06-23 15:44:09.385 INFO  [main] service=iaccount traceId= o.s.d.r.c.RepositoryConfigurationDelegate - Multiple Spring Data modules found, entering strict repository configuration mode
2026-06-23 15:44:09.388 INFO  [main] service=iaccount traceId= o.s.d.r.c.RepositoryConfigurationDelegate - Bootstrapping Spring Data JPA repositories in DEFAULT mode.
2026-06-23 15:44:09.415 INFO  [main] service=iaccount traceId= o.s.d.r.c.RepositoryConfigurationDelegate - Finished Spring Data repository scanning in 7 ms. Found 0 JPA repository interfaces.
2026-06-23 15:44:09.432 INFO  [main] service=iaccount traceId= o.s.d.r.c.RepositoryConfigurationDelegate - Multiple Spring Data modules found, entering strict repository configuration mode
2026-06-23 15:44:09.434 INFO  [main] service=iaccount traceId= o.s.d.r.c.RepositoryConfigurationDelegate - Bootstrapping Spring Data Redis repositories in DEFAULT mode.
2026-06-23 15:44:09.447 INFO  [main] service=iaccount traceId= o.s.d.r.c.RepositoryConfigurationDelegate - Finished Spring Data repository scanning in 1 ms. Found 0 Redis repository interfaces.
2026-06-23 15:44:09.839 WARN  [main] service=iaccount traceId= o.s.c.s.PostProcessorRegistrationDelegate$BeanPostProcessorChecker - Bean 'asyncInitMethodManager' of type [com.alipay.sofa.runtime.async.AsyncInitMethodManager] is not eligible for getting processed by all BeanPostProcessors (for example: not eligible for auto-proxying). Is this bean getting eagerly injected into a currently created BeanPostProcessor [asyncProxyBeanPostProcessor]? Check the corresponding BeanPostProcessor declaration and its dependencies.
2026-06-23 15:44:10.397 INFO  [main] service=iaccount traceId= o.s.b.w.embedded.tomcat.TomcatWebServer - Tomcat initialized with port 8887 (http)
2026-06-23 15:44:10.405 INFO  [main] service=iaccount traceId= o.apache.coyote.http11.Http11NioProtocol - Initializing ProtocolHandler ["http-nio-0.0.0.0-8887"]
2026-06-23 15:44:10.407 INFO  [main] service=iaccount traceId= o.apache.catalina.core.StandardService - Starting service [Tomcat]
2026-06-23 15:44:10.407 INFO  [main] service=iaccount traceId= org.apache.catalina.core.StandardEngine - Starting Servlet engine: [Apache Tomcat/10.1.46]
2026-06-23 15:44:10.429 INFO  [main] service=iaccount traceId= o.a.c.c.C.[Tomcat].[localhost].[/] - Initializing Spring embedded WebApplicationContext
2026-06-23 15:44:10.429 INFO  [main] service=iaccount traceId= o.s.b.w.s.c.ServletWebServerApplicationContext - Root WebApplicationContext: initialization completed in 2258 ms
2026-06-23 15:44:10.676 INFO  [main] service=iaccount traceId= o.hibernate.jpa.internal.util.LogHelper - HHH000204: Processing PersistenceUnitInfo [name: default]
2026-06-23 15:44:10.724 INFO  [main] service=iaccount traceId= org.hibernate.Version - HHH000412: Hibernate ORM core version 6.6.29.Final
2026-06-23 15:44:10.756 INFO  [main] service=iaccount traceId= o.h.c.internal.RegionFactoryInitiator - HHH000026: Second-level cache disabled
2026-06-23 15:44:10.947 INFO  [main] service=iaccount traceId= o.s.o.j.p.SpringPersistenceUnitInfo - No LoadTimeWeaver setup: ignoring JPA class transformer
2026-06-23 15:44:10.975 INFO  [main] service=iaccount traceId= com.zaxxer.hikari.HikariDataSource - HikariPool-1 - Starting...
2026-06-23 15:44:11.100 INFO  [main] service=iaccount traceId= com.zaxxer.hikari.pool.HikariPool - HikariPool-1 - Added connection org.postgresql.jdbc.PgConnection@7fe0ca60
2026-06-23 15:44:11.101 INFO  [main] service=iaccount traceId= com.zaxxer.hikari.HikariDataSource - HikariPool-1 - Start completed.
2026-06-23 15:44:11.177 WARN  [main] service=iaccount traceId= org.hibernate.orm.deprecation - HHH90000025: PostgreSQLDialect does not need to be specified explicitly using 'hibernate.dialect' (remove the property setting and it will be selected by default)
2026-06-23 15:44:11.193 INFO  [main] service=iaccount traceId= org.hibernate.orm.connections.pooling - HHH10001005: Database info:
	Database JDBC URL [Connecting through datasource 'HikariDataSource (HikariPool-1)']
	Database driver: undefined/unknown
	Database version: 18.2
	Autocommit mode: undefined/unknown
	Isolation level: undefined/unknown
	Minimum pool size: undefined/unknown
	Maximum pool size: undefined/unknown
2026-06-23 15:44:11.448 INFO  [main] service=iaccount traceId= o.h.e.t.j.p.i.JtaPlatformInitiator - HHH000489: No JTA platform available (set 'hibernate.transaction.jta.platform' to enable JTA platform integration)
2026-06-23 15:44:11.452 INFO  [main] service=iaccount traceId= o.s.o.j.LocalContainerEntityManagerFactoryBean - Initialized JPA EntityManagerFactory for persistence unit 'default'
2026-06-23 15:44:13.521 INFO  [main] service=iaccount traceId= c.a.account_center.web.LoggingAspect - Entering: TopUpHandler.getType()
2026-06-23 15:44:13.521 INFO  [main] service=iaccount traceId= c.a.account_center.web.LoggingAspect - Exiting: TopUpHandler.getType() (0ms)
2026-06-23 15:44:13.522 INFO  [main] service=iaccount traceId= c.a.account_center.web.LoggingAspect - Entering: TransactionHandler.getType()
2026-06-23 15:44:13.522 INFO  [main] service=iaccount traceId= c.a.account_center.web.LoggingAspect - Exiting: TransactionHandler.getType() (0ms)
2026-06-23 15:44:13.589 WARN  [main] service=iaccount traceId= o.s.b.a.o.j.JpaBaseConfiguration$JpaWebConfiguration - spring.jpa.open-in-view is enabled by default. Therefore, database queries may be performed during view rendering. Explicitly configure spring.jpa.open-in-view to disable this warning
2026-06-23 15:44:13.836 INFO  [main] service=iaccount traceId= o.s.b.a.e.web.EndpointLinksResolver - Exposing 2 endpoints beneath base path '/actuator'
2026-06-23 15:44:13.911 INFO  [main] service=iaccount traceId= o.s.s.c.a.a.c.InitializeUserDetailsBeanManagerConfigurer$InitializeUserDetailsManagerConfigurer - Global AuthenticationManager configured with UserDetailsService bean with name inMemoryUserDetailsManager
2026-06-23 15:44:15.409 INFO  [main] service=iaccount traceId= o.s.m.s.b.SimpleBrokerMessageHandler - Starting...
2026-06-23 15:44:15.410 INFO  [main] service=iaccount traceId= o.s.m.s.b.SimpleBrokerMessageHandler - BrokerAvailabilityEvent[available=true, SimpleBrokerMessageHandler [org.springframework.messaging.simp.broker.DefaultSubscriptionRegistry@105c3bea]]
2026-06-23 15:44:15.410 INFO  [main] service=iaccount traceId= o.s.m.s.b.SimpleBrokerMessageHandler - Started.
2026-06-23 15:44:15.411 INFO  [main] service=iaccount traceId= o.apache.coyote.http11.Http11NioProtocol - Starting ProtocolHandler ["http-nio-0.0.0.0-8887"]
2026-06-23 15:44:15.424 INFO  [main] service=iaccount traceId= o.s.b.w.embedded.tomcat.TomcatWebServer - Tomcat started on port 8887 (http) with context path '/'
2026-06-23 15:44:15.588 INFO  [main] service=iaccount traceId= com.alipay.account_center.web.Main - Started Main in 8.026 seconds (process running for 8.767)
2026-06-23 15:45:15.362 INFO  [MessageBroker-1] service=iaccount traceId= o.s.w.s.c.WebSocketMessageBrokerStats - WebSocketSession[0 current WS(0)-HttpStream(0)-HttpPoll(0), 0 total, 0 closed abnormally (0 connect failure, 0 send limit, 0 transport error)], stompSubProtocol[processed CONNECT(0)-CONNECTED(0)-DISCONNECT(0)], stompBrokerRelay[null], inboundChannel[pool size = 0, active threads = 0, queued tasks = 0, completed tasks = 0], outboundChannel[pool size = 0, active threads = 0, queued tasks = 0, completed tasks = 0], sockJsScheduler[pool size = 1, active threads = 1, queued tasks = 0, completed tasks = 0]
2026-06-23 15:48:00.772 INFO  [SpringApplicationShutdownHook] service=iaccount traceId= o.s.b.w.embedded.tomcat.GracefulShutdown - Commencing graceful shutdown. Waiting for active requests to complete
2026-06-23 15:48:00.774 INFO  [tomcat-shutdown] service=iaccount traceId= o.s.b.w.embedded.tomcat.GracefulShutdown - Graceful shutdown complete
2026-06-23 15:48:00.777 INFO  [SpringApplicationShutdownHook] service=iaccount traceId= o.s.m.s.b.SimpleBrokerMessageHandler - Stopping...
2026-06-23 15:48:00.777 INFO  [SpringApplicationShutdownHook] service=iaccount traceId= o.s.m.s.b.SimpleBrokerMessageHandler - BrokerAvailabilityEvent[available=false, SimpleBrokerMessageHandler [org.springframework.messaging.simp.broker.DefaultSubscriptionRegistry@105c3bea]]
2026-06-23 15:48:00.777 INFO  [SpringApplicationShutdownHook] service=iaccount traceId= o.s.m.s.b.SimpleBrokerMessageHandler - Stopped.
2026-06-23 15:48:00.795 INFO  [SpringApplicationShutdownHook] service=iaccount traceId= o.s.o.j.LocalContainerEntityManagerFactoryBean - Closing JPA EntityManagerFactory for persistence unit 'default'
2026-06-23 15:48:00.797 INFO  [SpringApplicationShutdownHook] service=iaccount traceId= com.zaxxer.hikari.HikariDataSource - HikariPool-1 - Shutdown initiated...
2026-06-23 15:48:00.798 INFO  [SpringApplicationShutdownHook] service=iaccount traceId= com.zaxxer.hikari.HikariDataSource - HikariPool-1 - Shutdown completed.
2026-06-23 15:48:03.730 INFO  [main] service=iaccount traceId= com.alipay.account_center.web.Main - Starting Main v1.0-SNAPSHOT using Java 21.0.9 with PID 73091 (/Users/adam/IdeaProjects/iaccount/app/web/target/account_center-web-1.0-SNAPSHOT.jar started by adam in /Users/adam/IdeaProjects/iaccount)
2026-06-23 15:48:03.733 INFO  [main] service=iaccount traceId= com.alipay.account_center.web.Main - No active profile set, falling back to 1 default profile: "default"
2026-06-23 15:48:04.871 INFO  [main] service=iaccount traceId= o.s.d.r.c.RepositoryConfigurationDelegate - Multiple Spring Data modules found, entering strict repository configuration mode
2026-06-23 15:48:04.874 INFO  [main] service=iaccount traceId= o.s.d.r.c.RepositoryConfigurationDelegate - Bootstrapping Spring Data JPA repositories in DEFAULT mode.
2026-06-23 15:48:04.896 INFO  [main] service=iaccount traceId= o.s.d.r.c.RepositoryConfigurationDelegate - Finished Spring Data repository scanning in 6 ms. Found 0 JPA repository interfaces.
2026-06-23 15:48:04.912 INFO  [main] service=iaccount traceId= o.s.d.r.c.RepositoryConfigurationDelegate - Multiple Spring Data modules found, entering strict repository configuration mode
2026-06-23 15:48:04.913 INFO  [main] service=iaccount traceId= o.s.d.r.c.RepositoryConfigurationDelegate - Bootstrapping Spring Data Redis repositories in DEFAULT mode.
2026-06-23 15:48:04.926 INFO  [main] service=iaccount traceId= o.s.d.r.c.RepositoryConfigurationDelegate - Finished Spring Data repository scanning in 1 ms. Found 0 Redis repository interfaces.
2026-06-23 15:48:05.202 WARN  [main] service=iaccount traceId= o.s.c.s.PostProcessorRegistrationDelegate$BeanPostProcessorChecker - Bean 'asyncInitMethodManager' of type [com.alipay.sofa.runtime.async.AsyncInitMethodManager] is not eligible for getting processed by all BeanPostProcessors (for example: not eligible for auto-proxying). Is this bean getting eagerly injected into a currently created BeanPostProcessor [asyncProxyBeanPostProcessor]? Check the corresponding BeanPostProcessor declaration and its dependencies.
2026-06-23 15:48:05.718 INFO  [main] service=iaccount traceId= o.s.b.w.embedded.tomcat.TomcatWebServer - Tomcat initialized with port 8887 (http)
2026-06-23 15:48:05.726 INFO  [main] service=iaccount traceId= o.apache.coyote.http11.Http11NioProtocol - Initializing ProtocolHandler ["http-nio-0.0.0.0-8887"]
2026-06-23 15:48:05.727 INFO  [main] service=iaccount traceId= o.apache.catalina.core.StandardService - Starting service [Tomcat]
2026-06-23 15:48:05.727 INFO  [main] service=iaccount traceId= org.apache.catalina.core.StandardEngine - Starting Servlet engine: [Apache Tomcat/10.1.46]
2026-06-23 15:48:05.747 INFO  [main] service=iaccount traceId= o.a.c.c.C.[Tomcat].[localhost].[/] - Initializing Spring embedded WebApplicationContext
2026-06-23 15:48:05.747 INFO  [main] service=iaccount traceId= o.s.b.w.s.c.ServletWebServerApplicationContext - Root WebApplicationContext: initialization completed in 1970 ms
2026-06-23 15:48:06.102 INFO  [main] service=iaccount traceId= o.hibernate.jpa.internal.util.LogHelper - HHH000204: Processing PersistenceUnitInfo [name: default]
2026-06-23 15:48:06.156 INFO  [main] service=iaccount traceId= org.hibernate.Version - HHH000412: Hibernate ORM core version 6.6.29.Final
2026-06-23 15:48:06.180 INFO  [main] service=iaccount traceId= o.h.c.internal.RegionFactoryInitiator - HHH000026: Second-level cache disabled
2026-06-23 15:48:06.404 INFO  [main] service=iaccount traceId= o.s.o.j.p.SpringPersistenceUnitInfo - No LoadTimeWeaver setup: ignoring JPA class transformer
2026-06-23 15:48:06.424 INFO  [main] service=iaccount traceId= com.zaxxer.hikari.HikariDataSource - HikariPool-1 - Starting...
2026-06-23 15:48:06.599 INFO  [main] service=iaccount traceId= com.zaxxer.hikari.pool.HikariPool - HikariPool-1 - Added connection org.postgresql.jdbc.PgConnection@79b0956e
2026-06-23 15:48:06.600 INFO  [main] service=iaccount traceId= com.zaxxer.hikari.HikariDataSource - HikariPool-1 - Start completed.
2026-06-23 15:48:06.636 WARN  [main] service=iaccount traceId= org.hibernate.orm.deprecation - HHH90000025: PostgreSQLDialect does not need to be specified explicitly using 'hibernate.dialect' (remove the property setting and it will be selected by default)
2026-06-23 15:48:06.673 INFO  [main] service=iaccount traceId= org.hibernate.orm.connections.pooling - HHH10001005: Database info:
	Database JDBC URL [Connecting through datasource 'HikariDataSource (HikariPool-1)']
	Database driver: undefined/unknown
	Database version: 18.2
	Autocommit mode: undefined/unknown
	Isolation level: undefined/unknown
	Minimum pool size: undefined/unknown
	Maximum pool size: undefined/unknown
2026-06-23 15:48:06.879 INFO  [main] service=iaccount traceId= o.h.e.t.j.p.i.JtaPlatformInitiator - HHH000489: No JTA platform available (set 'hibernate.transaction.jta.platform' to enable JTA platform integration)
2026-06-23 15:48:06.882 INFO  [main] service=iaccount traceId= o.s.o.j.LocalContainerEntityManagerFactoryBean - Initialized JPA EntityManagerFactory for persistence unit 'default'
2026-06-23 15:48:08.705 INFO  [main] service=iaccount traceId= c.a.account_center.web.LoggingAspect - Entering: TopUpHandler.getType()
2026-06-23 15:48:08.705 INFO  [main] service=iaccount traceId= c.a.account_center.web.LoggingAspect - Exiting: TopUpHandler.getType() (0ms)
2026-06-23 15:48:08.705 INFO  [main] service=iaccount traceId= c.a.account_center.web.LoggingAspect - Entering: TransactionHandler.getType()
2026-06-23 15:48:08.705 INFO  [main] service=iaccount traceId= c.a.account_center.web.LoggingAspect - Exiting: TransactionHandler.getType() (0ms)
2026-06-23 15:48:08.755 WARN  [main] service=iaccount traceId= o.s.b.a.o.j.JpaBaseConfiguration$JpaWebConfiguration - spring.jpa.open-in-view is enabled by default. Therefore, database queries may be performed during view rendering. Explicitly configure spring.jpa.open-in-view to disable this warning
2026-06-23 15:48:08.969 INFO  [main] service=iaccount traceId= o.s.b.a.e.web.EndpointLinksResolver - Exposing 2 endpoints beneath base path '/actuator'
2026-06-23 15:48:08.993 INFO  [main] service=iaccount traceId= o.s.s.c.a.a.c.InitializeUserDetailsBeanManagerConfigurer$InitializeUserDetailsManagerConfigurer - Global AuthenticationManager configured with UserDetailsService bean with name inMemoryUserDetailsManager
2026-06-23 15:48:09.524 INFO  [main] service=iaccount traceId= o.s.m.s.b.SimpleBrokerMessageHandler - Starting...
2026-06-23 15:48:09.524 INFO  [main] service=iaccount traceId= o.s.m.s.b.SimpleBrokerMessageHandler - BrokerAvailabilityEvent[available=true, SimpleBrokerMessageHandler [org.springframework.messaging.simp.broker.DefaultSubscriptionRegistry@7d65286a]]
2026-06-23 15:48:09.524 INFO  [main] service=iaccount traceId= o.s.m.s.b.SimpleBrokerMessageHandler - Started.
2026-06-23 15:48:09.525 INFO  [main] service=iaccount traceId= o.apache.coyote.http11.Http11NioProtocol - Starting ProtocolHandler ["http-nio-0.0.0.0-8887"]
2026-06-23 15:48:09.528 INFO  [main] service=iaccount traceId= o.s.b.w.embedded.tomcat.TomcatWebServer - Tomcat started on port 8887 (http) with context path '/'
2026-06-23 15:48:09.675 INFO  [main] service=iaccount traceId= com.alipay.account_center.web.Main - Started Main in 6.583 seconds (process running for 7.285)
2026-06-23 15:49:09.506 INFO  [MessageBroker-1] service=iaccount traceId= o.s.w.s.c.WebSocketMessageBrokerStats - WebSocketSession[0 current WS(0)-HttpStream(0)-HttpPoll(0), 0 total, 0 closed abnormally (0 connect failure, 0 send limit, 0 transport error)], stompSubProtocol[processed CONNECT(0)-CONNECTED(0)-DISCONNECT(0)], stompBrokerRelay[null], inboundChannel[pool size = 0, active threads = 0, queued tasks = 0, completed tasks = 0], outboundChannel[pool size = 0, active threads = 0, queued tasks = 0, completed tasks = 0], sockJsScheduler[pool size = 1, active threads = 1, queued tasks = 0, completed tasks = 0]
2026-06-23 15:52:32.754 INFO  [main] service=iaccount traceId= com.alipay.account_center.web.Main - Starting Main v1.0-SNAPSHOT using Java 21.0.9 with PID 75311 (/Users/adam/IdeaProjects/iaccount/app/web/target/account_center-web-1.0-SNAPSHOT.jar started by adam in /Users/adam/IdeaProjects/iaccount)
2026-06-23 15:52:32.756 INFO  [main] service=iaccount traceId= com.alipay.account_center.web.Main - No active profile set, falling back to 1 default profile: "default"
2026-06-23 15:52:33.297 INFO  [main] service=iaccount traceId= o.s.d.r.c.RepositoryConfigurationDelegate - Multiple Spring Data modules found, entering strict repository configuration mode
2026-06-23 15:52:33.298 INFO  [main] service=iaccount traceId= o.s.d.r.c.RepositoryConfigurationDelegate - Bootstrapping Spring Data JPA repositories in DEFAULT mode.
2026-06-23 15:52:33.309 INFO  [main] service=iaccount traceId= o.s.d.r.c.RepositoryConfigurationDelegate - Finished Spring Data repository scanning in 3 ms. Found 0 JPA repository interfaces.
2026-06-23 15:52:33.321 INFO  [main] service=iaccount traceId= o.s.d.r.c.RepositoryConfigurationDelegate - Multiple Spring Data modules found, entering strict repository configuration mode
2026-06-23 15:52:33.322 INFO  [main] service=iaccount traceId= o.s.d.r.c.RepositoryConfigurationDelegate - Bootstrapping Spring Data Redis repositories in DEFAULT mode.
2026-06-23 15:52:33.329 INFO  [main] service=iaccount traceId= o.s.d.r.c.RepositoryConfigurationDelegate - Finished Spring Data repository scanning in 0 ms. Found 0 Redis repository interfaces.
2026-06-23 15:52:33.491 WARN  [main] service=iaccount traceId= o.s.c.s.PostProcessorRegistrationDelegate$BeanPostProcessorChecker - Bean 'asyncInitMethodManager' of type [com.alipay.sofa.runtime.async.AsyncInitMethodManager] is not eligible for getting processed by all BeanPostProcessors (for example: not eligible for auto-proxying). Is this bean getting eagerly injected into a currently created BeanPostProcessor [asyncProxyBeanPostProcessor]? Check the corresponding BeanPostProcessor declaration and its dependencies.
2026-06-23 15:52:33.769 INFO  [main] service=iaccount traceId= o.s.b.w.embedded.tomcat.TomcatWebServer - Tomcat initialized with port 8887 (http)
2026-06-23 15:52:33.775 INFO  [main] service=iaccount traceId= o.apache.coyote.http11.Http11NioProtocol - Initializing ProtocolHandler ["http-nio-0.0.0.0-8887"]
2026-06-23 15:52:33.776 INFO  [main] service=iaccount traceId= o.apache.catalina.core.StandardService - Starting service [Tomcat]
2026-06-23 15:52:33.776 INFO  [main] service=iaccount traceId= org.apache.catalina.core.StandardEngine - Starting Servlet engine: [Apache Tomcat/10.1.46]
2026-06-23 15:52:33.790 INFO  [main] service=iaccount traceId= o.a.c.c.C.[Tomcat].[localhost].[/] - Initializing Spring embedded WebApplicationContext
2026-06-23 15:52:33.790 INFO  [main] service=iaccount traceId= o.s.b.w.s.c.ServletWebServerApplicationContext - Root WebApplicationContext: initialization completed in 997 ms
2026-06-23 15:52:33.925 INFO  [main] service=iaccount traceId= o.hibernate.jpa.internal.util.LogHelper - HHH000204: Processing PersistenceUnitInfo [name: default]
2026-06-23 15:52:33.957 INFO  [main] service=iaccount traceId= org.hibernate.Version - HHH000412: Hibernate ORM core version 6.6.29.Final
2026-06-23 15:52:33.974 INFO  [main] service=iaccount traceId= o.h.c.internal.RegionFactoryInitiator - HHH000026: Second-level cache disabled
2026-06-23 15:52:34.088 INFO  [main] service=iaccount traceId= o.s.o.j.p.SpringPersistenceUnitInfo - No LoadTimeWeaver setup: ignoring JPA class transformer
2026-06-23 15:52:34.102 INFO  [main] service=iaccount traceId= com.zaxxer.hikari.HikariDataSource - HikariPool-1 - Starting...
2026-06-23 15:52:34.164 INFO  [main] service=iaccount traceId= com.zaxxer.hikari.pool.HikariPool - HikariPool-1 - Added connection org.postgresql.jdbc.PgConnection@31f5ffb9
2026-06-23 15:52:34.164 INFO  [main] service=iaccount traceId= com.zaxxer.hikari.HikariDataSource - HikariPool-1 - Start completed.
2026-06-23 15:52:34.179 WARN  [main] service=iaccount traceId= org.hibernate.orm.deprecation - HHH90000025: PostgreSQLDialect does not need to be specified explicitly using 'hibernate.dialect' (remove the property setting and it will be selected by default)
2026-06-23 15:52:34.186 INFO  [main] service=iaccount traceId= org.hibernate.orm.connections.pooling - HHH10001005: Database info:
	Database JDBC URL [Connecting through datasource 'HikariDataSource (HikariPool-1)']
	Database driver: undefined/unknown
	Database version: 18.2
	Autocommit mode: undefined/unknown
	Isolation level: undefined/unknown
	Minimum pool size: undefined/unknown
	Maximum pool size: undefined/unknown
2026-06-23 15:52:34.330 INFO  [main] service=iaccount traceId= o.h.e.t.j.p.i.JtaPlatformInitiator - HHH000489: No JTA platform available (set 'hibernate.transaction.jta.platform' to enable JTA platform integration)
2026-06-23 15:52:34.332 INFO  [main] service=iaccount traceId= o.s.o.j.LocalContainerEntityManagerFactoryBean - Initialized JPA EntityManagerFactory for persistence unit 'default'
2026-06-23 15:52:35.781 INFO  [main] service=iaccount traceId= c.a.account_center.web.LoggingAspect - Entering: TopUpHandler.getType()
2026-06-23 15:52:35.782 INFO  [main] service=iaccount traceId= c.a.account_center.web.LoggingAspect - Exiting: TopUpHandler.getType() (1ms)
2026-06-23 15:52:35.782 INFO  [main] service=iaccount traceId= c.a.account_center.web.LoggingAspect - Entering: TransactionHandler.getType()
2026-06-23 15:52:35.782 INFO  [main] service=iaccount traceId= c.a.account_center.web.LoggingAspect - Exiting: TransactionHandler.getType() (0ms)
2026-06-23 15:52:35.817 WARN  [main] service=iaccount traceId= o.s.b.a.o.j.JpaBaseConfiguration$JpaWebConfiguration - spring.jpa.open-in-view is enabled by default. Therefore, database queries may be performed during view rendering. Explicitly configure spring.jpa.open-in-view to disable this warning
2026-06-23 15:52:35.997 INFO  [main] service=iaccount traceId= o.s.b.a.e.web.EndpointLinksResolver - Exposing 2 endpoints beneath base path '/actuator'
2026-06-23 15:52:36.018 INFO  [main] service=iaccount traceId= o.s.s.c.a.a.c.InitializeUserDetailsBeanManagerConfigurer$InitializeUserDetailsManagerConfigurer - Global AuthenticationManager configured with UserDetailsService bean with name inMemoryUserDetailsManager
2026-06-23 15:52:36.439 WARN  [main] service=iaccount traceId= o.s.b.w.s.c.AnnotationConfigServletWebServerApplicationContext - Exception encountered during context initialization - cancelling refresh attempt: org.springframework.beans.factory.BeanCreationException: Error creating bean with name 'ServiceFactoryBean#com.alipay.account_center.common.service.facade.api.AccountService:accountServiceImpl': SOFA-BOOT-01-03004: Failed to resolve and active component [service:com.alipay.account_center.common.service.facade.api.AccountService]
2026-06-23 15:52:36.447 INFO  [main] service=iaccount traceId= o.s.o.j.LocalContainerEntityManagerFactoryBean - Closing JPA EntityManagerFactory for persistence unit 'default'
2026-06-23 15:52:36.448 INFO  [main] service=iaccount traceId= com.zaxxer.hikari.HikariDataSource - HikariPool-1 - Shutdown initiated...
2026-06-23 15:52:36.449 INFO  [main] service=iaccount traceId= com.zaxxer.hikari.HikariDataSource - HikariPool-1 - Shutdown completed.
2026-06-23 15:52:36.450 INFO  [main] service=iaccount traceId= o.apache.catalina.core.StandardService - Stopping service [Tomcat]
2026-06-23 15:52:36.467 INFO  [main] service=iaccount traceId= o.s.b.a.l.ConditionEvaluationReportLogger - 

Error starting ApplicationContext. To display the condition evaluation report re-run your application with 'debug' enabled.
2026-06-23 15:52:36.474 ERROR [main] service=iaccount traceId= o.springframework.boot.SpringApplication - Application run failed
org.springframework.beans.factory.BeanCreationException: Error creating bean with name 'ServiceFactoryBean#com.alipay.account_center.common.service.facade.api.AccountService:accountServiceImpl': SOFA-BOOT-01-03004: Failed to resolve and active component [service:com.alipay.account_center.common.service.facade.api.AccountService]
	at org.springframework.beans.factory.support.AbstractAutowireCapableBeanFactory.initializeBean(AbstractAutowireCapableBeanFactory.java:1826)
	at org.springframework.beans.factory.support.AbstractAutowireCapableBeanFactory.doCreateBean(AbstractAutowireCapableBeanFactory.java:607)
	at org.springframework.beans.factory.support.AbstractAutowireCapableBeanFactory.createBean(AbstractAutowireCapableBeanFactory.java:529)
	at org.springframework.beans.factory.support.AbstractBeanFactory.lambda$doGetBean$0(AbstractBeanFactory.java:339)
	at org.springframework.beans.factory.support.DefaultSingletonBeanRegistry.getSingleton(DefaultSingletonBeanRegistry.java:373)
	at org.springframework.beans.factory.support.AbstractBeanFactory.doGetBean(AbstractBeanFactory.java:337)
	at org.springframework.beans.factory.support.AbstractBeanFactory.getBean(AbstractBeanFactory.java:202)
	at org.springframework.beans.factory.support.DefaultListableBeanFactory.instantiateSingleton(DefaultListableBeanFactory.java:1215)
	at org.springframework.beans.factory.support.DefaultListableBeanFactory.preInstantiateSingleton(DefaultListableBeanFactory.java:1187)
	at org.springframework.beans.factory.support.DefaultListableBeanFactory.preInstantiateSingletons(DefaultListableBeanFactory.java:1123)
	at org.springframework.context.support.AbstractApplicationContext.finishBeanFactoryInitialization(AbstractApplicationContext.java:971)
	at org.springframework.context.support.AbstractApplicationContext.refresh(AbstractApplicationContext.java:625)
	at org.springframework.boot.web.servlet.context.ServletWebServerApplicationContext.refresh(ServletWebServerApplicationContext.java:146)
	at org.springframework.boot.SpringApplication.refresh(SpringApplication.java:752)
	at org.springframework.boot.SpringApplication.refreshContext(SpringApplication.java:439)
	at org.springframework.boot.SpringApplication.run(SpringApplication.java:318)
	at org.springframework.boot.SpringApplication.run(SpringApplication.java:1361)
	at org.springframework.boot.SpringApplication.run(SpringApplication.java:1350)
	at com.alipay.account_center.web.Main.main(Main.java:11)
	at java.base/jdk.internal.reflect.DirectMethodHandleAccessor.invoke(DirectMethodHandleAccessor.java:103)
	at java.base/java.lang.reflect.Method.invoke(Method.java:580)
	at org.springframework.boot.loader.launch.Launcher.launch(Launcher.java:91)
	at org.springframework.boot.loader.launch.Launcher.launch(Launcher.java:53)
	at org.springframework.boot.loader.launch.JarLauncher.main(JarLauncher.java:58)
Caused by: com.alipay.sofa.runtime.api.ServiceRuntimeException: SOFA-BOOT-01-03004: Failed to resolve and active component [service:com.alipay.account_center.common.service.facade.api.AccountService]
	at com.alipay.sofa.runtime.impl.ComponentManagerImpl.doRegister(ComponentManagerImpl.java:212)
	at com.alipay.sofa.runtime.impl.ComponentManagerImpl.register(ComponentManagerImpl.java:159)
	at com.alipay.sofa.runtime.spring.factory.ServiceFactoryBean.afterPropertiesSet(ServiceFactoryBean.java:88)
	at org.springframework.beans.factory.support.AbstractAutowireCapableBeanFactory.invokeInitMethods(AbstractAutowireCapableBeanFactory.java:1873)
	at org.springframework.beans.factory.support.AbstractAutowireCapableBeanFactory.initializeBean(AbstractAutowireCapableBeanFactory.java:1822)
	... 23 common frames omitted
2026-06-23 15:55:37.378 INFO  [main] service=iaccount traceId= com.alipay.account_center.web.Main - Starting Main v1.0-SNAPSHOT using Java 21.0.9 with PID 77128 (/Users/adam/IdeaProjects/iaccount/app/web/target/account_center-web-1.0-SNAPSHOT.jar started by adam in /Users/adam/IdeaProjects/iaccount)
2026-06-23 15:55:37.380 INFO  [main] service=iaccount traceId= com.alipay.account_center.web.Main - No active profile set, falling back to 1 default profile: "default"
2026-06-23 15:55:37.862 INFO  [main] service=iaccount traceId= o.s.d.r.c.RepositoryConfigurationDelegate - Multiple Spring Data modules found, entering strict repository configuration mode
2026-06-23 15:55:37.863 INFO  [main] service=iaccount traceId= o.s.d.r.c.RepositoryConfigurationDelegate - Bootstrapping Spring Data JPA repositories in DEFAULT mode.
2026-06-23 15:55:37.874 INFO  [main] service=iaccount traceId= o.s.d.r.c.RepositoryConfigurationDelegate - Finished Spring Data repository scanning in 4 ms. Found 0 JPA repository interfaces.
2026-06-23 15:55:37.882 INFO  [main] service=iaccount traceId= o.s.d.r.c.RepositoryConfigurationDelegate - Multiple Spring Data modules found, entering strict repository configuration mode
2026-06-23 15:55:37.882 INFO  [main] service=iaccount traceId= o.s.d.r.c.RepositoryConfigurationDelegate - Bootstrapping Spring Data Redis repositories in DEFAULT mode.
2026-06-23 15:55:37.887 INFO  [main] service=iaccount traceId= o.s.d.r.c.RepositoryConfigurationDelegate - Finished Spring Data repository scanning in 0 ms. Found 0 Redis repository interfaces.
2026-06-23 15:55:38.033 WARN  [main] service=iaccount traceId= o.s.c.s.PostProcessorRegistrationDelegate$BeanPostProcessorChecker - Bean 'asyncInitMethodManager' of type [com.alipay.sofa.runtime.async.AsyncInitMethodManager] is not eligible for getting processed by all BeanPostProcessors (for example: not eligible for auto-proxying). Is this bean getting eagerly injected into a currently created BeanPostProcessor [asyncProxyBeanPostProcessor]? Check the corresponding BeanPostProcessor declaration and its dependencies.
2026-06-23 15:55:38.288 INFO  [main] service=iaccount traceId= o.s.b.w.embedded.tomcat.TomcatWebServer - Tomcat initialized with port 8887 (http)
2026-06-23 15:55:38.295 INFO  [main] service=iaccount traceId= o.apache.coyote.http11.Http11NioProtocol - Initializing ProtocolHandler ["http-nio-0.0.0.0-8887"]
2026-06-23 15:55:38.296 INFO  [main] service=iaccount traceId= o.apache.catalina.core.StandardService - Starting service [Tomcat]
2026-06-23 15:55:38.296 INFO  [main] service=iaccount traceId= org.apache.catalina.core.StandardEngine - Starting Servlet engine: [Apache Tomcat/10.1.46]
2026-06-23 15:55:38.310 INFO  [main] service=iaccount traceId= o.a.c.c.C.[Tomcat].[localhost].[/] - Initializing Spring embedded WebApplicationContext
2026-06-23 15:55:38.310 INFO  [main] service=iaccount traceId= o.s.b.w.s.c.ServletWebServerApplicationContext - Root WebApplicationContext: initialization completed in 899 ms
2026-06-23 15:55:38.449 INFO  [main] service=iaccount traceId= o.hibernate.jpa.internal.util.LogHelper - HHH000204: Processing PersistenceUnitInfo [name: default]
2026-06-23 15:55:38.479 INFO  [main] service=iaccount traceId= org.hibernate.Version - HHH000412: Hibernate ORM core version 6.6.29.Final
2026-06-23 15:55:38.500 INFO  [main] service=iaccount traceId= o.h.c.internal.RegionFactoryInitiator - HHH000026: Second-level cache disabled
2026-06-23 15:55:38.612 INFO  [main] service=iaccount traceId= o.s.o.j.p.SpringPersistenceUnitInfo - No LoadTimeWeaver setup: ignoring JPA class transformer
2026-06-23 15:55:38.626 INFO  [main] service=iaccount traceId= com.zaxxer.hikari.HikariDataSource - HikariPool-1 - Starting...
2026-06-23 15:55:38.705 INFO  [main] service=iaccount traceId= com.zaxxer.hikari.pool.HikariPool - HikariPool-1 - Added connection org.postgresql.jdbc.PgConnection@7c8a91e2
2026-06-23 15:55:38.706 INFO  [main] service=iaccount traceId= com.zaxxer.hikari.HikariDataSource - HikariPool-1 - Start completed.
2026-06-23 15:55:38.721 WARN  [main] service=iaccount traceId= org.hibernate.orm.deprecation - HHH90000025: PostgreSQLDialect does not need to be specified explicitly using 'hibernate.dialect' (remove the property setting and it will be selected by default)
2026-06-23 15:55:38.729 INFO  [main] service=iaccount traceId= org.hibernate.orm.connections.pooling - HHH10001005: Database info:
	Database JDBC URL [Connecting through datasource 'HikariDataSource (HikariPool-1)']
	Database driver: undefined/unknown
	Database version: 18.2
	Autocommit mode: undefined/unknown
	Isolation level: undefined/unknown
	Minimum pool size: undefined/unknown
	Maximum pool size: undefined/unknown
2026-06-23 15:55:38.868 INFO  [main] service=iaccount traceId= o.h.e.t.j.p.i.JtaPlatformInitiator - HHH000489: No JTA platform available (set 'hibernate.transaction.jta.platform' to enable JTA platform integration)
2026-06-23 15:55:38.870 INFO  [main] service=iaccount traceId= o.s.o.j.LocalContainerEntityManagerFactoryBean - Initialized JPA EntityManagerFactory for persistence unit 'default'
2026-06-23 15:55:40.032 INFO  [main] service=iaccount traceId= c.a.account_center.web.LoggingAspect - Entering: TopUpHandler.getType()
2026-06-23 15:55:40.032 INFO  [main] service=iaccount traceId= c.a.account_center.web.LoggingAspect - Exiting: TopUpHandler.getType() (0ms)
2026-06-23 15:55:40.032 INFO  [main] service=iaccount traceId= c.a.account_center.web.LoggingAspect - Entering: TransactionHandler.getType()
2026-06-23 15:55:40.032 INFO  [main] service=iaccount traceId= c.a.account_center.web.LoggingAspect - Exiting: TransactionHandler.getType() (0ms)
2026-06-23 15:55:40.075 WARN  [main] service=iaccount traceId= o.s.b.a.o.j.JpaBaseConfiguration$JpaWebConfiguration - spring.jpa.open-in-view is enabled by default. Therefore, database queries may be performed during view rendering. Explicitly configure spring.jpa.open-in-view to disable this warning
2026-06-23 15:55:40.244 INFO  [main] service=iaccount traceId= o.s.b.a.e.web.EndpointLinksResolver - Exposing 2 endpoints beneath base path '/actuator'
2026-06-23 15:55:40.263 INFO  [main] service=iaccount traceId= o.s.s.c.a.a.c.InitializeUserDetailsBeanManagerConfigurer$InitializeUserDetailsManagerConfigurer - Global AuthenticationManager configured with UserDetailsService bean with name inMemoryUserDetailsManager
2026-06-23 15:55:41.222 WARN  [main] service=iaccount traceId= o.s.b.w.s.c.AnnotationConfigServletWebServerApplicationContext - Exception encountered during context initialization - cancelling refresh attempt: org.springframework.beans.factory.BeanCreationException: Error creating bean with name 'ServiceFactoryBean#com.alipay.account_center.common.service.facade.api.AccountService:accountServiceImpl': SOFA-BOOT-01-03004: Failed to resolve and active component [service:com.alipay.account_center.common.service.facade.api.AccountService]
2026-06-23 15:55:41.240 INFO  [main] service=iaccount traceId= o.s.o.j.LocalContainerEntityManagerFactoryBean - Closing JPA EntityManagerFactory for persistence unit 'default'
2026-06-23 15:55:41.243 INFO  [main] service=iaccount traceId= com.zaxxer.hikari.HikariDataSource - HikariPool-1 - Shutdown initiated...
2026-06-23 15:55:41.245 INFO  [main] service=iaccount traceId= com.zaxxer.hikari.HikariDataSource - HikariPool-1 - Shutdown completed.
2026-06-23 15:55:41.254 INFO  [main] service=iaccount traceId= o.apache.catalina.core.StandardService - Stopping service [Tomcat]
2026-06-23 15:55:41.277 INFO  [main] service=iaccount traceId= o.s.b.a.l.ConditionEvaluationReportLogger - 

Error starting ApplicationContext. To display the condition evaluation report re-run your application with 'debug' enabled.
2026-06-23 15:55:41.288 ERROR [main] service=iaccount traceId= o.springframework.boot.SpringApplication - Application run failed
org.springframework.beans.factory.BeanCreationException: Error creating bean with name 'ServiceFactoryBean#com.alipay.account_center.common.service.facade.api.AccountService:accountServiceImpl': SOFA-BOOT-01-03004: Failed to resolve and active component [service:com.alipay.account_center.common.service.facade.api.AccountService]
	at org.springframework.beans.factory.support.AbstractAutowireCapableBeanFactory.initializeBean(AbstractAutowireCapableBeanFactory.java:1826)
	at org.springframework.beans.factory.support.AbstractAutowireCapableBeanFactory.doCreateBean(AbstractAutowireCapableBeanFactory.java:607)
	at org.springframework.beans.factory.support.AbstractAutowireCapableBeanFactory.createBean(AbstractAutowireCapableBeanFactory.java:529)
	at org.springframework.beans.factory.support.AbstractBeanFactory.lambda$doGetBean$0(AbstractBeanFactory.java:339)
	at org.springframework.beans.factory.support.DefaultSingletonBeanRegistry.getSingleton(DefaultSingletonBeanRegistry.java:373)
	at org.springframework.beans.factory.support.AbstractBeanFactory.doGetBean(AbstractBeanFactory.java:337)
	at org.springframework.beans.factory.support.AbstractBeanFactory.getBean(AbstractBeanFactory.java:202)
	at org.springframework.beans.factory.support.DefaultListableBeanFactory.instantiateSingleton(DefaultListableBeanFactory.java:1215)
	at org.springframework.beans.factory.support.DefaultListableBeanFactory.preInstantiateSingleton(DefaultListableBeanFactory.java:1187)
	at org.springframework.beans.factory.support.DefaultListableBeanFactory.preInstantiateSingletons(DefaultListableBeanFactory.java:1123)
	at org.springframework.context.support.AbstractApplicationContext.finishBeanFactoryInitialization(AbstractApplicationContext.java:971)
	at org.springframework.context.support.AbstractApplicationContext.refresh(AbstractApplicationContext.java:625)
	at org.springframework.boot.web.servlet.context.ServletWebServerApplicationContext.refresh(ServletWebServerApplicationContext.java:146)
	at org.springframework.boot.SpringApplication.refresh(SpringApplication.java:752)
	at org.springframework.boot.SpringApplication.refreshContext(SpringApplication.java:439)
	at org.springframework.boot.SpringApplication.run(SpringApplication.java:318)
	at org.springframework.boot.SpringApplication.run(SpringApplication.java:1361)
	at org.springframework.boot.SpringApplication.run(SpringApplication.java:1350)
	at com.alipay.account_center.web.Main.main(Main.java:11)
	at java.base/jdk.internal.reflect.DirectMethodHandleAccessor.invoke(DirectMethodHandleAccessor.java:103)
	at java.base/java.lang.reflect.Method.invoke(Method.java:580)
	at org.springframework.boot.loader.launch.Launcher.launch(Launcher.java:91)
	at org.springframework.boot.loader.launch.Launcher.launch(Launcher.java:53)
	at org.springframework.boot.loader.launch.JarLauncher.main(JarLauncher.java:58)
Caused by: com.alipay.sofa.runtime.api.ServiceRuntimeException: SOFA-BOOT-01-03004: Failed to resolve and active component [service:com.alipay.account_center.common.service.facade.api.AccountService]
	at com.alipay.sofa.runtime.impl.ComponentManagerImpl.doRegister(ComponentManagerImpl.java:212)
	at com.alipay.sofa.runtime.impl.ComponentManagerImpl.register(ComponentManagerImpl.java:159)
	at com.alipay.sofa.runtime.spring.factory.ServiceFactoryBean.afterPropertiesSet(ServiceFactoryBean.java:88)
	at org.springframework.beans.factory.support.AbstractAutowireCapableBeanFactory.invokeInitMethods(AbstractAutowireCapableBeanFactory.java:1873)
	at org.springframework.beans.factory.support.AbstractAutowireCapableBeanFactory.initializeBean(AbstractAutowireCapableBeanFactory.java:1822)
	... 23 common frames omitted
2026-06-23 16:02:30.199 INFO  [main] service=iaccount traceId= com.alipay.account_center.web.Main - Starting Main v1.0-SNAPSHOT using Java 21.0.9 with PID 80954 (/Users/adam/IdeaProjects/iaccount/app/web/target/account_center-web-1.0-SNAPSHOT.jar started by adam in /Users/adam/IdeaProjects/iaccount)
2026-06-23 16:02:30.201 INFO  [main] service=iaccount traceId= com.alipay.account_center.web.Main - No active profile set, falling back to 1 default profile: "default"
2026-06-23 16:02:33.168 INFO  [main] service=iaccount traceId= o.s.d.r.c.RepositoryConfigurationDelegate - Multiple Spring Data modules found, entering strict repository configuration mode
2026-06-23 16:02:33.170 INFO  [main] service=iaccount traceId= o.s.d.r.c.RepositoryConfigurationDelegate - Bootstrapping Spring Data JPA repositories in DEFAULT mode.
2026-06-23 16:02:33.199 INFO  [main] service=iaccount traceId= o.s.d.r.c.RepositoryConfigurationDelegate - Finished Spring Data repository scanning in 11 ms. Found 0 JPA repository interfaces.
2026-06-23 16:02:33.241 INFO  [main] service=iaccount traceId= o.s.d.r.c.RepositoryConfigurationDelegate - Multiple Spring Data modules found, entering strict repository configuration mode
2026-06-23 16:02:33.243 INFO  [main] service=iaccount traceId= o.s.d.r.c.RepositoryConfigurationDelegate - Bootstrapping Spring Data Redis repositories in DEFAULT mode.
2026-06-23 16:02:33.263 INFO  [main] service=iaccount traceId= o.s.d.r.c.RepositoryConfigurationDelegate - Finished Spring Data repository scanning in 0 ms. Found 0 Redis repository interfaces.
2026-06-23 16:02:33.905 WARN  [main] service=iaccount traceId= o.s.c.s.PostProcessorRegistrationDelegate$BeanPostProcessorChecker - Bean 'asyncInitMethodManager' of type [com.alipay.sofa.runtime.async.AsyncInitMethodManager] is not eligible for getting processed by all BeanPostProcessors (for example: not eligible for auto-proxying). Is this bean getting eagerly injected into a currently created BeanPostProcessor [asyncProxyBeanPostProcessor]? Check the corresponding BeanPostProcessor declaration and its dependencies.
2026-06-23 16:02:34.569 INFO  [main] service=iaccount traceId= o.s.b.w.embedded.tomcat.TomcatWebServer - Tomcat initialized with port 8887 (http)
2026-06-23 16:02:34.583 INFO  [main] service=iaccount traceId= o.apache.coyote.http11.Http11NioProtocol - Initializing ProtocolHandler ["http-nio-0.0.0.0-8887"]
2026-06-23 16:02:34.584 INFO  [main] service=iaccount traceId= o.apache.catalina.core.StandardService - Starting service [Tomcat]
2026-06-23 16:02:34.585 INFO  [main] service=iaccount traceId= org.apache.catalina.core.StandardEngine - Starting Servlet engine: [Apache Tomcat/10.1.46]
2026-06-23 16:02:34.604 INFO  [main] service=iaccount traceId= o.a.c.c.C.[Tomcat].[localhost].[/] - Initializing Spring embedded WebApplicationContext
2026-06-23 16:02:34.604 INFO  [main] service=iaccount traceId= o.s.b.w.s.c.ServletWebServerApplicationContext - Root WebApplicationContext: initialization completed in 4299 ms
2026-06-23 16:02:34.863 INFO  [main] service=iaccount traceId= o.hibernate.jpa.internal.util.LogHelper - HHH000204: Processing PersistenceUnitInfo [name: default]
2026-06-23 16:02:34.915 INFO  [main] service=iaccount traceId= org.hibernate.Version - HHH000412: Hibernate ORM core version 6.6.29.Final
2026-06-23 16:02:35.067 INFO  [main] service=iaccount traceId= o.h.c.internal.RegionFactoryInitiator - HHH000026: Second-level cache disabled
2026-06-23 16:02:35.287 INFO  [main] service=iaccount traceId= o.s.o.j.p.SpringPersistenceUnitInfo - No LoadTimeWeaver setup: ignoring JPA class transformer
2026-06-23 16:02:35.317 INFO  [main] service=iaccount traceId= com.zaxxer.hikari.HikariDataSource - HikariPool-1 - Starting...
2026-06-23 16:02:35.456 INFO  [main] service=iaccount traceId= com.zaxxer.hikari.pool.HikariPool - HikariPool-1 - Added connection org.postgresql.jdbc.PgConnection@78e7b83
2026-06-23 16:02:35.457 INFO  [main] service=iaccount traceId= com.zaxxer.hikari.HikariDataSource - HikariPool-1 - Start completed.
2026-06-23 16:02:35.501 WARN  [main] service=iaccount traceId= org.hibernate.orm.deprecation - HHH90000025: PostgreSQLDialect does not need to be specified explicitly using 'hibernate.dialect' (remove the property setting and it will be selected by default)
2026-06-23 16:02:35.530 INFO  [main] service=iaccount traceId= org.hibernate.orm.connections.pooling - HHH10001005: Database info:
	Database JDBC URL [Connecting through datasource 'HikariDataSource (HikariPool-1)']
	Database driver: undefined/unknown
	Database version: 18.2
	Autocommit mode: undefined/unknown
	Isolation level: undefined/unknown
	Minimum pool size: undefined/unknown
	Maximum pool size: undefined/unknown
2026-06-23 16:02:35.801 INFO  [main] service=iaccount traceId= o.h.e.t.j.p.i.JtaPlatformInitiator - HHH000489: No JTA platform available (set 'hibernate.transaction.jta.platform' to enable JTA platform integration)
2026-06-23 16:02:35.804 INFO  [main] service=iaccount traceId= o.s.o.j.LocalContainerEntityManagerFactoryBean - Initialized JPA EntityManagerFactory for persistence unit 'default'
2026-06-23 16:02:37.692 INFO  [main] service=iaccount traceId= c.a.account_center.web.LoggingAspect - Entering: TopUpHandler.getType()
2026-06-23 16:02:37.693 INFO  [main] service=iaccount traceId= c.a.account_center.web.LoggingAspect - Exiting: TopUpHandler.getType() (1ms)
2026-06-23 16:02:37.693 INFO  [main] service=iaccount traceId= c.a.account_center.web.LoggingAspect - Entering: TransactionHandler.getType()
2026-06-23 16:02:37.693 INFO  [main] service=iaccount traceId= c.a.account_center.web.LoggingAspect - Exiting: TransactionHandler.getType() (0ms)
2026-06-23 16:02:37.777 WARN  [main] service=iaccount traceId= o.s.b.a.o.j.JpaBaseConfiguration$JpaWebConfiguration - spring.jpa.open-in-view is enabled by default. Therefore, database queries may be performed during view rendering. Explicitly configure spring.jpa.open-in-view to disable this warning
2026-06-23 16:02:38.142 INFO  [main] service=iaccount traceId= o.s.b.a.e.web.EndpointLinksResolver - Exposing 2 endpoints beneath base path '/actuator'
2026-06-23 16:02:38.181 INFO  [main] service=iaccount traceId= o.s.s.c.a.a.c.InitializeUserDetailsBeanManagerConfigurer$InitializeUserDetailsManagerConfigurer - Global AuthenticationManager configured with UserDetailsService bean with name inMemoryUserDetailsManager
2026-06-23 16:02:39.146 WARN  [main] service=iaccount traceId= o.s.b.w.s.c.AnnotationConfigServletWebServerApplicationContext - Exception encountered during context initialization - cancelling refresh attempt: org.springframework.beans.factory.BeanCreationException: Error creating bean with name 'ServiceFactoryBean#com.alipay.account_center.common.service.facade.api.AccountService:accountServiceImpl': SOFA-BOOT-01-03004: Failed to resolve and active component [service:com.alipay.account_center.common.service.facade.api.AccountService]
2026-06-23 16:02:39.157 INFO  [main] service=iaccount traceId= o.s.o.j.LocalContainerEntityManagerFactoryBean - Closing JPA EntityManagerFactory for persistence unit 'default'
2026-06-23 16:02:39.159 INFO  [main] service=iaccount traceId= com.zaxxer.hikari.HikariDataSource - HikariPool-1 - Shutdown initiated...
2026-06-23 16:02:39.161 INFO  [main] service=iaccount traceId= com.zaxxer.hikari.HikariDataSource - HikariPool-1 - Shutdown completed.
2026-06-23 16:02:39.164 INFO  [main] service=iaccount traceId= o.apache.catalina.core.StandardService - Stopping service [Tomcat]
2026-06-23 16:02:39.190 INFO  [main] service=iaccount traceId= o.s.b.a.l.ConditionEvaluationReportLogger - 

Error starting ApplicationContext. To display the condition evaluation report re-run your application with 'debug' enabled.
2026-06-23 16:02:39.199 ERROR [main] service=iaccount traceId= o.springframework.boot.SpringApplication - Application run failed
org.springframework.beans.factory.BeanCreationException: Error creating bean with name 'ServiceFactoryBean#com.alipay.account_center.common.service.facade.api.AccountService:accountServiceImpl': SOFA-BOOT-01-03004: Failed to resolve and active component [service:com.alipay.account_center.common.service.facade.api.AccountService]
	at org.springframework.beans.factory.support.AbstractAutowireCapableBeanFactory.initializeBean(AbstractAutowireCapableBeanFactory.java:1826)
	at org.springframework.beans.factory.support.AbstractAutowireCapableBeanFactory.doCreateBean(AbstractAutowireCapableBeanFactory.java:607)
	at org.springframework.beans.factory.support.AbstractAutowireCapableBeanFactory.createBean(AbstractAutowireCapableBeanFactory.java:529)
	at org.springframework.beans.factory.support.AbstractBeanFactory.lambda$doGetBean$0(AbstractBeanFactory.java:339)
	at org.springframework.beans.factory.support.DefaultSingletonBeanRegistry.getSingleton(DefaultSingletonBeanRegistry.java:373)
	at org.springframework.beans.factory.support.AbstractBeanFactory.doGetBean(AbstractBeanFactory.java:337)
	at org.springframework.beans.factory.support.AbstractBeanFactory.getBean(AbstractBeanFactory.java:202)
	at org.springframework.beans.factory.support.DefaultListableBeanFactory.instantiateSingleton(DefaultListableBeanFactory.java:1215)
	at org.springframework.beans.factory.support.DefaultListableBeanFactory.preInstantiateSingleton(DefaultListableBeanFactory.java:1187)
	at org.springframework.beans.factory.support.DefaultListableBeanFactory.preInstantiateSingletons(DefaultListableBeanFactory.java:1123)
	at org.springframework.context.support.AbstractApplicationContext.finishBeanFactoryInitialization(AbstractApplicationContext.java:971)
	at org.springframework.context.support.AbstractApplicationContext.refresh(AbstractApplicationContext.java:625)
	at org.springframework.boot.web.servlet.context.ServletWebServerApplicationContext.refresh(ServletWebServerApplicationContext.java:146)
	at org.springframework.boot.SpringApplication.refresh(SpringApplication.java:752)
	at org.springframework.boot.SpringApplication.refreshContext(SpringApplication.java:439)
	at org.springframework.boot.SpringApplication.run(SpringApplication.java:318)
	at org.springframework.boot.SpringApplication.run(SpringApplication.java:1361)
	at org.springframework.boot.SpringApplication.run(SpringApplication.java:1350)
	at com.alipay.account_center.web.Main.main(Main.java:11)
	at java.base/jdk.internal.reflect.DirectMethodHandleAccessor.invoke(DirectMethodHandleAccessor.java:103)
	at java.base/java.lang.reflect.Method.invoke(Method.java:580)
	at org.springframework.boot.loader.launch.Launcher.launch(Launcher.java:91)
	at org.springframework.boot.loader.launch.Launcher.launch(Launcher.java:53)
	at org.springframework.boot.loader.launch.JarLauncher.main(JarLauncher.java:58)
Caused by: com.alipay.sofa.runtime.api.ServiceRuntimeException: SOFA-BOOT-01-03004: Failed to resolve and active component [service:com.alipay.account_center.common.service.facade.api.AccountService]
	at com.alipay.sofa.runtime.impl.ComponentManagerImpl.doRegister(ComponentManagerImpl.java:212)
	at com.alipay.sofa.runtime.impl.ComponentManagerImpl.register(ComponentManagerImpl.java:159)
	at com.alipay.sofa.runtime.spring.factory.ServiceFactoryBean.afterPropertiesSet(ServiceFactoryBean.java:88)
	at org.springframework.beans.factory.support.AbstractAutowireCapableBeanFactory.invokeInitMethods(AbstractAutowireCapableBeanFactory.java:1873)
	at org.springframework.beans.factory.support.AbstractAutowireCapableBeanFactory.initializeBean(AbstractAutowireCapableBeanFactory.java:1822)
	... 23 common frames omitted
2026-06-23 16:19:09.523 INFO  [MessageBroker-1] service=iaccount traceId= o.s.w.s.c.WebSocketMessageBrokerStats - WebSocketSession[0 current WS(0)-HttpStream(0)-HttpPoll(0), 0 total, 0 closed abnormally (0 connect failure, 0 send limit, 0 transport error)], stompSubProtocol[processed CONNECT(0)-CONNECTED(0)-DISCONNECT(0)], stompBrokerRelay[null], inboundChannel[pool size = 0, active threads = 0, queued tasks = 0, completed tasks = 0], outboundChannel[pool size = 0, active threads = 0, queued tasks = 0, completed tasks = 0], sockJsScheduler[pool size = 2, active threads = 1, queued tasks = 0, completed tasks = 1]
2026-06-23 16:24:44.126 INFO  [main] service=iaccount traceId= com.alipay.account_center.web.Main - Starting Main v1.0-SNAPSHOT using Java 21.0.9 with PID 91173 (/Users/adam/IdeaProjects/iaccount/app/web/target/account_center-web-1.0-SNAPSHOT.jar started by adam in /Users/adam/IdeaProjects/iaccount)
2026-06-23 16:24:44.133 INFO  [main] service=iaccount traceId= com.alipay.account_center.web.Main - No active profile set, falling back to 1 default profile: "default"
2026-06-23 16:24:45.437 INFO  [main] service=iaccount traceId= o.s.d.r.c.RepositoryConfigurationDelegate - Multiple Spring Data modules found, entering strict repository configuration mode
2026-06-23 16:24:45.438 INFO  [main] service=iaccount traceId= o.s.d.r.c.RepositoryConfigurationDelegate - Bootstrapping Spring Data JPA repositories in DEFAULT mode.
2026-06-23 16:24:45.457 INFO  [main] service=iaccount traceId= o.s.d.r.c.RepositoryConfigurationDelegate - Finished Spring Data repository scanning in 6 ms. Found 0 JPA repository interfaces.
2026-06-23 16:24:45.476 INFO  [main] service=iaccount traceId= o.s.d.r.c.RepositoryConfigurationDelegate - Multiple Spring Data modules found, entering strict repository configuration mode
2026-06-23 16:24:45.478 INFO  [main] service=iaccount traceId= o.s.d.r.c.RepositoryConfigurationDelegate - Bootstrapping Spring Data Redis repositories in DEFAULT mode.
2026-06-23 16:24:45.485 INFO  [main] service=iaccount traceId= o.s.d.r.c.RepositoryConfigurationDelegate - Finished Spring Data repository scanning in 1 ms. Found 0 Redis repository interfaces.
2026-06-23 16:24:45.826 WARN  [main] service=iaccount traceId= o.s.c.s.PostProcessorRegistrationDelegate$BeanPostProcessorChecker - Bean 'asyncInitMethodManager' of type [com.alipay.sofa.runtime.async.AsyncInitMethodManager] is not eligible for getting processed by all BeanPostProcessors (for example: not eligible for auto-proxying). Is this bean getting eagerly injected into a currently created BeanPostProcessor [asyncProxyBeanPostProcessor]? Check the corresponding BeanPostProcessor declaration and its dependencies.
2026-06-23 16:24:46.377 INFO  [main] service=iaccount traceId= o.s.b.w.embedded.tomcat.TomcatWebServer - Tomcat initialized with port 8887 (http)
2026-06-23 16:24:46.388 INFO  [main] service=iaccount traceId= o.apache.coyote.http11.Http11NioProtocol - Initializing ProtocolHandler ["http-nio-0.0.0.0-8887"]
2026-06-23 16:24:46.389 INFO  [main] service=iaccount traceId= o.apache.catalina.core.StandardService - Starting service [Tomcat]
2026-06-23 16:24:46.389 INFO  [main] service=iaccount traceId= org.apache.catalina.core.StandardEngine - Starting Servlet engine: [Apache Tomcat/10.1.46]
2026-06-23 16:24:46.410 INFO  [main] service=iaccount traceId= o.a.c.c.C.[Tomcat].[localhost].[/] - Initializing Spring embedded WebApplicationContext
2026-06-23 16:24:46.413 INFO  [main] service=iaccount traceId= o.s.b.w.s.c.ServletWebServerApplicationContext - Root WebApplicationContext: initialization completed in 2203 ms
2026-06-23 16:24:46.695 INFO  [main] service=iaccount traceId= o.hibernate.jpa.internal.util.LogHelper - HHH000204: Processing PersistenceUnitInfo [name: default]
2026-06-23 16:24:46.752 INFO  [main] service=iaccount traceId= org.hibernate.Version - HHH000412: Hibernate ORM core version 6.6.29.Final
2026-06-23 16:24:46.796 INFO  [main] service=iaccount traceId= o.h.c.internal.RegionFactoryInitiator - HHH000026: Second-level cache disabled
2026-06-23 16:24:47.022 INFO  [main] service=iaccount traceId= o.s.o.j.p.SpringPersistenceUnitInfo - No LoadTimeWeaver setup: ignoring JPA class transformer
2026-06-23 16:24:47.048 INFO  [main] service=iaccount traceId= com.zaxxer.hikari.HikariDataSource - HikariPool-1 - Starting...
2026-06-23 16:24:47.413 INFO  [main] service=iaccount traceId= com.zaxxer.hikari.pool.HikariPool - HikariPool-1 - Added connection org.postgresql.jdbc.PgConnection@1b53e6fc
2026-06-23 16:24:47.415 INFO  [main] service=iaccount traceId= com.zaxxer.hikari.HikariDataSource - HikariPool-1 - Start completed.
2026-06-23 16:24:47.488 WARN  [main] service=iaccount traceId= org.hibernate.orm.deprecation - HHH90000025: PostgreSQLDialect does not need to be specified explicitly using 'hibernate.dialect' (remove the property setting and it will be selected by default)
2026-06-23 16:24:47.502 INFO  [main] service=iaccount traceId= org.hibernate.orm.connections.pooling - HHH10001005: Database info:
	Database JDBC URL [Connecting through datasource 'HikariDataSource (HikariPool-1)']
	Database driver: undefined/unknown
	Database version: 18.2
	Autocommit mode: undefined/unknown
	Isolation level: undefined/unknown
	Minimum pool size: undefined/unknown
	Maximum pool size: undefined/unknown
2026-06-23 16:24:47.785 INFO  [main] service=iaccount traceId= o.h.e.t.j.p.i.JtaPlatformInitiator - HHH000489: No JTA platform available (set 'hibernate.transaction.jta.platform' to enable JTA platform integration)
2026-06-23 16:24:47.789 INFO  [main] service=iaccount traceId= o.s.o.j.LocalContainerEntityManagerFactoryBean - Initialized JPA EntityManagerFactory for persistence unit 'default'
2026-06-23 16:24:49.205 INFO  [main] service=iaccount traceId= c.a.account_center.web.LoggingAspect - Entering: TopUpHandler.getType()
2026-06-23 16:24:49.205 INFO  [main] service=iaccount traceId= c.a.account_center.web.LoggingAspect - Exiting: TopUpHandler.getType() (0ms)
2026-06-23 16:24:49.205 INFO  [main] service=iaccount traceId= c.a.account_center.web.LoggingAspect - Entering: TransactionHandler.getType()
2026-06-23 16:24:49.205 INFO  [main] service=iaccount traceId= c.a.account_center.web.LoggingAspect - Exiting: TransactionHandler.getType() (0ms)
2026-06-23 16:24:49.249 WARN  [main] service=iaccount traceId= o.s.b.a.o.j.JpaBaseConfiguration$JpaWebConfiguration - spring.jpa.open-in-view is enabled by default. Therefore, database queries may be performed during view rendering. Explicitly configure spring.jpa.open-in-view to disable this warning
2026-06-23 16:24:49.472 INFO  [main] service=iaccount traceId= o.s.b.a.e.web.EndpointLinksResolver - Exposing 2 endpoints beneath base path '/actuator'
2026-06-23 16:24:49.504 INFO  [main] service=iaccount traceId= o.s.s.c.a.a.c.InitializeUserDetailsBeanManagerConfigurer$InitializeUserDetailsManagerConfigurer - Global AuthenticationManager configured with UserDetailsService bean with name inMemoryUserDetailsManager
2026-06-23 16:24:50.087 WARN  [main] service=iaccount traceId= o.s.b.w.s.c.AnnotationConfigServletWebServerApplicationContext - Exception encountered during context initialization - cancelling refresh attempt: org.springframework.beans.factory.BeanCreationException: Error creating bean with name 'ServiceFactoryBean#com.alipay.account_center.common.service.facade.api.AccountService:accountServiceImpl': SOFA-BOOT-01-03004: Failed to resolve and active component [service:com.alipay.account_center.common.service.facade.api.AccountService]
2026-06-23 16:24:50.100 INFO  [main] service=iaccount traceId= o.s.o.j.LocalContainerEntityManagerFactoryBean - Closing JPA EntityManagerFactory for persistence unit 'default'
2026-06-23 16:24:50.102 INFO  [main] service=iaccount traceId= com.zaxxer.hikari.HikariDataSource - HikariPool-1 - Shutdown initiated...
2026-06-23 16:24:50.104 INFO  [main] service=iaccount traceId= com.zaxxer.hikari.HikariDataSource - HikariPool-1 - Shutdown completed.
2026-06-23 16:24:50.106 INFO  [main] service=iaccount traceId= o.apache.catalina.core.StandardService - Stopping service [Tomcat]
2026-06-23 16:24:50.120 INFO  [main] service=iaccount traceId= o.s.b.a.l.ConditionEvaluationReportLogger - 

Error starting ApplicationContext. To display the condition evaluation report re-run your application with 'debug' enabled.
2026-06-23 16:24:50.127 ERROR [main] service=iaccount traceId= o.springframework.boot.SpringApplication - Application run failed
org.springframework.beans.factory.BeanCreationException: Error creating bean with name 'ServiceFactoryBean#com.alipay.account_center.common.service.facade.api.AccountService:accountServiceImpl': SOFA-BOOT-01-03004: Failed to resolve and active component [service:com.alipay.account_center.common.service.facade.api.AccountService]
	at org.springframework.beans.factory.support.AbstractAutowireCapableBeanFactory.initializeBean(AbstractAutowireCapableBeanFactory.java:1826)
	at org.springframework.beans.factory.support.AbstractAutowireCapableBeanFactory.doCreateBean(AbstractAutowireCapableBeanFactory.java:607)
	at org.springframework.beans.factory.support.AbstractAutowireCapableBeanFactory.createBean(AbstractAutowireCapableBeanFactory.java:529)
	at org.springframework.beans.factory.support.AbstractBeanFactory.lambda$doGetBean$0(AbstractBeanFactory.java:339)
	at org.springframework.beans.factory.support.DefaultSingletonBeanRegistry.getSingleton(DefaultSingletonBeanRegistry.java:373)
	at org.springframework.beans.factory.support.AbstractBeanFactory.doGetBean(AbstractBeanFactory.java:337)
	at org.springframework.beans.factory.support.AbstractBeanFactory.getBean(AbstractBeanFactory.java:202)
	at org.springframework.beans.factory.support.DefaultListableBeanFactory.instantiateSingleton(DefaultListableBeanFactory.java:1215)
	at org.springframework.beans.factory.support.DefaultListableBeanFactory.preInstantiateSingleton(DefaultListableBeanFactory.java:1187)
	at org.springframework.beans.factory.support.DefaultListableBeanFactory.preInstantiateSingletons(DefaultListableBeanFactory.java:1123)
	at org.springframework.context.support.AbstractApplicationContext.finishBeanFactoryInitialization(AbstractApplicationContext.java:971)
	at org.springframework.context.support.AbstractApplicationContext.refresh(AbstractApplicationContext.java:625)
	at org.springframework.boot.web.servlet.context.ServletWebServerApplicationContext.refresh(ServletWebServerApplicationContext.java:146)
	at org.springframework.boot.SpringApplication.refresh(SpringApplication.java:752)
	at org.springframework.boot.SpringApplication.refreshContext(SpringApplication.java:439)
	at org.springframework.boot.SpringApplication.run(SpringApplication.java:318)
	at org.springframework.boot.SpringApplication.run(SpringApplication.java:1361)
	at org.springframework.boot.SpringApplication.run(SpringApplication.java:1350)
	at com.alipay.account_center.web.Main.main(Main.java:11)
	at java.base/jdk.internal.reflect.DirectMethodHandleAccessor.invoke(DirectMethodHandleAccessor.java:103)
	at java.base/java.lang.reflect.Method.invoke(Method.java:580)
	at org.springframework.boot.loader.launch.Launcher.launch(Launcher.java:91)
	at org.springframework.boot.loader.launch.Launcher.launch(Launcher.java:53)
	at org.springframework.boot.loader.launch.JarLauncher.main(JarLauncher.java:58)
Caused by: com.alipay.sofa.runtime.api.ServiceRuntimeException: SOFA-BOOT-01-03004: Failed to resolve and active component [service:com.alipay.account_center.common.service.facade.api.AccountService]
	at com.alipay.sofa.runtime.impl.ComponentManagerImpl.doRegister(ComponentManagerImpl.java:212)
	at com.alipay.sofa.runtime.impl.ComponentManagerImpl.register(ComponentManagerImpl.java:159)
	at com.alipay.sofa.runtime.spring.factory.ServiceFactoryBean.afterPropertiesSet(ServiceFactoryBean.java:88)
	at org.springframework.beans.factory.support.AbstractAutowireCapableBeanFactory.invokeInitMethods(AbstractAutowireCapableBeanFactory.java:1873)
	at org.springframework.beans.factory.support.AbstractAutowireCapableBeanFactory.initializeBean(AbstractAutowireCapableBeanFactory.java:1822)
	... 23 common frames omitted
2026-06-23 16:33:55.431 INFO  [main] service=iaccount traceId= com.alipay.account_center.web.Main - Starting Main v1.0-SNAPSHOT using Java 21.0.9 with PID 95506 (/Users/adam/IdeaProjects/iaccount/app/web/target/account_center-web-1.0-SNAPSHOT.jar started by adam in /Users/adam/IdeaProjects/iaccount)
2026-06-23 16:33:55.433 INFO  [main] service=iaccount traceId= com.alipay.account_center.web.Main - No active profile set, falling back to 1 default profile: "default"
2026-06-23 16:33:56.750 INFO  [main] service=iaccount traceId= o.s.d.r.c.RepositoryConfigurationDelegate - Multiple Spring Data modules found, entering strict repository configuration mode
2026-06-23 16:33:56.751 INFO  [main] service=iaccount traceId= o.s.d.r.c.RepositoryConfigurationDelegate - Bootstrapping Spring Data JPA repositories in DEFAULT mode.
2026-06-23 16:33:56.789 INFO  [main] service=iaccount traceId= o.s.d.r.c.RepositoryConfigurationDelegate - Finished Spring Data repository scanning in 11 ms. Found 0 JPA repository interfaces.
2026-06-23 16:33:56.811 INFO  [main] service=iaccount traceId= o.s.d.r.c.RepositoryConfigurationDelegate - Multiple Spring Data modules found, entering strict repository configuration mode
2026-06-23 16:33:56.812 INFO  [main] service=iaccount traceId= o.s.d.r.c.RepositoryConfigurationDelegate - Bootstrapping Spring Data Redis repositories in DEFAULT mode.
2026-06-23 16:33:56.827 INFO  [main] service=iaccount traceId= o.s.d.r.c.RepositoryConfigurationDelegate - Finished Spring Data repository scanning in 2 ms. Found 0 Redis repository interfaces.
2026-06-23 16:33:57.177 WARN  [main] service=iaccount traceId= o.s.c.s.PostProcessorRegistrationDelegate$BeanPostProcessorChecker - Bean 'asyncInitMethodManager' of type [com.alipay.sofa.runtime.async.AsyncInitMethodManager] is not eligible for getting processed by all BeanPostProcessors (for example: not eligible for auto-proxying). Is this bean getting eagerly injected into a currently created BeanPostProcessor [asyncProxyBeanPostProcessor]? Check the corresponding BeanPostProcessor declaration and its dependencies.
2026-06-23 16:33:58.228 INFO  [main] service=iaccount traceId= o.s.b.w.embedded.tomcat.TomcatWebServer - Tomcat initialized with port 8887 (http)
2026-06-23 16:33:58.240 INFO  [main] service=iaccount traceId= o.apache.coyote.http11.Http11NioProtocol - Initializing ProtocolHandler ["http-nio-0.0.0.0-8887"]
2026-06-23 16:33:58.243 INFO  [main] service=iaccount traceId= o.apache.catalina.core.StandardService - Starting service [Tomcat]
2026-06-23 16:33:58.243 INFO  [main] service=iaccount traceId= org.apache.catalina.core.StandardEngine - Starting Servlet engine: [Apache Tomcat/10.1.46]
2026-06-23 16:33:58.286 INFO  [main] service=iaccount traceId= o.a.c.c.C.[Tomcat].[localhost].[/] - Initializing Spring embedded WebApplicationContext
2026-06-23 16:33:58.286 INFO  [main] service=iaccount traceId= o.s.b.w.s.c.ServletWebServerApplicationContext - Root WebApplicationContext: initialization completed in 2778 ms
2026-06-23 16:33:58.649 INFO  [main] service=iaccount traceId= o.hibernate.jpa.internal.util.LogHelper - HHH000204: Processing PersistenceUnitInfo [name: default]
2026-06-23 16:33:58.709 INFO  [main] service=iaccount traceId= org.hibernate.Version - HHH000412: Hibernate ORM core version 6.6.29.Final
2026-06-23 16:33:58.740 INFO  [main] service=iaccount traceId= o.h.c.internal.RegionFactoryInitiator - HHH000026: Second-level cache disabled
2026-06-23 16:33:58.994 INFO  [main] service=iaccount traceId= o.s.o.j.p.SpringPersistenceUnitInfo - No LoadTimeWeaver setup: ignoring JPA class transformer
2026-06-23 16:33:59.042 INFO  [main] service=iaccount traceId= com.zaxxer.hikari.HikariDataSource - HikariPool-1 - Starting...
2026-06-23 16:33:59.168 INFO  [main] service=iaccount traceId= com.zaxxer.hikari.pool.HikariPool - HikariPool-1 - Added connection org.postgresql.jdbc.PgConnection@78e7b83
2026-06-23 16:33:59.169 INFO  [main] service=iaccount traceId= com.zaxxer.hikari.HikariDataSource - HikariPool-1 - Start completed.
2026-06-23 16:33:59.192 WARN  [main] service=iaccount traceId= org.hibernate.orm.deprecation - HHH90000025: PostgreSQLDialect does not need to be specified explicitly using 'hibernate.dialect' (remove the property setting and it will be selected by default)
2026-06-23 16:33:59.225 INFO  [main] service=iaccount traceId= org.hibernate.orm.connections.pooling - HHH10001005: Database info:
	Database JDBC URL [Connecting through datasource 'HikariDataSource (HikariPool-1)']
	Database driver: undefined/unknown
	Database version: 18.2
	Autocommit mode: undefined/unknown
	Isolation level: undefined/unknown
	Minimum pool size: undefined/unknown
	Maximum pool size: undefined/unknown
2026-06-23 16:33:59.637 INFO  [main] service=iaccount traceId= o.h.e.t.j.p.i.JtaPlatformInitiator - HHH000489: No JTA platform available (set 'hibernate.transaction.jta.platform' to enable JTA platform integration)
2026-06-23 16:33:59.642 INFO  [main] service=iaccount traceId= o.s.o.j.LocalContainerEntityManagerFactoryBean - Initialized JPA EntityManagerFactory for persistence unit 'default'
2026-06-23 16:34:01.506 INFO  [main] service=iaccount traceId= c.a.account_center.web.LoggingAspect - Entering: TopUpHandler.getType()
2026-06-23 16:34:01.507 INFO  [main] service=iaccount traceId= c.a.account_center.web.LoggingAspect - Exiting: TopUpHandler.getType() (1ms)
2026-06-23 16:34:01.507 INFO  [main] service=iaccount traceId= c.a.account_center.web.LoggingAspect - Entering: TransactionHandler.getType()
2026-06-23 16:34:01.507 INFO  [main] service=iaccount traceId= c.a.account_center.web.LoggingAspect - Exiting: TransactionHandler.getType() (0ms)
2026-06-23 16:34:01.580 WARN  [main] service=iaccount traceId= o.s.b.a.o.j.JpaBaseConfiguration$JpaWebConfiguration - spring.jpa.open-in-view is enabled by default. Therefore, database queries may be performed during view rendering. Explicitly configure spring.jpa.open-in-view to disable this warning
2026-06-23 16:34:01.978 INFO  [main] service=iaccount traceId= o.s.b.a.e.web.EndpointLinksResolver - Exposing 2 endpoints beneath base path '/actuator'
2026-06-23 16:34:02.013 INFO  [main] service=iaccount traceId= o.s.s.c.a.a.c.InitializeUserDetailsBeanManagerConfigurer$InitializeUserDetailsManagerConfigurer - Global AuthenticationManager configured with UserDetailsService bean with name inMemoryUserDetailsManager
2026-06-23 16:34:02.587 INFO  [main] service=iaccount traceId= o.s.m.s.b.SimpleBrokerMessageHandler - Starting...
2026-06-23 16:34:02.587 INFO  [main] service=iaccount traceId= o.s.m.s.b.SimpleBrokerMessageHandler - BrokerAvailabilityEvent[available=true, SimpleBrokerMessageHandler [org.springframework.messaging.simp.broker.DefaultSubscriptionRegistry@2cc224b7]]
2026-06-23 16:34:02.587 INFO  [main] service=iaccount traceId= o.s.m.s.b.SimpleBrokerMessageHandler - Started.
2026-06-23 16:34:02.588 INFO  [main] service=iaccount traceId= o.apache.coyote.http11.Http11NioProtocol - Starting ProtocolHandler ["http-nio-0.0.0.0-8887"]
2026-06-23 16:34:02.592 INFO  [main] service=iaccount traceId= o.s.b.w.embedded.tomcat.TomcatWebServer - Tomcat started on port 8887 (http) with context path '/'
2026-06-23 16:34:02.774 INFO  [main] service=iaccount traceId= com.alipay.account_center.web.Main - Started Main in 8.062 seconds (process running for 9.017)
2026-06-23 16:35:02.574 INFO  [MessageBroker-1] service=iaccount traceId= o.s.w.s.c.WebSocketMessageBrokerStats - WebSocketSession[0 current WS(0)-HttpStream(0)-HttpPoll(0), 0 total, 0 closed abnormally (0 connect failure, 0 send limit, 0 transport error)], stompSubProtocol[processed CONNECT(0)-CONNECTED(0)-DISCONNECT(0)], stompBrokerRelay[null], inboundChannel[pool size = 0, active threads = 0, queued tasks = 0, completed tasks = 0], outboundChannel[pool size = 0, active threads = 0, queued tasks = 0, completed tasks = 0], sockJsScheduler[pool size = 1, active threads = 1, queued tasks = 0, completed tasks = 0]
2026-06-23 16:38:12.746 INFO  [main] service=iaccount traceId= com.alipay.account_center.web.Main - Starting Main v1.0-SNAPSHOT using Java 21.0.9 with PID 97746 (/Users/adam/IdeaProjects/iaccount/app/web/target/account_center-web-1.0-SNAPSHOT.jar started by adam in /Users/adam/IdeaProjects/iaccount)
2026-06-23 16:38:12.747 INFO  [main] service=iaccount traceId= com.alipay.account_center.web.Main - No active profile set, falling back to 1 default profile: "default"
2026-06-23 16:38:14.471 INFO  [main] service=iaccount traceId= o.s.d.r.c.RepositoryConfigurationDelegate - Multiple Spring Data modules found, entering strict repository configuration mode
2026-06-23 16:38:14.472 INFO  [main] service=iaccount traceId= o.s.d.r.c.RepositoryConfigurationDelegate - Bootstrapping Spring Data JPA repositories in DEFAULT mode.
2026-06-23 16:38:14.492 INFO  [main] service=iaccount traceId= o.s.d.r.c.RepositoryConfigurationDelegate - Finished Spring Data repository scanning in 4 ms. Found 0 JPA repository interfaces.
2026-06-23 16:38:14.508 INFO  [main] service=iaccount traceId= o.s.d.r.c.RepositoryConfigurationDelegate - Multiple Spring Data modules found, entering strict repository configuration mode
2026-06-23 16:38:14.508 INFO  [main] service=iaccount traceId= o.s.d.r.c.RepositoryConfigurationDelegate - Bootstrapping Spring Data Redis repositories in DEFAULT mode.
2026-06-23 16:38:14.514 INFO  [main] service=iaccount traceId= o.s.d.r.c.RepositoryConfigurationDelegate - Finished Spring Data repository scanning in 0 ms. Found 0 Redis repository interfaces.
2026-06-23 16:38:14.979 WARN  [main] service=iaccount traceId= o.s.c.s.PostProcessorRegistrationDelegate$BeanPostProcessorChecker - Bean 'asyncInitMethodManager' of type [com.alipay.sofa.runtime.async.AsyncInitMethodManager] is not eligible for getting processed by all BeanPostProcessors (for example: not eligible for auto-proxying). Is this bean getting eagerly injected into a currently created BeanPostProcessor [asyncProxyBeanPostProcessor]? Check the corresponding BeanPostProcessor declaration and its dependencies.
2026-06-23 16:38:15.609 INFO  [main] service=iaccount traceId= o.s.b.w.embedded.tomcat.TomcatWebServer - Tomcat initialized with port 8887 (http)
2026-06-23 16:38:15.618 INFO  [main] service=iaccount traceId= o.apache.coyote.http11.Http11NioProtocol - Initializing ProtocolHandler ["http-nio-0.0.0.0-8887"]
2026-06-23 16:38:15.619 INFO  [main] service=iaccount traceId= o.apache.catalina.core.StandardService - Starting service [Tomcat]
2026-06-23 16:38:15.619 INFO  [main] service=iaccount traceId= org.apache.catalina.core.StandardEngine - Starting Servlet engine: [Apache Tomcat/10.1.46]
2026-06-23 16:38:15.639 INFO  [main] service=iaccount traceId= o.a.c.c.C.[Tomcat].[localhost].[/] - Initializing Spring embedded WebApplicationContext
2026-06-23 16:38:15.639 INFO  [main] service=iaccount traceId= o.s.b.w.s.c.ServletWebServerApplicationContext - Root WebApplicationContext: initialization completed in 2814 ms
2026-06-23 16:38:16.032 INFO  [main] service=iaccount traceId= o.hibernate.jpa.internal.util.LogHelper - HHH000204: Processing PersistenceUnitInfo [name: default]
2026-06-23 16:38:16.101 INFO  [main] service=iaccount traceId= org.hibernate.Version - HHH000412: Hibernate ORM core version 6.6.29.Final
2026-06-23 16:38:16.128 INFO  [main] service=iaccount traceId= o.h.c.internal.RegionFactoryInitiator - HHH000026: Second-level cache disabled
2026-06-23 16:38:16.311 INFO  [main] service=iaccount traceId= o.s.o.j.p.SpringPersistenceUnitInfo - No LoadTimeWeaver setup: ignoring JPA class transformer
2026-06-23 16:38:16.339 INFO  [main] service=iaccount traceId= com.zaxxer.hikari.HikariDataSource - HikariPool-1 - Starting...
2026-06-23 16:38:16.663 INFO  [main] service=iaccount traceId= com.zaxxer.hikari.pool.HikariPool - HikariPool-1 - Added connection org.postgresql.jdbc.PgConnection@62871522
2026-06-23 16:38:16.665 INFO  [main] service=iaccount traceId= com.zaxxer.hikari.HikariDataSource - HikariPool-1 - Start completed.
2026-06-23 16:38:16.712 WARN  [main] service=iaccount traceId= org.hibernate.orm.deprecation - HHH90000025: PostgreSQLDialect does not need to be specified explicitly using 'hibernate.dialect' (remove the property setting and it will be selected by default)
2026-06-23 16:38:16.727 INFO  [main] service=iaccount traceId= org.hibernate.orm.connections.pooling - HHH10001005: Database info:
	Database JDBC URL [Connecting through datasource 'HikariDataSource (HikariPool-1)']
	Database driver: undefined/unknown
	Database version: 18.2
	Autocommit mode: undefined/unknown
	Isolation level: undefined/unknown
	Minimum pool size: undefined/unknown
	Maximum pool size: undefined/unknown
2026-06-23 16:38:16.961 INFO  [main] service=iaccount traceId= o.h.e.t.j.p.i.JtaPlatformInitiator - HHH000489: No JTA platform available (set 'hibernate.transaction.jta.platform' to enable JTA platform integration)
2026-06-23 16:38:16.965 INFO  [main] service=iaccount traceId= o.s.o.j.LocalContainerEntityManagerFactoryBean - Initialized JPA EntityManagerFactory for persistence unit 'default'
2026-06-23 16:38:18.813 INFO  [main] service=iaccount traceId= c.a.account_center.web.LoggingAspect - Entering: TopUpHandler.getType()
2026-06-23 16:38:18.813 INFO  [main] service=iaccount traceId= c.a.account_center.web.LoggingAspect - Exiting: TopUpHandler.getType() (0ms)
2026-06-23 16:38:18.814 INFO  [main] service=iaccount traceId= c.a.account_center.web.LoggingAspect - Entering: TransactionHandler.getType()
2026-06-23 16:38:18.814 INFO  [main] service=iaccount traceId= c.a.account_center.web.LoggingAspect - Exiting: TransactionHandler.getType() (0ms)
2026-06-23 16:38:18.882 WARN  [main] service=iaccount traceId= o.s.b.a.o.j.JpaBaseConfiguration$JpaWebConfiguration - spring.jpa.open-in-view is enabled by default. Therefore, database queries may be performed during view rendering. Explicitly configure spring.jpa.open-in-view to disable this warning
2026-06-23 16:38:19.336 INFO  [main] service=iaccount traceId= o.s.b.a.e.web.EndpointLinksResolver - Exposing 2 endpoints beneath base path '/actuator'
2026-06-23 16:38:19.382 INFO  [main] service=iaccount traceId= o.s.s.c.a.a.c.InitializeUserDetailsBeanManagerConfigurer$InitializeUserDetailsManagerConfigurer - Global AuthenticationManager configured with UserDetailsService bean with name inMemoryUserDetailsManager
2026-06-23 16:38:20.351 WARN  [main] service=iaccount traceId= o.s.b.w.s.c.AnnotationConfigServletWebServerApplicationContext - Exception encountered during context initialization - cancelling refresh attempt: org.springframework.beans.factory.BeanCreationException: Error creating bean with name 'ServiceFactoryBean#com.alipay.account_center.common.service.facade.api.AccountService:accountServiceImpl': SOFA-BOOT-01-03004: Failed to resolve and active component [service:com.alipay.account_center.common.service.facade.api.AccountService]
2026-06-23 16:38:20.372 INFO  [main] service=iaccount traceId= o.s.o.j.LocalContainerEntityManagerFactoryBean - Closing JPA EntityManagerFactory for persistence unit 'default'
2026-06-23 16:38:20.380 INFO  [main] service=iaccount traceId= com.zaxxer.hikari.HikariDataSource - HikariPool-1 - Shutdown initiated...
2026-06-23 16:38:20.385 INFO  [main] service=iaccount traceId= com.zaxxer.hikari.HikariDataSource - HikariPool-1 - Shutdown completed.
2026-06-23 16:38:20.392 INFO  [main] service=iaccount traceId= o.apache.catalina.core.StandardService - Stopping service [Tomcat]
2026-06-23 16:38:20.413 INFO  [main] service=iaccount traceId= o.s.b.a.l.ConditionEvaluationReportLogger - 

Error starting ApplicationContext. To display the condition evaluation report re-run your application with 'debug' enabled.
2026-06-23 16:38:20.423 ERROR [main] service=iaccount traceId= o.springframework.boot.SpringApplication - Application run failed
org.springframework.beans.factory.BeanCreationException: Error creating bean with name 'ServiceFactoryBean#com.alipay.account_center.common.service.facade.api.AccountService:accountServiceImpl': SOFA-BOOT-01-03004: Failed to resolve and active component [service:com.alipay.account_center.common.service.facade.api.AccountService]
	at org.springframework.beans.factory.support.AbstractAutowireCapableBeanFactory.initializeBean(AbstractAutowireCapableBeanFactory.java:1826)
	at org.springframework.beans.factory.support.AbstractAutowireCapableBeanFactory.doCreateBean(AbstractAutowireCapableBeanFactory.java:607)
	at org.springframework.beans.factory.support.AbstractAutowireCapableBeanFactory.createBean(AbstractAutowireCapableBeanFactory.java:529)
	at org.springframework.beans.factory.support.AbstractBeanFactory.lambda$doGetBean$0(AbstractBeanFactory.java:339)
	at org.springframework.beans.factory.support.DefaultSingletonBeanRegistry.getSingleton(DefaultSingletonBeanRegistry.java:373)
	at org.springframework.beans.factory.support.AbstractBeanFactory.doGetBean(AbstractBeanFactory.java:337)
	at org.springframework.beans.factory.support.AbstractBeanFactory.getBean(AbstractBeanFactory.java:202)
	at org.springframework.beans.factory.support.DefaultListableBeanFactory.instantiateSingleton(DefaultListableBeanFactory.java:1215)
	at org.springframework.beans.factory.support.DefaultListableBeanFactory.preInstantiateSingleton(DefaultListableBeanFactory.java:1187)
	at org.springframework.beans.factory.support.DefaultListableBeanFactory.preInstantiateSingletons(DefaultListableBeanFactory.java:1123)
	at org.springframework.context.support.AbstractApplicationContext.finishBeanFactoryInitialization(AbstractApplicationContext.java:971)
	at org.springframework.context.support.AbstractApplicationContext.refresh(AbstractApplicationContext.java:625)
	at org.springframework.boot.web.servlet.context.ServletWebServerApplicationContext.refresh(ServletWebServerApplicationContext.java:146)
	at org.springframework.boot.SpringApplication.refresh(SpringApplication.java:752)
	at org.springframework.boot.SpringApplication.refreshContext(SpringApplication.java:439)
	at org.springframework.boot.SpringApplication.run(SpringApplication.java:318)
	at org.springframework.boot.SpringApplication.run(SpringApplication.java:1361)
	at org.springframework.boot.SpringApplication.run(SpringApplication.java:1350)
	at com.alipay.account_center.web.Main.main(Main.java:11)
	at java.base/jdk.internal.reflect.DirectMethodHandleAccessor.invoke(DirectMethodHandleAccessor.java:103)
	at java.base/java.lang.reflect.Method.invoke(Method.java:580)
	at org.springframework.boot.loader.launch.Launcher.launch(Launcher.java:91)
	at org.springframework.boot.loader.launch.Launcher.launch(Launcher.java:53)
	at org.springframework.boot.loader.launch.JarLauncher.main(JarLauncher.java:58)
Caused by: com.alipay.sofa.runtime.api.ServiceRuntimeException: SOFA-BOOT-01-03004: Failed to resolve and active component [service:com.alipay.account_center.common.service.facade.api.AccountService]
	at com.alipay.sofa.runtime.impl.ComponentManagerImpl.doRegister(ComponentManagerImpl.java:212)
	at com.alipay.sofa.runtime.impl.ComponentManagerImpl.register(ComponentManagerImpl.java:159)
	at com.alipay.sofa.runtime.spring.factory.ServiceFactoryBean.afterPropertiesSet(ServiceFactoryBean.java:88)
	at org.springframework.beans.factory.support.AbstractAutowireCapableBeanFactory.invokeInitMethods(AbstractAutowireCapableBeanFactory.java:1873)
	at org.springframework.beans.factory.support.AbstractAutowireCapableBeanFactory.initializeBean(AbstractAutowireCapableBeanFactory.java:1822)
	... 23 common frames omitted
