2026-06-08 00:17:54.931 WARN  [HikariPool-1:housekeeper] service=iaccount traceId= com.zaxxer.hikari.pool.HikariPool - HikariPool-1 - Thread starvation or clock leap detected (housekeeper delta=2m41s96ms).
2026-06-08 00:19:11.953 WARN  [HikariPool-1:housekeeper] service=iaccount traceId= com.zaxxer.hikari.pool.HikariPool - HikariPool-1 - Thread starvation or clock leap detected (housekeeper delta=1m17s24ms).
2026-06-08 00:21:07.198 WARN  [HikariPool-1:housekeeper] service=iaccount traceId= com.zaxxer.hikari.pool.HikariPool - HikariPool-1 - Thread starvation or clock leap detected (housekeeper delta=1m25s239ms).
2026-06-08 00:22:02.043 WARN  [HikariPool-1:housekeeper] service=iaccount traceId= com.zaxxer.hikari.pool.HikariPool - HikariPool-1 - Thread starvation or clock leap detected (housekeeper delta=54s845ms).
2026-06-08 00:34:38.455 WARN  [HikariPool-1:housekeeper] service=iaccount traceId= com.zaxxer.hikari.pool.HikariPool - HikariPool-1 - Thread starvation or clock leap detected (housekeeper delta=12m6s401ms).
2026-06-08 00:34:40.275 INFO  [MessageBroker-1] service=iaccount traceId= o.s.w.s.c.WebSocketMessageBrokerStats - WebSocketSession[0 current WS(0)-HttpStream(0)-HttpPoll(0), 0 total, 0 closed abnormally (0 connect failure, 0 send limit, 0 transport error)], stompSubProtocol[processed CONNECT(0)-CONNECTED(0)-DISCONNECT(0)], stompBrokerRelay[null], inboundChannel[pool size = 0, active threads = 0, queued tasks = 0, completed tasks = 0], outboundChannel[pool size = 0, active threads = 0, queued tasks = 0, completed tasks = 0], sockJsScheduler[pool size = 2, active threads = 1, queued tasks = 0, completed tasks = 1]
2026-06-08 00:36:15.946 WARN  [HikariPool-1:housekeeper] service=iaccount traceId= com.zaxxer.hikari.pool.HikariPool - HikariPool-1 - Thread starvation or clock leap detected (housekeeper delta=1m7s484ms).
2026-06-08 01:28:39.299 WARN  [HikariPool-1:housekeeper] service=iaccount traceId= com.zaxxer.hikari.pool.HikariPool - HikariPool-1 - Thread starvation or clock leap detected (housekeeper delta=52m23s352ms).
2026-06-08 01:35:41.980 WARN  [HikariPool-1:housekeeper] service=iaccount traceId= com.zaxxer.hikari.pool.HikariPool - HikariPool-1 - Thread starvation or clock leap detected (housekeeper delta=7m2s681ms).
2026-06-08 01:38:46.359 WARN  [HikariPool-1:housekeeper] service=iaccount traceId= com.zaxxer.hikari.pool.HikariPool - HikariPool-1 - Thread starvation or clock leap detected (housekeeper delta=1m56s265ms).
2026-06-08 01:40:29.680 WARN  [HikariPool-1:housekeeper] service=iaccount traceId= com.zaxxer.hikari.pool.HikariPool - HikariPool-1 - Thread starvation or clock leap detected (housekeeper delta=1m43s317ms).
2026-06-08 01:56:28.234 WARN  [HikariPool-1:housekeeper] service=iaccount traceId= com.zaxxer.hikari.pool.HikariPool - HikariPool-1 - Thread starvation or clock leap detected (housekeeper delta=15m28s530ms).
2026-06-08 02:11:56.689 WARN  [HikariPool-1:housekeeper] service=iaccount traceId= com.zaxxer.hikari.pool.HikariPool - HikariPool-1 - Thread starvation or clock leap detected (housekeeper delta=15m28s455ms).
2026-06-08 02:16:14.669 WARN  [HikariPool-1:housekeeper] service=iaccount traceId= com.zaxxer.hikari.pool.HikariPool - HikariPool-1 - Thread starvation or clock leap detected (housekeeper delta=3m47s979ms).
2026-06-08 02:32:13.208 WARN  [HikariPool-1:housekeeper] service=iaccount traceId= com.zaxxer.hikari.pool.HikariPool - HikariPool-1 - Thread starvation or clock leap detected (housekeeper delta=15m28s529ms).
2026-06-08 02:47:42.092 WARN  [HikariPool-1:housekeeper] service=iaccount traceId= com.zaxxer.hikari.pool.HikariPool - HikariPool-1 - Thread starvation or clock leap detected (housekeeper delta=15m28s884ms).
2026-06-08 02:52:56.061 WARN  [HikariPool-1:housekeeper] service=iaccount traceId= com.zaxxer.hikari.pool.HikariPool - HikariPool-1 - Thread starvation or clock leap detected (housekeeper delta=4m43s957ms).
2026-06-08 02:58:03.765 WARN  [HikariPool-1:housekeeper] service=iaccount traceId= com.zaxxer.hikari.pool.HikariPool - HikariPool-1 - Thread starvation or clock leap detected (housekeeper delta=2m7s660ms).
2026-06-08 03:02:46.928 WARN  [HikariPool-1:housekeeper] service=iaccount traceId= com.zaxxer.hikari.pool.HikariPool - HikariPool-1 - Thread starvation or clock leap detected (housekeeper delta=4m43s163ms).
2026-06-08 03:08:00.904 WARN  [HikariPool-1:housekeeper] service=iaccount traceId= com.zaxxer.hikari.pool.HikariPool - HikariPool-1 - Thread starvation or clock leap detected (housekeeper delta=4m43s975ms).
2026-06-08 03:13:14.935 WARN  [HikariPool-1:housekeeper] service=iaccount traceId= com.zaxxer.hikari.pool.HikariPool - HikariPool-1 - Thread starvation or clock leap detected (housekeeper delta=4m44s29ms).
2026-06-08 03:17:58.885 WARN  [HikariPool-1:housekeeper] service=iaccount traceId= com.zaxxer.hikari.pool.HikariPool - HikariPool-1 - Thread starvation or clock leap detected (housekeeper delta=4m43s950ms).
2026-06-08 03:23:12.874 WARN  [HikariPool-1:housekeeper] service=iaccount traceId= com.zaxxer.hikari.pool.HikariPool - HikariPool-1 - Thread starvation or clock leap detected (housekeeper delta=4m43s987ms).
2026-06-08 03:27:55.103 WARN  [HikariPool-1:housekeeper] service=iaccount traceId= com.zaxxer.hikari.pool.HikariPool - HikariPool-1 - Thread starvation or clock leap detected (housekeeper delta=4m42s229ms).
2026-06-08 03:44:53.114 WARN  [HikariPool-1:housekeeper] service=iaccount traceId= com.zaxxer.hikari.pool.HikariPool - HikariPool-1 - Thread starvation or clock leap detected (housekeeper delta=16m28s3ms).
2026-06-08 04:01:52.130 WARN  [HikariPool-1:housekeeper] service=iaccount traceId= com.zaxxer.hikari.pool.HikariPool - HikariPool-1 - Thread starvation or clock leap detected (housekeeper delta=16m59s16ms).
2026-06-08 04:20:45.732 WARN  [HikariPool-1:housekeeper] service=iaccount traceId= com.zaxxer.hikari.pool.HikariPool - HikariPool-1 - Thread starvation or clock leap detected (housekeeper delta=17m53s591ms).
2026-06-08 04:38:17.225 WARN  [HikariPool-1:housekeeper] service=iaccount traceId= com.zaxxer.hikari.pool.HikariPool - HikariPool-1 - Thread starvation or clock leap detected (housekeeper delta=17m31s493ms).
2026-06-08 04:56:06.224 WARN  [HikariPool-1:housekeeper] service=iaccount traceId= com.zaxxer.hikari.pool.HikariPool - HikariPool-1 - Thread starvation or clock leap detected (housekeeper delta=17m18s993ms).
2026-06-08 05:12:16.205 WARN  [HikariPool-1:housekeeper] service=iaccount traceId= com.zaxxer.hikari.pool.HikariPool - HikariPool-1 - Thread starvation or clock leap detected (housekeeper delta=16m9s980ms).
2026-06-08 05:29:09.791 WARN  [HikariPool-1:housekeeper] service=iaccount traceId= com.zaxxer.hikari.pool.HikariPool - HikariPool-1 - Thread starvation or clock leap detected (housekeeper delta=16m23s584ms).
2026-06-08 05:45:18.260 WARN  [HikariPool-1:housekeeper] service=iaccount traceId= com.zaxxer.hikari.pool.HikariPool - HikariPool-1 - Thread starvation or clock leap detected (housekeeper delta=16m8s469ms).
2026-06-08 06:03:17.304 WARN  [HikariPool-1:housekeeper] service=iaccount traceId= com.zaxxer.hikari.pool.HikariPool - HikariPool-1 - Thread starvation or clock leap detected (housekeeper delta=17m29s35ms).
2026-06-08 06:10:05.015 WARN  [HikariPool-1:housekeeper] service=iaccount traceId= com.zaxxer.hikari.pool.HikariPool - HikariPool-1 - Thread starvation or clock leap detected (housekeeper delta=6m17s702ms).
2026-06-08 06:26:31.579 WARN  [HikariPool-1:housekeeper] service=iaccount traceId= com.zaxxer.hikari.pool.HikariPool - HikariPool-1 - Thread starvation or clock leap detected (housekeeper delta=15m56s556ms).
2026-06-08 06:42:54.030 WARN  [HikariPool-1:housekeeper] service=iaccount traceId= com.zaxxer.hikari.pool.HikariPool - HikariPool-1 - Thread starvation or clock leap detected (housekeeper delta=16m22s450ms).
2026-06-08 06:59:39.505 WARN  [HikariPool-1:housekeeper] service=iaccount traceId= com.zaxxer.hikari.pool.HikariPool - HikariPool-1 - Thread starvation or clock leap detected (housekeeper delta=16m15s469ms).
2026-06-08 07:16:31.168 WARN  [HikariPool-1:housekeeper] service=iaccount traceId= com.zaxxer.hikari.pool.HikariPool - HikariPool-1 - Thread starvation or clock leap detected (housekeeper delta=16m21s652ms).
2026-06-08 07:32:29.602 WARN  [HikariPool-1:housekeeper] service=iaccount traceId= com.zaxxer.hikari.pool.HikariPool - HikariPool-1 - Thread starvation or clock leap detected (housekeeper delta=15m58s434ms).
2026-06-08 07:33:00.975 INFO  [MessageBroker-2] service=iaccount traceId= o.s.w.s.c.WebSocketMessageBrokerStats - WebSocketSession[0 current WS(0)-HttpStream(0)-HttpPoll(0), 0 total, 0 closed abnormally (0 connect failure, 0 send limit, 0 transport error)], stompSubProtocol[processed CONNECT(0)-CONNECTED(0)-DISCONNECT(0)], stompBrokerRelay[null], inboundChannel[pool size = 0, active threads = 0, queued tasks = 0, completed tasks = 0], outboundChannel[pool size = 0, active threads = 0, queued tasks = 0, completed tasks = 0], sockJsScheduler[pool size = 3, active threads = 1, queued tasks = 0, completed tasks = 2]
2026-06-08 07:49:57.083 WARN  [HikariPool-1:housekeeper] service=iaccount traceId= com.zaxxer.hikari.pool.HikariPool - HikariPool-1 - Thread starvation or clock leap detected (housekeeper delta=16m57s474ms).
2026-06-08 07:54:24.526 WARN  [HikariPool-1:housekeeper] service=iaccount traceId= com.zaxxer.hikari.pool.HikariPool - HikariPool-1 - Thread starvation or clock leap detected (housekeeper delta=3m57s435ms).
2026-06-08 08:11:00.869 WARN  [HikariPool-1:housekeeper] service=iaccount traceId= com.zaxxer.hikari.pool.HikariPool - HikariPool-1 - Thread starvation or clock leap detected (housekeeper delta=16m6s331ms).
2026-06-08 08:26:52.342 WARN  [HikariPool-1:housekeeper] service=iaccount traceId= com.zaxxer.hikari.pool.HikariPool - HikariPool-1 - Thread starvation or clock leap detected (housekeeper delta=15m51s474ms).
2026-06-08 08:43:49.897 WARN  [HikariPool-1:housekeeper] service=iaccount traceId= com.zaxxer.hikari.pool.HikariPool - HikariPool-1 - Thread starvation or clock leap detected (housekeeper delta=16m27s550ms).
2026-06-08 09:00:02.399 WARN  [HikariPool-1:housekeeper] service=iaccount traceId= com.zaxxer.hikari.pool.HikariPool - HikariPool-1 - Thread starvation or clock leap detected (housekeeper delta=16m12s503ms).
2026-06-08 09:12:08.099 WARN  [HikariPool-1:housekeeper] service=iaccount traceId= com.zaxxer.hikari.pool.HikariPool - HikariPool-1 - Thread starvation or clock leap detected (housekeeper delta=11m5s685ms).
2026-06-08 09:27:54.646 WARN  [HikariPool-1:housekeeper] service=iaccount traceId= com.zaxxer.hikari.pool.HikariPool - HikariPool-1 - Thread starvation or clock leap detected (housekeeper delta=15m46s546ms).
2026-06-08 09:48:19.159 WARN  [HikariPool-1:housekeeper] service=iaccount traceId= com.zaxxer.hikari.pool.HikariPool - HikariPool-1 - Thread starvation or clock leap detected (housekeeper delta=16m54s466ms).
2026-06-08 10:05:34.719 WARN  [HikariPool-1:housekeeper] service=iaccount traceId= com.zaxxer.hikari.pool.HikariPool - HikariPool-1 - Thread starvation or clock leap detected (housekeeper delta=17m15s559ms).
2026-06-08 10:12:41.206 WARN  [HikariPool-1:housekeeper] service=iaccount traceId= com.zaxxer.hikari.pool.HikariPool - HikariPool-1 - Thread starvation or clock leap detected (housekeeper delta=6m36s482ms).
2026-06-08 10:29:47.047 WARN  [HikariPool-1:housekeeper] service=iaccount traceId= com.zaxxer.hikari.pool.HikariPool - HikariPool-1 - Thread starvation or clock leap detected (housekeeper delta=16m35s830ms).
2026-06-08 10:47:37.255 WARN  [HikariPool-1:housekeeper] service=iaccount traceId= com.zaxxer.hikari.pool.HikariPool - HikariPool-1 - Thread starvation or clock leap detected (housekeeper delta=16m50s201ms).
2026-06-08 11:03:23.806 WARN  [HikariPool-1:housekeeper] service=iaccount traceId= com.zaxxer.hikari.pool.HikariPool - HikariPool-1 - Thread starvation or clock leap detected (housekeeper delta=15m46s551ms).
2026-06-08 11:13:44.031 WARN  [HikariPool-1:housekeeper] service=iaccount traceId= com.zaxxer.hikari.pool.HikariPool - HikariPool-1 - Thread starvation or clock leap detected (housekeeper delta=9m50s216ms).
2026-06-08 11:17:51.736 WARN  [HikariPool-1:housekeeper] service=iaccount traceId= com.zaxxer.hikari.pool.HikariPool - HikariPool-1 - Thread starvation or clock leap detected (housekeeper delta=3m37s696ms).
2026-06-08 11:30:52.864 INFO  [MessageBroker-1] service=iaccount traceId= o.s.w.s.c.WebSocketMessageBrokerStats - WebSocketSession[0 current WS(0)-HttpStream(0)-HttpPoll(0), 0 total, 0 closed abnormally (0 connect failure, 0 send limit, 0 transport error)], stompSubProtocol[processed CONNECT(0)-CONNECTED(0)-DISCONNECT(0)], stompBrokerRelay[null], inboundChannel[pool size = 0, active threads = 0, queued tasks = 0, completed tasks = 0], outboundChannel[pool size = 0, active threads = 0, queued tasks = 0, completed tasks = 0], sockJsScheduler[pool size = 4, active threads = 1, queued tasks = 0, completed tasks = 3]
2026-06-08 11:57:25.194 WARN  [HikariPool-1:housekeeper] service=iaccount traceId= com.zaxxer.hikari.pool.HikariPool - HikariPool-1 - Thread starvation or clock leap detected (housekeeper delta=17m3s275ms).
2026-06-08 12:00:19.945 WARN  [HikariPool-1:housekeeper] service=iaccount traceId= com.zaxxer.hikari.pool.HikariPool - HikariPool-1 - Thread starvation or clock leap detected (housekeeper delta=1m54s638ms).
2026-06-08 12:18:50.792 INFO  [MessageBroker-3] service=iaccount traceId= o.s.w.s.c.WebSocketMessageBrokerStats - WebSocketSession[0 current WS(0)-HttpStream(0)-HttpPoll(0), 0 total, 0 closed abnormally (0 connect failure, 0 send limit, 0 transport error)], stompSubProtocol[processed CONNECT(0)-CONNECTED(0)-DISCONNECT(0)], stompBrokerRelay[null], inboundChannel[pool size = 0, active threads = 0, queued tasks = 0, completed tasks = 0], outboundChannel[pool size = 0, active threads = 0, queued tasks = 0, completed tasks = 0], sockJsScheduler[pool size = 5, active threads = 1, queued tasks = 0, completed tasks = 4]
2026-06-08 12:48:50.805 INFO  [MessageBroker-2] service=iaccount traceId= o.s.w.s.c.WebSocketMessageBrokerStats - WebSocketSession[0 current WS(0)-HttpStream(0)-HttpPoll(0), 0 total, 0 closed abnormally (0 connect failure, 0 send limit, 0 transport error)], stompSubProtocol[processed CONNECT(0)-CONNECTED(0)-DISCONNECT(0)], stompBrokerRelay[null], inboundChannel[pool size = 0, active threads = 0, queued tasks = 0, completed tasks = 0], outboundChannel[pool size = 0, active threads = 0, queued tasks = 0, completed tasks = 0], sockJsScheduler[pool size = 6, active threads = 1, queued tasks = 0, completed tasks = 5]
2026-06-08 12:53:24.159 INFO  [SpringApplicationShutdownHook] service=iaccount traceId= o.s.b.w.embedded.tomcat.GracefulShutdown - Commencing graceful shutdown. Waiting for active requests to complete
2026-06-08 12:53:24.206 INFO  [tomcat-shutdown] service=iaccount traceId= o.s.b.w.embedded.tomcat.GracefulShutdown - Graceful shutdown complete
2026-06-08 12:53:24.224 INFO  [SpringApplicationShutdownHook] service=iaccount traceId= o.s.m.s.b.SimpleBrokerMessageHandler - Stopping...
2026-06-08 12:53:24.224 INFO  [SpringApplicationShutdownHook] service=iaccount traceId= o.s.m.s.b.SimpleBrokerMessageHandler - BrokerAvailabilityEvent[available=false, SimpleBrokerMessageHandler [org.springframework.messaging.simp.broker.DefaultSubscriptionRegistry@276bb456]]
2026-06-08 12:53:24.225 INFO  [SpringApplicationShutdownHook] service=iaccount traceId= o.s.m.s.b.SimpleBrokerMessageHandler - Stopped.
2026-06-08 12:53:24.506 INFO  [SpringApplicationShutdownHook] service=iaccount traceId= o.s.o.j.LocalContainerEntityManagerFactoryBean - Closing JPA EntityManagerFactory for persistence unit 'default'
2026-06-08 12:53:24.550 INFO  [SpringApplicationShutdownHook] service=iaccount traceId= com.zaxxer.hikari.HikariDataSource - HikariPool-1 - Shutdown initiated...
2026-06-08 12:53:24.555 INFO  [SpringApplicationShutdownHook] service=iaccount traceId= com.zaxxer.hikari.HikariDataSource - HikariPool-1 - Shutdown completed.
2026-06-08 12:53:37.475 INFO  [main] service=iaccount traceId= com.alipay.account_center.web.Main - Starting Main using Java 25.0.2 with PID 78751 (/Users/adam/IdeaProjects/iaccount/app/web/target/classes started by adam in /Users/adam/IdeaProjects/iaccount)
2026-06-08 12:53:37.480 INFO  [main] service=iaccount traceId= com.alipay.account_center.web.Main - No active profile set, falling back to 1 default profile: "default"
2026-06-08 12:53:38.039 INFO  [main] service=iaccount traceId= o.s.d.r.c.RepositoryConfigurationDelegate - Multiple Spring Data modules found, entering strict repository configuration mode
2026-06-08 12:53:38.044 INFO  [main] service=iaccount traceId= o.s.d.r.c.RepositoryConfigurationDelegate - Bootstrapping Spring Data JPA repositories in DEFAULT mode.
2026-06-08 12:53:38.053 INFO  [main] service=iaccount traceId= o.s.d.r.c.RepositoryConfigurationDelegate - Finished Spring Data repository scanning in 1 ms. Found 0 JPA repository interfaces.
2026-06-08 12:53:38.059 INFO  [main] service=iaccount traceId= o.s.d.r.c.RepositoryConfigurationDelegate - Multiple Spring Data modules found, entering strict repository configuration mode
2026-06-08 12:53:38.059 INFO  [main] service=iaccount traceId= o.s.d.r.c.RepositoryConfigurationDelegate - Bootstrapping Spring Data Redis repositories in DEFAULT mode.
2026-06-08 12:53:38.064 INFO  [main] service=iaccount traceId= o.s.d.r.c.RepositoryConfigurationDelegate - Finished Spring Data repository scanning in 0 ms. Found 0 Redis repository interfaces.
2026-06-08 12:53:38.202 WARN  [main] service=iaccount traceId= o.s.c.s.PostProcessorRegistrationDelegate$BeanPostProcessorChecker - Bean 'asyncInitMethodManager' of type [com.alipay.sofa.runtime.async.AsyncInitMethodManager] is not eligible for getting processed by all BeanPostProcessors (for example: not eligible for auto-proxying). Is this bean getting eagerly injected into a currently created BeanPostProcessor [asyncProxyBeanPostProcessor]? Check the corresponding BeanPostProcessor declaration and its dependencies.
2026-06-08 12:53:38.492 INFO  [main] service=iaccount traceId= o.s.b.w.embedded.tomcat.TomcatWebServer - Tomcat initialized with port 8887 (http)
2026-06-08 12:53:38.504 INFO  [main] service=iaccount traceId= o.apache.coyote.http11.Http11NioProtocol - Initializing ProtocolHandler ["http-nio-0.0.0.0-8887"]
2026-06-08 12:53:38.507 INFO  [main] service=iaccount traceId= o.apache.catalina.core.StandardService - Starting service [Tomcat]
2026-06-08 12:53:38.507 INFO  [main] service=iaccount traceId= org.apache.catalina.core.StandardEngine - Starting Servlet engine: [Apache Tomcat/10.1.46]
2026-06-08 12:53:38.536 INFO  [main] service=iaccount traceId= o.a.c.c.C.[Tomcat].[localhost].[/] - Initializing Spring embedded WebApplicationContext
2026-06-08 12:53:38.542 INFO  [main] service=iaccount traceId= o.s.b.w.s.c.ServletWebServerApplicationContext - Root WebApplicationContext: initialization completed in 1047 ms
2026-06-08 12:53:38.691 INFO  [main] service=iaccount traceId= o.hibernate.jpa.internal.util.LogHelper - HHH000204: Processing PersistenceUnitInfo [name: default]
2026-06-08 12:53:38.727 INFO  [main] service=iaccount traceId= org.hibernate.Version - HHH000412: Hibernate ORM core version 6.6.29.Final
2026-06-08 12:53:38.745 INFO  [main] service=iaccount traceId= o.h.c.internal.RegionFactoryInitiator - HHH000026: Second-level cache disabled
2026-06-08 12:53:38.867 INFO  [main] service=iaccount traceId= o.s.o.j.p.SpringPersistenceUnitInfo - No LoadTimeWeaver setup: ignoring JPA class transformer
2026-06-08 12:53:38.880 INFO  [main] service=iaccount traceId= com.zaxxer.hikari.HikariDataSource - HikariPool-1 - Starting...
2026-06-08 12:53:38.978 INFO  [main] service=iaccount traceId= com.zaxxer.hikari.pool.HikariPool - HikariPool-1 - Added connection org.postgresql.jdbc.PgConnection@40d2a644
2026-06-08 12:53:38.985 INFO  [main] service=iaccount traceId= com.zaxxer.hikari.HikariDataSource - HikariPool-1 - Start completed.
2026-06-08 12:53:39.030 WARN  [main] service=iaccount traceId= org.hibernate.orm.deprecation - HHH90000025: PostgreSQLDialect does not need to be specified explicitly using 'hibernate.dialect' (remove the property setting and it will be selected by default)
2026-06-08 12:53:39.037 INFO  [main] service=iaccount traceId= org.hibernate.orm.connections.pooling - HHH10001005: Database info:
	Database JDBC URL [Connecting through datasource 'HikariDataSource (HikariPool-1)']
	Database driver: undefined/unknown
	Database version: 18.2
	Autocommit mode: undefined/unknown
	Isolation level: undefined/unknown
	Minimum pool size: undefined/unknown
	Maximum pool size: undefined/unknown
2026-06-08 12:53:39.258 INFO  [main] service=iaccount traceId= o.h.e.t.j.p.i.JtaPlatformInitiator - HHH000489: No JTA platform available (set 'hibernate.transaction.jta.platform' to enable JTA platform integration)
2026-06-08 12:53:39.260 INFO  [main] service=iaccount traceId= o.s.o.j.LocalContainerEntityManagerFactoryBean - Initialized JPA EntityManagerFactory for persistence unit 'default'
2026-06-08 12:53:44.318 INFO  [main] service=iaccount traceId= c.a.account_center.web.LoggingAspect - Entering: TopUpHandler.getType()
2026-06-08 12:53:44.318 INFO  [main] service=iaccount traceId= c.a.account_center.web.LoggingAspect - Exiting: TopUpHandler.getType() (0ms)
2026-06-08 12:53:44.319 INFO  [main] service=iaccount traceId= c.a.account_center.web.LoggingAspect - Entering: TransactionHandler.getType()
2026-06-08 12:53:44.319 INFO  [main] service=iaccount traceId= c.a.account_center.web.LoggingAspect - Exiting: TransactionHandler.getType() (0ms)
2026-06-08 12:53:44.416 WARN  [main] service=iaccount traceId= o.s.b.a.o.j.JpaBaseConfiguration$JpaWebConfiguration - spring.jpa.open-in-view is enabled by default. Therefore, database queries may be performed during view rendering. Explicitly configure spring.jpa.open-in-view to disable this warning
2026-06-08 12:53:44.667 INFO  [main] service=iaccount traceId= o.s.b.a.e.web.EndpointLinksResolver - Exposing 2 endpoints beneath base path '/actuator'
2026-06-08 12:53:44.690 INFO  [main] service=iaccount traceId= o.s.s.c.a.a.c.InitializeUserDetailsBeanManagerConfigurer$InitializeUserDetailsManagerConfigurer - Global AuthenticationManager configured with UserDetailsService bean with name inMemoryUserDetailsManager
2026-06-08 12:53:50.980 INFO  [main] service=iaccount traceId= o.s.m.s.b.SimpleBrokerMessageHandler - Starting...
2026-06-08 12:53:50.980 INFO  [main] service=iaccount traceId= o.s.m.s.b.SimpleBrokerMessageHandler - BrokerAvailabilityEvent[available=true, SimpleBrokerMessageHandler [org.springframework.messaging.simp.broker.DefaultSubscriptionRegistry@727782da]]
2026-06-08 12:53:50.981 INFO  [main] service=iaccount traceId= o.s.m.s.b.SimpleBrokerMessageHandler - Started.
2026-06-08 12:53:50.981 INFO  [main] service=iaccount traceId= o.apache.coyote.http11.Http11NioProtocol - Starting ProtocolHandler ["http-nio-0.0.0.0-8887"]
2026-06-08 12:53:50.994 INFO  [main] service=iaccount traceId= o.s.b.w.embedded.tomcat.TomcatWebServer - Tomcat started on port 8887 (http) with context path '/'
2026-06-08 12:53:51.166 INFO  [main] service=iaccount traceId= com.alipay.account_center.web.Main - Started Main in 13.885 seconds (process running for 21.079)
2026-06-08 12:54:50.959 INFO  [MessageBroker-1] service=iaccount traceId= o.s.w.s.c.WebSocketMessageBrokerStats - WebSocketSession[0 current WS(0)-HttpStream(0)-HttpPoll(0), 0 total, 0 closed abnormally (0 connect failure, 0 send limit, 0 transport error)], stompSubProtocol[processed CONNECT(0)-CONNECTED(0)-DISCONNECT(0)], stompBrokerRelay[null], inboundChannel[pool size = 0, active threads = 0, queued tasks = 0, completed tasks = 0], outboundChannel[pool size = 0, active threads = 0, queued tasks = 0, completed tasks = 0], sockJsScheduler[pool size = 1, active threads = 1, queued tasks = 0, completed tasks = 0]
2026-06-08 13:15:04.904 INFO  [SpringApplicationShutdownHook] service=iaccount traceId= o.s.b.w.embedded.tomcat.GracefulShutdown - Commencing graceful shutdown. Waiting for active requests to complete
2026-06-08 13:15:04.936 INFO  [tomcat-shutdown] service=iaccount traceId= o.s.b.w.embedded.tomcat.GracefulShutdown - Graceful shutdown complete
2026-06-08 13:15:04.944 INFO  [SpringApplicationShutdownHook] service=iaccount traceId= o.s.m.s.b.SimpleBrokerMessageHandler - Stopping...
2026-06-08 13:15:04.945 INFO  [SpringApplicationShutdownHook] service=iaccount traceId= o.s.m.s.b.SimpleBrokerMessageHandler - BrokerAvailabilityEvent[available=false, SimpleBrokerMessageHandler [org.springframework.messaging.simp.broker.DefaultSubscriptionRegistry@727782da]]
2026-06-08 13:15:04.945 INFO  [SpringApplicationShutdownHook] service=iaccount traceId= o.s.m.s.b.SimpleBrokerMessageHandler - Stopped.
2026-06-08 13:15:05.045 INFO  [SpringApplicationShutdownHook] service=iaccount traceId= o.s.o.j.LocalContainerEntityManagerFactoryBean - Closing JPA EntityManagerFactory for persistence unit 'default'
2026-06-08 13:15:05.085 INFO  [SpringApplicationShutdownHook] service=iaccount traceId= com.zaxxer.hikari.HikariDataSource - HikariPool-1 - Shutdown initiated...
2026-06-08 13:15:05.097 INFO  [SpringApplicationShutdownHook] service=iaccount traceId= com.zaxxer.hikari.HikariDataSource - HikariPool-1 - Shutdown completed.
2026-06-08 13:15:17.239 INFO  [main] service=iaccount traceId= com.alipay.account_center.web.Main - Starting Main using Java 25.0.2 with PID 84963 (/Users/adam/IdeaProjects/iaccount/app/web/target/classes started by adam in /Users/adam/IdeaProjects/iaccount)
2026-06-08 13:15:17.244 INFO  [main] service=iaccount traceId= com.alipay.account_center.web.Main - No active profile set, falling back to 1 default profile: "default"
2026-06-08 13:15:18.523 INFO  [main] service=iaccount traceId= o.s.d.r.c.RepositoryConfigurationDelegate - Multiple Spring Data modules found, entering strict repository configuration mode
2026-06-08 13:15:18.543 INFO  [main] service=iaccount traceId= o.s.d.r.c.RepositoryConfigurationDelegate - Bootstrapping Spring Data JPA repositories in DEFAULT mode.
2026-06-08 13:15:18.574 INFO  [main] service=iaccount traceId= o.s.d.r.c.RepositoryConfigurationDelegate - Finished Spring Data repository scanning in 11 ms. Found 0 JPA repository interfaces.
2026-06-08 13:15:18.599 INFO  [main] service=iaccount traceId= o.s.d.r.c.RepositoryConfigurationDelegate - Multiple Spring Data modules found, entering strict repository configuration mode
2026-06-08 13:15:18.599 INFO  [main] service=iaccount traceId= o.s.d.r.c.RepositoryConfigurationDelegate - Bootstrapping Spring Data Redis repositories in DEFAULT mode.
2026-06-08 13:15:18.613 INFO  [main] service=iaccount traceId= o.s.d.r.c.RepositoryConfigurationDelegate - Finished Spring Data repository scanning in 0 ms. Found 0 Redis repository interfaces.
2026-06-08 13:15:18.998 WARN  [main] service=iaccount traceId= o.s.c.s.PostProcessorRegistrationDelegate$BeanPostProcessorChecker - Bean 'asyncInitMethodManager' of type [com.alipay.sofa.runtime.async.AsyncInitMethodManager] is not eligible for getting processed by all BeanPostProcessors (for example: not eligible for auto-proxying). Is this bean getting eagerly injected into a currently created BeanPostProcessor [asyncProxyBeanPostProcessor]? Check the corresponding BeanPostProcessor declaration and its dependencies.
2026-06-08 13:15:19.606 INFO  [main] service=iaccount traceId= o.s.b.w.embedded.tomcat.TomcatWebServer - Tomcat initialized with port 8887 (http)
2026-06-08 13:15:19.621 INFO  [main] service=iaccount traceId= o.apache.coyote.http11.Http11NioProtocol - Initializing ProtocolHandler ["http-nio-0.0.0.0-8887"]
2026-06-08 13:15:19.630 INFO  [main] service=iaccount traceId= o.apache.catalina.core.StandardService - Starting service [Tomcat]
2026-06-08 13:15:19.630 INFO  [main] service=iaccount traceId= org.apache.catalina.core.StandardEngine - Starting Servlet engine: [Apache Tomcat/10.1.46]
2026-06-08 13:15:19.661 INFO  [main] service=iaccount traceId= o.a.c.c.C.[Tomcat].[localhost].[/] - Initializing Spring embedded WebApplicationContext
2026-06-08 13:15:19.661 INFO  [main] service=iaccount traceId= o.s.b.w.s.c.ServletWebServerApplicationContext - Root WebApplicationContext: initialization completed in 2402 ms
2026-06-08 13:15:19.902 INFO  [main] service=iaccount traceId= o.hibernate.jpa.internal.util.LogHelper - HHH000204: Processing PersistenceUnitInfo [name: default]
2026-06-08 13:15:19.938 INFO  [main] service=iaccount traceId= org.hibernate.Version - HHH000412: Hibernate ORM core version 6.6.29.Final
2026-06-08 13:15:19.958 INFO  [main] service=iaccount traceId= o.h.c.internal.RegionFactoryInitiator - HHH000026: Second-level cache disabled
2026-06-08 13:15:20.135 INFO  [main] service=iaccount traceId= o.s.o.j.p.SpringPersistenceUnitInfo - No LoadTimeWeaver setup: ignoring JPA class transformer
2026-06-08 13:15:20.162 INFO  [main] service=iaccount traceId= com.zaxxer.hikari.HikariDataSource - HikariPool-1 - Starting...
2026-06-08 13:15:20.343 INFO  [main] service=iaccount traceId= com.zaxxer.hikari.pool.HikariPool - HikariPool-1 - Added connection org.postgresql.jdbc.PgConnection@6e879a78
2026-06-08 13:15:20.350 INFO  [main] service=iaccount traceId= com.zaxxer.hikari.HikariDataSource - HikariPool-1 - Start completed.
2026-06-08 13:15:20.459 WARN  [main] service=iaccount traceId= org.hibernate.orm.deprecation - HHH90000025: PostgreSQLDialect does not need to be specified explicitly using 'hibernate.dialect' (remove the property setting and it will be selected by default)
2026-06-08 13:15:20.470 INFO  [main] service=iaccount traceId= org.hibernate.orm.connections.pooling - HHH10001005: Database info:
	Database JDBC URL [Connecting through datasource 'HikariDataSource (HikariPool-1)']
	Database driver: undefined/unknown
	Database version: 18.2
	Autocommit mode: undefined/unknown
	Isolation level: undefined/unknown
	Minimum pool size: undefined/unknown
	Maximum pool size: undefined/unknown
2026-06-08 13:15:20.692 INFO  [main] service=iaccount traceId= o.h.e.t.j.p.i.JtaPlatformInitiator - HHH000489: No JTA platform available (set 'hibernate.transaction.jta.platform' to enable JTA platform integration)
2026-06-08 13:15:20.694 INFO  [main] service=iaccount traceId= o.s.o.j.LocalContainerEntityManagerFactoryBean - Initialized JPA EntityManagerFactory for persistence unit 'default'
2026-06-08 13:15:27.555 INFO  [main] service=iaccount traceId= c.a.account_center.web.LoggingAspect - Entering: TopUpHandler.getType()
2026-06-08 13:15:27.555 INFO  [main] service=iaccount traceId= c.a.account_center.web.LoggingAspect - Exiting: TopUpHandler.getType() (0ms)
2026-06-08 13:15:27.555 INFO  [main] service=iaccount traceId= c.a.account_center.web.LoggingAspect - Entering: TransactionHandler.getType()
2026-06-08 13:15:27.555 INFO  [main] service=iaccount traceId= c.a.account_center.web.LoggingAspect - Exiting: TransactionHandler.getType() (0ms)
2026-06-08 13:15:27.598 WARN  [main] service=iaccount traceId= o.s.b.a.o.j.JpaBaseConfiguration$JpaWebConfiguration - spring.jpa.open-in-view is enabled by default. Therefore, database queries may be performed during view rendering. Explicitly configure spring.jpa.open-in-view to disable this warning
2026-06-08 13:15:27.857 INFO  [main] service=iaccount traceId= o.s.b.a.e.web.EndpointLinksResolver - Exposing 2 endpoints beneath base path '/actuator'
2026-06-08 13:15:27.885 INFO  [main] service=iaccount traceId= o.s.s.c.a.a.c.InitializeUserDetailsBeanManagerConfigurer$InitializeUserDetailsManagerConfigurer - Global AuthenticationManager configured with UserDetailsService bean with name inMemoryUserDetailsManager
2026-06-08 13:15:28.693 INFO  [main] service=iaccount traceId= o.s.m.s.b.SimpleBrokerMessageHandler - Starting...
2026-06-08 13:15:28.694 INFO  [main] service=iaccount traceId= o.s.m.s.b.SimpleBrokerMessageHandler - BrokerAvailabilityEvent[available=true, SimpleBrokerMessageHandler [org.springframework.messaging.simp.broker.DefaultSubscriptionRegistry@65b388ef]]
2026-06-08 13:15:28.694 INFO  [main] service=iaccount traceId= o.s.m.s.b.SimpleBrokerMessageHandler - Started.
2026-06-08 13:15:28.694 INFO  [main] service=iaccount traceId= o.apache.coyote.http11.Http11NioProtocol - Starting ProtocolHandler ["http-nio-0.0.0.0-8887"]
2026-06-08 13:15:28.727 INFO  [main] service=iaccount traceId= o.s.b.w.embedded.tomcat.TomcatWebServer - Tomcat started on port 8887 (http) with context path '/'
2026-06-08 13:15:28.970 INFO  [main] service=iaccount traceId= com.alipay.account_center.web.Main - Started Main in 11.921 seconds (process running for 18.555)
2026-06-08 13:16:28.691 INFO  [MessageBroker-1] service=iaccount traceId= o.s.w.s.c.WebSocketMessageBrokerStats - WebSocketSession[0 current WS(0)-HttpStream(0)-HttpPoll(0), 0 total, 0 closed abnormally (0 connect failure, 0 send limit, 0 transport error)], stompSubProtocol[processed CONNECT(0)-CONNECTED(0)-DISCONNECT(0)], stompBrokerRelay[null], inboundChannel[pool size = 0, active threads = 0, queued tasks = 0, completed tasks = 0], outboundChannel[pool size = 0, active threads = 0, queued tasks = 0, completed tasks = 0], sockJsScheduler[pool size = 1, active threads = 1, queued tasks = 0, completed tasks = 0]
2026-06-08 13:26:38.651 INFO  [http-nio-0.0.0.0-8887-exec-1] service=iaccount traceId= o.a.c.c.C.[Tomcat].[localhost].[/] - Initializing Spring DispatcherServlet 'dispatcherServlet'
2026-06-08 13:26:38.653 INFO  [http-nio-0.0.0.0-8887-exec-1] service=iaccount traceId= o.s.web.servlet.DispatcherServlet - Initializing Servlet 'dispatcherServlet'
2026-06-08 13:26:38.662 INFO  [http-nio-0.0.0.0-8887-exec-1] service=iaccount traceId= o.s.web.servlet.DispatcherServlet - Completed initialization in 9 ms
2026-06-08 13:26:38.947 INFO  [http-nio-0.0.0.0-8887-exec-2] service=iaccount traceId=95899c30-89c0-4dc2-9d80-64baaab6410e c.a.account_center.web.TraceIdFilter - Starting request: POST /account/basic/queryAccountInfoByUserId.json
2026-06-08 13:26:39.237 INFO  [http-nio-0.0.0.0-8887-exec-2] service=iaccount traceId=95899c30-89c0-4dc2-9d80-64baaab6410e c.a.account_center.web.LoggingAspect - Entering: AccountServiceImpl.queryAccountInfoByUserId(..)
2026-06-08 13:26:39.239 INFO  [http-nio-0.0.0.0-8887-exec-2] service=iaccount traceId=95899c30-89c0-4dc2-9d80-64baaab6410e c.a.account_center.web.LoggingAspect - Entering: AccountServiceTemplate.execute(..)
2026-06-08 13:26:39.242 INFO  [http-nio-0.0.0.0-8887-exec-2] service=iaccount traceId=95899c30-89c0-4dc2-9d80-64baaab6410e RISK-BIZ-SERVICE - service request[[com.alipay.account_center.common.service.facade.request.QueryAccountInfoRequest@65cbdb9b]
2026-06-08 13:26:39.245 INFO  [http-nio-0.0.0.0-8887-exec-2] service=iaccount traceId=95899c30-89c0-4dc2-9d80-64baaab6410e c.a.account_center.web.LoggingAspect - Entering: AccountRepositoryImpl.queryAccountInfoByUserId(..)
2026-06-08 13:26:39.482 INFO  [http-nio-0.0.0.0-8887-exec-2] service=iaccount traceId=95899c30-89c0-4dc2-9d80-64baaab6410e c.a.account_center.web.LoggingAspect - Exiting: AccountRepositoryImpl.queryAccountInfoByUserId(..) (237ms)
2026-06-08 13:26:39.488 INFO  [http-nio-0.0.0.0-8887-exec-2] service=iaccount traceId=95899c30-89c0-4dc2-9d80-64baaab6410e RISK-BIZ-SERVICE - service result[[com.alipay.account_center.common.service.facade.baseresult.AccountBizResult@1961a0b6]] [request =[com.alipay.account_center.common.service.facade.request.QueryAccountInfoRequest@65cbdb9b]
2026-06-08 13:26:39.489 INFO  [http-nio-0.0.0.0-8887-exec-2] service=iaccount traceId=95899c30-89c0-4dc2-9d80-64baaab6410e c.a.account_center.web.LoggingAspect - Exiting: AccountServiceTemplate.execute(..) (250ms)
2026-06-08 13:26:39.489 INFO  [http-nio-0.0.0.0-8887-exec-2] service=iaccount traceId=95899c30-89c0-4dc2-9d80-64baaab6410e c.a.account_center.web.LoggingAspect - Exiting: AccountServiceImpl.queryAccountInfoByUserId(..) (252ms)
2026-06-08 13:26:39.523 INFO  [http-nio-0.0.0.0-8887-exec-2] service=iaccount traceId=95899c30-89c0-4dc2-9d80-64baaab6410e c.a.account_center.web.TraceIdFilter - Finished request: POST /account/basic/queryAccountInfoByUserId.json - Status: 200
2026-06-08 13:26:42.564 INFO  [SOFA-SEV-REST-BIZ-8341-12-T7] service=iaccount traceId=6d257ce1-1840-49a9-a59d-8c2957fc14a9 c.a.account_center.web.LoggingAspect - Entering: AccountServiceImpl.queryAccountInfo(..)
2026-06-08 13:26:42.564 INFO  [SOFA-SEV-REST-BIZ-8341-12-T7] service=iaccount traceId=6d257ce1-1840-49a9-a59d-8c2957fc14a9 c.a.account_center.web.LoggingAspect - Entering: AccountServiceTemplate.execute(..)
2026-06-08 13:26:42.565 INFO  [SOFA-SEV-REST-BIZ-8341-12-T7] service=iaccount traceId=6d257ce1-1840-49a9-a59d-8c2957fc14a9 RISK-BIZ-SERVICE - service request[[com.alipay.account_center.common.service.facade.request.QueryAccountInfoRequest@3deb797]
2026-06-08 13:26:42.565 INFO  [SOFA-SEV-REST-BIZ-8341-12-T7] service=iaccount traceId=6d257ce1-1840-49a9-a59d-8c2957fc14a9 c.a.account_center.web.LoggingAspect - Entering: AccountRepositoryImpl.queryAccountInfo(..)
2026-06-08 13:26:42.568 INFO  [SOFA-SEV-REST-BIZ-8341-12-T7] service=iaccount traceId=6d257ce1-1840-49a9-a59d-8c2957fc14a9 c.a.account_center.web.LoggingAspect - Exiting: AccountRepositoryImpl.queryAccountInfo(..) (3ms)
2026-06-08 13:26:42.568 INFO  [SOFA-SEV-REST-BIZ-8341-12-T7] service=iaccount traceId=6d257ce1-1840-49a9-a59d-8c2957fc14a9 RISK-BIZ-SERVICE - service result[[com.alipay.account_center.common.service.facade.baseresult.AccountBizResult@36ec3d9c]] [request =[com.alipay.account_center.common.service.facade.request.QueryAccountInfoRequest@3deb797]
2026-06-08 13:26:42.568 INFO  [SOFA-SEV-REST-BIZ-8341-12-T7] service=iaccount traceId=6d257ce1-1840-49a9-a59d-8c2957fc14a9 c.a.account_center.web.LoggingAspect - Exiting: AccountServiceTemplate.execute(..) (4ms)
2026-06-08 13:26:42.568 INFO  [SOFA-SEV-REST-BIZ-8341-12-T7] service=iaccount traceId=6d257ce1-1840-49a9-a59d-8c2957fc14a9 c.a.account_center.web.LoggingAspect - Exiting: AccountServiceImpl.queryAccountInfo(..) (4ms)
2026-06-08 13:26:42.615 INFO  [SOFA-SEV-REST-BIZ-8341-12-T7] service=iaccount traceId=6d257ce1-1840-49a9-a59d-8c2957fc14a9 c.a.account_center.web.LoggingAspect - Entering: AccountServiceImpl.queryAccountInfo(..)
2026-06-08 13:26:42.615 INFO  [SOFA-SEV-REST-BIZ-8341-12-T7] service=iaccount traceId=6d257ce1-1840-49a9-a59d-8c2957fc14a9 c.a.account_center.web.LoggingAspect - Entering: AccountServiceTemplate.execute(..)
2026-06-08 13:26:42.615 INFO  [SOFA-SEV-REST-BIZ-8341-12-T7] service=iaccount traceId=6d257ce1-1840-49a9-a59d-8c2957fc14a9 RISK-BIZ-SERVICE - service request[[com.alipay.account_center.common.service.facade.request.QueryAccountInfoRequest@5465f538]
2026-06-08 13:26:42.615 INFO  [SOFA-SEV-REST-BIZ-8341-12-T7] service=iaccount traceId=6d257ce1-1840-49a9-a59d-8c2957fc14a9 c.a.account_center.web.LoggingAspect - Entering: AccountRepositoryImpl.queryAccountInfo(..)
2026-06-08 13:26:42.616 INFO  [SOFA-SEV-REST-BIZ-8341-12-T7] service=iaccount traceId=6d257ce1-1840-49a9-a59d-8c2957fc14a9 c.a.account_center.web.LoggingAspect - Exiting: AccountRepositoryImpl.queryAccountInfo(..) (1ms)
2026-06-08 13:26:42.616 INFO  [SOFA-SEV-REST-BIZ-8341-12-T7] service=iaccount traceId=6d257ce1-1840-49a9-a59d-8c2957fc14a9 RISK-BIZ-SERVICE - service result[[com.alipay.account_center.common.service.facade.baseresult.AccountBizResult@7cfdf4ea]] [request =[com.alipay.account_center.common.service.facade.request.QueryAccountInfoRequest@5465f538]
2026-06-08 13:26:42.616 INFO  [SOFA-SEV-REST-BIZ-8341-12-T7] service=iaccount traceId=6d257ce1-1840-49a9-a59d-8c2957fc14a9 c.a.account_center.web.LoggingAspect - Exiting: AccountServiceTemplate.execute(..) (1ms)
2026-06-08 13:26:42.616 INFO  [SOFA-SEV-REST-BIZ-8341-12-T7] service=iaccount traceId=6d257ce1-1840-49a9-a59d-8c2957fc14a9 c.a.account_center.web.LoggingAspect - Exiting: AccountServiceImpl.queryAccountInfo(..) (1ms)
2026-06-08 13:49:50.023 WARN  [HikariPool-1:housekeeper] service=iaccount traceId= com.zaxxer.hikari.pool.HikariPool - HikariPool-1 - Thread starvation or clock leap detected (housekeeper delta=15m29s412ms).
2026-06-08 13:57:56.869 WARN  [HikariPool-1:housekeeper] service=iaccount traceId= com.zaxxer.hikari.pool.HikariPool - HikariPool-1 - Thread starvation or clock leap detected (housekeeper delta=8m6s847ms).
2026-06-08 14:09:04.966 INFO  [MessageBroker-1] service=iaccount traceId= o.s.w.s.c.WebSocketMessageBrokerStats - WebSocketSession[0 current WS(0)-HttpStream(0)-HttpPoll(0), 0 total, 0 closed abnormally (0 connect failure, 0 send limit, 0 transport error)], stompSubProtocol[processed CONNECT(0)-CONNECTED(0)-DISCONNECT(0)], stompBrokerRelay[null], inboundChannel[pool size = 0, active threads = 0, queued tasks = 0, completed tasks = 0], outboundChannel[pool size = 0, active threads = 0, queued tasks = 0, completed tasks = 0], sockJsScheduler[pool size = 2, active threads = 1, queued tasks = 0, completed tasks = 1]
2026-06-08 14:23:56.796 INFO  [http-nio-0.0.0.0-8887-exec-5] service=iaccount traceId=d1db5f5c-9709-4f63-bc66-fd8726f90217 c.a.account_center.web.TraceIdFilter - Starting request: POST /account/basic/queryAccountInfoByUserId.json
2026-06-08 14:23:56.907 INFO  [http-nio-0.0.0.0-8887-exec-5] service=iaccount traceId=d1db5f5c-9709-4f63-bc66-fd8726f90217 c.a.account_center.web.LoggingAspect - Entering: AccountServiceImpl.queryAccountInfoByUserId(..)
2026-06-08 14:23:56.911 INFO  [http-nio-0.0.0.0-8887-exec-5] service=iaccount traceId=d1db5f5c-9709-4f63-bc66-fd8726f90217 c.a.account_center.web.LoggingAspect - Entering: AccountServiceTemplate.execute(..)
2026-06-08 14:23:56.911 INFO  [http-nio-0.0.0.0-8887-exec-5] service=iaccount traceId=d1db5f5c-9709-4f63-bc66-fd8726f90217 RISK-BIZ-SERVICE - service request[[com.alipay.account_center.common.service.facade.request.QueryAccountInfoRequest@15e4b077]
2026-06-08 14:23:56.912 INFO  [http-nio-0.0.0.0-8887-exec-5] service=iaccount traceId=d1db5f5c-9709-4f63-bc66-fd8726f90217 c.a.account_center.web.LoggingAspect - Entering: AccountRepositoryImpl.queryAccountInfoByUserId(..)
2026-06-08 14:23:57.351 INFO  [http-nio-0.0.0.0-8887-exec-5] service=iaccount traceId=d1db5f5c-9709-4f63-bc66-fd8726f90217 c.a.account_center.web.LoggingAspect - Exiting: AccountRepositoryImpl.queryAccountInfoByUserId(..) (438ms)
2026-06-08 14:23:57.411 INFO  [http-nio-0.0.0.0-8887-exec-5] service=iaccount traceId=d1db5f5c-9709-4f63-bc66-fd8726f90217 RISK-BIZ-SERVICE - service result[[com.alipay.account_center.common.service.facade.baseresult.AccountBizResult@11db2613]] [request =[com.alipay.account_center.common.service.facade.request.QueryAccountInfoRequest@15e4b077]
2026-06-08 14:23:57.413 INFO  [http-nio-0.0.0.0-8887-exec-5] service=iaccount traceId=d1db5f5c-9709-4f63-bc66-fd8726f90217 c.a.account_center.web.LoggingAspect - Exiting: AccountServiceTemplate.execute(..) (502ms)
2026-06-08 14:23:57.413 INFO  [http-nio-0.0.0.0-8887-exec-5] service=iaccount traceId=d1db5f5c-9709-4f63-bc66-fd8726f90217 c.a.account_center.web.LoggingAspect - Exiting: AccountServiceImpl.queryAccountInfoByUserId(..) (505ms)
2026-06-08 14:23:57.427 INFO  [http-nio-0.0.0.0-8887-exec-5] service=iaccount traceId=d1db5f5c-9709-4f63-bc66-fd8726f90217 c.a.account_center.web.TraceIdFilter - Finished request: POST /account/basic/queryAccountInfoByUserId.json - Status: 200
2026-06-08 14:24:01.128 INFO  [SOFA-SEV-REST-BIZ-8341-12-T10] service=iaccount traceId=65cee2db-edc3-4863-b54a-240a5873055f c.a.account_center.web.LoggingAspect - Entering: AccountServiceImpl.queryAccountInfo(..)
2026-06-08 14:24:01.131 INFO  [SOFA-SEV-REST-BIZ-8341-12-T10] service=iaccount traceId=65cee2db-edc3-4863-b54a-240a5873055f c.a.account_center.web.LoggingAspect - Entering: AccountServiceTemplate.execute(..)
2026-06-08 14:24:01.131 INFO  [SOFA-SEV-REST-BIZ-8341-12-T10] service=iaccount traceId=65cee2db-edc3-4863-b54a-240a5873055f RISK-BIZ-SERVICE - service request[[com.alipay.account_center.common.service.facade.request.QueryAccountInfoRequest@27687009]
2026-06-08 14:24:01.131 INFO  [SOFA-SEV-REST-BIZ-8341-12-T10] service=iaccount traceId=65cee2db-edc3-4863-b54a-240a5873055f c.a.account_center.web.LoggingAspect - Entering: AccountRepositoryImpl.queryAccountInfo(..)
2026-06-08 14:24:01.134 INFO  [SOFA-SEV-REST-BIZ-8341-12-T10] service=iaccount traceId=65cee2db-edc3-4863-b54a-240a5873055f c.a.account_center.web.LoggingAspect - Exiting: AccountRepositoryImpl.queryAccountInfo(..) (3ms)
2026-06-08 14:24:01.135 INFO  [SOFA-SEV-REST-BIZ-8341-12-T10] service=iaccount traceId=65cee2db-edc3-4863-b54a-240a5873055f RISK-BIZ-SERVICE - service result[[com.alipay.account_center.common.service.facade.baseresult.AccountBizResult@29af8a94]] [request =[com.alipay.account_center.common.service.facade.request.QueryAccountInfoRequest@27687009]
2026-06-08 14:24:01.135 INFO  [SOFA-SEV-REST-BIZ-8341-12-T10] service=iaccount traceId=65cee2db-edc3-4863-b54a-240a5873055f c.a.account_center.web.LoggingAspect - Exiting: AccountServiceTemplate.execute(..) (4ms)
2026-06-08 14:24:01.135 INFO  [SOFA-SEV-REST-BIZ-8341-12-T10] service=iaccount traceId=65cee2db-edc3-4863-b54a-240a5873055f c.a.account_center.web.LoggingAspect - Exiting: AccountServiceImpl.queryAccountInfo(..) (4ms)
2026-06-08 14:24:01.183 INFO  [SOFA-SEV-REST-BIZ-8341-12-T10] service=iaccount traceId=65cee2db-edc3-4863-b54a-240a5873055f c.a.account_center.web.LoggingAspect - Entering: AccountServiceImpl.queryAccountInfo(..)
2026-06-08 14:24:01.183 INFO  [SOFA-SEV-REST-BIZ-8341-12-T10] service=iaccount traceId=65cee2db-edc3-4863-b54a-240a5873055f c.a.account_center.web.LoggingAspect - Entering: AccountServiceTemplate.execute(..)
2026-06-08 14:24:01.184 INFO  [SOFA-SEV-REST-BIZ-8341-12-T10] service=iaccount traceId=65cee2db-edc3-4863-b54a-240a5873055f RISK-BIZ-SERVICE - service request[[com.alipay.account_center.common.service.facade.request.QueryAccountInfoRequest@2d901b79]
2026-06-08 14:24:01.184 INFO  [SOFA-SEV-REST-BIZ-8341-12-T10] service=iaccount traceId=65cee2db-edc3-4863-b54a-240a5873055f c.a.account_center.web.LoggingAspect - Entering: AccountRepositoryImpl.queryAccountInfo(..)
2026-06-08 14:24:01.186 INFO  [SOFA-SEV-REST-BIZ-8341-12-T10] service=iaccount traceId=65cee2db-edc3-4863-b54a-240a5873055f c.a.account_center.web.LoggingAspect - Exiting: AccountRepositoryImpl.queryAccountInfo(..) (2ms)
2026-06-08 14:24:01.186 INFO  [SOFA-SEV-REST-BIZ-8341-12-T10] service=iaccount traceId=65cee2db-edc3-4863-b54a-240a5873055f RISK-BIZ-SERVICE - service result[[com.alipay.account_center.common.service.facade.baseresult.AccountBizResult@689280af]] [request =[com.alipay.account_center.common.service.facade.request.QueryAccountInfoRequest@2d901b79]
2026-06-08 14:24:01.186 INFO  [SOFA-SEV-REST-BIZ-8341-12-T10] service=iaccount traceId=65cee2db-edc3-4863-b54a-240a5873055f c.a.account_center.web.LoggingAspect - Exiting: AccountServiceTemplate.execute(..) (3ms)
2026-06-08 14:24:01.186 INFO  [SOFA-SEV-REST-BIZ-8341-12-T10] service=iaccount traceId=65cee2db-edc3-4863-b54a-240a5873055f c.a.account_center.web.LoggingAspect - Exiting: AccountServiceImpl.queryAccountInfo(..) (3ms)
2026-06-08 14:39:05.012 INFO  [MessageBroker-2] service=iaccount traceId= o.s.w.s.c.WebSocketMessageBrokerStats - WebSocketSession[0 current WS(0)-HttpStream(0)-HttpPoll(0), 0 total, 0 closed abnormally (0 connect failure, 0 send limit, 0 transport error)], stompSubProtocol[processed CONNECT(0)-CONNECTED(0)-DISCONNECT(0)], stompBrokerRelay[null], inboundChannel[pool size = 0, active threads = 0, queued tasks = 0, completed tasks = 0], outboundChannel[pool size = 0, active threads = 0, queued tasks = 0, completed tasks = 0], sockJsScheduler[pool size = 3, active threads = 1, queued tasks = 0, completed tasks = 2]
2026-06-08 15:09:05.062 INFO  [MessageBroker-1] service=iaccount traceId= o.s.w.s.c.WebSocketMessageBrokerStats - WebSocketSession[0 current WS(0)-HttpStream(0)-HttpPoll(0), 0 total, 0 closed abnormally (0 connect failure, 0 send limit, 0 transport error)], stompSubProtocol[processed CONNECT(0)-CONNECTED(0)-DISCONNECT(0)], stompBrokerRelay[null], inboundChannel[pool size = 0, active threads = 0, queued tasks = 0, completed tasks = 0], outboundChannel[pool size = 0, active threads = 0, queued tasks = 0, completed tasks = 0], sockJsScheduler[pool size = 4, active threads = 1, queued tasks = 0, completed tasks = 3]
2026-06-08 15:39:05.093 INFO  [MessageBroker-3] service=iaccount traceId= o.s.w.s.c.WebSocketMessageBrokerStats - WebSocketSession[0 current WS(0)-HttpStream(0)-HttpPoll(0), 0 total, 0 closed abnormally (0 connect failure, 0 send limit, 0 transport error)], stompSubProtocol[processed CONNECT(0)-CONNECTED(0)-DISCONNECT(0)], stompBrokerRelay[null], inboundChannel[pool size = 0, active threads = 0, queued tasks = 0, completed tasks = 0], outboundChannel[pool size = 0, active threads = 0, queued tasks = 0, completed tasks = 0], sockJsScheduler[pool size = 5, active threads = 1, queued tasks = 0, completed tasks = 4]
2026-06-08 16:05:18.546 INFO  [SOFA-SEV-REST-BIZ-8341-12-T10] service=iaccount traceId=3770dbd0-34fa-4ed1-b4bf-42f7b0147b75 c.a.account_center.web.LoggingAspect - Entering: AccountServiceImpl.queryAccountInfo(..)
2026-06-08 16:05:18.558 INFO  [SOFA-SEV-REST-BIZ-8341-12-T10] service=iaccount traceId=3770dbd0-34fa-4ed1-b4bf-42f7b0147b75 c.a.account_center.web.LoggingAspect - Entering: AccountServiceTemplate.execute(..)
2026-06-08 16:05:18.563 INFO  [SOFA-SEV-REST-BIZ-8341-12-T10] service=iaccount traceId=3770dbd0-34fa-4ed1-b4bf-42f7b0147b75 RISK-BIZ-SERVICE - service request[[com.alipay.account_center.common.service.facade.request.QueryAccountInfoRequest@c1e4d8c]
2026-06-08 16:05:18.567 INFO  [SOFA-SEV-REST-BIZ-8341-12-T10] service=iaccount traceId=3770dbd0-34fa-4ed1-b4bf-42f7b0147b75 c.a.account_center.web.LoggingAspect - Entering: AccountRepositoryImpl.queryAccountInfo(..)
2026-06-08 16:05:19.496 INFO  [SOFA-SEV-REST-BIZ-8341-12-T11] service=iaccount traceId=eefd5540-c144-4599-9ce3-e03a0c661ae5 c.a.account_center.web.LoggingAspect - Entering: AccountServiceImpl.queryTransactionHistory(..)
2026-06-08 16:05:19.504 INFO  [SOFA-SEV-REST-BIZ-8341-12-T11] service=iaccount traceId=eefd5540-c144-4599-9ce3-e03a0c661ae5 c.a.account_center.web.LoggingAspect - Entering: AccountServiceTemplate.execute(..)
2026-06-08 16:05:19.505 INFO  [SOFA-SEV-REST-BIZ-8341-12-T11] service=iaccount traceId=eefd5540-c144-4599-9ce3-e03a0c661ae5 RISK-BIZ-SERVICE - service request[[com.alipay.account_center.common.service.facade.request.QueryTransactionHistoryRequest@1fc4ae90]
2026-06-08 16:05:19.505 INFO  [SOFA-SEV-REST-BIZ-8341-12-T11] service=iaccount traceId=eefd5540-c144-4599-9ce3-e03a0c661ae5 c.a.account_center.web.LoggingAspect - Entering: AccountRepositoryImpl.queryAccountInfo(..)
2026-06-08 16:05:19.710 INFO  [SOFA-SEV-REST-BIZ-8341-12-T10] service=iaccount traceId=3770dbd0-34fa-4ed1-b4bf-42f7b0147b75 c.a.account_center.web.LoggingAspect - Exiting: AccountRepositoryImpl.queryAccountInfo(..) (1141ms)
2026-06-08 16:05:19.710 INFO  [SOFA-SEV-REST-BIZ-8341-12-T11] service=iaccount traceId=eefd5540-c144-4599-9ce3-e03a0c661ae5 c.a.account_center.web.LoggingAspect - Exiting: AccountRepositoryImpl.queryAccountInfo(..) (205ms)
2026-06-08 16:05:19.710 INFO  [SOFA-SEV-REST-BIZ-8341-12-T10] service=iaccount traceId=3770dbd0-34fa-4ed1-b4bf-42f7b0147b75 RISK-BIZ-SERVICE - service result[[com.alipay.account_center.common.service.facade.baseresult.AccountBizResult@59308db1]] [request =[com.alipay.account_center.common.service.facade.request.QueryAccountInfoRequest@c1e4d8c]
2026-06-08 16:05:19.711 INFO  [SOFA-SEV-REST-BIZ-8341-12-T10] service=iaccount traceId=3770dbd0-34fa-4ed1-b4bf-42f7b0147b75 c.a.account_center.web.LoggingAspect - Exiting: AccountServiceTemplate.execute(..) (1153ms)
2026-06-08 16:05:19.711 INFO  [SOFA-SEV-REST-BIZ-8341-12-T10] service=iaccount traceId=3770dbd0-34fa-4ed1-b4bf-42f7b0147b75 c.a.account_center.web.LoggingAspect - Exiting: AccountServiceImpl.queryAccountInfo(..) (1160ms)
2026-06-08 16:05:19.723 INFO  [SOFA-SEV-REST-BIZ-8341-12-T11] service=iaccount traceId=eefd5540-c144-4599-9ce3-e03a0c661ae5 c.a.account_center.web.LoggingAspect - Entering: AccountTransactionRepositoryImpl.queryTransactionHistory(..)
2026-06-08 16:05:20.226 INFO  [SOFA-SEV-REST-BIZ-8341-12-T11] service=iaccount traceId=eefd5540-c144-4599-9ce3-e03a0c661ae5 c.a.account_center.web.LoggingAspect - Exiting: AccountTransactionRepositoryImpl.queryTransactionHistory(..) (502ms)
2026-06-08 16:05:20.227 INFO  [SOFA-SEV-REST-BIZ-8341-12-T11] service=iaccount traceId=eefd5540-c144-4599-9ce3-e03a0c661ae5 c.a.account_center.web.LoggingAspect - Entering: AccountTransactionRepositoryImpl.queryTransactionTotalCount(..)
2026-06-08 16:05:20.273 INFO  [SOFA-SEV-REST-BIZ-8341-12-T11] service=iaccount traceId=eefd5540-c144-4599-9ce3-e03a0c661ae5 c.a.account_center.web.LoggingAspect - Exiting: AccountTransactionRepositoryImpl.queryTransactionTotalCount(..) (46ms)
2026-06-08 16:05:20.282 INFO  [SOFA-SEV-REST-BIZ-8341-12-T11] service=iaccount traceId=eefd5540-c144-4599-9ce3-e03a0c661ae5 RISK-BIZ-SERVICE - service result[[com.alipay.account_center.common.service.facade.baseresult.AccountBizResult@4e7fb54d]] [request =[com.alipay.account_center.common.service.facade.request.QueryTransactionHistoryRequest@1fc4ae90]
2026-06-08 16:05:20.283 INFO  [SOFA-SEV-REST-BIZ-8341-12-T11] service=iaccount traceId=eefd5540-c144-4599-9ce3-e03a0c661ae5 c.a.account_center.web.LoggingAspect - Exiting: AccountServiceTemplate.execute(..) (779ms)
2026-06-08 16:05:20.283 INFO  [SOFA-SEV-REST-BIZ-8341-12-T11] service=iaccount traceId=eefd5540-c144-4599-9ce3-e03a0c661ae5 c.a.account_center.web.LoggingAspect - Exiting: AccountServiceImpl.queryTransactionHistory(..) (787ms)
2026-06-08 16:09:05.115 INFO  [MessageBroker-2] service=iaccount traceId= o.s.w.s.c.WebSocketMessageBrokerStats - WebSocketSession[0 current WS(0)-HttpStream(0)-HttpPoll(0), 0 total, 0 closed abnormally (0 connect failure, 0 send limit, 0 transport error)], stompSubProtocol[processed CONNECT(0)-CONNECTED(0)-DISCONNECT(0)], stompBrokerRelay[null], inboundChannel[pool size = 0, active threads = 0, queued tasks = 0, completed tasks = 0], outboundChannel[pool size = 0, active threads = 0, queued tasks = 0, completed tasks = 0], sockJsScheduler[pool size = 6, active threads = 1, queued tasks = 0, completed tasks = 5]
2026-06-08 16:39:05.162 INFO  [MessageBroker-4] service=iaccount traceId= o.s.w.s.c.WebSocketMessageBrokerStats - WebSocketSession[0 current WS(0)-HttpStream(0)-HttpPoll(0), 0 total, 0 closed abnormally (0 connect failure, 0 send limit, 0 transport error)], stompSubProtocol[processed CONNECT(0)-CONNECTED(0)-DISCONNECT(0)], stompBrokerRelay[null], inboundChannel[pool size = 0, active threads = 0, queued tasks = 0, completed tasks = 0], outboundChannel[pool size = 0, active threads = 0, queued tasks = 0, completed tasks = 0], sockJsScheduler[pool size = 7, active threads = 1, queued tasks = 0, completed tasks = 6]
2026-06-08 17:09:05.195 INFO  [MessageBroker-1] service=iaccount traceId= o.s.w.s.c.WebSocketMessageBrokerStats - WebSocketSession[0 current WS(0)-HttpStream(0)-HttpPoll(0), 0 total, 0 closed abnormally (0 connect failure, 0 send limit, 0 transport error)], stompSubProtocol[processed CONNECT(0)-CONNECTED(0)-DISCONNECT(0)], stompBrokerRelay[null], inboundChannel[pool size = 0, active threads = 0, queued tasks = 0, completed tasks = 0], outboundChannel[pool size = 0, active threads = 0, queued tasks = 0, completed tasks = 0], sockJsScheduler[pool size = 8, active threads = 1, queued tasks = 0, completed tasks = 7]
2026-06-08 17:13:28.786 INFO  [SOFA-SEV-REST-BIZ-8341-12-T10] service=iaccount traceId=a5a8d713-dad2-44b3-843e-b1f273dea109 c.a.account_center.web.LoggingAspect - Entering: AccountServiceImpl.queryTransactionHistory(..)
2026-06-08 17:13:28.787 INFO  [SOFA-SEV-REST-BIZ-8341-12-T11] service=iaccount traceId=93752f11-404c-4d4c-8d44-0c008f6a732f c.a.account_center.web.LoggingAspect - Entering: AccountServiceImpl.queryAccountInfo(..)
2026-06-08 17:13:28.957 INFO  [SOFA-SEV-REST-BIZ-8341-12-T10] service=iaccount traceId=a5a8d713-dad2-44b3-843e-b1f273dea109 c.a.account_center.web.LoggingAspect - Entering: AccountServiceTemplate.execute(..)
2026-06-08 17:13:28.957 INFO  [SOFA-SEV-REST-BIZ-8341-12-T11] service=iaccount traceId=93752f11-404c-4d4c-8d44-0c008f6a732f c.a.account_center.web.LoggingAspect - Entering: AccountServiceTemplate.execute(..)
2026-06-08 17:13:28.977 INFO  [SOFA-SEV-REST-BIZ-8341-12-T11] service=iaccount traceId=93752f11-404c-4d4c-8d44-0c008f6a732f RISK-BIZ-SERVICE - service request[[com.alipay.account_center.common.service.facade.request.QueryAccountInfoRequest@58fd0c04]
2026-06-08 17:13:28.977 INFO  [SOFA-SEV-REST-BIZ-8341-12-T10] service=iaccount traceId=a5a8d713-dad2-44b3-843e-b1f273dea109 RISK-BIZ-SERVICE - service request[[com.alipay.account_center.common.service.facade.request.QueryTransactionHistoryRequest@74561e3d]
2026-06-08 17:13:28.998 INFO  [SOFA-SEV-REST-BIZ-8341-12-T10] service=iaccount traceId=a5a8d713-dad2-44b3-843e-b1f273dea109 c.a.account_center.web.LoggingAspect - Entering: AccountRepositoryImpl.queryAccountInfo(..)
2026-06-08 17:13:28.998 INFO  [SOFA-SEV-REST-BIZ-8341-12-T11] service=iaccount traceId=93752f11-404c-4d4c-8d44-0c008f6a732f c.a.account_center.web.LoggingAspect - Entering: AccountRepositoryImpl.queryAccountInfo(..)
2026-06-08 17:13:30.120 INFO  [SOFA-SEV-REST-BIZ-8341-12-T10] service=iaccount traceId=a5a8d713-dad2-44b3-843e-b1f273dea109 c.a.account_center.web.LoggingAspect - Exiting: AccountRepositoryImpl.queryAccountInfo(..) (709ms)
2026-06-08 17:13:30.120 INFO  [SOFA-SEV-REST-BIZ-8341-12-T11] service=iaccount traceId=93752f11-404c-4d4c-8d44-0c008f6a732f c.a.account_center.web.LoggingAspect - Exiting: AccountRepositoryImpl.queryAccountInfo(..) (707ms)
2026-06-08 17:13:30.121 INFO  [SOFA-SEV-REST-BIZ-8341-12-T10] service=iaccount traceId=a5a8d713-dad2-44b3-843e-b1f273dea109 c.a.account_center.web.LoggingAspect - Entering: AccountTransactionRepositoryImpl.queryTransactionHistory(..)
2026-06-08 17:13:30.122 INFO  [SOFA-SEV-REST-BIZ-8341-12-T11] service=iaccount traceId=93752f11-404c-4d4c-8d44-0c008f6a732f RISK-BIZ-SERVICE - service result[[com.alipay.account_center.common.service.facade.baseresult.AccountBizResult@7bf4a365]] [request =[com.alipay.account_center.common.service.facade.request.QueryAccountInfoRequest@58fd0c04]
2026-06-08 17:13:30.122 INFO  [SOFA-SEV-REST-BIZ-8341-12-T11] service=iaccount traceId=93752f11-404c-4d4c-8d44-0c008f6a732f c.a.account_center.web.LoggingAspect - Exiting: AccountServiceTemplate.execute(..) (1151ms)
2026-06-08 17:13:30.128 INFO  [SOFA-SEV-REST-BIZ-8341-12-T11] service=iaccount traceId=93752f11-404c-4d4c-8d44-0c008f6a732f c.a.account_center.web.LoggingAspect - Exiting: AccountServiceImpl.queryAccountInfo(..) (1180ms)
2026-06-08 17:13:30.323 INFO  [SOFA-SEV-REST-BIZ-8341-12-T10] service=iaccount traceId=a5a8d713-dad2-44b3-843e-b1f273dea109 c.a.account_center.web.LoggingAspect - Exiting: AccountTransactionRepositoryImpl.queryTransactionHistory(..) (202ms)
2026-06-08 17:13:30.324 INFO  [SOFA-SEV-REST-BIZ-8341-12-T10] service=iaccount traceId=a5a8d713-dad2-44b3-843e-b1f273dea109 c.a.account_center.web.LoggingAspect - Entering: AccountTransactionRepositoryImpl.queryTransactionTotalCount(..)
2026-06-08 17:13:30.426 INFO  [SOFA-SEV-REST-BIZ-8341-12-T10] service=iaccount traceId=a5a8d713-dad2-44b3-843e-b1f273dea109 c.a.account_center.web.LoggingAspect - Exiting: AccountTransactionRepositoryImpl.queryTransactionTotalCount(..) (102ms)
2026-06-08 17:13:30.430 INFO  [SOFA-SEV-REST-BIZ-8341-12-T10] service=iaccount traceId=a5a8d713-dad2-44b3-843e-b1f273dea109 RISK-BIZ-SERVICE - service result[[com.alipay.account_center.common.service.facade.baseresult.AccountBizResult@8bd7fe0]] [request =[com.alipay.account_center.common.service.facade.request.QueryTransactionHistoryRequest@74561e3d]
2026-06-08 17:13:30.431 INFO  [SOFA-SEV-REST-BIZ-8341-12-T10] service=iaccount traceId=a5a8d713-dad2-44b3-843e-b1f273dea109 c.a.account_center.web.LoggingAspect - Exiting: AccountServiceTemplate.execute(..) (1460ms)
2026-06-08 17:13:30.431 INFO  [SOFA-SEV-REST-BIZ-8341-12-T10] service=iaccount traceId=a5a8d713-dad2-44b3-843e-b1f273dea109 c.a.account_center.web.LoggingAspect - Exiting: AccountServiceImpl.queryTransactionHistory(..) (1483ms)
2026-06-08 17:15:42.704 WARN  [HikariPool-1:housekeeper] service=iaccount traceId= com.zaxxer.hikari.pool.HikariPool - HikariPool-1 - Thread starvation or clock leap detected (housekeeper delta=2m14s305ms).
2026-06-08 17:18:16.495 WARN  [HikariPool-1:housekeeper] service=iaccount traceId= com.zaxxer.hikari.pool.HikariPool - HikariPool-1 - Thread starvation or clock leap detected (housekeeper delta=2m33s793ms).
2026-06-08 17:26:31.768 WARN  [HikariPool-1:housekeeper] service=iaccount traceId= com.zaxxer.hikari.pool.HikariPool - HikariPool-1 - Thread starvation or clock leap detected (housekeeper delta=7m45s262ms).
2026-06-08 17:33:55.609 WARN  [HikariPool-1:housekeeper] service=iaccount traceId= com.zaxxer.hikari.pool.HikariPool - HikariPool-1 - Thread starvation or clock leap detected (housekeeper delta=7m23s842ms).
2026-06-08 17:35:43.049 WARN  [HikariPool-1:housekeeper] service=iaccount traceId= com.zaxxer.hikari.pool.HikariPool - HikariPool-1 - Thread starvation or clock leap detected (housekeeper delta=1m17s431ms).
2026-06-08 17:38:20.368 WARN  [HikariPool-1:housekeeper] service=iaccount traceId= com.zaxxer.hikari.pool.HikariPool - HikariPool-1 - Thread starvation or clock leap detected (housekeeper delta=2m7s313ms).
2026-06-08 17:39:34.686 WARN  [HikariPool-1:housekeeper] service=iaccount traceId= com.zaxxer.hikari.pool.HikariPool - HikariPool-1 - Thread starvation or clock leap detected (housekeeper delta=1m14s317ms).
2026-06-08 17:45:25.437 WARN  [HikariPool-1:housekeeper] service=iaccount traceId= com.zaxxer.hikari.pool.HikariPool - HikariPool-1 - Thread starvation or clock leap detected (housekeeper delta=5m20s748ms).
2026-06-08 18:20:24.957 WARN  [HikariPool-1:housekeeper] service=iaccount traceId= com.zaxxer.hikari.pool.HikariPool - HikariPool-1 - Thread starvation or clock leap detected (housekeeper delta=34m59s519ms).
2026-06-08 19:14:41.225 WARN  [HikariPool-1:housekeeper] service=iaccount traceId= com.zaxxer.hikari.pool.HikariPool - HikariPool-1 - Thread starvation or clock leap detected (housekeeper delta=54m16s269ms).
2026-06-08 20:15:39.593 WARN  [HikariPool-1:housekeeper] service=iaccount traceId= com.zaxxer.hikari.pool.HikariPool - HikariPool-1 - Thread starvation or clock leap detected (housekeeper delta=1h28s365ms).
2026-06-08 20:17:26.411 WARN  [HikariPool-1:housekeeper] service=iaccount traceId= com.zaxxer.hikari.pool.HikariPool - HikariPool-1 - Thread starvation or clock leap detected (housekeeper delta=1m16s807ms).
2026-06-08 20:18:41.837 WARN  [HikariPool-1:housekeeper] service=iaccount traceId= com.zaxxer.hikari.pool.HikariPool - HikariPool-1 - Thread starvation or clock leap detected (housekeeper delta=1m15s426ms).
2026-06-08 20:20:24.882 WARN  [HikariPool-1:housekeeper] service=iaccount traceId= com.zaxxer.hikari.pool.HikariPool - HikariPool-1 - Thread starvation or clock leap detected (housekeeper delta=1m13s41ms).
2026-06-08 20:26:48.673 WARN  [HikariPool-1:housekeeper] service=iaccount traceId= com.zaxxer.hikari.pool.HikariPool - HikariPool-1 - Thread starvation or clock leap detected (housekeeper delta=5m53s781ms).
2026-06-08 20:47:34.946 WARN  [HikariPool-1:housekeeper] service=iaccount traceId= com.zaxxer.hikari.pool.HikariPool - HikariPool-1 - Thread starvation or clock leap detected (housekeeper delta=20m46s278ms).
2026-06-08 20:52:07.012 WARN  [HikariPool-1:housekeeper] service=iaccount traceId= com.zaxxer.hikari.pool.HikariPool - HikariPool-1 - Thread starvation or clock leap detected (housekeeper delta=4m2s61ms).
2026-06-08 21:12:12.626 WARN  [HikariPool-1:housekeeper] service=iaccount traceId= com.zaxxer.hikari.pool.HikariPool - HikariPool-1 - Thread starvation or clock leap detected (housekeeper delta=19m35s603ms).
2026-06-08 21:13:20.269 INFO  [http-nio-0.0.0.0-8887-exec-7] service=iaccount traceId=724aeb05-f05e-4fcf-a7c5-8eb0d464202c c.a.account_center.web.TraceIdFilter - Starting request: POST /account/basic/queryAccountInfoByUserId.json
2026-06-08 21:13:20.525 INFO  [http-nio-0.0.0.0-8887-exec-7] service=iaccount traceId=724aeb05-f05e-4fcf-a7c5-8eb0d464202c c.a.account_center.web.LoggingAspect - Entering: AccountServiceImpl.queryAccountInfoByUserId(..)
2026-06-08 21:13:20.526 INFO  [http-nio-0.0.0.0-8887-exec-7] service=iaccount traceId=724aeb05-f05e-4fcf-a7c5-8eb0d464202c c.a.account_center.web.LoggingAspect - Entering: AccountServiceTemplate.execute(..)
2026-06-08 21:13:20.528 INFO  [http-nio-0.0.0.0-8887-exec-7] service=iaccount traceId=724aeb05-f05e-4fcf-a7c5-8eb0d464202c RISK-BIZ-SERVICE - service request[[com.alipay.account_center.common.service.facade.request.QueryAccountInfoRequest@2543d0b7]
2026-06-08 21:13:20.529 INFO  [http-nio-0.0.0.0-8887-exec-7] service=iaccount traceId=724aeb05-f05e-4fcf-a7c5-8eb0d464202c c.a.account_center.web.LoggingAspect - Entering: AccountRepositoryImpl.queryAccountInfoByUserId(..)
2026-06-08 21:13:20.780 INFO  [http-nio-0.0.0.0-8887-exec-7] service=iaccount traceId=724aeb05-f05e-4fcf-a7c5-8eb0d464202c c.a.account_center.web.LoggingAspect - Exiting: AccountRepositoryImpl.queryAccountInfoByUserId(..) (250ms)
2026-06-08 21:13:20.785 INFO  [http-nio-0.0.0.0-8887-exec-7] service=iaccount traceId=724aeb05-f05e-4fcf-a7c5-8eb0d464202c RISK-BIZ-SERVICE - service result[[com.alipay.account_center.common.service.facade.baseresult.AccountBizResult@7f0a3504]] [request =[com.alipay.account_center.common.service.facade.request.QueryAccountInfoRequest@2543d0b7]
2026-06-08 21:13:20.785 INFO  [http-nio-0.0.0.0-8887-exec-7] service=iaccount traceId=724aeb05-f05e-4fcf-a7c5-8eb0d464202c c.a.account_center.web.LoggingAspect - Exiting: AccountServiceTemplate.execute(..) (259ms)
2026-06-08 21:13:20.785 INFO  [http-nio-0.0.0.0-8887-exec-7] service=iaccount traceId=724aeb05-f05e-4fcf-a7c5-8eb0d464202c c.a.account_center.web.LoggingAspect - Exiting: AccountServiceImpl.queryAccountInfoByUserId(..) (259ms)
2026-06-08 21:13:20.904 INFO  [http-nio-0.0.0.0-8887-exec-7] service=iaccount traceId=724aeb05-f05e-4fcf-a7c5-8eb0d464202c c.a.account_center.web.TraceIdFilter - Finished request: POST /account/basic/queryAccountInfoByUserId.json - Status: 200
2026-06-08 21:13:25.307 INFO  [SOFA-SEV-REST-BIZ-8341-12-T10] service=iaccount traceId=ceff1539-9ac1-4f38-ab2c-df89034abb4f c.a.account_center.web.LoggingAspect - Entering: AccountServiceImpl.queryAccountInfo(..)
2026-06-08 21:13:25.307 INFO  [SOFA-SEV-REST-BIZ-8341-12-T10] service=iaccount traceId=ceff1539-9ac1-4f38-ab2c-df89034abb4f c.a.account_center.web.LoggingAspect - Entering: AccountServiceTemplate.execute(..)
2026-06-08 21:13:25.308 INFO  [SOFA-SEV-REST-BIZ-8341-12-T10] service=iaccount traceId=ceff1539-9ac1-4f38-ab2c-df89034abb4f RISK-BIZ-SERVICE - service request[[com.alipay.account_center.common.service.facade.request.QueryAccountInfoRequest@76b12156]
2026-06-08 21:13:25.308 INFO  [SOFA-SEV-REST-BIZ-8341-12-T10] service=iaccount traceId=ceff1539-9ac1-4f38-ab2c-df89034abb4f c.a.account_center.web.LoggingAspect - Entering: AccountRepositoryImpl.queryAccountInfo(..)
2026-06-08 21:13:25.310 INFO  [SOFA-SEV-REST-BIZ-8341-12-T10] service=iaccount traceId=ceff1539-9ac1-4f38-ab2c-df89034abb4f c.a.account_center.web.LoggingAspect - Exiting: AccountRepositoryImpl.queryAccountInfo(..) (2ms)
2026-06-08 21:13:25.311 INFO  [SOFA-SEV-REST-BIZ-8341-12-T10] service=iaccount traceId=ceff1539-9ac1-4f38-ab2c-df89034abb4f RISK-BIZ-SERVICE - service result[[com.alipay.account_center.common.service.facade.baseresult.AccountBizResult@2b317734]] [request =[com.alipay.account_center.common.service.facade.request.QueryAccountInfoRequest@76b12156]
2026-06-08 21:13:25.311 INFO  [SOFA-SEV-REST-BIZ-8341-12-T10] service=iaccount traceId=ceff1539-9ac1-4f38-ab2c-df89034abb4f c.a.account_center.web.LoggingAspect - Exiting: AccountServiceTemplate.execute(..) (3ms)
2026-06-08 21:13:25.311 INFO  [SOFA-SEV-REST-BIZ-8341-12-T10] service=iaccount traceId=ceff1539-9ac1-4f38-ab2c-df89034abb4f c.a.account_center.web.LoggingAspect - Exiting: AccountServiceImpl.queryAccountInfo(..) (4ms)
2026-06-08 21:13:25.363 INFO  [SOFA-SEV-REST-BIZ-8341-12-T10] service=iaccount traceId=ceff1539-9ac1-4f38-ab2c-df89034abb4f c.a.account_center.web.LoggingAspect - Entering: AccountServiceImpl.queryAccountInfo(..)
2026-06-08 21:13:25.363 INFO  [SOFA-SEV-REST-BIZ-8341-12-T10] service=iaccount traceId=ceff1539-9ac1-4f38-ab2c-df89034abb4f c.a.account_center.web.LoggingAspect - Entering: AccountServiceTemplate.execute(..)
2026-06-08 21:13:25.363 INFO  [SOFA-SEV-REST-BIZ-8341-12-T10] service=iaccount traceId=ceff1539-9ac1-4f38-ab2c-df89034abb4f RISK-BIZ-SERVICE - service request[[com.alipay.account_center.common.service.facade.request.QueryAccountInfoRequest@6f523399]
2026-06-08 21:13:25.363 INFO  [SOFA-SEV-REST-BIZ-8341-12-T10] service=iaccount traceId=ceff1539-9ac1-4f38-ab2c-df89034abb4f c.a.account_center.web.LoggingAspect - Entering: AccountRepositoryImpl.queryAccountInfo(..)
2026-06-08 21:13:25.365 INFO  [SOFA-SEV-REST-BIZ-8341-12-T10] service=iaccount traceId=ceff1539-9ac1-4f38-ab2c-df89034abb4f c.a.account_center.web.LoggingAspect - Exiting: AccountRepositoryImpl.queryAccountInfo(..) (1ms)
2026-06-08 21:13:25.365 INFO  [SOFA-SEV-REST-BIZ-8341-12-T10] service=iaccount traceId=ceff1539-9ac1-4f38-ab2c-df89034abb4f RISK-BIZ-SERVICE - service result[[com.alipay.account_center.common.service.facade.baseresult.AccountBizResult@cf303ec]] [request =[com.alipay.account_center.common.service.facade.request.QueryAccountInfoRequest@6f523399]
2026-06-08 21:13:25.365 INFO  [SOFA-SEV-REST-BIZ-8341-12-T10] service=iaccount traceId=ceff1539-9ac1-4f38-ab2c-df89034abb4f c.a.account_center.web.LoggingAspect - Exiting: AccountServiceTemplate.execute(..) (2ms)
2026-06-08 21:13:25.365 INFO  [SOFA-SEV-REST-BIZ-8341-12-T10] service=iaccount traceId=ceff1539-9ac1-4f38-ab2c-df89034abb4f c.a.account_center.web.LoggingAspect - Exiting: AccountServiceImpl.queryAccountInfo(..) (2ms)
2026-06-08 21:23:49.281 INFO  [MessageBroker-5] service=iaccount traceId= o.s.w.s.c.WebSocketMessageBrokerStats - WebSocketSession[0 current WS(0)-HttpStream(0)-HttpPoll(0), 0 total, 0 closed abnormally (0 connect failure, 0 send limit, 0 transport error)], stompSubProtocol[processed CONNECT(0)-CONNECTED(0)-DISCONNECT(0)], stompBrokerRelay[null], inboundChannel[pool size = 0, active threads = 0, queued tasks = 0, completed tasks = 0], outboundChannel[pool size = 0, active threads = 0, queued tasks = 0, completed tasks = 0], sockJsScheduler[pool size = 9, active threads = 1, queued tasks = 0, completed tasks = 8]
2026-06-08 21:53:49.329 INFO  [MessageBroker-3] service=iaccount traceId= o.s.w.s.c.WebSocketMessageBrokerStats - WebSocketSession[0 current WS(0)-HttpStream(0)-HttpPoll(0), 0 total, 0 closed abnormally (0 connect failure, 0 send limit, 0 transport error)], stompSubProtocol[processed CONNECT(0)-CONNECTED(0)-DISCONNECT(0)], stompBrokerRelay[null], inboundChannel[pool size = 0, active threads = 0, queued tasks = 0, completed tasks = 0], outboundChannel[pool size = 0, active threads = 0, queued tasks = 0, completed tasks = 0], sockJsScheduler[pool size = 10, active threads = 1, queued tasks = 0, completed tasks = 9]
