2026-05-09 00:00:50 INFO  traceId= org.apache.kafka.clients.NetworkClient - [Consumer clientId=consumer-account-center-1, groupId=account-center] Disconnecting from node 1 due to request timeout.
2026-05-09 00:00:51 WARN  traceId= com.zaxxer.hikari.pool.HikariPool - HikariPool-1 - Thread starvation or clock leap detected (housekeeper delta=15m28s241ms).
2026-05-09 00:00:51 INFO  traceId= org.apache.kafka.clients.NetworkClient - [Consumer clientId=consumer-account-center-1, groupId=account-center] Cancelled in-flight FETCH request with correlation id 33807 due to node 1 being disconnected (elapsed time since creation: 898604ms, elapsed time since send: 898604ms, throttle time: 0ms, request timeout: 30000ms)
2026-05-09 00:00:51 INFO  traceId= org.apache.kafka.clients.consumer.internals.ConsumerCoordinator - [Consumer clientId=consumer-account-center-1, groupId=account-center] Group coordinator localhost:9093 (id: 2147483646 rack: null) is unavailable or invalid due to cause: session timed out without receiving a heartbeat response. isDisconnected: false. Rediscovery will be attempted.
2026-05-09 00:00:51 INFO  traceId= org.apache.kafka.clients.consumer.internals.ConsumerCoordinator - [Consumer clientId=consumer-account-center-1, groupId=account-center] Requesting disconnect from last known coordinator localhost:9093 (id: 2147483646 rack: null)
2026-05-09 00:00:51 INFO  traceId= org.apache.kafka.clients.NetworkClient - [Consumer clientId=consumer-account-center-1, groupId=account-center] Client requested disconnect from node 2147483646
2026-05-09 00:00:51 INFO  traceId= org.apache.kafka.clients.FetchSessionHandler - [Consumer clientId=consumer-account-center-1, groupId=account-center] Error sending fetch request (sessionId=81676661, epoch=366) to node 1:
org.apache.kafka.common.errors.DisconnectException: null
2026-05-09 00:00:51 INFO  traceId= org.apache.kafka.clients.consumer.internals.ConsumerCoordinator - [Consumer clientId=consumer-account-center-1, groupId=account-center] Discovered group coordinator localhost:9093 (id: 2147483646 rack: null)
2026-05-09 00:15:43 INFO  traceId= org.apache.kafka.clients.consumer.internals.ConsumerCoordinator - [Consumer clientId=consumer-account-center-1, groupId=account-center] Group coordinator localhost:9093 (id: 2147483646 rack: null) is unavailable or invalid due to cause: session timed out without receiving a heartbeat response. isDisconnected: false. Rediscovery will be attempted.
2026-05-09 00:15:43 INFO  traceId= org.apache.kafka.clients.consumer.internals.ConsumerCoordinator - [Consumer clientId=consumer-account-center-1, groupId=account-center] Requesting disconnect from last known coordinator localhost:9093 (id: 2147483646 rack: null)
2026-05-09 00:15:43 INFO  traceId= org.apache.kafka.clients.NetworkClient - [Consumer clientId=consumer-account-center-1, groupId=account-center] Client requested disconnect from node 2147483646
2026-05-09 00:15:43 INFO  traceId= org.apache.kafka.clients.consumer.internals.ConsumerCoordinator - [Consumer clientId=consumer-account-center-1, groupId=account-center] Discovered group coordinator localhost:9093 (id: 2147483646 rack: null)
2026-05-09 00:15:43 INFO  traceId= org.apache.kafka.clients.consumer.internals.ConsumerCoordinator - [Consumer clientId=consumer-account-center-1, groupId=account-center] Group coordinator localhost:9093 (id: 2147483646 rack: null) is unavailable or invalid due to cause: coordinator unavailable. isDisconnected: false. Rediscovery will be attempted.
2026-05-09 00:15:43 INFO  traceId= org.apache.kafka.clients.consumer.internals.ConsumerCoordinator - [Consumer clientId=consumer-account-center-1, groupId=account-center] Requesting disconnect from last known coordinator localhost:9093 (id: 2147483646 rack: null)
2026-05-09 00:15:44 INFO  traceId= org.apache.kafka.clients.consumer.internals.ConsumerCoordinator - [Consumer clientId=consumer-account-center-1, groupId=account-center] Discovered group coordinator localhost:9093 (id: 2147483646 rack: null)
2026-05-09 00:15:48 WARN  traceId= com.zaxxer.hikari.pool.HikariPool - HikariPool-1 - Thread starvation or clock leap detected (housekeeper delta=13m26s986ms).
2026-05-09 00:31:34 INFO  traceId= org.apache.kafka.clients.consumer.internals.ConsumerCoordinator - [Consumer clientId=consumer-account-center-1, groupId=account-center] Group coordinator localhost:9093 (id: 2147483646 rack: null) is unavailable or invalid due to cause: session timed out without receiving a heartbeat response. isDisconnected: false. Rediscovery will be attempted.
2026-05-09 00:31:34 INFO  traceId= org.apache.kafka.clients.consumer.internals.ConsumerCoordinator - [Consumer clientId=consumer-account-center-1, groupId=account-center] Requesting disconnect from last known coordinator localhost:9093 (id: 2147483646 rack: null)
2026-05-09 00:31:34 INFO  traceId= org.apache.kafka.clients.NetworkClient - [Consumer clientId=consumer-account-center-1, groupId=account-center] Client requested disconnect from node 2147483646
2026-05-09 00:31:34 INFO  traceId= org.apache.kafka.clients.consumer.internals.ConsumerCoordinator - [Consumer clientId=consumer-account-center-1, groupId=account-center] Discovered group coordinator localhost:9093 (id: 2147483646 rack: null)
2026-05-09 00:31:34 INFO  traceId= org.apache.kafka.clients.consumer.internals.ConsumerCoordinator - [Consumer clientId=consumer-account-center-1, groupId=account-center] Group coordinator localhost:9093 (id: 2147483646 rack: null) is unavailable or invalid due to cause: coordinator unavailable. isDisconnected: false. Rediscovery will be attempted.
2026-05-09 00:31:34 INFO  traceId= org.apache.kafka.clients.consumer.internals.ConsumerCoordinator - [Consumer clientId=consumer-account-center-1, groupId=account-center] Requesting disconnect from last known coordinator localhost:9093 (id: 2147483646 rack: null)
2026-05-09 00:31:34 INFO  traceId= org.apache.kafka.clients.consumer.internals.ConsumerCoordinator - [Consumer clientId=consumer-account-center-1, groupId=account-center] Discovered group coordinator localhost:9093 (id: 2147483646 rack: null)
2026-05-09 00:31:47 WARN  traceId= com.zaxxer.hikari.pool.HikariPool - HikariPool-1 - Thread starvation or clock leap detected (housekeeper delta=15m28s765ms).
2026-05-09 00:48:03 INFO  traceId= org.apache.kafka.clients.consumer.internals.ConsumerCoordinator - [Consumer clientId=consumer-account-center-1, groupId=account-center] Group coordinator localhost:9093 (id: 2147483646 rack: null) is unavailable or invalid due to cause: session timed out without receiving a heartbeat response. isDisconnected: false. Rediscovery will be attempted.
2026-05-09 00:48:03 INFO  traceId= org.apache.kafka.clients.consumer.internals.ConsumerCoordinator - [Consumer clientId=consumer-account-center-1, groupId=account-center] Requesting disconnect from last known coordinator localhost:9093 (id: 2147483646 rack: null)
2026-05-09 00:48:03 INFO  traceId= org.apache.kafka.clients.NetworkClient - [Consumer clientId=consumer-account-center-1, groupId=account-center] Client requested disconnect from node 2147483646
2026-05-09 00:48:03 INFO  traceId= org.apache.kafka.clients.consumer.internals.ConsumerCoordinator - [Consumer clientId=consumer-account-center-1, groupId=account-center] Discovered group coordinator localhost:9093 (id: 2147483646 rack: null)
2026-05-09 00:48:03 INFO  traceId= org.apache.kafka.clients.consumer.internals.ConsumerCoordinator - [Consumer clientId=consumer-account-center-1, groupId=account-center] Group coordinator localhost:9093 (id: 2147483646 rack: null) is unavailable or invalid due to cause: coordinator unavailable. isDisconnected: false. Rediscovery will be attempted.
2026-05-09 00:48:03 INFO  traceId= org.apache.kafka.clients.consumer.internals.ConsumerCoordinator - [Consumer clientId=consumer-account-center-1, groupId=account-center] Requesting disconnect from last known coordinator localhost:9093 (id: 2147483646 rack: null)
2026-05-09 00:48:03 INFO  traceId= org.apache.kafka.clients.consumer.internals.ConsumerCoordinator - [Consumer clientId=consumer-account-center-1, groupId=account-center] Discovered group coordinator localhost:9093 (id: 2147483646 rack: null)
2026-05-09 00:48:16 WARN  traceId= com.zaxxer.hikari.pool.HikariPool - HikariPool-1 - Thread starvation or clock leap detected (housekeeper delta=15m28s845ms).
2026-05-09 01:07:59 INFO  traceId= org.apache.kafka.clients.consumer.internals.ConsumerCoordinator - [Consumer clientId=consumer-account-center-1, groupId=account-center] Group coordinator localhost:9093 (id: 2147483646 rack: null) is unavailable or invalid due to cause: session timed out without receiving a heartbeat response. isDisconnected: false. Rediscovery will be attempted.
2026-05-09 01:07:59 INFO  traceId= org.apache.kafka.clients.consumer.internals.ConsumerCoordinator - [Consumer clientId=consumer-account-center-1, groupId=account-center] Requesting disconnect from last known coordinator localhost:9093 (id: 2147483646 rack: null)
2026-05-09 01:07:59 INFO  traceId= org.apache.kafka.clients.NetworkClient - [Consumer clientId=consumer-account-center-1, groupId=account-center] Client requested disconnect from node 2147483646
2026-05-09 01:07:59 INFO  traceId= org.apache.kafka.clients.consumer.internals.ConsumerCoordinator - [Consumer clientId=consumer-account-center-1, groupId=account-center] Discovered group coordinator localhost:9093 (id: 2147483646 rack: null)
2026-05-09 01:08:14 WARN  traceId= com.zaxxer.hikari.pool.HikariPool - HikariPool-1 - Thread starvation or clock leap detected (housekeeper delta=15m28s801ms).
2026-05-09 01:24:01 INFO  traceId= org.apache.kafka.clients.consumer.internals.ConsumerCoordinator - [Consumer clientId=consumer-account-center-1, groupId=account-center] Group coordinator localhost:9093 (id: 2147483646 rack: null) is unavailable or invalid due to cause: session timed out without receiving a heartbeat response. isDisconnected: false. Rediscovery will be attempted.
2026-05-09 01:24:01 INFO  traceId= org.apache.kafka.clients.consumer.internals.ConsumerCoordinator - [Consumer clientId=consumer-account-center-1, groupId=account-center] Requesting disconnect from last known coordinator localhost:9093 (id: 2147483646 rack: null)
2026-05-09 01:24:01 INFO  traceId= org.apache.kafka.clients.NetworkClient - [Consumer clientId=consumer-account-center-1, groupId=account-center] Client requested disconnect from node 2147483646
2026-05-09 01:24:01 INFO  traceId= org.apache.kafka.clients.consumer.internals.ConsumerCoordinator - [Consumer clientId=consumer-account-center-1, groupId=account-center] Discovered group coordinator localhost:9093 (id: 2147483646 rack: null)
2026-05-09 01:24:01 INFO  traceId= org.apache.kafka.clients.consumer.internals.ConsumerCoordinator - [Consumer clientId=consumer-account-center-1, groupId=account-center] Group coordinator localhost:9093 (id: 2147483646 rack: null) is unavailable or invalid due to cause: coordinator unavailable. isDisconnected: false. Rediscovery will be attempted.
2026-05-09 01:24:01 INFO  traceId= org.apache.kafka.clients.consumer.internals.ConsumerCoordinator - [Consumer clientId=consumer-account-center-1, groupId=account-center] Requesting disconnect from last known coordinator localhost:9093 (id: 2147483646 rack: null)
2026-05-09 01:24:01 INFO  traceId= org.apache.kafka.clients.consumer.internals.ConsumerCoordinator - [Consumer clientId=consumer-account-center-1, groupId=account-center] Discovered group coordinator localhost:9093 (id: 2147483646 rack: null)
2026-05-09 01:24:14 WARN  traceId= com.zaxxer.hikari.pool.HikariPool - HikariPool-1 - Thread starvation or clock leap detected (housekeeper delta=15m29s81ms).
2026-05-09 01:39:47 INFO  traceId= org.apache.kafka.clients.consumer.internals.ConsumerCoordinator - [Consumer clientId=consumer-account-center-1, groupId=account-center] Group coordinator localhost:9093 (id: 2147483646 rack: null) is unavailable or invalid due to cause: session timed out without receiving a heartbeat response. isDisconnected: false. Rediscovery will be attempted.
2026-05-09 01:39:47 INFO  traceId= org.apache.kafka.clients.consumer.internals.ConsumerCoordinator - [Consumer clientId=consumer-account-center-1, groupId=account-center] Requesting disconnect from last known coordinator localhost:9093 (id: 2147483646 rack: null)
2026-05-09 01:39:47 INFO  traceId= org.apache.kafka.clients.NetworkClient - [Consumer clientId=consumer-account-center-1, groupId=account-center] Client requested disconnect from node 2147483646
2026-05-09 01:39:47 INFO  traceId= org.apache.kafka.clients.consumer.internals.ConsumerCoordinator - [Consumer clientId=consumer-account-center-1, groupId=account-center] Discovered group coordinator localhost:9093 (id: 2147483646 rack: null)
2026-05-09 01:39:47 INFO  traceId= org.apache.kafka.clients.consumer.internals.ConsumerCoordinator - [Consumer clientId=consumer-account-center-1, groupId=account-center] Group coordinator localhost:9093 (id: 2147483646 rack: null) is unavailable or invalid due to cause: coordinator unavailable. isDisconnected: false. Rediscovery will be attempted.
2026-05-09 01:39:47 INFO  traceId= org.apache.kafka.clients.consumer.internals.ConsumerCoordinator - [Consumer clientId=consumer-account-center-1, groupId=account-center] Requesting disconnect from last known coordinator localhost:9093 (id: 2147483646 rack: null)
2026-05-09 01:39:47 INFO  traceId= org.apache.kafka.clients.consumer.internals.ConsumerCoordinator - [Consumer clientId=consumer-account-center-1, groupId=account-center] Discovered group coordinator localhost:9093 (id: 2147483646 rack: null)
2026-05-09 01:40:12 WARN  traceId= com.zaxxer.hikari.pool.HikariPool - HikariPool-1 - Thread starvation or clock leap detected (housekeeper delta=15m28s919ms).
2026-05-09 01:46:15 INFO  traceId= org.apache.kafka.clients.consumer.internals.ConsumerCoordinator - [Consumer clientId=consumer-account-center-1, groupId=account-center] Group coordinator localhost:9093 (id: 2147483646 rack: null) is unavailable or invalid due to cause: session timed out without receiving a heartbeat response. isDisconnected: false. Rediscovery will be attempted.
2026-05-09 01:46:15 INFO  traceId= org.apache.kafka.clients.consumer.internals.ConsumerCoordinator - [Consumer clientId=consumer-account-center-1, groupId=account-center] Requesting disconnect from last known coordinator localhost:9093 (id: 2147483646 rack: null)
2026-05-09 01:46:15 INFO  traceId= org.apache.kafka.clients.NetworkClient - [Consumer clientId=consumer-account-center-1, groupId=account-center] Client requested disconnect from node 2147483646
2026-05-09 01:46:15 INFO  traceId= org.apache.kafka.clients.consumer.internals.ConsumerCoordinator - [Consumer clientId=consumer-account-center-1, groupId=account-center] Discovered group coordinator localhost:9093 (id: 2147483646 rack: null)
2026-05-09 01:46:15 INFO  traceId= org.apache.kafka.clients.consumer.internals.ConsumerCoordinator - [Consumer clientId=consumer-account-center-1, groupId=account-center] Group coordinator localhost:9093 (id: 2147483646 rack: null) is unavailable or invalid due to cause: coordinator unavailable. isDisconnected: false. Rediscovery will be attempted.
2026-05-09 01:46:15 INFO  traceId= org.apache.kafka.clients.consumer.internals.ConsumerCoordinator - [Consumer clientId=consumer-account-center-1, groupId=account-center] Requesting disconnect from last known coordinator localhost:9093 (id: 2147483646 rack: null)
2026-05-09 01:46:15 INFO  traceId= org.apache.kafka.clients.consumer.internals.ConsumerCoordinator - [Consumer clientId=consumer-account-center-1, groupId=account-center] Discovered group coordinator localhost:9093 (id: 2147483646 rack: null)
2026-05-09 01:46:37 WARN  traceId= com.zaxxer.hikari.pool.HikariPool - HikariPool-1 - Thread starvation or clock leap detected (housekeeper delta=5m54s195ms).
2026-05-09 02:03:00 INFO  traceId= org.apache.kafka.clients.consumer.internals.ConsumerCoordinator - [Consumer clientId=consumer-account-center-1, groupId=account-center] Group coordinator localhost:9093 (id: 2147483646 rack: null) is unavailable or invalid due to cause: session timed out without receiving a heartbeat response. isDisconnected: false. Rediscovery will be attempted.
2026-05-09 02:03:00 INFO  traceId= org.apache.kafka.clients.consumer.internals.ConsumerCoordinator - [Consumer clientId=consumer-account-center-1, groupId=account-center] Requesting disconnect from last known coordinator localhost:9093 (id: 2147483646 rack: null)
2026-05-09 02:03:00 INFO  traceId= org.apache.kafka.clients.NetworkClient - [Consumer clientId=consumer-account-center-1, groupId=account-center] Client requested disconnect from node 2147483646
2026-05-09 02:03:00 INFO  traceId= org.apache.kafka.clients.consumer.internals.ConsumerCoordinator - [Consumer clientId=consumer-account-center-1, groupId=account-center] Discovered group coordinator localhost:9093 (id: 2147483646 rack: null)
2026-05-09 02:03:00 INFO  traceId= org.apache.kafka.clients.consumer.internals.ConsumerCoordinator - [Consumer clientId=consumer-account-center-1, groupId=account-center] Group coordinator localhost:9093 (id: 2147483646 rack: null) is unavailable or invalid due to cause: coordinator unavailable. isDisconnected: false. Rediscovery will be attempted.
2026-05-09 02:03:00 INFO  traceId= org.apache.kafka.clients.consumer.internals.ConsumerCoordinator - [Consumer clientId=consumer-account-center-1, groupId=account-center] Requesting disconnect from last known coordinator localhost:9093 (id: 2147483646 rack: null)
2026-05-09 02:03:00 INFO  traceId= org.apache.kafka.clients.consumer.internals.ConsumerCoordinator - [Consumer clientId=consumer-account-center-1, groupId=account-center] Discovered group coordinator localhost:9093 (id: 2147483646 rack: null)
2026-05-09 02:03:05 WARN  traceId= com.zaxxer.hikari.pool.HikariPool - HikariPool-1 - Thread starvation or clock leap detected (housekeeper delta=16m28s548ms).
2026-05-09 02:08:01 INFO  traceId= org.apache.kafka.clients.consumer.internals.ConsumerCoordinator - [Consumer clientId=consumer-account-center-1, groupId=account-center] Group coordinator localhost:9093 (id: 2147483646 rack: null) is unavailable or invalid due to cause: session timed out without receiving a heartbeat response. isDisconnected: false. Rediscovery will be attempted.
2026-05-09 02:08:01 INFO  traceId= org.apache.kafka.clients.consumer.internals.ConsumerCoordinator - [Consumer clientId=consumer-account-center-1, groupId=account-center] Requesting disconnect from last known coordinator localhost:9093 (id: 2147483646 rack: null)
2026-05-09 02:08:01 INFO  traceId= org.apache.kafka.clients.NetworkClient - [Consumer clientId=consumer-account-center-1, groupId=account-center] Client requested disconnect from node 2147483646
2026-05-09 02:08:01 INFO  traceId= org.apache.kafka.clients.consumer.internals.ConsumerCoordinator - [Consumer clientId=consumer-account-center-1, groupId=account-center] Discovered group coordinator localhost:9093 (id: 2147483646 rack: null)
2026-05-09 02:08:01 INFO  traceId= org.apache.kafka.clients.consumer.internals.ConsumerCoordinator - [Consumer clientId=consumer-account-center-1, groupId=account-center] Group coordinator localhost:9093 (id: 2147483646 rack: null) is unavailable or invalid due to cause: coordinator unavailable. isDisconnected: false. Rediscovery will be attempted.
2026-05-09 02:08:01 INFO  traceId= org.apache.kafka.clients.consumer.internals.ConsumerCoordinator - [Consumer clientId=consumer-account-center-1, groupId=account-center] Requesting disconnect from last known coordinator localhost:9093 (id: 2147483646 rack: null)
2026-05-09 02:08:01 INFO  traceId= org.apache.kafka.clients.consumer.internals.ConsumerCoordinator - [Consumer clientId=consumer-account-center-1, groupId=account-center] Discovered group coordinator localhost:9093 (id: 2147483646 rack: null)
2026-05-09 02:08:19 WARN  traceId= com.zaxxer.hikari.pool.HikariPool - HikariPool-1 - Thread starvation or clock leap detected (housekeeper delta=4m43s429ms).
2026-05-09 02:23:48 INFO  traceId= org.apache.kafka.clients.consumer.internals.ConsumerCoordinator - [Consumer clientId=consumer-account-center-1, groupId=account-center] Group coordinator localhost:9093 (id: 2147483646 rack: null) is unavailable or invalid due to cause: session timed out without receiving a heartbeat response. isDisconnected: false. Rediscovery will be attempted.
2026-05-09 02:23:48 INFO  traceId= org.apache.kafka.clients.consumer.internals.ConsumerCoordinator - [Consumer clientId=consumer-account-center-1, groupId=account-center] Requesting disconnect from last known coordinator localhost:9093 (id: 2147483646 rack: null)
2026-05-09 02:23:48 INFO  traceId= org.apache.kafka.clients.NetworkClient - [Consumer clientId=consumer-account-center-1, groupId=account-center] Client requested disconnect from node 2147483646
2026-05-09 02:23:48 INFO  traceId= org.apache.kafka.clients.consumer.internals.ConsumerCoordinator - [Consumer clientId=consumer-account-center-1, groupId=account-center] Discovered group coordinator localhost:9093 (id: 2147483646 rack: null)
2026-05-09 02:23:48 INFO  traceId= org.apache.kafka.clients.consumer.internals.ConsumerCoordinator - [Consumer clientId=consumer-account-center-1, groupId=account-center] Group coordinator localhost:9093 (id: 2147483646 rack: null) is unavailable or invalid due to cause: coordinator unavailable. isDisconnected: false. Rediscovery will be attempted.
2026-05-09 02:23:48 INFO  traceId= org.apache.kafka.clients.consumer.internals.ConsumerCoordinator - [Consumer clientId=consumer-account-center-1, groupId=account-center] Requesting disconnect from last known coordinator localhost:9093 (id: 2147483646 rack: null)
2026-05-09 02:23:48 INFO  traceId= org.apache.kafka.clients.consumer.internals.ConsumerCoordinator - [Consumer clientId=consumer-account-center-1, groupId=account-center] Discovered group coordinator localhost:9093 (id: 2147483646 rack: null)
2026-05-09 02:23:49 WARN  traceId= com.zaxxer.hikari.pool.HikariPool - HikariPool-1 - Thread starvation or clock leap detected (housekeeper delta=15m29s965ms).
2026-05-09 02:40:37 INFO  traceId= org.apache.kafka.clients.consumer.internals.ConsumerCoordinator - [Consumer clientId=consumer-account-center-1, groupId=account-center] Group coordinator localhost:9093 (id: 2147483646 rack: null) is unavailable or invalid due to cause: session timed out without receiving a heartbeat response. isDisconnected: false. Rediscovery will be attempted.
2026-05-09 02:40:37 INFO  traceId= org.apache.kafka.clients.consumer.internals.ConsumerCoordinator - [Consumer clientId=consumer-account-center-1, groupId=account-center] Requesting disconnect from last known coordinator localhost:9093 (id: 2147483646 rack: null)
2026-05-09 02:40:37 INFO  traceId= org.apache.kafka.clients.NetworkClient - [Consumer clientId=consumer-account-center-1, groupId=account-center] Client requested disconnect from node 2147483646
2026-05-09 02:40:37 INFO  traceId= org.apache.kafka.clients.consumer.internals.ConsumerCoordinator - [Consumer clientId=consumer-account-center-1, groupId=account-center] Discovered group coordinator localhost:9093 (id: 2147483646 rack: null)
2026-05-09 02:40:37 INFO  traceId= org.apache.kafka.clients.consumer.internals.ConsumerCoordinator - [Consumer clientId=consumer-account-center-1, groupId=account-center] Group coordinator localhost:9093 (id: 2147483646 rack: null) is unavailable or invalid due to cause: coordinator unavailable. isDisconnected: false. Rediscovery will be attempted.
2026-05-09 02:40:37 INFO  traceId= org.apache.kafka.clients.consumer.internals.ConsumerCoordinator - [Consumer clientId=consumer-account-center-1, groupId=account-center] Requesting disconnect from last known coordinator localhost:9093 (id: 2147483646 rack: null)
2026-05-09 02:40:37 INFO  traceId= org.apache.kafka.clients.consumer.internals.ConsumerCoordinator - [Consumer clientId=consumer-account-center-1, groupId=account-center] Discovered group coordinator localhost:9093 (id: 2147483646 rack: null)
2026-05-09 02:40:51 WARN  traceId= com.zaxxer.hikari.pool.HikariPool - HikariPool-1 - Thread starvation or clock leap detected (housekeeper delta=16m31s998ms).
2026-05-09 02:47:16 INFO  traceId= org.apache.kafka.clients.consumer.internals.ConsumerCoordinator - [Consumer clientId=consumer-account-center-1, groupId=account-center] Group coordinator localhost:9093 (id: 2147483646 rack: null) is unavailable or invalid due to cause: session timed out without receiving a heartbeat response. isDisconnected: false. Rediscovery will be attempted.
2026-05-09 02:47:16 INFO  traceId= org.apache.kafka.clients.consumer.internals.ConsumerCoordinator - [Consumer clientId=consumer-account-center-1, groupId=account-center] Requesting disconnect from last known coordinator localhost:9093 (id: 2147483646 rack: null)
2026-05-09 02:47:16 INFO  traceId= org.apache.kafka.clients.NetworkClient - [Consumer clientId=consumer-account-center-1, groupId=account-center] Client requested disconnect from node 2147483646
2026-05-09 02:47:16 INFO  traceId= org.apache.kafka.clients.consumer.internals.ConsumerCoordinator - [Consumer clientId=consumer-account-center-1, groupId=account-center] Discovered group coordinator localhost:9093 (id: 2147483646 rack: null)
2026-05-09 02:47:16 INFO  traceId= org.apache.kafka.clients.consumer.internals.ConsumerCoordinator - [Consumer clientId=consumer-account-center-1, groupId=account-center] Group coordinator localhost:9093 (id: 2147483646 rack: null) is unavailable or invalid due to cause: coordinator unavailable. isDisconnected: false. Rediscovery will be attempted.
2026-05-09 02:47:16 INFO  traceId= org.apache.kafka.clients.consumer.internals.ConsumerCoordinator - [Consumer clientId=consumer-account-center-1, groupId=account-center] Requesting disconnect from last known coordinator localhost:9093 (id: 2147483646 rack: null)
2026-05-09 02:47:16 INFO  traceId= org.apache.kafka.clients.consumer.internals.ConsumerCoordinator - [Consumer clientId=consumer-account-center-1, groupId=account-center] Discovered group coordinator localhost:9093 (id: 2147483646 rack: null)
2026-05-09 02:47:27 WARN  traceId= com.zaxxer.hikari.pool.HikariPool - HikariPool-1 - Thread starvation or clock leap detected (housekeeper delta=6m6s436ms).
2026-05-09 03:07:09 INFO  traceId= org.apache.kafka.clients.consumer.internals.ConsumerCoordinator - [Consumer clientId=consumer-account-center-1, groupId=account-center] Group coordinator localhost:9093 (id: 2147483646 rack: null) is unavailable or invalid due to cause: session timed out without receiving a heartbeat response. isDisconnected: false. Rediscovery will be attempted.
2026-05-09 03:07:09 INFO  traceId= org.apache.kafka.clients.consumer.internals.ConsumerCoordinator - [Consumer clientId=consumer-account-center-1, groupId=account-center] Requesting disconnect from last known coordinator localhost:9093 (id: 2147483646 rack: null)
2026-05-09 03:07:09 INFO  traceId= org.apache.kafka.clients.NetworkClient - [Consumer clientId=consumer-account-center-1, groupId=account-center] Client requested disconnect from node 2147483646
2026-05-09 03:07:09 INFO  traceId= org.apache.kafka.clients.consumer.internals.ConsumerCoordinator - [Consumer clientId=consumer-account-center-1, groupId=account-center] Discovered group coordinator localhost:9093 (id: 2147483646 rack: null)
2026-05-09 03:07:09 INFO  traceId= org.apache.kafka.clients.consumer.internals.ConsumerCoordinator - [Consumer clientId=consumer-account-center-1, groupId=account-center] Group coordinator localhost:9093 (id: 2147483646 rack: null) is unavailable or invalid due to cause: coordinator unavailable. isDisconnected: false. Rediscovery will be attempted.
2026-05-09 03:07:09 INFO  traceId= org.apache.kafka.clients.consumer.internals.ConsumerCoordinator - [Consumer clientId=consumer-account-center-1, groupId=account-center] Requesting disconnect from last known coordinator localhost:9093 (id: 2147483646 rack: null)
2026-05-09 03:07:09 INFO  traceId= org.apache.kafka.clients.consumer.internals.ConsumerCoordinator - [Consumer clientId=consumer-account-center-1, groupId=account-center] Discovered group coordinator localhost:9093 (id: 2147483646 rack: null)
2026-05-09 03:07:30 WARN  traceId= com.zaxxer.hikari.pool.HikariPool - HikariPool-1 - Thread starvation or clock leap detected (housekeeper delta=17m3s92ms).
2026-05-09 03:24:10 INFO  traceId= org.apache.kafka.clients.consumer.internals.ConsumerCoordinator - [Consumer clientId=consumer-account-center-1, groupId=account-center] Group coordinator localhost:9093 (id: 2147483646 rack: null) is unavailable or invalid due to cause: session timed out without receiving a heartbeat response. isDisconnected: false. Rediscovery will be attempted.
2026-05-09 03:24:10 INFO  traceId= org.apache.kafka.clients.consumer.internals.ConsumerCoordinator - [Consumer clientId=consumer-account-center-1, groupId=account-center] Requesting disconnect from last known coordinator localhost:9093 (id: 2147483646 rack: null)
2026-05-09 03:24:10 INFO  traceId= org.apache.kafka.clients.NetworkClient - [Consumer clientId=consumer-account-center-1, groupId=account-center] Client requested disconnect from node 2147483646
2026-05-09 03:24:10 INFO  traceId= org.apache.kafka.clients.consumer.internals.ConsumerCoordinator - [Consumer clientId=consumer-account-center-1, groupId=account-center] Discovered group coordinator localhost:9093 (id: 2147483646 rack: null)
2026-05-09 03:24:10 INFO  traceId= org.apache.kafka.clients.consumer.internals.ConsumerCoordinator - [Consumer clientId=consumer-account-center-1, groupId=account-center] Group coordinator localhost:9093 (id: 2147483646 rack: null) is unavailable or invalid due to cause: coordinator unavailable. isDisconnected: false. Rediscovery will be attempted.
2026-05-09 03:24:10 INFO  traceId= org.apache.kafka.clients.consumer.internals.ConsumerCoordinator - [Consumer clientId=consumer-account-center-1, groupId=account-center] Requesting disconnect from last known coordinator localhost:9093 (id: 2147483646 rack: null)
2026-05-09 03:24:10 INFO  traceId= org.apache.kafka.clients.consumer.internals.ConsumerCoordinator - [Consumer clientId=consumer-account-center-1, groupId=account-center] Discovered group coordinator localhost:9093 (id: 2147483646 rack: null)
2026-05-09 03:24:14 WARN  traceId= com.zaxxer.hikari.pool.HikariPool - HikariPool-1 - Thread starvation or clock leap detected (housekeeper delta=16m43s372ms).
2026-05-09 03:42:19 INFO  traceId= org.apache.kafka.clients.consumer.internals.ConsumerCoordinator - [Consumer clientId=consumer-account-center-1, groupId=account-center] Group coordinator localhost:9093 (id: 2147483646 rack: null) is unavailable or invalid due to cause: session timed out without receiving a heartbeat response. isDisconnected: false. Rediscovery will be attempted.
2026-05-09 03:42:19 INFO  traceId= org.apache.kafka.clients.consumer.internals.ConsumerCoordinator - [Consumer clientId=consumer-account-center-1, groupId=account-center] Requesting disconnect from last known coordinator localhost:9093 (id: 2147483646 rack: null)
2026-05-09 03:42:19 INFO  traceId= org.apache.kafka.clients.NetworkClient - [Consumer clientId=consumer-account-center-1, groupId=account-center] Client requested disconnect from node 2147483646
2026-05-09 03:42:19 INFO  traceId= org.apache.kafka.clients.consumer.internals.ConsumerCoordinator - [Consumer clientId=consumer-account-center-1, groupId=account-center] Discovered group coordinator localhost:9093 (id: 2147483646 rack: null)
2026-05-09 03:42:19 INFO  traceId= org.apache.kafka.clients.consumer.internals.ConsumerCoordinator - [Consumer clientId=consumer-account-center-1, groupId=account-center] Group coordinator localhost:9093 (id: 2147483646 rack: null) is unavailable or invalid due to cause: coordinator unavailable. isDisconnected: false. Rediscovery will be attempted.
2026-05-09 03:42:19 INFO  traceId= org.apache.kafka.clients.consumer.internals.ConsumerCoordinator - [Consumer clientId=consumer-account-center-1, groupId=account-center] Requesting disconnect from last known coordinator localhost:9093 (id: 2147483646 rack: null)
2026-05-09 03:42:19 INFO  traceId= org.apache.kafka.clients.consumer.internals.ConsumerCoordinator - [Consumer clientId=consumer-account-center-1, groupId=account-center] Discovered group coordinator localhost:9093 (id: 2147483646 rack: null)
2026-05-09 03:42:36 WARN  traceId= com.zaxxer.hikari.pool.HikariPool - HikariPool-1 - Thread starvation or clock leap detected (housekeeper delta=17m51s971ms).
2026-05-09 03:48:17 INFO  traceId= org.apache.kafka.clients.consumer.internals.ConsumerCoordinator - [Consumer clientId=consumer-account-center-1, groupId=account-center] Group coordinator localhost:9093 (id: 2147483646 rack: null) is unavailable or invalid due to cause: session timed out without receiving a heartbeat response. isDisconnected: false. Rediscovery will be attempted.
2026-05-09 03:48:17 INFO  traceId= org.apache.kafka.clients.consumer.internals.ConsumerCoordinator - [Consumer clientId=consumer-account-center-1, groupId=account-center] Requesting disconnect from last known coordinator localhost:9093 (id: 2147483646 rack: null)
2026-05-09 03:48:17 INFO  traceId= org.apache.kafka.clients.NetworkClient - [Consumer clientId=consumer-account-center-1, groupId=account-center] Client requested disconnect from node 2147483646
2026-05-09 03:48:17 INFO  traceId= org.apache.kafka.clients.consumer.internals.ConsumerCoordinator - [Consumer clientId=consumer-account-center-1, groupId=account-center] Discovered group coordinator localhost:9093 (id: 2147483646 rack: null)
2026-05-09 03:48:17 INFO  traceId= org.apache.kafka.clients.consumer.internals.ConsumerCoordinator - [Consumer clientId=consumer-account-center-1, groupId=account-center] Group coordinator localhost:9093 (id: 2147483646 rack: null) is unavailable or invalid due to cause: coordinator unavailable. isDisconnected: false. Rediscovery will be attempted.
2026-05-09 03:48:17 INFO  traceId= org.apache.kafka.clients.consumer.internals.ConsumerCoordinator - [Consumer clientId=consumer-account-center-1, groupId=account-center] Requesting disconnect from last known coordinator localhost:9093 (id: 2147483646 rack: null)
2026-05-09 03:48:17 INFO  traceId= org.apache.kafka.clients.consumer.internals.ConsumerCoordinator - [Consumer clientId=consumer-account-center-1, groupId=account-center] Discovered group coordinator localhost:9093 (id: 2147483646 rack: null)
2026-05-09 03:48:30 WARN  traceId= com.zaxxer.hikari.pool.HikariPool - HikariPool-1 - Thread starvation or clock leap detected (housekeeper delta=5m24s791ms).
2026-05-09 04:04:13 INFO  traceId= org.apache.kafka.clients.consumer.internals.ConsumerCoordinator - [Consumer clientId=consumer-account-center-1, groupId=account-center] Group coordinator localhost:9093 (id: 2147483646 rack: null) is unavailable or invalid due to cause: session timed out without receiving a heartbeat response. isDisconnected: false. Rediscovery will be attempted.
2026-05-09 04:04:13 INFO  traceId= org.apache.kafka.clients.consumer.internals.ConsumerCoordinator - [Consumer clientId=consumer-account-center-1, groupId=account-center] Requesting disconnect from last known coordinator localhost:9093 (id: 2147483646 rack: null)
2026-05-09 04:04:13 INFO  traceId= org.apache.kafka.clients.NetworkClient - [Consumer clientId=consumer-account-center-1, groupId=account-center] Client requested disconnect from node 2147483646
2026-05-09 04:04:13 INFO  traceId= org.apache.kafka.clients.consumer.internals.ConsumerCoordinator - [Consumer clientId=consumer-account-center-1, groupId=account-center] Discovered group coordinator localhost:9093 (id: 2147483646 rack: null)
2026-05-09 04:04:13 INFO  traceId= org.apache.kafka.clients.consumer.internals.ConsumerCoordinator - [Consumer clientId=consumer-account-center-1, groupId=account-center] Group coordinator localhost:9093 (id: 2147483646 rack: null) is unavailable or invalid due to cause: coordinator unavailable. isDisconnected: false. Rediscovery will be attempted.
2026-05-09 04:04:13 INFO  traceId= org.apache.kafka.clients.consumer.internals.ConsumerCoordinator - [Consumer clientId=consumer-account-center-1, groupId=account-center] Requesting disconnect from last known coordinator localhost:9093 (id: 2147483646 rack: null)
2026-05-09 04:04:13 INFO  traceId= org.apache.kafka.clients.consumer.internals.ConsumerCoordinator - [Consumer clientId=consumer-account-center-1, groupId=account-center] Discovered group coordinator localhost:9093 (id: 2147483646 rack: null)
2026-05-09 04:04:39 WARN  traceId= com.zaxxer.hikari.pool.HikariPool - HikariPool-1 - Thread starvation or clock leap detected (housekeeper delta=15m38s556ms).
2026-05-09 04:21:33 INFO  traceId= org.apache.kafka.clients.consumer.internals.ConsumerCoordinator - [Consumer clientId=consumer-account-center-1, groupId=account-center] Group coordinator localhost:9093 (id: 2147483646 rack: null) is unavailable or invalid due to cause: session timed out without receiving a heartbeat response. isDisconnected: false. Rediscovery will be attempted.
2026-05-09 04:21:33 INFO  traceId= org.apache.kafka.clients.consumer.internals.ConsumerCoordinator - [Consumer clientId=consumer-account-center-1, groupId=account-center] Requesting disconnect from last known coordinator localhost:9093 (id: 2147483646 rack: null)
2026-05-09 04:21:33 INFO  traceId= org.apache.kafka.clients.NetworkClient - [Consumer clientId=consumer-account-center-1, groupId=account-center] Client requested disconnect from node 2147483646
2026-05-09 04:21:33 INFO  traceId= org.apache.kafka.clients.consumer.internals.ConsumerCoordinator - [Consumer clientId=consumer-account-center-1, groupId=account-center] Discovered group coordinator localhost:9093 (id: 2147483646 rack: null)
2026-05-09 04:21:33 INFO  traceId= org.apache.kafka.clients.consumer.internals.ConsumerCoordinator - [Consumer clientId=consumer-account-center-1, groupId=account-center] Group coordinator localhost:9093 (id: 2147483646 rack: null) is unavailable or invalid due to cause: coordinator unavailable. isDisconnected: false. Rediscovery will be attempted.
2026-05-09 04:21:33 INFO  traceId= org.apache.kafka.clients.consumer.internals.ConsumerCoordinator - [Consumer clientId=consumer-account-center-1, groupId=account-center] Requesting disconnect from last known coordinator localhost:9093 (id: 2147483646 rack: null)
2026-05-09 04:21:33 INFO  traceId= org.apache.kafka.clients.consumer.internals.ConsumerCoordinator - [Consumer clientId=consumer-account-center-1, groupId=account-center] Discovered group coordinator localhost:9093 (id: 2147483646 rack: null)
2026-05-09 04:21:42 WARN  traceId= com.zaxxer.hikari.pool.HikariPool - HikariPool-1 - Thread starvation or clock leap detected (housekeeper delta=17m2s973ms).
2026-05-09 04:37:52 INFO  traceId= org.apache.kafka.clients.consumer.internals.ConsumerCoordinator - [Consumer clientId=consumer-account-center-1, groupId=account-center] Group coordinator localhost:9093 (id: 2147483646 rack: null) is unavailable or invalid due to cause: session timed out without receiving a heartbeat response. isDisconnected: false. Rediscovery will be attempted.
2026-05-09 04:37:52 INFO  traceId= org.apache.kafka.clients.consumer.internals.ConsumerCoordinator - [Consumer clientId=consumer-account-center-1, groupId=account-center] Requesting disconnect from last known coordinator localhost:9093 (id: 2147483646 rack: null)
2026-05-09 04:37:52 INFO  traceId= org.apache.kafka.clients.NetworkClient - [Consumer clientId=consumer-account-center-1, groupId=account-center] Client requested disconnect from node 2147483646
2026-05-09 04:37:52 INFO  traceId= org.apache.kafka.clients.consumer.internals.ConsumerCoordinator - [Consumer clientId=consumer-account-center-1, groupId=account-center] Discovered group coordinator localhost:9093 (id: 2147483646 rack: null)
2026-05-09 04:37:52 INFO  traceId= org.apache.kafka.clients.consumer.internals.ConsumerCoordinator - [Consumer clientId=consumer-account-center-1, groupId=account-center] Group coordinator localhost:9093 (id: 2147483646 rack: null) is unavailable or invalid due to cause: coordinator unavailable. isDisconnected: false. Rediscovery will be attempted.
2026-05-09 04:37:52 INFO  traceId= org.apache.kafka.clients.consumer.internals.ConsumerCoordinator - [Consumer clientId=consumer-account-center-1, groupId=account-center] Requesting disconnect from last known coordinator localhost:9093 (id: 2147483646 rack: null)
2026-05-09 04:37:52 INFO  traceId= org.apache.kafka.clients.consumer.internals.ConsumerCoordinator - [Consumer clientId=consumer-account-center-1, groupId=account-center] Discovered group coordinator localhost:9093 (id: 2147483646 rack: null)
2026-05-09 04:38:14 WARN  traceId= com.zaxxer.hikari.pool.HikariPool - HikariPool-1 - Thread starvation or clock leap detected (housekeeper delta=16m1s948ms).
2026-05-09 04:49:18 INFO  traceId= org.apache.kafka.clients.consumer.internals.ConsumerCoordinator - [Consumer clientId=consumer-account-center-1, groupId=account-center] Group coordinator localhost:9093 (id: 2147483646 rack: null) is unavailable or invalid due to cause: session timed out without receiving a heartbeat response. isDisconnected: false. Rediscovery will be attempted.
2026-05-09 04:49:18 INFO  traceId= org.apache.kafka.clients.consumer.internals.ConsumerCoordinator - [Consumer clientId=consumer-account-center-1, groupId=account-center] Requesting disconnect from last known coordinator localhost:9093 (id: 2147483646 rack: null)
2026-05-09 04:49:18 INFO  traceId= org.apache.kafka.clients.NetworkClient - [Consumer clientId=consumer-account-center-1, groupId=account-center] Client requested disconnect from node 2147483646
2026-05-09 04:49:18 INFO  traceId= org.apache.kafka.clients.consumer.internals.ConsumerCoordinator - [Consumer clientId=consumer-account-center-1, groupId=account-center] Discovered group coordinator localhost:9093 (id: 2147483646 rack: null)
2026-05-09 04:49:18 INFO  traceId= org.apache.kafka.clients.consumer.internals.ConsumerCoordinator - [Consumer clientId=consumer-account-center-1, groupId=account-center] Group coordinator localhost:9093 (id: 2147483646 rack: null) is unavailable or invalid due to cause: coordinator unavailable. isDisconnected: false. Rediscovery will be attempted.
2026-05-09 04:49:18 INFO  traceId= org.apache.kafka.clients.consumer.internals.ConsumerCoordinator - [Consumer clientId=consumer-account-center-1, groupId=account-center] Requesting disconnect from last known coordinator localhost:9093 (id: 2147483646 rack: null)
2026-05-09 04:49:18 INFO  traceId= org.apache.kafka.clients.consumer.internals.ConsumerCoordinator - [Consumer clientId=consumer-account-center-1, groupId=account-center] Discovered group coordinator localhost:9093 (id: 2147483646 rack: null)
2026-05-09 04:49:37 WARN  traceId= com.zaxxer.hikari.pool.HikariPool - HikariPool-1 - Thread starvation or clock leap detected (housekeeper delta=10m53s602ms).
2026-05-09 05:06:49 INFO  traceId= org.apache.kafka.clients.consumer.internals.ConsumerCoordinator - [Consumer clientId=consumer-account-center-1, groupId=account-center] Group coordinator localhost:9093 (id: 2147483646 rack: null) is unavailable or invalid due to cause: session timed out without receiving a heartbeat response. isDisconnected: false. Rediscovery will be attempted.
2026-05-09 05:06:49 INFO  traceId= org.apache.kafka.clients.consumer.internals.ConsumerCoordinator - [Consumer clientId=consumer-account-center-1, groupId=account-center] Requesting disconnect from last known coordinator localhost:9093 (id: 2147483646 rack: null)
2026-05-09 05:06:49 INFO  traceId= org.apache.kafka.clients.NetworkClient - [Consumer clientId=consumer-account-center-1, groupId=account-center] Client requested disconnect from node 2147483646
2026-05-09 05:06:49 INFO  traceId= org.apache.kafka.clients.consumer.internals.ConsumerCoordinator - [Consumer clientId=consumer-account-center-1, groupId=account-center] Discovered group coordinator localhost:9093 (id: 2147483646 rack: null)
2026-05-09 05:06:49 INFO  traceId= org.apache.kafka.clients.consumer.internals.ConsumerCoordinator - [Consumer clientId=consumer-account-center-1, groupId=account-center] Group coordinator localhost:9093 (id: 2147483646 rack: null) is unavailable or invalid due to cause: coordinator unavailable. isDisconnected: false. Rediscovery will be attempted.
2026-05-09 05:06:49 INFO  traceId= org.apache.kafka.clients.consumer.internals.ConsumerCoordinator - [Consumer clientId=consumer-account-center-1, groupId=account-center] Requesting disconnect from last known coordinator localhost:9093 (id: 2147483646 rack: null)
2026-05-09 05:06:49 INFO  traceId= org.apache.kafka.clients.consumer.internals.ConsumerCoordinator - [Consumer clientId=consumer-account-center-1, groupId=account-center] Discovered group coordinator localhost:9093 (id: 2147483646 rack: null)
2026-05-09 05:06:51 WARN  traceId= com.zaxxer.hikari.pool.HikariPool - HikariPool-1 - Thread starvation or clock leap detected (housekeeper delta=17m13s443ms).
2026-05-09 05:22:53 INFO  traceId= org.apache.kafka.clients.consumer.internals.ConsumerCoordinator - [Consumer clientId=consumer-account-center-1, groupId=account-center] Group coordinator localhost:9093 (id: 2147483646 rack: null) is unavailable or invalid due to cause: session timed out without receiving a heartbeat response. isDisconnected: false. Rediscovery will be attempted.
2026-05-09 05:22:53 INFO  traceId= org.apache.kafka.clients.consumer.internals.ConsumerCoordinator - [Consumer clientId=consumer-account-center-1, groupId=account-center] Requesting disconnect from last known coordinator localhost:9093 (id: 2147483646 rack: null)
2026-05-09 05:22:53 INFO  traceId= org.apache.kafka.clients.NetworkClient - [Consumer clientId=consumer-account-center-1, groupId=account-center] Client requested disconnect from node 2147483646
2026-05-09 05:22:53 INFO  traceId= org.apache.kafka.clients.consumer.internals.ConsumerCoordinator - [Consumer clientId=consumer-account-center-1, groupId=account-center] Discovered group coordinator localhost:9093 (id: 2147483646 rack: null)
2026-05-09 05:22:53 INFO  traceId= org.apache.kafka.clients.consumer.internals.ConsumerCoordinator - [Consumer clientId=consumer-account-center-1, groupId=account-center] Group coordinator localhost:9093 (id: 2147483646 rack: null) is unavailable or invalid due to cause: coordinator unavailable. isDisconnected: false. Rediscovery will be attempted.
2026-05-09 05:22:53 INFO  traceId= org.apache.kafka.clients.consumer.internals.ConsumerCoordinator - [Consumer clientId=consumer-account-center-1, groupId=account-center] Requesting disconnect from last known coordinator localhost:9093 (id: 2147483646 rack: null)
2026-05-09 05:22:53 INFO  traceId= org.apache.kafka.clients.consumer.internals.ConsumerCoordinator - [Consumer clientId=consumer-account-center-1, groupId=account-center] Discovered group coordinator localhost:9093 (id: 2147483646 rack: null)
2026-05-09 05:23:08 WARN  traceId= com.zaxxer.hikari.pool.HikariPool - HikariPool-1 - Thread starvation or clock leap detected (housekeeper delta=15m47s471ms).
2026-05-09 05:39:34 INFO  traceId= org.apache.kafka.clients.consumer.internals.ConsumerCoordinator - [Consumer clientId=consumer-account-center-1, groupId=account-center] Group coordinator localhost:9093 (id: 2147483646 rack: null) is unavailable or invalid due to cause: session timed out without receiving a heartbeat response. isDisconnected: false. Rediscovery will be attempted.
2026-05-09 05:39:34 INFO  traceId= org.apache.kafka.clients.consumer.internals.ConsumerCoordinator - [Consumer clientId=consumer-account-center-1, groupId=account-center] Requesting disconnect from last known coordinator localhost:9093 (id: 2147483646 rack: null)
2026-05-09 05:39:34 INFO  traceId= org.apache.kafka.clients.NetworkClient - [Consumer clientId=consumer-account-center-1, groupId=account-center] Client requested disconnect from node 2147483646
2026-05-09 05:39:34 INFO  traceId= org.apache.kafka.clients.consumer.internals.ConsumerCoordinator - [Consumer clientId=consumer-account-center-1, groupId=account-center] Discovered group coordinator localhost:9093 (id: 2147483646 rack: null)
2026-05-09 05:40:01 WARN  traceId= com.zaxxer.hikari.pool.HikariPool - HikariPool-1 - Thread starvation or clock leap detected (housekeeper delta=16m22s573ms).
2026-05-09 05:50:19 INFO  traceId= org.apache.kafka.clients.consumer.internals.ConsumerCoordinator - [Consumer clientId=consumer-account-center-1, groupId=account-center] Group coordinator localhost:9093 (id: 2147483646 rack: null) is unavailable or invalid due to cause: session timed out without receiving a heartbeat response. isDisconnected: false. Rediscovery will be attempted.
2026-05-09 05:50:19 INFO  traceId= org.apache.kafka.clients.consumer.internals.ConsumerCoordinator - [Consumer clientId=consumer-account-center-1, groupId=account-center] Requesting disconnect from last known coordinator localhost:9093 (id: 2147483646 rack: null)
2026-05-09 05:50:19 INFO  traceId= org.apache.kafka.clients.NetworkClient - [Consumer clientId=consumer-account-center-1, groupId=account-center] Client requested disconnect from node 2147483646
2026-05-09 05:50:19 INFO  traceId= org.apache.kafka.clients.consumer.internals.ConsumerCoordinator - [Consumer clientId=consumer-account-center-1, groupId=account-center] Discovered group coordinator localhost:9093 (id: 2147483646 rack: null)
2026-05-09 05:50:19 INFO  traceId= org.apache.kafka.clients.consumer.internals.ConsumerCoordinator - [Consumer clientId=consumer-account-center-1, groupId=account-center] Group coordinator localhost:9093 (id: 2147483646 rack: null) is unavailable or invalid due to cause: coordinator unavailable. isDisconnected: false. Rediscovery will be attempted.
2026-05-09 05:50:19 INFO  traceId= org.apache.kafka.clients.consumer.internals.ConsumerCoordinator - [Consumer clientId=consumer-account-center-1, groupId=account-center] Requesting disconnect from last known coordinator localhost:9093 (id: 2147483646 rack: null)
2026-05-09 05:50:19 INFO  traceId= org.apache.kafka.clients.consumer.internals.ConsumerCoordinator - [Consumer clientId=consumer-account-center-1, groupId=account-center] Discovered group coordinator localhost:9093 (id: 2147483646 rack: null)
2026-05-09 05:50:42 INFO  traceId= org.springframework.web.socket.config.WebSocketMessageBrokerStats - WebSocketSession[0 current WS(0)-HttpStream(0)-HttpPoll(0), 0 total, 0 closed abnormally (0 connect failure, 0 send limit, 0 transport error)], stompSubProtocol[processed CONNECT(0)-CONNECTED(0)-DISCONNECT(0)], stompBrokerRelay[null], inboundChannel[pool size = 0, active threads = 0, queued tasks = 0, completed tasks = 0], outboundChannel[pool size = 0, active threads = 0, queued tasks = 0, completed tasks = 0], sockJsScheduler[pool size = 10, active threads = 1, queued tasks = 0, completed tasks = 9]
2026-05-09 05:50:43 WARN  traceId= com.zaxxer.hikari.pool.HikariPool - HikariPool-1 - Thread starvation or clock leap detected (housekeeper delta=10m11s912ms).
2026-05-09 06:06:38 INFO  traceId= org.apache.kafka.clients.consumer.internals.ConsumerCoordinator - [Consumer clientId=consumer-account-center-1, groupId=account-center] Group coordinator localhost:9093 (id: 2147483646 rack: null) is unavailable or invalid due to cause: session timed out without receiving a heartbeat response. isDisconnected: false. Rediscovery will be attempted.
2026-05-09 06:06:38 INFO  traceId= org.apache.kafka.clients.consumer.internals.ConsumerCoordinator - [Consumer clientId=consumer-account-center-1, groupId=account-center] Requesting disconnect from last known coordinator localhost:9093 (id: 2147483646 rack: null)
2026-05-09 06:06:38 INFO  traceId= org.apache.kafka.clients.NetworkClient - [Consumer clientId=consumer-account-center-1, groupId=account-center] Client requested disconnect from node 2147483646
2026-05-09 06:06:38 INFO  traceId= org.apache.kafka.clients.consumer.internals.ConsumerCoordinator - [Consumer clientId=consumer-account-center-1, groupId=account-center] Discovered group coordinator localhost:9093 (id: 2147483646 rack: null)
2026-05-09 06:06:38 INFO  traceId= org.apache.kafka.clients.consumer.internals.ConsumerCoordinator - [Consumer clientId=consumer-account-center-1, groupId=account-center] Group coordinator localhost:9093 (id: 2147483646 rack: null) is unavailable or invalid due to cause: coordinator unavailable. isDisconnected: false. Rediscovery will be attempted.
2026-05-09 06:06:38 INFO  traceId= org.apache.kafka.clients.consumer.internals.ConsumerCoordinator - [Consumer clientId=consumer-account-center-1, groupId=account-center] Requesting disconnect from last known coordinator localhost:9093 (id: 2147483646 rack: null)
2026-05-09 06:06:38 INFO  traceId= org.apache.kafka.clients.consumer.internals.ConsumerCoordinator - [Consumer clientId=consumer-account-center-1, groupId=account-center] Discovered group coordinator localhost:9093 (id: 2147483646 rack: null)
2026-05-09 06:06:45 WARN  traceId= com.zaxxer.hikari.pool.HikariPool - HikariPool-1 - Thread starvation or clock leap detected (housekeeper delta=16m1s975ms).
2026-05-09 06:23:41 INFO  traceId= org.apache.kafka.clients.consumer.internals.ConsumerCoordinator - [Consumer clientId=consumer-account-center-1, groupId=account-center] Group coordinator localhost:9093 (id: 2147483646 rack: null) is unavailable or invalid due to cause: session timed out without receiving a heartbeat response. isDisconnected: false. Rediscovery will be attempted.
2026-05-09 06:23:41 INFO  traceId= org.apache.kafka.clients.consumer.internals.ConsumerCoordinator - [Consumer clientId=consumer-account-center-1, groupId=account-center] Requesting disconnect from last known coordinator localhost:9093 (id: 2147483646 rack: null)
2026-05-09 06:23:41 INFO  traceId= org.apache.kafka.clients.NetworkClient - [Consumer clientId=consumer-account-center-1, groupId=account-center] Client requested disconnect from node 2147483646
2026-05-09 06:23:41 INFO  traceId= org.apache.kafka.clients.consumer.internals.ConsumerCoordinator - [Consumer clientId=consumer-account-center-1, groupId=account-center] Discovered group coordinator localhost:9093 (id: 2147483646 rack: null)
2026-05-09 06:23:41 INFO  traceId= org.apache.kafka.clients.consumer.internals.ConsumerCoordinator - [Consumer clientId=consumer-account-center-1, groupId=account-center] Group coordinator localhost:9093 (id: 2147483646 rack: null) is unavailable or invalid due to cause: coordinator unavailable. isDisconnected: false. Rediscovery will be attempted.
2026-05-09 06:23:41 INFO  traceId= org.apache.kafka.clients.consumer.internals.ConsumerCoordinator - [Consumer clientId=consumer-account-center-1, groupId=account-center] Requesting disconnect from last known coordinator localhost:9093 (id: 2147483646 rack: null)
2026-05-09 06:23:41 INFO  traceId= org.apache.kafka.clients.consumer.internals.ConsumerCoordinator - [Consumer clientId=consumer-account-center-1, groupId=account-center] Discovered group coordinator localhost:9093 (id: 2147483646 rack: null)
2026-05-09 06:24:01 WARN  traceId= com.zaxxer.hikari.pool.HikariPool - HikariPool-1 - Thread starvation or clock leap detected (housekeeper delta=16m46s469ms).
2026-05-09 06:39:52 INFO  traceId= org.apache.kafka.clients.consumer.internals.ConsumerCoordinator - [Consumer clientId=consumer-account-center-1, groupId=account-center] Group coordinator localhost:9093 (id: 2147483646 rack: null) is unavailable or invalid due to cause: session timed out without receiving a heartbeat response. isDisconnected: false. Rediscovery will be attempted.
2026-05-09 06:39:52 INFO  traceId= org.apache.kafka.clients.consumer.internals.ConsumerCoordinator - [Consumer clientId=consumer-account-center-1, groupId=account-center] Requesting disconnect from last known coordinator localhost:9093 (id: 2147483646 rack: null)
2026-05-09 06:39:52 INFO  traceId= org.apache.kafka.clients.NetworkClient - [Consumer clientId=consumer-account-center-1, groupId=account-center] Client requested disconnect from node 2147483646
2026-05-09 06:39:52 INFO  traceId= org.apache.kafka.clients.consumer.internals.ConsumerCoordinator - [Consumer clientId=consumer-account-center-1, groupId=account-center] Discovered group coordinator localhost:9093 (id: 2147483646 rack: null)
2026-05-09 06:39:52 INFO  traceId= org.apache.kafka.clients.consumer.internals.ConsumerCoordinator - [Consumer clientId=consumer-account-center-1, groupId=account-center] Group coordinator localhost:9093 (id: 2147483646 rack: null) is unavailable or invalid due to cause: coordinator unavailable. isDisconnected: false. Rediscovery will be attempted.
2026-05-09 06:39:52 INFO  traceId= org.apache.kafka.clients.consumer.internals.ConsumerCoordinator - [Consumer clientId=consumer-account-center-1, groupId=account-center] Requesting disconnect from last known coordinator localhost:9093 (id: 2147483646 rack: null)
2026-05-09 06:39:52 INFO  traceId= org.apache.kafka.clients.consumer.internals.ConsumerCoordinator - [Consumer clientId=consumer-account-center-1, groupId=account-center] Discovered group coordinator localhost:9093 (id: 2147483646 rack: null)
2026-05-09 06:39:55 WARN  traceId= com.zaxxer.hikari.pool.HikariPool - HikariPool-1 - Thread starvation or clock leap detected (housekeeper delta=15m53s416ms).
2026-05-09 06:51:20 INFO  traceId= org.apache.kafka.clients.consumer.internals.ConsumerCoordinator - [Consumer clientId=consumer-account-center-1, groupId=account-center] Group coordinator localhost:9093 (id: 2147483646 rack: null) is unavailable or invalid due to cause: session timed out without receiving a heartbeat response. isDisconnected: false. Rediscovery will be attempted.
2026-05-09 06:51:20 INFO  traceId= org.apache.kafka.clients.consumer.internals.ConsumerCoordinator - [Consumer clientId=consumer-account-center-1, groupId=account-center] Requesting disconnect from last known coordinator localhost:9093 (id: 2147483646 rack: null)
2026-05-09 06:51:20 INFO  traceId= org.apache.kafka.clients.NetworkClient - [Consumer clientId=consumer-account-center-1, groupId=account-center] Client requested disconnect from node 2147483646
2026-05-09 06:51:20 INFO  traceId= org.apache.kafka.clients.consumer.internals.ConsumerCoordinator - [Consumer clientId=consumer-account-center-1, groupId=account-center] Discovered group coordinator localhost:9093 (id: 2147483646 rack: null)
2026-05-09 06:51:20 INFO  traceId= org.apache.kafka.clients.consumer.internals.ConsumerCoordinator - [Consumer clientId=consumer-account-center-1, groupId=account-center] Group coordinator localhost:9093 (id: 2147483646 rack: null) is unavailable or invalid due to cause: coordinator unavailable. isDisconnected: false. Rediscovery will be attempted.
2026-05-09 06:51:20 INFO  traceId= org.apache.kafka.clients.consumer.internals.ConsumerCoordinator - [Consumer clientId=consumer-account-center-1, groupId=account-center] Requesting disconnect from last known coordinator localhost:9093 (id: 2147483646 rack: null)
2026-05-09 06:51:20 INFO  traceId= org.apache.kafka.clients.consumer.internals.ConsumerCoordinator - [Consumer clientId=consumer-account-center-1, groupId=account-center] Discovered group coordinator localhost:9093 (id: 2147483646 rack: null)
2026-05-09 06:51:20 WARN  traceId= com.zaxxer.hikari.pool.HikariPool - HikariPool-1 - Thread starvation or clock leap detected (housekeeper delta=10m55s399ms).
2026-05-09 07:08:31 INFO  traceId= org.apache.kafka.clients.consumer.internals.ConsumerCoordinator - [Consumer clientId=consumer-account-center-1, groupId=account-center] Group coordinator localhost:9093 (id: 2147483646 rack: null) is unavailable or invalid due to cause: session timed out without receiving a heartbeat response. isDisconnected: false. Rediscovery will be attempted.
2026-05-09 07:08:31 INFO  traceId= org.apache.kafka.clients.consumer.internals.ConsumerCoordinator - [Consumer clientId=consumer-account-center-1, groupId=account-center] Requesting disconnect from last known coordinator localhost:9093 (id: 2147483646 rack: null)
2026-05-09 07:08:31 INFO  traceId= org.apache.kafka.clients.NetworkClient - [Consumer clientId=consumer-account-center-1, groupId=account-center] Client requested disconnect from node 2147483646
2026-05-09 07:08:31 INFO  traceId= org.apache.kafka.clients.consumer.internals.ConsumerCoordinator - [Consumer clientId=consumer-account-center-1, groupId=account-center] Discovered group coordinator localhost:9093 (id: 2147483646 rack: null)
2026-05-09 07:08:31 INFO  traceId= org.apache.kafka.clients.consumer.internals.ConsumerCoordinator - [Consumer clientId=consumer-account-center-1, groupId=account-center] Group coordinator localhost:9093 (id: 2147483646 rack: null) is unavailable or invalid due to cause: coordinator unavailable. isDisconnected: false. Rediscovery will be attempted.
2026-05-09 07:08:31 INFO  traceId= org.apache.kafka.clients.consumer.internals.ConsumerCoordinator - [Consumer clientId=consumer-account-center-1, groupId=account-center] Requesting disconnect from last known coordinator localhost:9093 (id: 2147483646 rack: null)
2026-05-09 07:08:31 INFO  traceId= org.apache.kafka.clients.consumer.internals.ConsumerCoordinator - [Consumer clientId=consumer-account-center-1, groupId=account-center] Discovered group coordinator localhost:9093 (id: 2147483646 rack: null)
2026-05-09 07:08:44 WARN  traceId= com.zaxxer.hikari.pool.HikariPool - HikariPool-1 - Thread starvation or clock leap detected (housekeeper delta=16m53s964ms).
2026-05-09 07:25:47 INFO  traceId= org.apache.kafka.clients.consumer.internals.ConsumerCoordinator - [Consumer clientId=consumer-account-center-1, groupId=account-center] Group coordinator localhost:9093 (id: 2147483646 rack: null) is unavailable or invalid due to cause: session timed out without receiving a heartbeat response. isDisconnected: false. Rediscovery will be attempted.
2026-05-09 07:25:47 INFO  traceId= org.apache.kafka.clients.consumer.internals.ConsumerCoordinator - [Consumer clientId=consumer-account-center-1, groupId=account-center] Requesting disconnect from last known coordinator localhost:9093 (id: 2147483646 rack: null)
2026-05-09 07:25:47 INFO  traceId= org.apache.kafka.clients.NetworkClient - [Consumer clientId=consumer-account-center-1, groupId=account-center] Client requested disconnect from node 2147483646
2026-05-09 07:25:47 INFO  traceId= org.apache.kafka.clients.consumer.internals.ConsumerCoordinator - [Consumer clientId=consumer-account-center-1, groupId=account-center] Discovered group coordinator localhost:9093 (id: 2147483646 rack: null)
2026-05-09 07:25:47 INFO  traceId= org.apache.kafka.clients.consumer.internals.ConsumerCoordinator - [Consumer clientId=consumer-account-center-1, groupId=account-center] Group coordinator localhost:9093 (id: 2147483646 rack: null) is unavailable or invalid due to cause: coordinator unavailable. isDisconnected: false. Rediscovery will be attempted.
2026-05-09 07:25:47 INFO  traceId= org.apache.kafka.clients.consumer.internals.ConsumerCoordinator - [Consumer clientId=consumer-account-center-1, groupId=account-center] Requesting disconnect from last known coordinator localhost:9093 (id: 2147483646 rack: null)
2026-05-09 07:25:47 INFO  traceId= org.apache.kafka.clients.consumer.internals.ConsumerCoordinator - [Consumer clientId=consumer-account-center-1, groupId=account-center] Discovered group coordinator localhost:9093 (id: 2147483646 rack: null)
2026-05-09 07:26:14 WARN  traceId= com.zaxxer.hikari.pool.HikariPool - HikariPool-1 - Thread starvation or clock leap detected (housekeeper delta=16m59s495ms).
2026-05-09 07:42:13 INFO  traceId= org.apache.kafka.clients.consumer.internals.ConsumerCoordinator - [Consumer clientId=consumer-account-center-1, groupId=account-center] Group coordinator localhost:9093 (id: 2147483646 rack: null) is unavailable or invalid due to cause: session timed out without receiving a heartbeat response. isDisconnected: false. Rediscovery will be attempted.
2026-05-09 07:42:13 INFO  traceId= org.apache.kafka.clients.consumer.internals.ConsumerCoordinator - [Consumer clientId=consumer-account-center-1, groupId=account-center] Requesting disconnect from last known coordinator localhost:9093 (id: 2147483646 rack: null)
2026-05-09 07:42:13 INFO  traceId= org.apache.kafka.clients.NetworkClient - [Consumer clientId=consumer-account-center-1, groupId=account-center] Client requested disconnect from node 2147483646
2026-05-09 07:42:13 INFO  traceId= org.apache.kafka.clients.consumer.internals.ConsumerCoordinator - [Consumer clientId=consumer-account-center-1, groupId=account-center] Discovered group coordinator localhost:9093 (id: 2147483646 rack: null)
2026-05-09 07:42:13 INFO  traceId= org.apache.kafka.clients.consumer.internals.ConsumerCoordinator - [Consumer clientId=consumer-account-center-1, groupId=account-center] Group coordinator localhost:9093 (id: 2147483646 rack: null) is unavailable or invalid due to cause: coordinator unavailable. isDisconnected: false. Rediscovery will be attempted.
2026-05-09 07:42:13 INFO  traceId= org.apache.kafka.clients.consumer.internals.ConsumerCoordinator - [Consumer clientId=consumer-account-center-1, groupId=account-center] Requesting disconnect from last known coordinator localhost:9093 (id: 2147483646 rack: null)
2026-05-09 07:42:13 INFO  traceId= org.apache.kafka.clients.consumer.internals.ConsumerCoordinator - [Consumer clientId=consumer-account-center-1, groupId=account-center] Discovered group coordinator localhost:9093 (id: 2147483646 rack: null)
2026-05-09 07:42:22 WARN  traceId= com.zaxxer.hikari.pool.HikariPool - HikariPool-1 - Thread starvation or clock leap detected (housekeeper delta=16m8s478ms).
2026-05-09 07:52:21 INFO  traceId= org.apache.kafka.clients.consumer.internals.ConsumerCoordinator - [Consumer clientId=consumer-account-center-1, groupId=account-center] Group coordinator localhost:9093 (id: 2147483646 rack: null) is unavailable or invalid due to cause: session timed out without receiving a heartbeat response. isDisconnected: false. Rediscovery will be attempted.
2026-05-09 07:52:21 INFO  traceId= org.apache.kafka.clients.consumer.internals.ConsumerCoordinator - [Consumer clientId=consumer-account-center-1, groupId=account-center] Requesting disconnect from last known coordinator localhost:9093 (id: 2147483646 rack: null)
2026-05-09 07:52:21 INFO  traceId= org.apache.kafka.clients.NetworkClient - [Consumer clientId=consumer-account-center-1, groupId=account-center] Client requested disconnect from node 2147483646
2026-05-09 07:52:21 INFO  traceId= org.apache.kafka.clients.consumer.internals.ConsumerCoordinator - [Consumer clientId=consumer-account-center-1, groupId=account-center] Discovered group coordinator localhost:9093 (id: 2147483646 rack: null)
2026-05-09 07:52:21 INFO  traceId= org.apache.kafka.clients.consumer.internals.ConsumerCoordinator - [Consumer clientId=consumer-account-center-1, groupId=account-center] Group coordinator localhost:9093 (id: 2147483646 rack: null) is unavailable or invalid due to cause: coordinator unavailable. isDisconnected: false. Rediscovery will be attempted.
2026-05-09 07:52:21 INFO  traceId= org.apache.kafka.clients.consumer.internals.ConsumerCoordinator - [Consumer clientId=consumer-account-center-1, groupId=account-center] Requesting disconnect from last known coordinator localhost:9093 (id: 2147483646 rack: null)
2026-05-09 07:52:21 INFO  traceId= org.apache.kafka.clients.consumer.internals.ConsumerCoordinator - [Consumer clientId=consumer-account-center-1, groupId=account-center] Discovered group coordinator localhost:9093 (id: 2147483646 rack: null)
2026-05-09 07:52:44 WARN  traceId= com.zaxxer.hikari.pool.HikariPool - HikariPool-1 - Thread starvation or clock leap detected (housekeeper delta=9m51s442ms).
2026-05-09 07:58:22 INFO  traceId= org.apache.kafka.clients.consumer.internals.ConsumerCoordinator - [Consumer clientId=consumer-account-center-1, groupId=account-center] Group coordinator localhost:9093 (id: 2147483646 rack: null) is unavailable or invalid due to cause: session timed out without receiving a heartbeat response. isDisconnected: false. Rediscovery will be attempted.
2026-05-09 07:58:22 INFO  traceId= org.apache.kafka.clients.consumer.internals.ConsumerCoordinator - [Consumer clientId=consumer-account-center-1, groupId=account-center] Requesting disconnect from last known coordinator localhost:9093 (id: 2147483646 rack: null)
2026-05-09 07:58:22 INFO  traceId= org.apache.kafka.clients.NetworkClient - [Consumer clientId=consumer-account-center-1, groupId=account-center] Client requested disconnect from node 2147483646
2026-05-09 07:58:22 INFO  traceId= org.apache.kafka.clients.consumer.internals.ConsumerCoordinator - [Consumer clientId=consumer-account-center-1, groupId=account-center] Discovered group coordinator localhost:9093 (id: 2147483646 rack: null)
2026-05-09 07:58:22 INFO  traceId= org.apache.kafka.clients.consumer.internals.ConsumerCoordinator - [Consumer clientId=consumer-account-center-1, groupId=account-center] Group coordinator localhost:9093 (id: 2147483646 rack: null) is unavailable or invalid due to cause: coordinator unavailable. isDisconnected: false. Rediscovery will be attempted.
2026-05-09 07:58:22 INFO  traceId= org.apache.kafka.clients.consumer.internals.ConsumerCoordinator - [Consumer clientId=consumer-account-center-1, groupId=account-center] Requesting disconnect from last known coordinator localhost:9093 (id: 2147483646 rack: null)
2026-05-09 07:58:22 INFO  traceId= org.apache.kafka.clients.consumer.internals.ConsumerCoordinator - [Consumer clientId=consumer-account-center-1, groupId=account-center] Discovered group coordinator localhost:9093 (id: 2147483646 rack: null)
2026-05-09 07:58:27 WARN  traceId= com.zaxxer.hikari.pool.HikariPool - HikariPool-1 - Thread starvation or clock leap detected (housekeeper delta=5m43s486ms).
2026-05-09 08:15:18 INFO  traceId= org.apache.kafka.clients.consumer.internals.ConsumerCoordinator - [Consumer clientId=consumer-account-center-1, groupId=account-center] Group coordinator localhost:9093 (id: 2147483646 rack: null) is unavailable or invalid due to cause: session timed out without receiving a heartbeat response. isDisconnected: false. Rediscovery will be attempted.
2026-05-09 08:15:18 INFO  traceId= org.apache.kafka.clients.consumer.internals.ConsumerCoordinator - [Consumer clientId=consumer-account-center-1, groupId=account-center] Requesting disconnect from last known coordinator localhost:9093 (id: 2147483646 rack: null)
2026-05-09 08:15:18 INFO  traceId= org.apache.kafka.clients.NetworkClient - [Consumer clientId=consumer-account-center-1, groupId=account-center] Client requested disconnect from node 2147483646
2026-05-09 08:15:18 INFO  traceId= org.apache.kafka.clients.consumer.internals.ConsumerCoordinator - [Consumer clientId=consumer-account-center-1, groupId=account-center] Discovered group coordinator localhost:9093 (id: 2147483646 rack: null)
2026-05-09 08:15:18 INFO  traceId= org.apache.kafka.clients.consumer.internals.ConsumerCoordinator - [Consumer clientId=consumer-account-center-1, groupId=account-center] Group coordinator localhost:9093 (id: 2147483646 rack: null) is unavailable or invalid due to cause: coordinator unavailable. isDisconnected: false. Rediscovery will be attempted.
2026-05-09 08:15:18 INFO  traceId= org.apache.kafka.clients.consumer.internals.ConsumerCoordinator - [Consumer clientId=consumer-account-center-1, groupId=account-center] Requesting disconnect from last known coordinator localhost:9093 (id: 2147483646 rack: null)
2026-05-09 08:15:18 INFO  traceId= org.apache.kafka.clients.consumer.internals.ConsumerCoordinator - [Consumer clientId=consumer-account-center-1, groupId=account-center] Discovered group coordinator localhost:9093 (id: 2147483646 rack: null)
2026-05-09 08:15:36 WARN  traceId= com.zaxxer.hikari.pool.HikariPool - HikariPool-1 - Thread starvation or clock leap detected (housekeeper delta=16m38s980ms).
2026-05-09 08:31:22 INFO  traceId= org.apache.kafka.clients.consumer.internals.ConsumerCoordinator - [Consumer clientId=consumer-account-center-1, groupId=account-center] Group coordinator localhost:9093 (id: 2147483646 rack: null) is unavailable or invalid due to cause: session timed out without receiving a heartbeat response. isDisconnected: false. Rediscovery will be attempted.
2026-05-09 08:31:22 INFO  traceId= org.apache.kafka.clients.consumer.internals.ConsumerCoordinator - [Consumer clientId=consumer-account-center-1, groupId=account-center] Requesting disconnect from last known coordinator localhost:9093 (id: 2147483646 rack: null)
2026-05-09 08:31:22 INFO  traceId= org.apache.kafka.clients.NetworkClient - [Consumer clientId=consumer-account-center-1, groupId=account-center] Client requested disconnect from node 2147483646
2026-05-09 08:31:22 INFO  traceId= org.apache.kafka.clients.consumer.internals.ConsumerCoordinator - [Consumer clientId=consumer-account-center-1, groupId=account-center] Discovered group coordinator localhost:9093 (id: 2147483646 rack: null)
2026-05-09 08:31:22 INFO  traceId= org.apache.kafka.clients.consumer.internals.ConsumerCoordinator - [Consumer clientId=consumer-account-center-1, groupId=account-center] Group coordinator localhost:9093 (id: 2147483646 rack: null) is unavailable or invalid due to cause: coordinator unavailable. isDisconnected: false. Rediscovery will be attempted.
2026-05-09 08:31:22 INFO  traceId= org.apache.kafka.clients.consumer.internals.ConsumerCoordinator - [Consumer clientId=consumer-account-center-1, groupId=account-center] Requesting disconnect from last known coordinator localhost:9093 (id: 2147483646 rack: null)
2026-05-09 08:31:22 INFO  traceId= org.apache.kafka.clients.consumer.internals.ConsumerCoordinator - [Consumer clientId=consumer-account-center-1, groupId=account-center] Discovered group coordinator localhost:9093 (id: 2147483646 rack: null)
2026-05-09 08:31:24 WARN  traceId= com.zaxxer.hikari.pool.HikariPool - HikariPool-1 - Thread starvation or clock leap detected (housekeeper delta=15m47s494ms).
2026-05-09 08:47:27 INFO  traceId= org.apache.kafka.clients.consumer.internals.ConsumerCoordinator - [Consumer clientId=consumer-account-center-1, groupId=account-center] Group coordinator localhost:9093 (id: 2147483646 rack: null) is unavailable or invalid due to cause: session timed out without receiving a heartbeat response. isDisconnected: false. Rediscovery will be attempted.
2026-05-09 08:47:27 INFO  traceId= org.apache.kafka.clients.consumer.internals.ConsumerCoordinator - [Consumer clientId=consumer-account-center-1, groupId=account-center] Requesting disconnect from last known coordinator localhost:9093 (id: 2147483646 rack: null)
2026-05-09 08:47:27 INFO  traceId= org.apache.kafka.clients.NetworkClient - [Consumer clientId=consumer-account-center-1, groupId=account-center] Client requested disconnect from node 2147483646
2026-05-09 08:47:27 INFO  traceId= org.apache.kafka.clients.consumer.internals.ConsumerCoordinator - [Consumer clientId=consumer-account-center-1, groupId=account-center] Discovered group coordinator localhost:9093 (id: 2147483646 rack: null)
2026-05-09 08:47:27 INFO  traceId= org.apache.kafka.clients.consumer.internals.ConsumerCoordinator - [Consumer clientId=consumer-account-center-1, groupId=account-center] Discovered group coordinator localhost:9093 (id: 2147483646 rack: null)
2026-05-09 08:47:27 INFO  traceId= org.apache.kafka.clients.consumer.internals.ConsumerCoordinator - [Consumer clientId=consumer-account-center-1, groupId=account-center] Group coordinator localhost:9093 (id: 2147483646 rack: null) is unavailable or invalid due to cause: coordinator unavailable. isDisconnected: false. Rediscovery will be attempted.
2026-05-09 08:47:27 INFO  traceId= org.apache.kafka.clients.consumer.internals.ConsumerCoordinator - [Consumer clientId=consumer-account-center-1, groupId=account-center] Requesting disconnect from last known coordinator localhost:9093 (id: 2147483646 rack: null)
2026-05-09 08:47:27 INFO  traceId= org.apache.kafka.clients.consumer.internals.ConsumerCoordinator - [Consumer clientId=consumer-account-center-1, groupId=account-center] Discovered group coordinator localhost:9093 (id: 2147483646 rack: null)
2026-05-09 08:47:56 WARN  traceId= com.zaxxer.hikari.pool.HikariPool - HikariPool-1 - Thread starvation or clock leap detected (housekeeper delta=15m32s18ms).
2026-05-09 08:53:22 INFO  traceId= org.apache.kafka.clients.consumer.internals.ConsumerCoordinator - [Consumer clientId=consumer-account-center-1, groupId=account-center] Group coordinator localhost:9093 (id: 2147483646 rack: null) is unavailable or invalid due to cause: session timed out without receiving a heartbeat response. isDisconnected: false. Rediscovery will be attempted.
2026-05-09 08:53:22 INFO  traceId= org.apache.kafka.clients.consumer.internals.ConsumerCoordinator - [Consumer clientId=consumer-account-center-1, groupId=account-center] Requesting disconnect from last known coordinator localhost:9093 (id: 2147483646 rack: null)
2026-05-09 08:53:22 INFO  traceId= org.apache.kafka.clients.NetworkClient - [Consumer clientId=consumer-account-center-1, groupId=account-center] Client requested disconnect from node 2147483646
2026-05-09 08:53:22 INFO  traceId= org.apache.kafka.clients.consumer.internals.ConsumerCoordinator - [Consumer clientId=consumer-account-center-1, groupId=account-center] Discovered group coordinator localhost:9093 (id: 2147483646 rack: null)
2026-05-09 08:53:22 INFO  traceId= org.apache.kafka.clients.consumer.internals.ConsumerCoordinator - [Consumer clientId=consumer-account-center-1, groupId=account-center] Group coordinator localhost:9093 (id: 2147483646 rack: null) is unavailable or invalid due to cause: coordinator unavailable. isDisconnected: false. Rediscovery will be attempted.
2026-05-09 08:53:22 INFO  traceId= org.apache.kafka.clients.consumer.internals.ConsumerCoordinator - [Consumer clientId=consumer-account-center-1, groupId=account-center] Requesting disconnect from last known coordinator localhost:9093 (id: 2147483646 rack: null)
2026-05-09 08:53:22 INFO  traceId= org.apache.kafka.clients.consumer.internals.ConsumerCoordinator - [Consumer clientId=consumer-account-center-1, groupId=account-center] Discovered group coordinator localhost:9093 (id: 2147483646 rack: null)
2026-05-09 08:53:33 WARN  traceId= com.zaxxer.hikari.pool.HikariPool - HikariPool-1 - Thread starvation or clock leap detected (housekeeper delta=5m37s402ms).
2026-05-09 09:06:31 INFO  traceId= org.apache.kafka.clients.consumer.internals.ConsumerCoordinator - [Consumer clientId=consumer-account-center-1, groupId=account-center] Group coordinator localhost:9093 (id: 2147483646 rack: null) is unavailable or invalid due to cause: session timed out without receiving a heartbeat response. isDisconnected: false. Rediscovery will be attempted.
2026-05-09 09:06:31 INFO  traceId= org.apache.kafka.clients.consumer.internals.ConsumerCoordinator - [Consumer clientId=consumer-account-center-1, groupId=account-center] Requesting disconnect from last known coordinator localhost:9093 (id: 2147483646 rack: null)
2026-05-09 09:06:31 INFO  traceId= org.apache.kafka.clients.NetworkClient - [Consumer clientId=consumer-account-center-1, groupId=account-center] Client requested disconnect from node 2147483646
2026-05-09 09:06:31 INFO  traceId= org.apache.kafka.clients.consumer.internals.ConsumerCoordinator - [Consumer clientId=consumer-account-center-1, groupId=account-center] Discovered group coordinator localhost:9093 (id: 2147483646 rack: null)
2026-05-09 09:06:31 INFO  traceId= org.apache.kafka.clients.consumer.internals.ConsumerCoordinator - [Consumer clientId=consumer-account-center-1, groupId=account-center] Group coordinator localhost:9093 (id: 2147483646 rack: null) is unavailable or invalid due to cause: coordinator unavailable. isDisconnected: false. Rediscovery will be attempted.
2026-05-09 09:06:31 INFO  traceId= org.apache.kafka.clients.consumer.internals.ConsumerCoordinator - [Consumer clientId=consumer-account-center-1, groupId=account-center] Requesting disconnect from last known coordinator localhost:9093 (id: 2147483646 rack: null)
2026-05-09 09:06:31 INFO  traceId= org.apache.kafka.clients.consumer.internals.ConsumerCoordinator - [Consumer clientId=consumer-account-center-1, groupId=account-center] Discovered group coordinator localhost:9093 (id: 2147483646 rack: null)
2026-05-09 09:06:56 WARN  traceId= com.zaxxer.hikari.pool.HikariPool - HikariPool-1 - Thread starvation or clock leap detected (housekeeper delta=12m52s694ms).
2026-05-09 09:22:40 INFO  traceId= org.apache.kafka.clients.consumer.internals.ConsumerCoordinator - [Consumer clientId=consumer-account-center-1, groupId=account-center] Group coordinator localhost:9093 (id: 2147483646 rack: null) is unavailable or invalid due to cause: session timed out without receiving a heartbeat response. isDisconnected: false. Rediscovery will be attempted.
2026-05-09 09:22:40 INFO  traceId= org.apache.kafka.clients.consumer.internals.ConsumerCoordinator - [Consumer clientId=consumer-account-center-1, groupId=account-center] Requesting disconnect from last known coordinator localhost:9093 (id: 2147483646 rack: null)
2026-05-09 09:22:40 INFO  traceId= org.apache.kafka.clients.NetworkClient - [Consumer clientId=consumer-account-center-1, groupId=account-center] Client requested disconnect from node 2147483646
2026-05-09 09:22:40 INFO  traceId= org.apache.kafka.clients.consumer.internals.ConsumerCoordinator - [Consumer clientId=consumer-account-center-1, groupId=account-center] Discovered group coordinator localhost:9093 (id: 2147483646 rack: null)
2026-05-09 09:22:40 INFO  traceId= org.apache.kafka.clients.consumer.internals.ConsumerCoordinator - [Consumer clientId=consumer-account-center-1, groupId=account-center] Group coordinator localhost:9093 (id: 2147483646 rack: null) is unavailable or invalid due to cause: coordinator unavailable. isDisconnected: false. Rediscovery will be attempted.
2026-05-09 09:22:40 INFO  traceId= org.apache.kafka.clients.consumer.internals.ConsumerCoordinator - [Consumer clientId=consumer-account-center-1, groupId=account-center] Requesting disconnect from last known coordinator localhost:9093 (id: 2147483646 rack: null)
2026-05-09 09:22:40 INFO  traceId= org.apache.kafka.clients.consumer.internals.ConsumerCoordinator - [Consumer clientId=consumer-account-center-1, groupId=account-center] Discovered group coordinator localhost:9093 (id: 2147483646 rack: null)
2026-05-09 09:22:47 WARN  traceId= com.zaxxer.hikari.pool.HikariPool - HikariPool-1 - Thread starvation or clock leap detected (housekeeper delta=15m51s578ms).
2026-05-09 09:40:14 INFO  traceId= org.apache.kafka.clients.consumer.internals.ConsumerCoordinator - [Consumer clientId=consumer-account-center-1, groupId=account-center] Group coordinator localhost:9093 (id: 2147483646 rack: null) is unavailable or invalid due to cause: session timed out without receiving a heartbeat response. isDisconnected: false. Rediscovery will be attempted.
2026-05-09 09:40:14 INFO  traceId= org.apache.kafka.clients.consumer.internals.ConsumerCoordinator - [Consumer clientId=consumer-account-center-1, groupId=account-center] Requesting disconnect from last known coordinator localhost:9093 (id: 2147483646 rack: null)
2026-05-09 09:40:14 INFO  traceId= org.apache.kafka.clients.NetworkClient - [Consumer clientId=consumer-account-center-1, groupId=account-center] Client requested disconnect from node 2147483646
2026-05-09 09:40:14 INFO  traceId= org.apache.kafka.clients.consumer.internals.ConsumerCoordinator - [Consumer clientId=consumer-account-center-1, groupId=account-center] Discovered group coordinator localhost:9093 (id: 2147483646 rack: null)
2026-05-09 09:40:14 INFO  traceId= org.apache.kafka.clients.consumer.internals.ConsumerCoordinator - [Consumer clientId=consumer-account-center-1, groupId=account-center] Group coordinator localhost:9093 (id: 2147483646 rack: null) is unavailable or invalid due to cause: coordinator unavailable. isDisconnected: false. Rediscovery will be attempted.
2026-05-09 09:40:14 INFO  traceId= org.apache.kafka.clients.consumer.internals.ConsumerCoordinator - [Consumer clientId=consumer-account-center-1, groupId=account-center] Requesting disconnect from last known coordinator localhost:9093 (id: 2147483646 rack: null)
2026-05-09 09:40:14 INFO  traceId= org.apache.kafka.clients.consumer.internals.ConsumerCoordinator - [Consumer clientId=consumer-account-center-1, groupId=account-center] Discovered group coordinator localhost:9093 (id: 2147483646 rack: null)
2026-05-09 09:40:34 WARN  traceId= com.zaxxer.hikari.pool.HikariPool - HikariPool-1 - Thread starvation or clock leap detected (housekeeper delta=17m16s967ms).
2026-05-09 09:54:23 INFO  traceId= org.apache.kafka.clients.consumer.internals.ConsumerCoordinator - [Consumer clientId=consumer-account-center-1, groupId=account-center] Group coordinator localhost:9093 (id: 2147483646 rack: null) is unavailable or invalid due to cause: session timed out without receiving a heartbeat response. isDisconnected: false. Rediscovery will be attempted.
2026-05-09 09:54:23 INFO  traceId= org.apache.kafka.clients.consumer.internals.ConsumerCoordinator - [Consumer clientId=consumer-account-center-1, groupId=account-center] Requesting disconnect from last known coordinator localhost:9093 (id: 2147483646 rack: null)
2026-05-09 09:54:23 INFO  traceId= org.apache.kafka.clients.NetworkClient - [Consumer clientId=consumer-account-center-1, groupId=account-center] Client requested disconnect from node 2147483646
2026-05-09 09:54:23 INFO  traceId= org.apache.kafka.clients.consumer.internals.ConsumerCoordinator - [Consumer clientId=consumer-account-center-1, groupId=account-center] Discovered group coordinator localhost:9093 (id: 2147483646 rack: null)
2026-05-09 09:54:23 INFO  traceId= org.apache.kafka.clients.consumer.internals.ConsumerCoordinator - [Consumer clientId=consumer-account-center-1, groupId=account-center] Group coordinator localhost:9093 (id: 2147483646 rack: null) is unavailable or invalid due to cause: coordinator unavailable. isDisconnected: false. Rediscovery will be attempted.
2026-05-09 09:54:23 INFO  traceId= org.apache.kafka.clients.consumer.internals.ConsumerCoordinator - [Consumer clientId=consumer-account-center-1, groupId=account-center] Requesting disconnect from last known coordinator localhost:9093 (id: 2147483646 rack: null)
2026-05-09 09:54:23 INFO  traceId= org.apache.kafka.clients.consumer.internals.ConsumerCoordinator - [Consumer clientId=consumer-account-center-1, groupId=account-center] Discovered group coordinator localhost:9093 (id: 2147483646 rack: null)
2026-05-09 09:54:38 WARN  traceId= com.zaxxer.hikari.pool.HikariPool - HikariPool-1 - Thread starvation or clock leap detected (housekeeper delta=13m34s273ms).
2026-05-09 10:10:30 INFO  traceId= org.apache.kafka.clients.consumer.internals.ConsumerCoordinator - [Consumer clientId=consumer-account-center-1, groupId=account-center] Group coordinator localhost:9093 (id: 2147483646 rack: null) is unavailable or invalid due to cause: session timed out without receiving a heartbeat response. isDisconnected: false. Rediscovery will be attempted.
2026-05-09 10:10:30 INFO  traceId= org.apache.kafka.clients.consumer.internals.ConsumerCoordinator - [Consumer clientId=consumer-account-center-1, groupId=account-center] Requesting disconnect from last known coordinator localhost:9093 (id: 2147483646 rack: null)
2026-05-09 10:10:30 INFO  traceId= org.apache.kafka.clients.NetworkClient - [Consumer clientId=consumer-account-center-1, groupId=account-center] Client requested disconnect from node 2147483646
2026-05-09 10:10:30 INFO  traceId= org.apache.kafka.clients.consumer.internals.ConsumerCoordinator - [Consumer clientId=consumer-account-center-1, groupId=account-center] Discovered group coordinator localhost:9093 (id: 2147483646 rack: null)
2026-05-09 10:10:30 INFO  traceId= org.apache.kafka.clients.consumer.internals.ConsumerCoordinator - [Consumer clientId=consumer-account-center-1, groupId=account-center] Group coordinator localhost:9093 (id: 2147483646 rack: null) is unavailable or invalid due to cause: coordinator unavailable. isDisconnected: false. Rediscovery will be attempted.
2026-05-09 10:10:30 INFO  traceId= org.apache.kafka.clients.consumer.internals.ConsumerCoordinator - [Consumer clientId=consumer-account-center-1, groupId=account-center] Requesting disconnect from last known coordinator localhost:9093 (id: 2147483646 rack: null)
2026-05-09 10:10:30 INFO  traceId= org.apache.kafka.clients.consumer.internals.ConsumerCoordinator - [Consumer clientId=consumer-account-center-1, groupId=account-center] Discovered group coordinator localhost:9093 (id: 2147483646 rack: null)
2026-05-09 10:10:58 WARN  traceId= com.zaxxer.hikari.pool.HikariPool - HikariPool-1 - Thread starvation or clock leap detected (housekeeper delta=15m49s386ms).
2026-05-09 10:16:44 INFO  traceId= org.apache.kafka.clients.consumer.internals.ConsumerCoordinator - [Consumer clientId=consumer-account-center-1, groupId=account-center] Group coordinator localhost:9093 (id: 2147483646 rack: null) is unavailable or invalid due to cause: session timed out without receiving a heartbeat response. isDisconnected: false. Rediscovery will be attempted.
2026-05-09 10:16:44 INFO  traceId= org.apache.kafka.clients.consumer.internals.ConsumerCoordinator - [Consumer clientId=consumer-account-center-1, groupId=account-center] Requesting disconnect from last known coordinator localhost:9093 (id: 2147483646 rack: null)
2026-05-09 10:16:44 INFO  traceId= org.apache.kafka.clients.NetworkClient - [Consumer clientId=consumer-account-center-1, groupId=account-center] Client requested disconnect from node 2147483646
2026-05-09 10:16:44 INFO  traceId= org.apache.kafka.clients.consumer.internals.ConsumerCoordinator - [Consumer clientId=consumer-account-center-1, groupId=account-center] Discovered group coordinator localhost:9093 (id: 2147483646 rack: null)
2026-05-09 10:16:44 INFO  traceId= org.apache.kafka.clients.consumer.internals.ConsumerCoordinator - [Consumer clientId=consumer-account-center-1, groupId=account-center] Group coordinator localhost:9093 (id: 2147483646 rack: null) is unavailable or invalid due to cause: coordinator unavailable. isDisconnected: false. Rediscovery will be attempted.
2026-05-09 10:16:44 INFO  traceId= org.apache.kafka.clients.consumer.internals.ConsumerCoordinator - [Consumer clientId=consumer-account-center-1, groupId=account-center] Requesting disconnect from last known coordinator localhost:9093 (id: 2147483646 rack: null)
2026-05-09 10:16:44 INFO  traceId= org.apache.kafka.clients.consumer.internals.ConsumerCoordinator - [Consumer clientId=consumer-account-center-1, groupId=account-center] Discovered group coordinator localhost:9093 (id: 2147483646 rack: null)
2026-05-09 10:16:54 WARN  traceId= com.zaxxer.hikari.pool.HikariPool - HikariPool-1 - Thread starvation or clock leap detected (housekeeper delta=5m56s289ms).
2026-05-09 10:31:23 INFO  traceId= org.springframework.web.socket.config.WebSocketMessageBrokerStats - WebSocketSession[0 current WS(0)-HttpStream(0)-HttpPoll(0), 0 total, 0 closed abnormally (0 connect failure, 0 send limit, 0 transport error)], stompSubProtocol[processed CONNECT(0)-CONNECTED(0)-DISCONNECT(0)], stompBrokerRelay[null], inboundChannel[pool size = 0, active threads = 0, queued tasks = 0, completed tasks = 0], outboundChannel[pool size = 0, active threads = 0, queued tasks = 0, completed tasks = 0], sockJsScheduler[pool size = 10, active threads = 1, queued tasks = 0, completed tasks = 10]
